
--------------------------------------------------------------------------------
--- Ligand                                                                   ---
--------------------------------------------------------------------------------
  Ligand loaded from file                  : /mnt/c/Users/ricca/Desktop/Documents/Rimoli/Reverse_Docking_Explore_V4/3ovv/ligand_prepared.mol2
  Ligand name                              :  
  "CT1002167954                                                             "

--------------------------------------------------------------------------------
  N.plc donors                             : 
  none found

  Acidic nitrogen acceptors                : 
  none found
  Sulfur acceptors                         :
  none found


  Donor atoms                              :      2
  8   10  
  Acceptor atoms                           :      3
  9   11  17  

  Hydrogens                                :  (n = 2)
  22   23   

  Lone pairs added to molecule             :      6
  Numbering                                : from 30 to 35

--------------------------------------------------------------------------------
--- Postprocessing of typing                                                 ---
--------------------------------------------------------------------------------
  Fragment file                            : /home/hitesit/CCDC/Discovery_2022/GOLD/gold/rotatable_bond_override.mol2
  acylurea fragment                        : 2 matches
  Ligand bond 15-8  set to flip
  Ligand bond 15-10  set to flip
  Ligand bond 15-10  set to 1
  Ligand bond 15-8  set to 1
  Ligand bond 10-4  set to flip
  Ligand bond 8-3  set to flip
  thioacylthiourea fragment                : no matches
  acylthiourea fragment                    : no matches
  thioacylurea fragment                    : no matches
  diarylamine fragment >C.ar-NH-C.ar<      : no matches
  sec-amine (1) fragment                   : no matches
  sec-amine (2) fragment                   : no matches
  sec-amine (3) fragment                   : no matches
  carboxylic ester                         : no matches

* Rotatable bonds in /mnt/c/Users/ricca/D  :
  [   1    2] [   1    5] 
  No. of rotatable bonds                   :      2


* Reading torsional distributions from file:
  /home/hitesit/CCDC/Discovery_2022/GOLD/gold/gold.tordist
  No. of bins in torsional distributions   :     36
  Minimum size of largest peak             :      0
  Removing high energy torsions            : on
  Delta E set to                           :   2.500

* Fragments found in /mnt/c/Users/ricca/D  :
  atom   2: benzene
  atom   6: benzene
  atom   7: benzene
  atom  13: benzene
  atom  14: benzene
  atom  16: benzene


* Checking torsion distributions:                                               
  No. of matched torsions                  :      0

--------------------------------------------------------------------------------
--- Shape fitting atoms selection (hydrophobic atoms)                        ---
--------------------------------------------------------------------------------
  Molecule                                 : /mnt/c/Users/ricca/Desktop/Documents/Rimoli/Reverse_Docking_Explore_V4/3ovv/ligand_prepared.mol2
  Selection                                : carbons only
  Atom numbers                             :  (n = 7)
  5    6    7    12   13   14   16   

--------------------------------------------------------------------------------
--- Diverse Solutions Setup                                                  ---
--------------------------------------------------------------------------------
  Cluster size                             :      2
  RMSD                                     :   2.000
  Refinement                               :      0


--------------------------------------------------------------------------------
--- ChemScore ligand setup summary                                           ---
--------------------------------------------------------------------------------
  ChemScore ligand acceptors               :      3
  9 11 17 
  ChemScore ligand donors                  :      2
  8 ( 22  ) 10 ( 23  ) 
  ChemScore ligand CH donors               :      0
  

  ChemScore ligand lipophilic atoms        :  (n = 9)
  1    2    5    6    7    12   13   14   16   

  ChemScore ligand rotatable bonds         :      2
  1   (C1 ) - 2   (C2 ): SP3_SP2_BOND
  1   (C1 ) - 5   (C5 ): SP3_SP3_BOND

--------------------------------------------------------------------------------
--- PLP ligand setup summary                                                 ---
--------------------------------------------------------------------------------
    1    C1   C.3 NONPOLAR
    2    C2  C.ar NONPOLAR
    3    C3   C.2 NONPOLAR
    4    C4   C.2 NONPOLAR
    5    C5   C.3 NONPOLAR
    6    C6  C.ar NONPOLAR
    7    C7  C.ar NONPOLAR
    8    N8  N.am DONOR
    9    O9   O.2 ACCEPTOR
   10   N10  N.am DONOR
   11   O11   O.2 ACCEPTOR
   12   C12   C.3 NONPOLAR
   13   C13  C.ar NONPOLAR
   14   C14  C.ar NONPOLAR
   15   C15   C.2 NONPOLAR
   16   C16  C.ar NONPOLAR
   17   O17   O.2 ACCEPTOR

--------------------------------------------------------------------------------
--- Automatic parameter setting                                              ---
--------------------------------------------------------------------------------
  Contribution base                        :   2500
  Contribution per rotatable bond          :   6000
  Contribution per df                      :   4000
  Contribution per water                   :  10000
  Ligand rotatable bonds                   :      2
  Protein flexible side chain bonds        :      0
  Total rotatable bonds                    :      2
  Hydrophobic vol ratio (P/L)              :   2.613
  Base multiplier (polar)                  :   1.000
  Base multiplier (apolar)                 :   3.658
  Base contribution                        : 10000.000
  Fitting points                           :      5
  Estimated maxops needed (optimal)        :  22500
  Autoscale factor (in percent)            :     10
  Scaled maxops                            :   2500

--------------------------------------------------------------------------------

* Population settings                                                           
  maxops                                   :   2500
  popsiz                                   :    100
  select_pressure                          :   1.100
  n_islands                                :      1
  niche_siz                                :      2

* GA settings                                                                   
  pt_crosswt                               :    100
  allele_mutatewt                          :    100
  migratewt                                :      0

* Search settings                                                               
  start_vdw_linear_cutoff                  :   6.000
  initial_virtual_pt_match_max             :   3.000
  Scaling of internal VDW energy           : log scale from  0.2 to    1
                                             over 1875 ops
  Sampling interval (operations)           :     25
  Scaling of virtual pt maximum length     : linear scale from    3 to    2
                                             over  1875 ops
  Sampling interval (operations)           :     75
  Scaling of 4-8 potential cutoff          : log scale from    6 to 1.2e+02
                                             over 1875 ops
  Sampling interval (operations)           :     75

--------------------------------------------------------------------------------

* Ligand initialisation time :                                                  
  total  0.1124 user  0.0057 sys  0.1067

--------------------------------------------------------------------------------

--------------------------------------------------------------------------------
** Docking run number  1 **
--------------------------------------------------------------------------------
  Rank fitness base is 5000.00 ; increment is 11.2233

* Initialising population(s) ...                                                
Number of constraints mappings 0
Number of constraints 0
  Population no.                           :      1
  Population size                          :    100
  Number of duplicates                     :      0
  Number of niche violations               :      0
  Number of errors                         :    411


Doing GA, no. of population(s) 1 size 100 selection pressure 1.100000

 Operation      Fitness  S(hb_ext) S(vdw_ext)  S(hb_int)    S(int)      intcor
         0      43.75       5.72      30.39       0.00     -18.80      -0.77
Reordering...
        75      42.99       1.57      32.47       0.00     -15.09      -0.77
       295      41.41       1.44      31.85       0.00     -15.09      -0.77
Reordering...
       675      36.77       0.45      30.93       0.00     -17.38      -0.77
       687      38.21       0.24      32.13       0.00     -17.38      -0.77
       748      40.73       1.41      28.87       0.00      -1.01      -0.77
       843      40.24       1.28      28.63       0.00      -1.01      -0.77
      1176      40.44       1.77      28.67       0.00      -1.37      -0.77
      1211      40.15       1.75      28.48       0.00      -1.37      -0.77
Reordering...
      1275      39.76       0.00      29.89       0.00      -2.24      -0.77
Reordering...
      1300      39.73       1.74      28.24       0.00      -1.37      -0.77
Reordering...
      1350      39.46       0.00      29.74       0.00      -2.24      -0.77
      1724      37.88       0.00      28.95       0.00      -2.24      -0.77
      1789      37.67       1.54      27.26       0.00      -1.48      -0.77
      1795      37.76       1.54      27.33       0.00      -1.48      -0.77
      1903      37.67       1.54      27.35       0.00      -1.48      -0.77
      1988      37.96       0.00      28.54       0.00      -1.28      -0.77
      2099      38.49       1.52      27.55       0.00      -0.91      -0.77
      2124      39.56       1.06      28.65       0.00      -0.91      -0.77
      2153      39.61       1.06      28.69       0.00      -0.91      -0.77
      2422      39.62       1.06      28.70       0.00      -0.91      -0.77
--------------------------------------------------------------------------------
Best docking solution after GA:
      2500      39.62       1.06      28.70       0.00      -0.91      -0.77

#ops:       2500 #mutates:   1236 #cross:     1264 #dups:       479 
#niche:     1219 #errors:      55 
--------------------------------------------------------------------------------

Doing AMOEBA simplex on best individual
Done simplexing #iterations 575, best score  42.65

Ligand is stored in gold_soln_ligand_prepared_m1_1.mol2


--------------------------------------------------------------------------------
--- GoldScore breakdown of terms                                             ---
--------------------------------------------------------------------------------
Fitness = S(hb_ext) + 1.3750*S(vdw_ext) + S(hb_int) + 1.0000*S(int)
S(int)  = S(vdw_int) + S(tors)

Internal terms are relative to best energy found (intcor).

--------------------------------------------------------------------------------


     Fitness  S(hb_ext) S(vdw_ext)  S(hb_int)    S(int)      intcor
     42.65       0.23      31.48       0.00      -0.88      -0.77

--------------------------------------------------------------------------------
--- GoldScore analysis of protein-ligand interactions                        ---
--------------------------------------------------------------------------------

  Ligand donor   10 hydrogen   23 Protein acceptor 2674 bond energy  2.00 wt 0.12

--------------------------------------------------------------------------------

--------------------------------------------------------------------------------
--- Rescoring solution                                                       ---
--------------------------------------------------------------------------------

     Score     S(PLP)   S(hbond)     S(cho)   S(metal)  DE(clash)   DE(tors)
     24.01     -23.00       1.12       0.00       0.00       0.00       1.17

Doing AMOEBA simplex on best individual
Done simplexing #iterations 584, best score  48.07

     Score     S(PLP)   S(hbond)     S(cho)   S(metal)  DE(clash)   DE(tors)
     48.07     -45.91       1.32       0.00       0.00       0.00       0.90

--------------------------------------------------------------------------------
--- CHEMPLP breakdown of terms                                               ---
--------------------------------------------------------------------------------
CHEMPLP = - ( 1.0000*S(PLP) + -3.0000*S(hbond) + -6.0000*S(metal) + -3.0000*S(cho) )

Score = CHEMPLP - 1.0000*DE(clash) - 2.0000*DE(tors)


--------------------------------------------------------------------------------


--------------------------------------------------------------------------------
--- PLP analysis of protein-ligand interactions                              ---
--------------------------------------------------------------------------------
hydrogen bonding        :      -2.96
metal                   :       0.00
buried (polar-nonpolar) :      -0.35
nonpolar                :     -44.94
repulsive               :       1.06
--------------------------------------------------------------------------------


--------------------------------------------------------------------------------
--- ChemScore analysis of protein-ligand interactions                        ---
--------------------------------------------------------------------------------

* Hydrogen bonds                                                                
Ligand donor   10 hydrogen   23 Protein acceptor 2674 bond energy  1.00 wt 1.00
Protein donor 2880 hydrogen 2892 Ligand acceptor   11 bond energy  1.00 wt 0.32


* CH..O interactions                                                            
  CH group selection                       : activated ring CH (adjacent to hetatom)

--------------------------------------------------------------------------------


--------------------------------------------------------------------------------
--- Intra-ligand clashes                                                     ---
--------------------------------------------------------------------------------

Ligand
--------------------------------------------------------------------------------


--------------------------------------------------------------------------------
--- Chromosome decoded                                                       ---
--------------------------------------------------------------------------------
Ligand Torsions
[   6    2    1    3]  153.07
[  12    5    1    2]  169.21
Protein Torsions
[ 602  597  595  592] -154.07 
[ 622  617  616  613] -170.92 
[2560 2551 2550 2548] -129.36 
[2635 2624 2623 2622]  -81.15 
[1835 1828 1827 1825]  140.46 
[5212 5203 5202 5200]   82.75 
Mapping
Ligand acceptors to protein hydrogens (mapping then atom ids)
Ligand hydrogens to protein acceptors (mapping then atom ids)
  2  12 [ 23->2674]
Ligand shape atoms to protein points (mapping then atom ids & coords)
  1  4397 [  5->( -9.000  -6.750  18.500)]
  2  3232 [  6->( -9.250 -10.000  18.000)]
  3  5118 [  7->( -8.750 -10.250  15.000)]
  5  6585 [ 13->( -8.250 -12.750  19.000)]
Chromosome values
Integers:
  -1   -1   -1   -1   11 4396 3231 5117   -1 6584   -1   -1 
--------------------------------------------------------------------------------


--------------------------------------------------------------------------------
--- Diverse Solutions Stats                                                  ---
--------------------------------------------------------------------------------
  Move attempts                            :  15863
  Move failures                            :      0
  Failure rate                             :   0.000

--------------------------------------------------------------------------------

Current Ranking  1

--------------------------------------------------------------------------------

* GA execution time :                                                           
  total  0.8799 user  0.7763 sys  0.1036

--------------------------------------------------------------------------------
Fitness function evaluations: 16330

--------------------------------------------------------------------------------
** Docking run number  2 **
--------------------------------------------------------------------------------
  Rank fitness base is 5000.00 ; increment is 11.2233

* Initialising population(s) ...                                                
Number of constraints mappings 0
Number of constraints 0
  Population no.                           :      1
  Population size                          :    100
  Number of duplicates                     :      0
  Number of niche violations               :      0
  Number of errors                         :    412


Doing GA, no. of population(s) 1 size 100 selection pressure 1.100000

 Operation      Fitness  S(hb_ext) S(vdw_ext)  S(hb_int)    S(int)      intcor
         0      38.34       1.28      28.92       0.00     -13.48      -0.77
        40      42.61       0.61      34.78       0.00     -28.49      -0.77
Reordering...
       150      37.03       1.11      28.35       0.00     -13.48      -0.77
       222      37.02       2.45      27.61       0.00     -14.24      -0.77
Reordering...
       225      36.29       1.03      28.02       0.00     -13.48      -0.77
       275      42.85       1.17      33.31       0.00     -16.28      -0.77
       283      43.32       3.15      30.61       0.00      -7.59      -0.77
Reordering...
       300      42.57       1.12      33.21       0.00     -16.28      -0.77
       622      40.41       0.90      32.69       0.00     -16.28      -0.77
       943      39.33       0.59      33.41       0.00     -16.28      -0.77
      1052      38.41       0.49      33.41       0.00     -16.28      -0.77
      1318      38.28       0.21      32.48       0.00     -10.79      -0.77
      1346      39.63       0.16      32.28       0.00      -7.88      -0.77
      1426      39.51       0.09      31.00       0.00      -4.73      -0.77
Reordering...
      1850      38.07       0.06      30.63       0.00      -4.19      -0.77
      1993      41.59       0.00      32.80       0.00      -3.52      -0.77
      2268      41.63       0.00      33.38       0.00      -4.27      -0.77
--------------------------------------------------------------------------------
Best docking solution after GA:
      2500      41.63       0.00      33.38       0.00      -4.27      -0.77

#ops:       2500 #mutates:   1253 #cross:     1247 #dups:       439 
#niche:     1157 #errors:      45 
--------------------------------------------------------------------------------

Doing AMOEBA simplex on best individual
Done simplexing #iterations 636, best score  45.41

Ligand is stored in gold_soln_ligand_prepared_m1_2.mol2


--------------------------------------------------------------------------------
--- GoldScore breakdown of terms                                             ---
--------------------------------------------------------------------------------
Fitness = S(hb_ext) + 1.3750*S(vdw_ext) + S(hb_int) + 1.0000*S(int)
S(int)  = S(vdw_int) + S(tors)

Internal terms are relative to best energy found (intcor).

--------------------------------------------------------------------------------


     Fitness  S(hb_ext) S(vdw_ext)  S(hb_int)    S(int)      intcor
     45.41       0.00      35.42       0.00      -3.30      -0.77

--------------------------------------------------------------------------------
--- GoldScore analysis of protein-ligand interactions                        ---
--------------------------------------------------------------------------------


--------------------------------------------------------------------------------

--------------------------------------------------------------------------------
--- Rescoring solution                                                       ---
--------------------------------------------------------------------------------

     Score     S(PLP)   S(hbond)     S(cho)   S(metal)  DE(clash)   DE(tors)
     25.19     -26.88       0.00       0.00       0.00       1.29       0.20

Doing AMOEBA simplex on best individual
Done simplexing #iterations 910, best score  47.82

     Score     S(PLP)   S(hbond)     S(cho)   S(metal)  DE(clash)   DE(tors)
     47.82     -46.64       1.00       0.00       0.00       1.36       0.23

--------------------------------------------------------------------------------
--- CHEMPLP breakdown of terms                                               ---
--------------------------------------------------------------------------------
CHEMPLP = - ( 1.0000*S(PLP) + -3.0000*S(hbond) + -6.0000*S(metal) + -3.0000*S(cho) )

Score = CHEMPLP - 1.0000*DE(clash) - 2.0000*DE(tors)


--------------------------------------------------------------------------------


--------------------------------------------------------------------------------
--- PLP analysis of protein-ligand interactions                              ---
--------------------------------------------------------------------------------
hydrogen bonding        :      -2.00
metal                   :       0.00
buried (polar-nonpolar) :      -4.76
nonpolar                :     -41.90
repulsive               :       0.74
--------------------------------------------------------------------------------


--------------------------------------------------------------------------------
--- ChemScore analysis of protein-ligand interactions                        ---
--------------------------------------------------------------------------------

* Hydrogen bonds                                                                
Protein donor  932 hydrogen  945 Ligand acceptor    9 bond energy  1.00 wt 1.00


* CH..O interactions                                                            
  CH group selection                       : activated ring CH (adjacent to hetatom)

--------------------------------------------------------------------------------


--------------------------------------------------------------------------------
--- Intra-ligand clashes                                                     ---
--------------------------------------------------------------------------------

Ligand
  7 (C7   ) -   3 (C3   ):   1.36 (dist   2.71)
--------------------------------------------------------------------------------


--------------------------------------------------------------------------------
--- Chromosome decoded                                                       ---
--------------------------------------------------------------------------------
Ligand Torsions
[   6    2    1    3]  170.64
[  12    5    1    2]   42.91
Protein Torsions
[ 602  597  595  592]  128.43 
[ 622  617  616  613]  -46.63 
[2560 2551 2550 2548]  -24.28 
[2635 2624 2623 2622] -102.19 
[1835 1828 1827 1825] -134.76 
[5212 5203 5202 5200]   65.65 
Mapping
Ligand acceptors to protein hydrogens (mapping then atom ids)
Ligand hydrogens to protein acceptors (mapping then atom ids)
Ligand shape atoms to protein points (mapping then atom ids & coords)
  1  2918 [  5->( -9.500  -6.000  17.250)]
  3  5205 [  7->( -8.750  -8.750  19.750)]
  4   514 [ 12->(-11.500  -7.000  17.750)]
  5  4004 [ 13->( -9.000 -11.500  15.750)]
Chromosome values
Integers:
  -1   -1   -1   -1   -1 2917   -1 5204  513 4003   -1   -1 
--------------------------------------------------------------------------------


--------------------------------------------------------------------------------
--- Diverse Solutions Stats                                                  ---
--------------------------------------------------------------------------------
  Move attempts                            :  16315
  Move failures                            :      0
  Failure rate                             :   0.000

--------------------------------------------------------------------------------

Current Ranking  2  1

--------------------------------------------------------------------------------

* GA execution time :                                                           
  total  0.8470 user  0.7945 sys  0.0525

--------------------------------------------------------------------------------
Fitness function evaluations: 16774

--------------------------------------------------------------------------------
** Docking run number  3 **
--------------------------------------------------------------------------------
  Rank fitness base is 5000.00 ; increment is 11.2233

* Initialising population(s) ...                                                
Number of constraints mappings 0
Number of constraints 0
  Population no.                           :      1
  Population size                          :    100
  Number of duplicates                     :      0
  Number of niche violations               :      0
  Number of errors                         :    436


Doing GA, no. of population(s) 1 size 100 selection pressure 1.100000

 Operation      Fitness  S(hb_ext) S(vdw_ext)  S(hb_int)    S(int)      intcor
         0      44.14       0.86      33.39       0.00     -13.14      -0.77
Reordering...
       300      39.54       0.06      29.36       0.00      -3.42      -0.77
       349      44.18       1.61      31.62       0.00      -3.42      -0.77
       459      44.10       1.41      31.77       0.00      -3.42      -0.77
Reordering...
       525      43.39       1.45      31.28       0.00      -3.42      -0.77
Reordering...
      1425      37.81       0.03      29.17       0.00      -3.43      -0.76
      1429      38.28       0.13      28.09       0.00      -0.70      -0.76
      1535      38.42       0.12      28.22       0.00      -0.67      -0.76
Reordering...
      1800      36.96       0.00      29.22       0.00      -3.43      -0.76
      1919      38.13       0.32      29.48       0.00      -2.72      -0.76
      2129      40.35       0.73      30.79       0.00      -2.72      -0.76
      2146      40.64       0.89      30.61       0.00      -2.34      -0.76
--------------------------------------------------------------------------------
Best docking solution after GA:
      2500      40.64       0.89      30.61       0.00      -2.34      -0.76

#ops:       2500 #mutates:   1272 #cross:     1228 #dups:       483 
#niche:     1221 #errors:      56 
--------------------------------------------------------------------------------

Doing AMOEBA simplex on best individual
Done simplexing #iterations 622, best score  46.07

Ligand is stored in gold_soln_ligand_prepared_m1_3.mol2


--------------------------------------------------------------------------------
--- GoldScore breakdown of terms                                             ---
--------------------------------------------------------------------------------
Fitness = S(hb_ext) + 1.3750*S(vdw_ext) + S(hb_int) + 1.0000*S(int)
S(int)  = S(vdw_int) + S(tors)

Internal terms are relative to best energy found (intcor).

--------------------------------------------------------------------------------


     Fitness  S(hb_ext) S(vdw_ext)  S(hb_int)    S(int)      intcor
     46.07       0.43      33.24       0.00      -0.07      -0.76

--------------------------------------------------------------------------------
--- GoldScore analysis of protein-ligand interactions                        ---
--------------------------------------------------------------------------------

  Ligand donor   10 hydrogen   23 Protein acceptor 2655 bond energy  2.00 wt 0.21

--------------------------------------------------------------------------------

--------------------------------------------------------------------------------
--- Rescoring solution                                                       ---
--------------------------------------------------------------------------------

     Score     S(PLP)   S(hbond)     S(cho)   S(metal)  DE(clash)   DE(tors)
     30.89     -29.42       0.91       0.00       0.00       0.00       0.63

Doing AMOEBA simplex on best individual
Done simplexing #iterations 871, best score  49.21

     Score     S(PLP)   S(hbond)     S(cho)   S(metal)  DE(clash)   DE(tors)
     49.21     -47.56       1.13       0.00       0.00       0.00       0.87

--------------------------------------------------------------------------------
--- CHEMPLP breakdown of terms                                               ---
--------------------------------------------------------------------------------
CHEMPLP = - ( 1.0000*S(PLP) + -3.0000*S(hbond) + -6.0000*S(metal) + -3.0000*S(cho) )

Score = CHEMPLP - 1.0000*DE(clash) - 2.0000*DE(tors)


--------------------------------------------------------------------------------


--------------------------------------------------------------------------------
--- PLP analysis of protein-ligand interactions                              ---
--------------------------------------------------------------------------------
hydrogen bonding        :      -2.64
metal                   :       0.00
buried (polar-nonpolar) :       0.10
nonpolar                :     -46.86
repulsive               :       1.33
--------------------------------------------------------------------------------


--------------------------------------------------------------------------------
--- ChemScore analysis of protein-ligand interactions                        ---
--------------------------------------------------------------------------------

* Hydrogen bonds                                                                
Ligand donor    8 hydrogen   22 Protein acceptor  594 bond energy  1.00 wt 0.33
Ligand donor   10 hydrogen   23 Protein acceptor 2655 bond energy  1.00 wt 0.80


* CH..O interactions                                                            
  CH group selection                       : activated ring CH (adjacent to hetatom)

--------------------------------------------------------------------------------


--------------------------------------------------------------------------------
--- Intra-ligand clashes                                                     ---
--------------------------------------------------------------------------------

Ligand
--------------------------------------------------------------------------------


--------------------------------------------------------------------------------
--- Chromosome decoded                                                       ---
--------------------------------------------------------------------------------
Ligand Torsions
[   6    2    1    3]  -49.40
[  12    5    1    2]  172.93
Protein Torsions
[ 602  597  595  592]  -27.01 
[ 622  617  616  613]  154.63 
[2560 2551 2550 2548]   73.41 
[2635 2624 2623 2622]  170.15 
[1835 1828 1827 1825]   91.62 
[5212 5203 5202 5200]   69.21 
Mapping
Ligand acceptors to protein hydrogens (mapping then atom ids)
Ligand hydrogens to protein acceptors (mapping then atom ids)
Ligand shape atoms to protein points (mapping then atom ids & coords)
  1  2835 [  5->( -9.500  -7.500  19.250)]
  2  4220 [  6->( -9.000  -9.000  15.250)]
  6  5819 [ 14->( -8.500 -13.250  19.250)]
Chromosome values
Integers:
  -1   -1   -1   -1   -1 2834 4219   -1   -1   -1 5818   -1 
--------------------------------------------------------------------------------


--------------------------------------------------------------------------------
--- Diverse Solutions Stats                                                  ---
--------------------------------------------------------------------------------
  Move attempts                            :  16320
  Move failures                            :      0
  Failure rate                             :   0.000

--------------------------------------------------------------------------------

Current Ranking  3  2  1

--------------------------------------------------------------------------------

* GA execution time :                                                           
  total  0.8643 user  0.7904 sys  0.0739

--------------------------------------------------------------------------------
Fitness function evaluations: 16814

--------------------------------------------------------------------------------
** Docking run number  4 **
--------------------------------------------------------------------------------
  Rank fitness base is 5000.00 ; increment is 11.2233

* Initialising population(s) ...                                                
Number of constraints mappings 0
Number of constraints 0
  Population no.                           :      1
  Population size                          :    100
  Number of duplicates                     :      0
  Number of niche violations               :      0
  Number of errors                         :    476


Doing GA, no. of population(s) 1 size 100 selection pressure 1.100000

 Operation      Fitness  S(hb_ext) S(vdw_ext)  S(hb_int)    S(int)      intcor
         0      42.31       5.09      28.57       0.00     -10.29      -0.76
       101      42.95       0.57      33.32       0.00     -15.76      -0.76
       197      43.06       0.53      31.75       0.00      -4.85      -0.76
       510      41.52       0.13      31.18       0.00      -4.85      -0.76
       527      41.54       1.43      31.97       0.00     -12.25      -0.76
       604      41.10       0.13      30.53       0.00      -3.05      -0.76
       802      41.14       1.83      32.13       0.00     -12.25      -0.76
      1143      40.95       1.07      30.86       0.00      -4.85      -0.76
      1301      40.00       2.90      32.42       0.00     -12.25      -0.76
Reordering...
      1725      36.40       0.56      29.17       0.00      -4.85      -0.76
      1761      37.45       0.63      30.28       0.00      -5.35      -0.76
      2121      37.80       0.04      30.88       0.00      -4.70      -0.76
      2268      38.30       0.03      30.54       0.00      -3.71      -0.76
--------------------------------------------------------------------------------
Best docking solution after GA:
      2500      38.30       0.03      30.54       0.00      -3.71      -0.76

#ops:       2500 #mutates:   1258 #cross:     1242 #dups:       459 
#niche:     1152 #errors:      74 
--------------------------------------------------------------------------------

Doing AMOEBA simplex on best individual
Done simplexing #iterations 559, best score  42.74

Ligand is stored in gold_soln_ligand_prepared_m1_4.mol2


--------------------------------------------------------------------------------
--- GoldScore breakdown of terms                                             ---
--------------------------------------------------------------------------------
Fitness = S(hb_ext) + 1.3750*S(vdw_ext) + S(hb_int) + 1.0000*S(int)
S(int)  = S(vdw_int) + S(tors)

Internal terms are relative to best energy found (intcor).

--------------------------------------------------------------------------------


     Fitness  S(hb_ext) S(vdw_ext)  S(hb_int)    S(int)      intcor
     42.74       0.05      32.64       0.00      -2.19      -0.76

--------------------------------------------------------------------------------
--- GoldScore analysis of protein-ligand interactions                        ---
--------------------------------------------------------------------------------

  Ligand donor   10 hydrogen   23 Protein acceptor  587 bond energy  2.00 wt 0.02

--------------------------------------------------------------------------------

--------------------------------------------------------------------------------
--- Rescoring solution                                                       ---
--------------------------------------------------------------------------------

     Score     S(PLP)   S(hbond)     S(cho)   S(metal)  DE(clash)   DE(tors)
     17.34     -19.08       0.00       0.00       0.00       0.27       0.73

Doing AMOEBA simplex on best individual
Done simplexing #iterations 943, best score  47.66

     Score     S(PLP)   S(hbond)     S(cho)   S(metal)  DE(clash)   DE(tors)
     47.66     -49.35       0.06       0.00       0.00       1.22       0.32

--------------------------------------------------------------------------------
--- CHEMPLP breakdown of terms                                               ---
--------------------------------------------------------------------------------
CHEMPLP = - ( 1.0000*S(PLP) + -3.0000*S(hbond) + -6.0000*S(metal) + -3.0000*S(cho) )

Score = CHEMPLP - 1.0000*DE(clash) - 2.0000*DE(tors)


--------------------------------------------------------------------------------


--------------------------------------------------------------------------------
--- PLP analysis of protein-ligand interactions                              ---
--------------------------------------------------------------------------------
hydrogen bonding        :      -1.00
metal                   :       0.00
buried (polar-nonpolar) :      -4.35
nonpolar                :     -45.10
repulsive               :       0.58
--------------------------------------------------------------------------------


--------------------------------------------------------------------------------
--- ChemScore analysis of protein-ligand interactions                        ---
--------------------------------------------------------------------------------

* Hydrogen bonds                                                                
Ligand donor   10 hydrogen   23 Protein acceptor  594 bond energy  1.00 wt 0.06


* CH..O interactions                                                            
  CH group selection                       : activated ring CH (adjacent to hetatom)

--------------------------------------------------------------------------------


--------------------------------------------------------------------------------
--- Intra-ligand clashes                                                     ---
--------------------------------------------------------------------------------

Ligand
  7 (C7   ) -   3 (C3   ):   1.22 (dist   2.72)
--------------------------------------------------------------------------------


--------------------------------------------------------------------------------
--- Chromosome decoded                                                       ---
--------------------------------------------------------------------------------
Ligand Torsions
[   6    2    1    3]  169.21
[  12    5    1    2] -175.41
Protein Torsions
[ 602  597  595  592]   76.82 
[ 622  617  616  613]  -16.19 
[2560 2551 2550 2548]   63.88 
[2635 2624 2623 2622] -133.89 
[1835 1828 1827 1825]   81.29 
[5212 5203 5202 5200]   67.87 
Mapping
Ligand acceptors to protein hydrogens (mapping then atom ids)
Ligand hydrogens to protein acceptors (mapping then atom ids)
Ligand shape atoms to protein points (mapping then atom ids & coords)
  1  1994 [  5->(-10.000  -7.750  17.250)]
  3  3461 [  7->( -9.250  -7.250  17.750)]
  4  3537 [ 12->( -9.250  -6.000  17.250)]
Chromosome values
Integers:
  -1   -1   -1   -1   -1 1993   -1 3460 3536   -1   -1   -1 
--------------------------------------------------------------------------------


--------------------------------------------------------------------------------
--- Diverse Solutions Stats                                                  ---
--------------------------------------------------------------------------------
  Move attempts                            :  16284
  Move failures                            :     40
  Failure rate                             :   0.002

--------------------------------------------------------------------------------

Current Ranking  3  2  4  1

--------------------------------------------------------------------------------

* GA execution time :                                                           
  total  0.8941 user  0.8372 sys  0.0569

--------------------------------------------------------------------------------
Fitness function evaluations: 16794

--------------------------------------------------------------------------------
** Docking run number  5 **
--------------------------------------------------------------------------------
  Rank fitness base is 5000.00 ; increment is 11.2233

* Initialising population(s) ...                                                
Number of constraints mappings 0
Number of constraints 0
  Population no.                           :      1
  Population size                          :    100
  Number of duplicates                     :      0
  Number of niche violations               :      0
  Number of errors                         :    447


Doing GA, no. of population(s) 1 size 100 selection pressure 1.100000

 Operation      Fitness  S(hb_ext) S(vdw_ext)  S(hb_int)    S(int)      intcor
         0      41.95       0.14      32.53       0.00     -14.64      -0.76
        23      43.00       0.46      31.37       0.00      -2.99      -0.76
Reordering...
        75      41.03       0.13      32.02       0.00     -14.64      -0.76
       228      39.34       1.30      30.81       0.00     -17.79      -0.76
       355      39.95       3.28      27.26       0.00      -3.03      -0.76
       634      39.13       0.34      29.92       0.00      -6.87      -0.76
       915      38.24       0.22      29.64       0.00      -6.34      -0.76
      1032      39.13       0.24      30.84       0.00      -7.29      -0.76
      1588      33.52       0.06      27.90       0.00      -6.34      -0.76
      2008      35.57       0.04      28.97       0.00      -4.30      -0.76
      2200      37.19       0.10      28.07       0.00      -1.50      -0.76
      2379      37.56       0.10      28.24       0.00      -1.37      -0.76
      2415      37.81       0.04      30.20       0.00      -3.76      -0.76
      2436      37.94       0.00      32.21       0.00      -6.34      -0.76
      2491      39.07       0.03      29.49       0.00      -1.50      -0.76
--------------------------------------------------------------------------------
Best docking solution after GA:
      2500      39.07       0.03      29.49       0.00      -1.50      -0.76

#ops:       2500 #mutates:   1266 #cross:     1234 #dups:       459 
#niche:     1208 #errors:      92 
--------------------------------------------------------------------------------

Doing AMOEBA simplex on best individual
Done simplexing #iterations 507, best score  42.39

Ligand is stored in gold_soln_ligand_prepared_m1_5.mol2


--------------------------------------------------------------------------------
--- GoldScore breakdown of terms                                             ---
--------------------------------------------------------------------------------
Fitness = S(hb_ext) + 1.3750*S(vdw_ext) + S(hb_int) + 1.0000*S(int)
S(int)  = S(vdw_int) + S(tors)

Internal terms are relative to best energy found (intcor).

--------------------------------------------------------------------------------


     Fitness  S(hb_ext) S(vdw_ext)  S(hb_int)    S(int)      intcor
     42.39       0.06      31.85       0.00      -1.46      -0.76

--------------------------------------------------------------------------------
--- GoldScore analysis of protein-ligand interactions                        ---
--------------------------------------------------------------------------------

  Ligand donor    8 hydrogen   22 Protein acceptor  568 bond energy  2.00 wt 0.03

--------------------------------------------------------------------------------

--------------------------------------------------------------------------------
--- Rescoring solution                                                       ---
--------------------------------------------------------------------------------

     Score     S(PLP)   S(hbond)     S(cho)   S(metal)  DE(clash)   DE(tors)
     31.19     -32.81       0.00       0.00       0.00       0.73       0.45

Doing AMOEBA simplex on best individual
Done simplexing #iterations 640, best score  39.13

     Score     S(PLP)   S(hbond)     S(cho)   S(metal)  DE(clash)   DE(tors)
     39.13     -40.80       0.00       0.00       0.00       0.02       0.83

--------------------------------------------------------------------------------
--- CHEMPLP breakdown of terms                                               ---
--------------------------------------------------------------------------------
CHEMPLP = - ( 1.0000*S(PLP) + -3.0000*S(hbond) + -6.0000*S(metal) + -3.0000*S(cho) )

Score = CHEMPLP - 1.0000*DE(clash) - 2.0000*DE(tors)


--------------------------------------------------------------------------------


--------------------------------------------------------------------------------
--- PLP analysis of protein-ligand interactions                              ---
--------------------------------------------------------------------------------
hydrogen bonding        :       0.00
metal                   :       0.00
buried (polar-nonpolar) :      -7.11
nonpolar                :     -34.92
repulsive               :       0.27
--------------------------------------------------------------------------------


--------------------------------------------------------------------------------
--- ChemScore analysis of protein-ligand interactions                        ---
--------------------------------------------------------------------------------

* Hydrogen bonds                                                                


* CH..O interactions                                                            
  CH group selection                       : activated ring CH (adjacent to hetatom)

--------------------------------------------------------------------------------


--------------------------------------------------------------------------------
--- Intra-ligand clashes                                                     ---
--------------------------------------------------------------------------------

Ligand
  7 (C7   ) -   3 (C3   ):   0.02 (dist   2.75)
--------------------------------------------------------------------------------


--------------------------------------------------------------------------------
--- Chromosome decoded                                                       ---
--------------------------------------------------------------------------------
Ligand Torsions
[   6    2    1    3]  168.26
[  12    5    1    2]  174.87
Protein Torsions
[ 602  597  595  592]  -47.24 
[ 622  617  616  613] -159.30 
[2560 2551 2550 2548]   35.69 
[2635 2624 2623 2622]  -74.29 
[1835 1828 1827 1825]   47.16 
[5212 5203 5202 5200]   84.00 
Mapping
Ligand acceptors to protein hydrogens (mapping then atom ids)
Ligand hydrogens to protein acceptors (mapping then atom ids)
  1  16 [ 22-> 568]
Ligand shape atoms to protein points (mapping then atom ids & coords)
  1   668 [  5->(-11.250  -8.250  17.250)]
  4   553 [ 12->(-11.500  -6.000  17.750)]
  5  8241 [ 13->( -6.000  -6.000  19.750)]
  6  7837 [ 14->( -7.250  -5.250  19.750)]
  7  8198 [ 16->( -6.250  -5.250  20.000)]
Chromosome values
Integers:
  -1   -1   -1   15   -1  667   -1   -1  552 8240 7836 8197 
--------------------------------------------------------------------------------


--------------------------------------------------------------------------------
--- Diverse Solutions Stats                                                  ---
--------------------------------------------------------------------------------
  Move attempts                            :  15771
  Move failures                            :     57
  Failure rate                             :   0.004

--------------------------------------------------------------------------------

Current Ranking  3  2  4  1  5

--------------------------------------------------------------------------------

* GA execution time :                                                           
  total  0.8659 user  0.8026 sys  0.0633

--------------------------------------------------------------------------------
Fitness function evaluations: 16254

--------------------------------------------------------------------------------
** Docking run number  6 **
--------------------------------------------------------------------------------
  Rank fitness base is 5000.00 ; increment is 11.2233

* Initialising population(s) ...                                                
Number of constraints mappings 0
Number of constraints 0
  Population no.                           :      1
  Population size                          :    100
  Number of duplicates                     :      0
  Number of niche violations               :      0
  Number of errors                         :    451


Doing GA, no. of population(s) 1 size 100 selection pressure 1.100000

 Operation      Fitness  S(hb_ext) S(vdw_ext)  S(hb_int)    S(int)      intcor
         0      39.97       1.92      29.46       0.00     -12.33      -0.76
Reordering...
        75      38.73       1.22      30.11       0.00     -18.26      -0.76
        84      40.50       1.15      28.99       0.00      -2.41      -0.76
       187      44.67       2.89      33.39       0.00     -17.80      -0.76
       465      41.58       2.45      32.14       0.00     -17.20      -0.76
Reordering...
       575      40.42       0.00      30.41       0.00      -4.28      -0.76
       594      40.42       1.13      30.89       0.00      -9.70      -0.76
       596      42.52       0.22      31.74       0.00      -4.12      -0.76
      1181      40.65       0.14      29.49       0.00      -0.07      -0.76
Reordering...
      1425      39.16       0.00      30.03       0.00      -3.15      -0.76
Reordering...
      1475      39.09       0.08      28.40       0.00      -0.07      -0.76
Reordering...
      1500      38.75       0.00      29.85       0.00      -3.15      -0.76
      1556      38.85       0.08      28.22       0.00      -0.04      -0.76
      2197      38.20       0.03      27.79       0.00      -0.04      -0.76
      2320      38.20       0.03      27.79       0.00      -0.04      -0.76
--------------------------------------------------------------------------------
Best docking solution after GA:
      2500      38.20       0.03      27.79       0.00      -0.04      -0.76

#ops:       2500 #mutates:   1243 #cross:     1257 #dups:       503 
#niche:     1243 #errors:      97 
--------------------------------------------------------------------------------

Doing AMOEBA simplex on best individual
Done simplexing #iterations 623, best score  46.74

Ligand is stored in gold_soln_ligand_prepared_m1_6.mol2


--------------------------------------------------------------------------------
--- GoldScore breakdown of terms                                             ---
--------------------------------------------------------------------------------
Fitness = S(hb_ext) + 1.3750*S(vdw_ext) + S(hb_int) + 1.0000*S(int)
S(int)  = S(vdw_int) + S(tors)

Internal terms are relative to best energy found (intcor).

--------------------------------------------------------------------------------


     Fitness  S(hb_ext) S(vdw_ext)  S(hb_int)    S(int)      intcor
     46.74       0.48      33.81       0.00      -0.23      -0.76

--------------------------------------------------------------------------------
--- GoldScore analysis of protein-ligand interactions                        ---
--------------------------------------------------------------------------------

  Ligand donor    8 hydrogen   22 Protein acceptor 2655 bond energy  2.00 wt 0.16
  Ligand donor   10 hydrogen   23 Protein acceptor  594 bond energy  2.00 wt 0.08

--------------------------------------------------------------------------------

--------------------------------------------------------------------------------
--- Rescoring solution                                                       ---
--------------------------------------------------------------------------------

     Score     S(PLP)   S(hbond)     S(cho)   S(metal)  DE(clash)   DE(tors)
     31.95     -31.60       0.17       0.00       0.00       0.00       0.09

Doing AMOEBA simplex on best individual
Done simplexing #iterations 586, best score  41.02

     Score     S(PLP)   S(hbond)     S(cho)   S(metal)  DE(clash)   DE(tors)
     41.02     -38.80       0.85       0.00       0.00       0.00       0.16

--------------------------------------------------------------------------------
--- CHEMPLP breakdown of terms                                               ---
--------------------------------------------------------------------------------
CHEMPLP = - ( 1.0000*S(PLP) + -3.0000*S(hbond) + -6.0000*S(metal) + -3.0000*S(cho) )

Score = CHEMPLP - 1.0000*DE(clash) - 2.0000*DE(tors)


--------------------------------------------------------------------------------


--------------------------------------------------------------------------------
--- PLP analysis of protein-ligand interactions                              ---
--------------------------------------------------------------------------------
hydrogen bonding        :      -2.00
metal                   :       0.00
buried (polar-nonpolar) :       2.95
nonpolar                :     -41.25
repulsive               :       0.63
--------------------------------------------------------------------------------


--------------------------------------------------------------------------------
--- ChemScore analysis of protein-ligand interactions                        ---
--------------------------------------------------------------------------------

* Hydrogen bonds                                                                
Ligand donor    8 hydrogen   22 Protein acceptor 2655 bond energy  1.00 wt 0.85


* CH..O interactions                                                            
  CH group selection                       : activated ring CH (adjacent to hetatom)

--------------------------------------------------------------------------------


--------------------------------------------------------------------------------
--- Intra-ligand clashes                                                     ---
--------------------------------------------------------------------------------

Ligand
--------------------------------------------------------------------------------


--------------------------------------------------------------------------------
--- Chromosome decoded                                                       ---
--------------------------------------------------------------------------------
Ligand Torsions
[   6    2    1    3]  -66.08
[  12    5    1    2] -173.27
Protein Torsions
[ 602  597  595  592]   64.14 
[ 622  617  616  613]   17.05 
[2560 2551 2550 2548]  179.16 
[2635 2624 2623 2622] -125.91 
[1835 1828 1827 1825]   23.87 
[5212 5203 5202 5200]   88.82 
Mapping
Ligand acceptors to protein hydrogens (mapping then atom ids)
Ligand hydrogens to protein acceptors (mapping then atom ids)
Ligand shape atoms to protein points (mapping then atom ids & coords)
  2  5260 [  6->( -8.750  -7.750  20.000)]
  3  4225 [  7->( -9.000  -9.000  17.750)]
  4  2217 [ 12->( -9.750 -10.250  15.000)]
  7  5154 [ 16->( -8.750  -9.750  19.250)]
Chromosome values
Integers:
  -1   -1   -1   -1   -1   -1 5259 4224 2216   -1   -1 5153 
--------------------------------------------------------------------------------


--------------------------------------------------------------------------------
--- Diverse Solutions Stats                                                  ---
--------------------------------------------------------------------------------
  Move attempts                            :  15846
  Move failures                            :     82
  Failure rate                             :   0.005

--------------------------------------------------------------------------------

Current Ranking  6  3  2  4  1  5

--------------------------------------------------------------------------------

* GA execution time :                                                           
  total  0.8923 user  0.8144 sys  0.0779

--------------------------------------------------------------------------------
Fitness function evaluations: 16313

--------------------------------------------------------------------------------
** Docking run number  7 **
--------------------------------------------------------------------------------
  Rank fitness base is 5000.00 ; increment is 11.2233

* Initialising population(s) ...                                                
Number of constraints mappings 0
Number of constraints 0
  Population no.                           :      1
  Population size                          :    100
  Number of duplicates                     :      0
  Number of niche violations               :      0
  Number of errors                         :    469


Doing GA, no. of population(s) 1 size 100 selection pressure 1.100000

 Operation      Fitness  S(hb_ext) S(vdw_ext)  S(hb_int)    S(int)      intcor
         0      44.25       1.52      31.54       0.00      -3.13      -0.76
       276      44.46       1.29      31.98       0.00      -3.13      -0.76
       394      41.48       1.25      30.71       0.00      -7.20      -0.76
Reordering...
       400      41.45       1.25      29.88       0.00      -3.13      -0.76
       437      41.99       1.64      30.77       0.00      -6.79      -0.76
       748      41.94       0.05      30.93       0.00      -1.72      -0.76
       759      41.52       0.05      30.64       0.00      -1.72      -0.76
      1423      38.23       0.03      28.68       0.00      -1.87      -0.76
      1812      36.11       0.00      29.39       0.00      -4.58      -0.76
--------------------------------------------------------------------------------
Best docking solution after GA:
      2500      35.82       0.00      29.39       0.00      -4.58      -0.76

#ops:       2500 #mutates:   1253 #cross:     1247 #dups:       464 
#niche:     1119 #errors:     103 
--------------------------------------------------------------------------------

Doing AMOEBA simplex on best individual
Done simplexing #iterations 852, best score  47.48

Ligand is stored in gold_soln_ligand_prepared_m1_7.mol2


--------------------------------------------------------------------------------
--- GoldScore breakdown of terms                                             ---
--------------------------------------------------------------------------------
Fitness = S(hb_ext) + 1.3750*S(vdw_ext) + S(hb_int) + 1.0000*S(int)
S(int)  = S(vdw_int) + S(tors)

Internal terms are relative to best energy found (intcor).

--------------------------------------------------------------------------------


     Fitness  S(hb_ext) S(vdw_ext)  S(hb_int)    S(int)      intcor
     47.48       0.00      36.62       0.00      -2.88      -0.76

--------------------------------------------------------------------------------
--- GoldScore analysis of protein-ligand interactions                        ---
--------------------------------------------------------------------------------


--------------------------------------------------------------------------------

--------------------------------------------------------------------------------
--- Rescoring solution                                                       ---
--------------------------------------------------------------------------------

     Score     S(PLP)   S(hbond)     S(cho)   S(metal)  DE(clash)   DE(tors)
     23.05     -25.72       0.00       0.00       0.00       1.55       0.56

Doing AMOEBA simplex on best individual
Done simplexing #iterations 1006, best score  47.88

     Score     S(PLP)   S(hbond)     S(cho)   S(metal)  DE(clash)   DE(tors)
     47.88     -50.50       0.00       0.00       0.00       0.17       1.22

--------------------------------------------------------------------------------
--- CHEMPLP breakdown of terms                                               ---
--------------------------------------------------------------------------------
CHEMPLP = - ( 1.0000*S(PLP) + -3.0000*S(hbond) + -6.0000*S(metal) + -3.0000*S(cho) )

Score = CHEMPLP - 1.0000*DE(clash) - 2.0000*DE(tors)


--------------------------------------------------------------------------------


--------------------------------------------------------------------------------
--- PLP analysis of protein-ligand interactions                              ---
--------------------------------------------------------------------------------
hydrogen bonding        :      -1.49
metal                   :       0.00
buried (polar-nonpolar) :       1.21
nonpolar                :     -52.36
repulsive               :       0.39
--------------------------------------------------------------------------------


--------------------------------------------------------------------------------
--- ChemScore analysis of protein-ligand interactions                        ---
--------------------------------------------------------------------------------

* Hydrogen bonds                                                                


* CH..O interactions                                                            
  CH group selection                       : activated ring CH (adjacent to hetatom)

--------------------------------------------------------------------------------


--------------------------------------------------------------------------------
--- Intra-ligand clashes                                                     ---
--------------------------------------------------------------------------------

Ligand
  6 (C6   ) -   3 (C3   ):   0.17 (dist   2.75)
--------------------------------------------------------------------------------


--------------------------------------------------------------------------------
--- Chromosome decoded                                                       ---
--------------------------------------------------------------------------------
Ligand Torsions
[   6    2    1    3]   -5.03
[  12    5    1    2]  179.15
Protein Torsions
[ 602  597  595  592]  157.14 
[ 622  617  616  613]   16.18 
[2560 2551 2550 2548]  -26.25 
[2635 2624 2623 2622]   27.87 
[1835 1828 1827 1825]   77.31 
[5212 5203 5202 5200]   81.96 
Mapping
Ligand acceptors to protein hydrogens (mapping then atom ids)
Ligand hydrogens to protein acceptors (mapping then atom ids)
Ligand shape atoms to protein points (mapping then atom ids & coords)
  2  4381 [  6->( -9.000  -7.000  18.500)]
  4  1916 [ 12->(-10.000  -9.250  16.750)]
  5  4791 [ 13->( -8.750 -14.500  16.000)]
Chromosome values
Integers:
  -1   -1   -1   -1   -1   -1 4380   -1 1915 4790   -1   -1 
--------------------------------------------------------------------------------


--------------------------------------------------------------------------------
--- Diverse Solutions Stats                                                  ---
--------------------------------------------------------------------------------
  Move attempts                            :  16809
  Move failures                            :    220
  Failure rate                             :   0.013

--------------------------------------------------------------------------------

Current Ranking  7  6  3  2  4  1  5

--------------------------------------------------------------------------------

* GA execution time :                                                           
  total  1.1666 user  1.1237 sys  0.0430

--------------------------------------------------------------------------------
Fitness function evaluations: 17319

--------------------------------------------------------------------------------
** Docking run number  8 **
--------------------------------------------------------------------------------
  Rank fitness base is 5000.00 ; increment is 11.2233

* Initialising population(s) ...                                                
Number of constraints mappings 0
Number of constraints 0
  Population no.                           :      1
  Population size                          :    100
  Number of duplicates                     :      0
  Number of niche violations               :      0
  Number of errors                         :    499


Doing GA, no. of population(s) 1 size 100 selection pressure 1.100000

 Operation      Fitness  S(hb_ext) S(vdw_ext)  S(hb_int)    S(int)      intcor
         0      42.53       1.35      32.67       0.00     -18.73      -0.76
         3      42.53       1.35      32.67       0.00     -18.73      -0.76
Reordering...
        75      39.30       1.98      27.52       0.00      -2.43      -0.76
       190      39.95       1.86      27.86       0.00      -0.91      -0.76
       458      36.05       0.00      26.47       0.00      -1.19      -0.76
       461      38.70       0.13      28.24       0.00      -0.91      -0.76
       559      39.25       2.11      27.48       0.00      -2.02      -0.76
Reordering...
       575      38.01       0.12      27.77       0.00      -0.91      -0.76
       609      40.85       0.00      30.30       0.00      -2.41      -0.76
       699      40.64       0.10      30.11       0.00      -2.41      -0.76
       843      39.95       0.00      29.68       0.00      -2.11      -0.76
      1045      39.91       0.00      29.40       0.00      -1.07      -0.76
      1068      40.00       0.20      30.35       0.00      -3.90      -0.76
      1092      40.04       0.29      30.34       0.00      -3.90      -0.76
      1096      40.31       0.20      30.50       0.00      -3.63      -0.76
      1224      39.84       0.25      30.27       0.00      -3.63      -0.76
      1529      38.27       0.17      29.66       0.00      -3.63      -0.76
      1565      38.24       0.25      29.63       0.00      -3.63      -0.76
      1567      38.33       0.25      29.73       0.00      -3.71      -0.76
      1630      38.24       0.16      29.59       0.00      -3.23      -0.76
      1674      39.17       0.56      30.30       0.00      -3.71      -0.76
      1786      39.75       0.10      30.41       0.00      -2.36      -0.76
      2283      40.45       0.08      30.44       0.00      -1.47      -0.76
      2500      41.14       0.61      31.19       0.00      -2.36      -0.76
--------------------------------------------------------------------------------
Best docking solution after GA:
      2500      41.14       0.61      31.19       0.00      -2.36      -0.76

#ops:       2500 #mutates:   1252 #cross:     1248 #dups:       589 
#niche:     1467 #errors:      55 
--------------------------------------------------------------------------------

Doing AMOEBA simplex on best individual
Done simplexing #iterations 699, best score  42.58

Ligand is stored in gold_soln_ligand_prepared_m1_8.mol2


--------------------------------------------------------------------------------
--- GoldScore breakdown of terms                                             ---
--------------------------------------------------------------------------------
Fitness = S(hb_ext) + 1.3750*S(vdw_ext) + S(hb_int) + 1.0000*S(int)
S(int)  = S(vdw_int) + S(tors)

Internal terms are relative to best energy found (intcor).

--------------------------------------------------------------------------------


     Fitness  S(hb_ext) S(vdw_ext)  S(hb_int)    S(int)      intcor
     42.58       1.09      31.70       0.00      -2.10      -0.76

--------------------------------------------------------------------------------
--- GoldScore analysis of protein-ligand interactions                        ---
--------------------------------------------------------------------------------

  Ligand acceptor   11 Protein hydrogen  945 donor  932 bond energy  6.00 wt 0.18

--------------------------------------------------------------------------------

--------------------------------------------------------------------------------
--- Rescoring solution                                                       ---
--------------------------------------------------------------------------------

     Score     S(PLP)   S(hbond)     S(cho)   S(metal)  DE(clash)   DE(tors)
     30.79     -32.20       0.00       0.00       0.00       1.33       0.04

Doing AMOEBA simplex on best individual
Done simplexing #iterations 597, best score  40.23

     Score     S(PLP)   S(hbond)     S(cho)   S(metal)  DE(clash)   DE(tors)
     40.23     -41.76       0.00       0.00       0.00       1.31       0.11

--------------------------------------------------------------------------------
--- CHEMPLP breakdown of terms                                               ---
--------------------------------------------------------------------------------
CHEMPLP = - ( 1.0000*S(PLP) + -3.0000*S(hbond) + -6.0000*S(metal) + -3.0000*S(cho) )

Score = CHEMPLP - 1.0000*DE(clash) - 2.0000*DE(tors)


--------------------------------------------------------------------------------


--------------------------------------------------------------------------------
--- PLP analysis of protein-ligand interactions                              ---
--------------------------------------------------------------------------------
hydrogen bonding        :      -0.17
metal                   :       0.00
buried (polar-nonpolar) :      -5.29
nonpolar                :     -37.03
repulsive               :       0.29
--------------------------------------------------------------------------------


--------------------------------------------------------------------------------
--- ChemScore analysis of protein-ligand interactions                        ---
--------------------------------------------------------------------------------

* Hydrogen bonds                                                                


* CH..O interactions                                                            
  CH group selection                       : activated ring CH (adjacent to hetatom)

--------------------------------------------------------------------------------


--------------------------------------------------------------------------------
--- Intra-ligand clashes                                                     ---
--------------------------------------------------------------------------------

Ligand
  7 (C7   ) -   3 (C3   ):   1.31 (dist   2.71)
--------------------------------------------------------------------------------


--------------------------------------------------------------------------------
--- Chromosome decoded                                                       ---
--------------------------------------------------------------------------------
Ligand Torsions
[   6    2    1    3]  174.48
[  12    5    1    2]  174.33
Protein Torsions
[ 602  597  595  592] -149.89 
[ 622  617  616  613]  -28.27 
[2560 2551 2550 2548]  -56.52 
[2635 2624 2623 2622] -146.59 
[1835 1828 1827 1825]  -73.54 
[5212 5203 5202 5200]   93.25 
Mapping
Ligand acceptors to protein hydrogens (mapping then atom ids)
Ligand hydrogens to protein acceptors (mapping then atom ids)
Ligand shape atoms to protein points (mapping then atom ids & coords)
  1  1242 [  5->(-10.750  -7.000  18.250)]
  3  6113 [  7->( -8.500  -6.750  17.250)]
  4   991 [ 12->(-11.000  -6.750  17.500)]
  5  8197 [ 13->( -6.250  -5.250  19.750)]
  6  8409 [ 14->( -5.250  -5.500  18.750)]
Chromosome values
Integers:
  -1   -1   -1   -1   -1 1241   -1 6112  990 8196 8408   -1 
--------------------------------------------------------------------------------


--------------------------------------------------------------------------------
--- Diverse Solutions Stats                                                  ---
--------------------------------------------------------------------------------
  Move attempts                            :  16127
  Move failures                            :     47
  Failure rate                             :   0.003

--------------------------------------------------------------------------------

Current Ranking  7  6  3  2  4  1  8  5

--------------------------------------------------------------------------------

* GA execution time :                                                           
  total  0.8990 user  0.8188 sys  0.0802

--------------------------------------------------------------------------------
Fitness function evaluations: 16632

--------------------------------------------------------------------------------
** Docking run number  9 **
--------------------------------------------------------------------------------
  Rank fitness base is 5000.00 ; increment is 11.2233

* Initialising population(s) ...                                                
Number of constraints mappings 0
Number of constraints 0
  Population no.                           :      1
  Population size                          :    100
  Number of duplicates                     :      0
  Number of niche violations               :      0
  Number of errors                         :    458


Doing GA, no. of population(s) 1 size 100 selection pressure 1.100000

 Operation      Fitness  S(hb_ext) S(vdw_ext)  S(hb_int)    S(int)      intcor
         0      45.49       0.00      36.20       0.00     -21.44      -0.76
       651      35.29       0.00      31.12       0.00     -21.44      -0.76
       712      35.52       0.03      26.83       0.00      -3.84      -0.76
       804      34.16       0.23      25.79       0.00      -3.84      -0.76
       864      32.54       0.06      28.33       0.00     -15.60      -0.76
Reordering...
       875      32.46       0.21      24.64       0.00      -3.84      -0.76
Reordering...
       900      31.59       0.06      27.84       0.00     -15.60      -0.76
       903      32.71       1.92      25.50       0.00      -9.84      -0.76
       906      32.84       1.92      25.59       0.00      -9.84      -0.76
       910      33.26       2.35      25.58       0.00      -9.84      -0.76
      1007      35.04       0.08      30.77       0.00     -15.60      -0.76
      1071      36.24       0.25      27.02       0.00      -2.35      -0.76
      1252      36.00       0.22      27.03       0.00      -2.35      -0.76
      1367      35.84       0.18      27.03       0.00      -2.35      -0.76
      1459      35.69       0.16      27.03       0.00      -2.35      -0.76
Reordering...
      1550      35.53       0.07      26.55       0.00      -1.38      -0.76
      1734      35.54       0.05      26.69       0.00      -1.38      -0.76
      1747      35.62       0.05      26.75       0.00      -1.38      -0.76
      1782      35.85       0.09      27.29       0.00      -1.92      -0.76
      1949      36.39       0.09      28.11       0.00      -2.35      -0.76
      2186      37.14       0.06      28.47       0.00      -2.06      -0.76
      2342      37.58       0.06      28.21       0.00      -1.26      -0.76
      2368      37.58       0.06      28.21       0.00      -1.26      -0.76
      2475      37.61       0.06      28.28       0.00      -1.33      -0.76
--------------------------------------------------------------------------------
Best docking solution after GA:
      2500      37.61       0.06      28.28       0.00      -1.33      -0.76

#ops:       2500 #mutates:   1254 #cross:     1246 #dups:       425 
#niche:     1366 #errors:     181 
--------------------------------------------------------------------------------

Doing AMOEBA simplex on best individual
Done simplexing #iterations 779, best score  38.98

Ligand is stored in gold_soln_ligand_prepared_m1_9.mol2


--------------------------------------------------------------------------------
--- GoldScore breakdown of terms                                             ---
--------------------------------------------------------------------------------
Fitness = S(hb_ext) + 1.3750*S(vdw_ext) + S(hb_int) + 1.0000*S(int)
S(int)  = S(vdw_int) + S(tors)

Internal terms are relative to best energy found (intcor).

--------------------------------------------------------------------------------


     Fitness  S(hb_ext) S(vdw_ext)  S(hb_int)    S(int)      intcor
     38.98       0.03      29.29       0.00      -1.33      -0.76

--------------------------------------------------------------------------------
--- GoldScore analysis of protein-ligand interactions                        ---
--------------------------------------------------------------------------------

  Ligand donor    8 hydrogen   22 Protein acceptor 2674 bond energy  2.00 wt 0.02

--------------------------------------------------------------------------------

--------------------------------------------------------------------------------
--- Rescoring solution                                                       ---
--------------------------------------------------------------------------------

     Score     S(PLP)   S(hbond)     S(cho)   S(metal)  DE(clash)   DE(tors)
     16.47     -16.90       0.46       0.00       0.00       0.59       0.62

Doing AMOEBA simplex on best individual
Done simplexing #iterations 717, best score  33.47

     Score     S(PLP)   S(hbond)     S(cho)   S(metal)  DE(clash)   DE(tors)
     33.47     -33.00       0.83       0.00       0.00       1.26       0.38

--------------------------------------------------------------------------------
--- CHEMPLP breakdown of terms                                               ---
--------------------------------------------------------------------------------
CHEMPLP = - ( 1.0000*S(PLP) + -3.0000*S(hbond) + -6.0000*S(metal) + -3.0000*S(cho) )

Score = CHEMPLP - 1.0000*DE(clash) - 2.0000*DE(tors)


--------------------------------------------------------------------------------


--------------------------------------------------------------------------------
--- PLP analysis of protein-ligand interactions                              ---
--------------------------------------------------------------------------------
hydrogen bonding        :      -1.70
metal                   :       0.00
buried (polar-nonpolar) :      -0.62
nonpolar                :     -32.34
repulsive               :       1.26
--------------------------------------------------------------------------------


--------------------------------------------------------------------------------
--- ChemScore analysis of protein-ligand interactions                        ---
--------------------------------------------------------------------------------

* Hydrogen bonds                                                                
Ligand donor    8 hydrogen   22 Protein acceptor 2674 bond energy  1.00 wt 0.83


* CH..O interactions                                                            
  CH group selection                       : activated ring CH (adjacent to hetatom)

--------------------------------------------------------------------------------


--------------------------------------------------------------------------------
--- Intra-ligand clashes                                                     ---
--------------------------------------------------------------------------------

Ligand
  7 (C7   ) -   3 (C3   ):   1.26 (dist   2.72)
--------------------------------------------------------------------------------


--------------------------------------------------------------------------------
--- Chromosome decoded                                                       ---
--------------------------------------------------------------------------------
Ligand Torsions
[   6    2    1    3]  165.56
[  12    5    1    2]  169.55
Protein Torsions
[ 602  597  595  592]  -76.01 
[ 622  617  616  613] -124.99 
[2560 2551 2550 2548]   28.88 
[2635 2624 2623 2622] -131.26 
[1835 1828 1827 1825]  110.24 
[5212 5203 5202 5200]  160.56 
Mapping
Ligand acceptors to protein hydrogens (mapping then atom ids)
Ligand hydrogens to protein acceptors (mapping then atom ids)
Ligand shape atoms to protein points (mapping then atom ids & coords)
  1  1382 [  5->(-10.500  -9.250  15.500)]
  2  8187 [  6->( -6.250  -5.500  18.500)]
  7  8257 [ 16->( -6.000  -5.250  19.250)]
Chromosome values
Integers:
  -1   -1   -1   -1   -1 1381 8186   -1   -1   -1   -1 8256 
--------------------------------------------------------------------------------


--------------------------------------------------------------------------------
--- Diverse Solutions Stats                                                  ---
--------------------------------------------------------------------------------
  Move attempts                            :  16328
  Move failures                            :    159
  Failure rate                             :   0.010

--------------------------------------------------------------------------------

Current Ranking  7  6  3  2  4  1  8  5  9

--------------------------------------------------------------------------------

* GA execution time :                                                           
  total  0.9399 user  0.8720 sys  0.0679

--------------------------------------------------------------------------------
Fitness function evaluations: 16812

--------------------------------------------------------------------------------
** Docking run number 10 **
--------------------------------------------------------------------------------
  Rank fitness base is 5000.00 ; increment is 11.2233

* Initialising population(s) ...                                                
Number of constraints mappings 0
Number of constraints 0
  Population no.                           :      1
  Population size                          :    100
  Number of duplicates                     :      0
  Number of niche violations               :      0
  Number of errors                         :    496


Doing GA, no. of population(s) 1 size 100 selection pressure 1.100000

 Operation      Fitness  S(hb_ext) S(vdw_ext)  S(hb_int)    S(int)      intcor
         0      44.84       0.76      34.23       0.00     -14.97      -0.76
Reordering...
       150      40.57       0.05      32.72       0.00     -19.64      -0.76
       157      41.19       0.28      31.31       0.00      -9.42      -0.76
       161      43.53       0.51      32.84       0.00      -9.41      -0.76
       221      43.55       0.49      33.12       0.00     -10.39      -0.76
Reordering...
       225      40.79       0.51      30.96       0.00      -9.41      -0.76
Reordering...
       300      38.03       0.04      31.32       0.00     -19.64      -0.76
       332      37.94       0.04      31.33       0.00     -19.64      -0.76
       495      35.89       0.04      30.10       0.00     -18.40      -0.76
       652      32.71       0.03      28.44       0.00     -18.40      -0.76
Reordering...
       675      31.47       1.86      22.66       0.00      -4.32      -0.76
       685      35.01       0.02      26.48       0.00      -3.98      -0.76
       691      35.04       0.02      26.50       0.00      -3.98      -0.76
       784      34.32       0.00      26.08       0.00      -3.98      -0.76
       980      35.37       1.65      25.91       0.00      -4.12      -0.76
      1041      35.46       0.00      27.33       0.00      -4.39      -0.76
      1155      36.33       0.81      26.67       0.00      -2.14      -0.76
      1442      35.94       0.73      26.67       0.00      -2.14      -0.76
      1670      35.57       0.66      26.67       0.00      -2.14      -0.76
      1746      35.66       0.69      26.80       0.00      -2.14      -0.76
      1840      35.49       0.67      26.82       0.00      -2.14      -0.76
      1977      35.86       0.62      26.84       0.00      -1.66      -0.76
      2006      35.91       0.62      26.87       0.00      -1.66      -0.76
      2199      35.92       0.62      26.88       0.00      -1.66      -0.76
      2284      36.08       0.64      26.90       0.00      -1.55      -0.76
--------------------------------------------------------------------------------
Best docking solution after GA:
      2500      36.08       0.64      26.90       0.00      -1.55      -0.76

#ops:       2500 #mutates:   1261 #cross:     1239 #dups:       471 
#niche:     1314 #errors:     126 
--------------------------------------------------------------------------------

Doing AMOEBA simplex on best individual
Done simplexing #iterations 579, best score  39.04

Ligand is stored in gold_soln_ligand_prepared_m1_10.mol2


--------------------------------------------------------------------------------
--- GoldScore breakdown of terms                                             ---
--------------------------------------------------------------------------------
Fitness = S(hb_ext) + 1.3750*S(vdw_ext) + S(hb_int) + 1.0000*S(int)
S(int)  = S(vdw_int) + S(tors)

Internal terms are relative to best energy found (intcor).

--------------------------------------------------------------------------------


     Fitness  S(hb_ext) S(vdw_ext)  S(hb_int)    S(int)      intcor
     39.04       0.09      29.37       0.00      -1.43      -0.76

--------------------------------------------------------------------------------
--- GoldScore analysis of protein-ligand interactions                        ---
--------------------------------------------------------------------------------

  Ligand donor    8 hydrogen   22 Protein acceptor 2674 bond energy  2.00 wt 0.05

--------------------------------------------------------------------------------

--------------------------------------------------------------------------------
--- Rescoring solution                                                       ---
--------------------------------------------------------------------------------

     Score     S(PLP)   S(hbond)     S(cho)   S(metal)  DE(clash)   DE(tors)
     22.60     -21.52       0.88       0.00       0.00       0.97       0.30

Doing AMOEBA simplex on best individual
Done simplexing #iterations 610, best score  33.51

     Score     S(PLP)   S(hbond)     S(cho)   S(metal)  DE(clash)   DE(tors)
     33.51     -33.24       0.59       0.00       0.00       1.30       0.10

--------------------------------------------------------------------------------
--- CHEMPLP breakdown of terms                                               ---
--------------------------------------------------------------------------------
CHEMPLP = - ( 1.0000*S(PLP) + -3.0000*S(hbond) + -6.0000*S(metal) + -3.0000*S(cho) )

Score = CHEMPLP - 1.0000*DE(clash) - 2.0000*DE(tors)


--------------------------------------------------------------------------------


--------------------------------------------------------------------------------
--- PLP analysis of protein-ligand interactions                              ---
--------------------------------------------------------------------------------
hydrogen bonding        :      -1.61
metal                   :       0.00
buried (polar-nonpolar) :      -1.49
nonpolar                :     -32.73
repulsive               :       1.35
--------------------------------------------------------------------------------


--------------------------------------------------------------------------------
--- ChemScore analysis of protein-ligand interactions                        ---
--------------------------------------------------------------------------------

* Hydrogen bonds                                                                
Ligand donor    8 hydrogen   22 Protein acceptor 2674 bond energy  1.00 wt 0.59


* CH..O interactions                                                            
  CH group selection                       : activated ring CH (adjacent to hetatom)

--------------------------------------------------------------------------------


--------------------------------------------------------------------------------
--- Intra-ligand clashes                                                     ---
--------------------------------------------------------------------------------

Ligand
  7 (C7   ) -   3 (C3   ):   1.30 (dist   2.71)
--------------------------------------------------------------------------------


--------------------------------------------------------------------------------
--- Chromosome decoded                                                       ---
--------------------------------------------------------------------------------
Ligand Torsions
[   6    2    1    3]  167.99
[  12    5    1    2]  172.97
Protein Torsions
[ 602  597  595  592]  -25.84 
[ 622  617  616  613]   64.64 
[2560 2551 2550 2548]  115.50 
[2635 2624 2623 2622] -157.28 
[1835 1828 1827 1825]  -89.27 
[5212 5203 5202 5200]   83.55 
Mapping
Ligand acceptors to protein hydrogens (mapping then atom ids)
Ligand hydrogens to protein acceptors (mapping then atom ids)
Ligand shape atoms to protein points (mapping then atom ids & coords)
  1  3410 [  5->( -9.250  -8.000  17.750)]
  3  2414 [  7->( -9.750  -7.000  18.750)]
  4  3403 [ 12->( -9.250  -8.000  16.000)]
  5  8365 [ 13->( -5.500  -5.250  19.250)]
  6  7677 [ 14->( -7.500  -5.750  19.750)]
  7  8114 [ 16->( -6.500  -5.750  19.000)]
Chromosome values
Integers:
  -1   -1   -1   -1   -1 3409   -1 2413 3402 8364 7676 8113 
--------------------------------------------------------------------------------


--------------------------------------------------------------------------------
--- Diverse Solutions Stats                                                  ---
--------------------------------------------------------------------------------
  Move attempts                            :  15924
  Move failures                            :    115
  Failure rate                             :   0.007

--------------------------------------------------------------------------------

Current Ranking  7  6  3  2  4  1  8  5 10  9

--------------------------------------------------------------------------------

* GA execution time :                                                           
  total  0.9549 user  0.8831 sys  0.0718

--------------------------------------------------------------------------------
Fitness function evaluations: 16433

--------------------------------------------------------------------------------
--- Ranking analysis                                                         ---
--------------------------------------------------------------------------------


* Final ranked order of GA solutions:                                           
   7  6  3  2  4  1  8  5 10  9 

  _______________________________
  RMSD Matrix of RANKED solutions

        2    3    4    5    6    7    8    9   10  

   1 :  3.3  2.5  2.1  2.1  2.7  4.5  4.4  4.8  4.7
   2 :       2.9  3.8  3.6  2.8  4.2  3.9  3.1  3.1
   3 :            3.2  3.2  1.1  4.6  4.3  4.2  4.2
   4 :                 0.9  3.3  4.1  4.2  4.4  4.4
   5 :                      3.2  4.2  4.1  4.4  4.4
   6 :                           4.4  4.2  3.9  3.9
   7 :                                0.8  3.0  3.1
   8 :                                     3.0  3.1
   9 :                                          0.3

  Clustering method                        : complete linkage
  Structure ids in cluster table           : rank nos.
  Ordering of clusters and their members   : by rank (order if from rms_analysis)

  Distance | Clusters
   0.32    |  1 |  2 |  3 |  4 |  5 |  6 |  7 |  8 |  9 10 |
   0.78    |  1 |  2 |  3 |  4 |  5 |  6 |  7  8 |  9 10 |
   0.90    |  1 |  2 |  3 |  4  5 |  6 |  7  8 |  9 10 |
   1.05    |  1 |  2 |  3  6 |  4  5 |  7  8 |  9 10 |
   2.12    |  1  4  5 |  2 |  3  6 |  7  8 |  9 10 |
   2.94    |  1  4  5 |  2  3  6 |  7  8 |  9 10 |
   3.13    |  1  4  5 |  2  3  6 |  7  8  9 10 |
   3.78    |  1  2  3  4  5  6 |  7  8  9 10 |
   4.76    |  1  2  3  4  5  6  7  8  9 10 |
  Finished Docking Ligand                  : /mnt/c/Users/ricca/Desktop/Documents/Rimoli/Reverse_Docking_Explore_V4/3ovv/ligand_prepared.mol2
--------------------------------------------------------------------------------

  Relative_Ligand_Energy (best encountered) :  -0.759
  Relative_Ligand_Energy: fitness values have been corrected using this amount
