Warning message: 
find_not_dummy_connected_atoms: Atom no 1863 has more than 8 connections.
GOLD cannot handle more than 8 connections per atom, so only the first 8 connections will be used.

Warning message: 
find_not_dummy_connected_atoms: Atom no 1864 has more than 8 connections.
GOLD cannot handle more than 8 connections per atom, so only the first 8 connections will be used.

Warning message: 
find_not_dummy_connected_atoms: Atom no 1863 has more than 8 connections.
GOLD cannot handle more than 8 connections per atom, so only the first 8 connections will be used.

Warning message: 
find_not_dummy_connected_atoms: Atom no 1864 has more than 8 connections.
GOLD cannot handle more than 8 connections per atom, so only the first 8 connections will be used.

Warning message: 
find_not_dummy_connected_atoms: Atom no 1870 has more than 8 connections.
GOLD cannot handle more than 8 connections per atom, so only the first 8 connections will be used.

Warning message: 
atom no 1876 in /mnt/c/Users/ricca/Desktop/Documents/Rimoli/Reverse_Docking_Explore_V4/3nx8/3nx8_clean.pdb is deduced as N.pl3 but this may be
in error (check bond types of connections)

Warning message: 
set_pdb_atom_types: can't deduce type of atom 1861 in /mnt/c/Users/ricca/Desktop/Documents/Rimoli/Reverse_Docking_Explore_V4/3nx8/3nx8_clean.pdb, replacing by Du

Warning message: 
set_pdb_atom_types: can't deduce type of atom 1862 in /mnt/c/Users/ricca/Desktop/Documents/Rimoli/Reverse_Docking_Explore_V4/3nx8/3nx8_clean.pdb, replacing by Du

Warning message: 
set_pdb_atom_types: can't deduce type of atom 1869 in /mnt/c/Users/ricca/Desktop/Documents/Rimoli/Reverse_Docking_Explore_V4/3nx8/3nx8_clean.pdb, replacing by Du

Warning message: 
set_pdb_atom_types: can't deduce type of atom 1870 in /mnt/c/Users/ricca/Desktop/Documents/Rimoli/Reverse_Docking_Explore_V4/3nx8/3nx8_clean.pdb, replacing by Du

Warning message: 
set_pdb_atom_types: can't deduce type of atom 1871 in /mnt/c/Users/ricca/Desktop/Documents/Rimoli/Reverse_Docking_Explore_V4/3nx8/3nx8_clean.pdb, replacing by Du

Warning message: 
set_pdb_atom_types: can't deduce type of atom 1872 in /mnt/c/Users/ricca/Desktop/Documents/Rimoli/Reverse_Docking_Explore_V4/3nx8/3nx8_clean.pdb, replacing by Du

Warning message: 
check_atom_types: atom   37 in /mnt/c/Users/ricca/Desktop/Documents/Rimoli/Reverse_Docking_Explore_V4/3nx8/cavity_B_THR5.mol2 is type  C.ar but should be   C.2

Warning message: 
check_atom_types: can't deduce type of atom   81 in /mnt/c/Users/ricca/Desktop/Documents/Rimoli/Reverse_Docking_Explore_V4/3nx8/cavity_B_THR5.mol2

Warning message: 
check_atom_types: can't deduce type of atom   83 in /mnt/c/Users/ricca/Desktop/Documents/Rimoli/Reverse_Docking_Explore_V4/3nx8/cavity_B_THR5.mol2

Warning message: 
check_atom_types: can't deduce type of atom   84 in /mnt/c/Users/ricca/Desktop/Documents/Rimoli/Reverse_Docking_Explore_V4/3nx8/cavity_B_THR5.mol2

Warning message: 
check_atom_types: can't deduce type of atom  103 in /mnt/c/Users/ricca/Desktop/Documents/Rimoli/Reverse_Docking_Explore_V4/3nx8/cavity_B_THR5.mol2

Warning message: 
check_atom_types: can't deduce type of atom  105 in /mnt/c/Users/ricca/Desktop/Documents/Rimoli/Reverse_Docking_Explore_V4/3nx8/cavity_B_THR5.mol2

Warning message: 
check_atom_types: can't deduce type of atom  106 in /mnt/c/Users/ricca/Desktop/Documents/Rimoli/Reverse_Docking_Explore_V4/3nx8/cavity_B_THR5.mol2

Warning message: 
check_atom_types: can't deduce type of atom  114 in /mnt/c/Users/ricca/Desktop/Documents/Rimoli/Reverse_Docking_Explore_V4/3nx8/cavity_B_THR5.mol2

Warning message: 
check_atom_types: can't deduce type of atom  116 in /mnt/c/Users/ricca/Desktop/Documents/Rimoli/Reverse_Docking_Explore_V4/3nx8/cavity_B_THR5.mol2

Warning message: 
check_atom_types: can't deduce type of atom  117 in /mnt/c/Users/ricca/Desktop/Documents/Rimoli/Reverse_Docking_Explore_V4/3nx8/cavity_B_THR5.mol2

Warning message: 
find_not_dummy_connected_atoms: Atom no 1863 has more than 8 connections.
GOLD cannot handle more than 8 connections per atom, so only the first 8 connections will be used.

Warning message: 
find_not_dummy_connected_atoms: Atom no 1864 has more than 8 connections.
GOLD cannot handle more than 8 connections per atom, so only the first 8 connections will be used.

Warning message: 
find_not_dummy_connected_atoms: Atom no 1870 has more than 8 connections.
GOLD cannot handle more than 8 connections per atom, so only the first 8 connections will be used.

Warning message: 
find_not_lp_connected_atoms: Atom no 1863 has more than 8 connections.
GOLD cannot handle more than 8 connections per atom, so only the first 8 connections will be used.

Warning message: 
find_not_lp_connected_atoms: Atom no 1864 has more than 8 connections.
GOLD cannot handle more than 8 connections per atom, so only the first 8 connections will be used.

Warning message: 
find_not_lp_connected_atoms: Atom no 1870 has more than 8 connections.
GOLD cannot handle more than 8 connections per atom, so only the first 8 connections will be used.

Warning message: 
find_connected_atoms: Atom no 1863 has more than 8 connections.
GOLD cannot handle more than 8 connections per atom, so only the first 8 connections will be used.

Warning message: 
find_connected_atoms: Atom no 1864 has more than 8 connections.
GOLD cannot handle more than 8 connections per atom, so only the first 8 connections will be used.

Warning message: 
find_connected_atoms: Atom no 1870 has more than 8 connections.
GOLD cannot handle more than 8 connections per atom, so only the first 8 connections will be used.

