
--------------------------------------------------------------------------------
--- Ligand                                                                   ---
--------------------------------------------------------------------------------
  Ligand loaded from file                  : /mnt/c/Users/ricca/Desktop/Documents/Rimoli/Reverse_Docking_Explore_V4/3nx8/ligand_prepared.mol2
  Ligand name                              :  
  "CT1002167954                                                             "

--------------------------------------------------------------------------------
  N.plc donors                             : 
  none found

  Acidic nitrogen acceptors                : 
  none found
  Sulfur acceptors                         :
  none found


  Donor atoms                              :      2
  8   10  
  Acceptor atoms                           :      3
  9   11  17  

  Hydrogens                                :  (n = 2)
  22   23   

  Lone pairs added to molecule             :      6
  Numbering                                : from 30 to 35

--------------------------------------------------------------------------------
--- Postprocessing of typing                                                 ---
--------------------------------------------------------------------------------
  Fragment file                            : /home/hitesit/CCDC/Discovery_2022/GOLD/gold/rotatable_bond_override.mol2
  acylurea fragment                        : 2 matches
  Ligand bond 15-8  set to flip
  Ligand bond 15-10  set to flip
  Ligand bond 15-10  set to 1
  Ligand bond 15-8  set to 1
  Ligand bond 10-4  set to flip
  Ligand bond 8-3  set to flip
  thioacylthiourea fragment                : no matches
  acylthiourea fragment                    : no matches
  thioacylurea fragment                    : no matches
  diarylamine fragment >C.ar-NH-C.ar<      : no matches
  sec-amine (1) fragment                   : no matches
  sec-amine (2) fragment                   : no matches
  sec-amine (3) fragment                   : no matches
  carboxylic ester                         : no matches

* Rotatable bonds in /mnt/c/Users/ricca/D  :
  [   1    2] [   1    5] 
  No. of rotatable bonds                   :      2


* Reading torsional distributions from file:
  /home/hitesit/CCDC/Discovery_2022/GOLD/gold/gold.tordist
  No. of bins in torsional distributions   :     36
  Minimum size of largest peak             :      0
  Removing high energy torsions            : on
  Delta E set to                           :   2.500

* Fragments found in /mnt/c/Users/ricca/D  :
  atom   2: benzene
  atom   6: benzene
  atom   7: benzene
  atom  13: benzene
  atom  14: benzene
  atom  16: benzene


* Checking torsion distributions:                                               
  No. of matched torsions                  :      0

--------------------------------------------------------------------------------
--- Shape fitting atoms selection (hydrophobic atoms)                        ---
--------------------------------------------------------------------------------
  Molecule                                 : /mnt/c/Users/ricca/Desktop/Documents/Rimoli/Reverse_Docking_Explore_V4/3nx8/ligand_prepared.mol2
  Selection                                : carbons only
  Atom numbers                             :  (n = 7)
  5    6    7    12   13   14   16   

--------------------------------------------------------------------------------
--- Diverse Solutions Setup                                                  ---
--------------------------------------------------------------------------------
  Cluster size                             :      2
  RMSD                                     :   2.000
  Refinement                               :      0


--------------------------------------------------------------------------------
--- ChemScore ligand setup summary                                           ---
--------------------------------------------------------------------------------
  ChemScore ligand acceptors               :      3
  9 11 17 
  ChemScore ligand donors                  :      2
  8 ( 22  ) 10 ( 23  ) 
  ChemScore ligand CH donors               :      0
  

  ChemScore ligand lipophilic atoms        :  (n = 9)
  1    2    5    6    7    12   13   14   16   

  ChemScore ligand rotatable bonds         :      2
  1   (C1 ) - 2   (C2 ): SP3_SP2_BOND
  1   (C1 ) - 5   (C5 ): SP3_SP3_BOND

--------------------------------------------------------------------------------
--- PLP ligand setup summary                                                 ---
--------------------------------------------------------------------------------
    1    C1   C.3 NONPOLAR
    2    C2  C.ar NONPOLAR
    3    C3   C.2 NONPOLAR
    4    C4   C.2 NONPOLAR
    5    C5   C.3 NONPOLAR
    6    C6  C.ar NONPOLAR
    7    C7  C.ar NONPOLAR
    8    N8  N.am DONOR
    9    O9   O.2 ACCEPTOR
   10   N10  N.am DONOR
   11   O11   O.2 ACCEPTOR
   12   C12   C.3 NONPOLAR
   13   C13  C.ar NONPOLAR
   14   C14  C.ar NONPOLAR
   15   C15   C.2 NONPOLAR
   16   C16  C.ar NONPOLAR
   17   O17   O.2 ACCEPTOR

--------------------------------------------------------------------------------
--- Automatic parameter setting                                              ---
--------------------------------------------------------------------------------
  Contribution base                        :   2500
  Contribution per rotatable bond          :   6000
  Contribution per df                      :   4000
  Contribution per water                   :  10000
  Ligand rotatable bonds                   :      2
  Protein flexible side chain bonds        :      0
  Total rotatable bonds                    :      2
  Hydrophobic vol ratio (P/L)              :   3.199
  Base multiplier (polar)                  :   1.000
  Base multiplier (apolar)                 :   4.479
  Base contribution                        : 12500.000
  Fitting points                           :      5
  Estimated maxops needed (optimal)        :  25000
  Autoscale factor (in percent)            :     10
  Scaled maxops                            :   2750

--------------------------------------------------------------------------------

* Population settings                                                           
  maxops                                   :   2750
  popsiz                                   :    100
  select_pressure                          :   1.100
  n_islands                                :      1
  niche_siz                                :      2

* GA settings                                                                   
  pt_crosswt                               :    100
  allele_mutatewt                          :    100
  migratewt                                :      0

* Search settings                                                               
  start_vdw_linear_cutoff                  :   6.000
  initial_virtual_pt_match_max             :   3.000
  Scaling of internal VDW energy           : log scale from  0.2 to    1
                                             over 2062 ops
  Sampling interval (operations)           :     27
  Scaling of virtual pt maximum length     : linear scale from    3 to    2
                                             over  2062 ops
  Sampling interval (operations)           :     82
  Scaling of 4-8 potential cutoff          : log scale from    6 to 1.2e+02
                                             over 2062 ops
  Sampling interval (operations)           :     82

--------------------------------------------------------------------------------

* Ligand initialisation time :                                                  
  total  0.0526 user  0.0118 sys  0.0408

--------------------------------------------------------------------------------

--------------------------------------------------------------------------------
** Docking run number  1 **
--------------------------------------------------------------------------------
  Rank fitness base is 5000.00 ; increment is 11.2233

* Initialising population(s) ...                                                
Number of constraints mappings 0
Number of constraints 0
  Population no.                           :      1
  Population size                          :    100
  Number of duplicates                     :      0
  Number of niche violations               :      0
  Number of errors                         :  23282


Doing GA, no. of population(s) 1 size 100 selection pressure 1.100000

 Operation      Fitness  S(hb_ext) S(vdw_ext)  S(hb_int)    S(int)      intcor
         0      25.08       6.05      14.70       0.00      -5.90      -0.78
       102      25.22       5.97      16.50       0.00     -16.12      -0.78
       136      26.54       4.56      17.04       0.00      -6.48      -0.78
       187      27.11       7.15      15.75       0.00      -7.47      -0.78
Reordering...
       328      24.68       6.39      13.63       0.00      -1.77      -0.78
       426      28.24       5.38      16.82       0.00      -0.96      -0.78
       659      26.61       4.20      16.53       0.00      -0.96      -0.78
       683      27.88       6.45      16.29       0.00      -2.84      -0.78
       812      28.68       6.75      16.43       0.00      -1.77      -0.78
      1417      26.05       6.07      15.30       0.00      -1.77      -0.78
      1495      25.68       6.30      15.61       0.00      -3.26      -0.78
Reordering...
      1640      24.54       5.89      14.48       0.00      -1.77      -0.78
      1723      25.14       6.15      14.52       0.00      -1.29      -0.78
      1749      25.24       6.15      14.68       0.00      -1.43      -0.78
      1777      25.22       6.15      14.68       0.00      -1.43      -0.78
      1840      24.86       5.92      14.47       0.00      -1.14      -0.78
Reordering...
      2050      23.20       5.35      15.13       0.00      -3.05      -0.78
Reordering...
      2052      23.15       5.76      13.47       0.00      -1.14      -0.78
Reordering...
      2062      23.11       5.35      15.13       0.00      -3.05      -0.78
      2534      23.35       5.87      13.16       0.00      -0.62      -0.78
      2701      24.54       5.29      14.76       0.00      -1.05      -0.78
--------------------------------------------------------------------------------
Best docking solution after GA:
      2750      24.54       5.29      14.76       0.00      -1.05      -0.78

#ops:       2750 #mutates:   1421 #cross:     1329 #dups:       569 
#niche:     1520 #errors:     234 
--------------------------------------------------------------------------------

Doing AMOEBA simplex on best individual
Done simplexing #iterations 673, best score  27.69

Ligand is stored in gold_soln_ligand_prepared_m1_1.mol2


--------------------------------------------------------------------------------
--- GoldScore breakdown of terms                                             ---
--------------------------------------------------------------------------------
Fitness = S(hb_ext) + 1.3750*S(vdw_ext) + S(hb_int) + 1.0000*S(int)
S(int)  = S(vdw_int) + S(tors)

Internal terms are relative to best energy found (intcor).

--------------------------------------------------------------------------------


     Fitness  S(hb_ext) S(vdw_ext)  S(hb_int)    S(int)      intcor
     27.69       6.09      16.30       0.00      -0.81      -0.78

--------------------------------------------------------------------------------
--- GoldScore analysis of protein-ligand interactions                        ---
--------------------------------------------------------------------------------

  Ligand acceptor   11 Protein hydrogen 1936 donor 1920 bond energy  6.00 wt 0.02
  Ligand acceptor   11 Protein hydrogen 1925 donor 1922 bond energy  6.00 wt 1.00

--------------------------------------------------------------------------------

--------------------------------------------------------------------------------
--- Rescoring solution                                                       ---
--------------------------------------------------------------------------------

     Score     S(PLP)   S(hbond)     S(cho)   S(metal)  DE(clash)   DE(tors)
     16.66     -13.80       1.00       0.00       0.00       0.00       0.07

Doing AMOEBA simplex on best individual
Done simplexing #iterations 1089, best score  24.81

     Score     S(PLP)   S(hbond)     S(cho)   S(metal)  DE(clash)   DE(tors)
     24.81     -19.47       1.80       0.00       0.00       0.00       0.03

--------------------------------------------------------------------------------
--- CHEMPLP breakdown of terms                                               ---
--------------------------------------------------------------------------------
CHEMPLP = - ( 1.0000*S(PLP) + -3.0000*S(hbond) + -6.0000*S(metal) + -3.0000*S(cho) )

Score = CHEMPLP - 1.0000*DE(clash) - 2.0000*DE(tors)


--------------------------------------------------------------------------------


--------------------------------------------------------------------------------
--- PLP analysis of protein-ligand interactions                              ---
--------------------------------------------------------------------------------
hydrogen bonding        :      -2.00
metal                   :       0.00
buried (polar-nonpolar) :      -2.29
nonpolar                :     -16.53
repulsive               :       1.00
--------------------------------------------------------------------------------


--------------------------------------------------------------------------------
--- ChemScore analysis of protein-ligand interactions                        ---
--------------------------------------------------------------------------------

* Hydrogen bonds                                                                
Protein donor 1920 hydrogen 1936 Ligand acceptor   11 bond energy  1.00 wt 0.86
Protein donor 1922 hydrogen 1925 Ligand acceptor   11 bond energy  1.00 wt 0.94


* CH..O interactions                                                            
  CH group selection                       : activated ring CH (adjacent to hetatom)

--------------------------------------------------------------------------------


--------------------------------------------------------------------------------
--- Intra-ligand clashes                                                     ---
--------------------------------------------------------------------------------

Ligand
--------------------------------------------------------------------------------


--------------------------------------------------------------------------------
--- Chromosome decoded                                                       ---
--------------------------------------------------------------------------------
Ligand Torsions
[   6    2    1    3]  129.10
[  12    5    1    2]  176.06
Protein Torsions
[3590 3581 3580 3578]  -73.17 
[3510 3501 3500 3498] -155.97 
[3778 3769 3768 3766]   20.07 
[2535 2524 2523 2522]   81.09 
[3063 3056 3054 3051]   23.77 
[5056 5047 5046 5044]  -74.82 
[ 549  544  542  539]   -9.14 
[1860 1855 1854 1851]   27.48 
[3113 3104 3103 3101]   -2.57 
[ 567  564  563  560]   98.75 
Mapping
Ligand acceptors to protein hydrogens (mapping then atom ids)
  2  13 [ 11->1925]
Ligand hydrogens to protein acceptors (mapping then atom ids)
Ligand shape atoms to protein points (mapping then atom ids & coords)
  1  5447 [  5->( 14.500  -3.000 -10.000)]
  2  6338 [  6->( 16.750  -1.750  -6.250)]
  6  6418 [ 14->( 16.750   0.750  -5.250)]
  7  6743 [ 16->( 17.500  -2.000  -5.250)]
Chromosome values
Integers:
  -1   12   -1   -1   -1 5446 6337   -1   -1   -1 6417 6742 
--------------------------------------------------------------------------------


--------------------------------------------------------------------------------
--- Diverse Solutions Stats                                                  ---
--------------------------------------------------------------------------------
  Move attempts                            :  19730
  Move failures                            :      0
  Failure rate                             :   0.000

--------------------------------------------------------------------------------

Current Ranking  1

--------------------------------------------------------------------------------

* GA execution time :                                                           
  total  1.0081 user  1.0049 sys  0.0032

--------------------------------------------------------------------------------
Fitness function evaluations: 43269

--------------------------------------------------------------------------------
** Docking run number  2 **
--------------------------------------------------------------------------------
  Rank fitness base is 5000.00 ; increment is 11.2233

* Initialising population(s) ...                                                
Number of constraints mappings 0
Number of constraints 0
  Population no.                           :      1
  Population size                          :    100
  Number of duplicates                     :      0
  Number of niche violations               :      0
  Number of errors                         :  24595


Doing GA, no. of population(s) 1 size 100 selection pressure 1.100000

 Operation      Fitness  S(hb_ext) S(vdw_ext)  S(hb_int)    S(int)      intcor
         0      25.74       4.67      16.07       0.00      -5.16      -0.78
        53      27.68       4.13      17.18       0.00      -0.41      -0.78
        54      27.80       4.12      17.28       0.00      -0.41      -0.78
        94      26.97       5.02      17.05       0.00      -7.05      -0.78
       236      30.58       6.33      17.82       0.00      -1.07      -0.78
Reordering...
       656      22.04       5.87      12.33       0.00      -2.34      -0.78
Reordering...
       738      21.40       5.17      13.50       0.00      -6.60      -0.78
       773      22.11       6.16      13.07       0.00      -5.61      -0.78
       869      22.13       6.11      13.18       0.00      -5.38      -0.78
      1251      21.84       6.16      13.06       0.00      -4.32      -0.77
      1373      22.23       5.89      15.28       0.00      -8.14      -0.77
Reordering...
      1620      20.99       0.14      15.70       0.00      -1.03      -0.77
      1646      22.03       5.75      13.81       0.00      -3.83      -0.77
      1759      23.81       5.67      15.66       0.00      -4.32      -0.77
      2569      22.85       5.63      15.66       0.00      -4.32      -0.77
--------------------------------------------------------------------------------
Best docking solution after GA:
      2750      22.85       5.63      15.66       0.00      -4.32      -0.77

#ops:       2750 #mutates:   1354 #cross:     1396 #dups:       569 
#niche:     1373 #errors:     322 
--------------------------------------------------------------------------------

Doing AMOEBA simplex on best individual
Done simplexing #iterations 826, best score  25.57

Ligand is stored in gold_soln_ligand_prepared_m1_2.mol2


--------------------------------------------------------------------------------
--- GoldScore breakdown of terms                                             ---
--------------------------------------------------------------------------------
Fitness = S(hb_ext) + 1.3750*S(vdw_ext) + S(hb_int) + 1.0000*S(int)
S(int)  = S(vdw_int) + S(tors)

Internal terms are relative to best energy found (intcor).

--------------------------------------------------------------------------------


     Fitness  S(hb_ext) S(vdw_ext)  S(hb_int)    S(int)      intcor
     25.57       6.00      16.45       0.00      -3.04      -0.77

--------------------------------------------------------------------------------
--- GoldScore analysis of protein-ligand interactions                        ---
--------------------------------------------------------------------------------

  Ligand acceptor    9 Protein hydrogen 1925 donor 1922 bond energy  6.00 wt 1.00

--------------------------------------------------------------------------------

--------------------------------------------------------------------------------
--- Rescoring solution                                                       ---
--------------------------------------------------------------------------------

     Score     S(PLP)   S(hbond)     S(cho)   S(metal)  DE(clash)   DE(tors)
     13.53     -13.08       0.80       0.00       0.00       1.36       0.29

Doing AMOEBA simplex on best individual
Done simplexing #iterations 1296, best score  28.13

     Score     S(PLP)   S(hbond)     S(cho)   S(metal)  DE(clash)   DE(tors)
     28.13     -27.10       1.06       0.00       0.00       1.24       0.45

--------------------------------------------------------------------------------
--- CHEMPLP breakdown of terms                                               ---
--------------------------------------------------------------------------------
CHEMPLP = - ( 1.0000*S(PLP) + -3.0000*S(hbond) + -6.0000*S(metal) + -3.0000*S(cho) )

Score = CHEMPLP - 1.0000*DE(clash) - 2.0000*DE(tors)


--------------------------------------------------------------------------------


--------------------------------------------------------------------------------
--- PLP analysis of protein-ligand interactions                              ---
--------------------------------------------------------------------------------
hydrogen bonding        :      -1.96
metal                   :       0.00
buried (polar-nonpolar) :      -2.65
nonpolar                :     -23.86
repulsive               :       0.13
--------------------------------------------------------------------------------


--------------------------------------------------------------------------------
--- ChemScore analysis of protein-ligand interactions                        ---
--------------------------------------------------------------------------------

* Hydrogen bonds                                                                
Protein donor 1920 hydrogen 1936 Ligand acceptor    9 bond energy  1.00 wt 0.26
Protein donor 1922 hydrogen 1925 Ligand acceptor    9 bond energy  1.00 wt 0.80


* CH..O interactions                                                            
  CH group selection                       : activated ring CH (adjacent to hetatom)

--------------------------------------------------------------------------------


--------------------------------------------------------------------------------
--- Intra-ligand clashes                                                     ---
--------------------------------------------------------------------------------

Ligand
  7 (C7   ) -   3 (C3   ):   1.24 (dist   2.72)
--------------------------------------------------------------------------------


--------------------------------------------------------------------------------
--- Chromosome decoded                                                       ---
--------------------------------------------------------------------------------
Ligand Torsions
[   6    2    1    3]  175.70
[  12    5    1    2]  165.12
Protein Torsions
[3590 3581 3580 3578]  -76.74 
[3510 3501 3500 3498] -164.39 
[3778 3769 3768 3766]  154.20 
[2535 2524 2523 2522]   46.42 
[3063 3056 3054 3051]   -1.89 
[5056 5047 5046 5044]   68.30 
[ 549  544  542  539] -121.96 
[1860 1855 1854 1851]   38.52 
[3113 3104 3103 3101]    8.58 
[ 567  564  563  560]   18.56 
Mapping
Ligand acceptors to protein hydrogens (mapping then atom ids)
  1  13 [  9->1925]
Ligand hydrogens to protein acceptors (mapping then atom ids)
Ligand shape atoms to protein points (mapping then atom ids & coords)
  2  4883 [  6->( 13.750  -3.750  -9.500)]
  4  6341 [ 12->( 16.750  -1.750  -5.500)]
  5  5400 [ 13->( 14.500  -4.750 -10.750)]
  7  5797 [ 16->( 15.750  -4.750 -12.000)]
Chromosome values
Integers:
  12   -1   -1   -1   -1   -1 4882   -1 6340 5399   -1 5796 
--------------------------------------------------------------------------------


--------------------------------------------------------------------------------
--- Diverse Solutions Stats                                                  ---
--------------------------------------------------------------------------------
  Move attempts                            :  20245
  Move failures                            :      0
  Failure rate                             :   0.000

--------------------------------------------------------------------------------

Current Ranking  1  2

--------------------------------------------------------------------------------

* GA execution time :                                                           
  total  0.8808 user  0.8487 sys  0.0321

--------------------------------------------------------------------------------
Fitness function evaluations: 45184

--------------------------------------------------------------------------------
** Docking run number  3 **
--------------------------------------------------------------------------------
  Rank fitness base is 5000.00 ; increment is 11.2233

* Initialising population(s) ...                                                
Number of constraints mappings 0
Number of constraints 0
  Population no.                           :      1
  Population size                          :    100
  Number of duplicates                     :      0
  Number of niche violations               :      0
  Number of errors                         :  24135


Doing GA, no. of population(s) 1 size 100 selection pressure 1.100000

 Operation      Fitness  S(hb_ext) S(vdw_ext)  S(hb_int)    S(int)      intcor
         0      26.15       4.12      16.54       0.00      -3.51      -0.77
       155      31.61       4.16      20.75       0.00      -4.86      -0.77
Reordering...
       574      24.04       5.26      13.96       0.00      -1.37      -0.77
       589      25.04       5.73      14.82       0.00      -3.45      -0.77
       627      27.45       6.53      16.17       0.00      -4.03      -0.77
       934      23.62       5.29      13.84       0.00      -1.70      -0.77
       982      23.60       5.29      13.84       0.00      -1.70      -0.77
      1004      24.13       5.39      14.04       0.00      -1.30      -0.77
      1077      23.74       5.34      13.81       0.00      -1.30      -0.77
      1214      23.18       5.29      13.49       0.00      -1.30      -0.77
      1250      23.90       5.19      14.96       0.00      -3.54      -0.77
      1562      23.39       5.18      15.05       0.00      -3.75      -0.77
Reordering...
      1998      22.22       5.01      14.96       0.00      -3.54      -0.77
      2275      22.21       4.69      14.51       0.00      -2.44      -0.77
      2347      22.85       2.42      15.55       0.00      -0.96      -0.77
      2694      22.86       2.57      15.52       0.00      -1.05      -0.77
--------------------------------------------------------------------------------
Best docking solution after GA:
      2750      22.86       2.57      15.52       0.00      -1.05      -0.77

#ops:       2750 #mutates:   1341 #cross:     1409 #dups:       676 
#niche:     1466 #errors:     194 
--------------------------------------------------------------------------------

Doing AMOEBA simplex on best individual
Done simplexing #iterations 949, best score  28.59

Ligand is stored in gold_soln_ligand_prepared_m1_3.mol2


--------------------------------------------------------------------------------
--- GoldScore breakdown of terms                                             ---
--------------------------------------------------------------------------------
Fitness = S(hb_ext) + 1.3750*S(vdw_ext) + S(hb_int) + 1.0000*S(int)
S(int)  = S(vdw_int) + S(tors)

Internal terms are relative to best energy found (intcor).

--------------------------------------------------------------------------------


     Fitness  S(hb_ext) S(vdw_ext)  S(hb_int)    S(int)      intcor
     28.59       4.18      17.85       0.00      -0.14      -0.77

--------------------------------------------------------------------------------
--- GoldScore analysis of protein-ligand interactions                        ---
--------------------------------------------------------------------------------

  Ligand acceptor   17 Protein hydrogen 2537 donor 2524 bond energy  6.00 wt 0.69
  Ligand donor    8 hydrogen   22 Protein acceptor 3056 bond energy  2.00 wt 0.03

--------------------------------------------------------------------------------

--------------------------------------------------------------------------------
--- Rescoring solution                                                       ---
--------------------------------------------------------------------------------

     Score     S(PLP)   S(hbond)     S(cho)   S(metal)  DE(clash)   DE(tors)
     16.11     -16.48       0.60       0.00       0.00       0.16       1.01

Doing AMOEBA simplex on best individual
Done simplexing #iterations 1036, best score  23.24

     Score     S(PLP)   S(hbond)     S(cho)   S(metal)  DE(clash)   DE(tors)
     23.24     -22.36       0.99       0.00       0.00       0.00       1.04

--------------------------------------------------------------------------------
--- CHEMPLP breakdown of terms                                               ---
--------------------------------------------------------------------------------
CHEMPLP = - ( 1.0000*S(PLP) + -3.0000*S(hbond) + -6.0000*S(metal) + -3.0000*S(cho) )

Score = CHEMPLP - 1.0000*DE(clash) - 2.0000*DE(tors)


--------------------------------------------------------------------------------


--------------------------------------------------------------------------------
--- PLP analysis of protein-ligand interactions                              ---
--------------------------------------------------------------------------------
hydrogen bonding        :      -2.00
metal                   :       0.00
buried (polar-nonpolar) :      -3.85
nonpolar                :     -18.00
repulsive               :       0.35
--------------------------------------------------------------------------------


--------------------------------------------------------------------------------
--- ChemScore analysis of protein-ligand interactions                        ---
--------------------------------------------------------------------------------

* Hydrogen bonds                                                                
Protein donor 2524 hydrogen 2537 Ligand acceptor   17 bond energy  1.00 wt 0.99


* CH..O interactions                                                            
  CH group selection                       : activated ring CH (adjacent to hetatom)

--------------------------------------------------------------------------------


--------------------------------------------------------------------------------
--- Intra-ligand clashes                                                     ---
--------------------------------------------------------------------------------

Ligand
--------------------------------------------------------------------------------


--------------------------------------------------------------------------------
--- Chromosome decoded                                                       ---
--------------------------------------------------------------------------------
Ligand Torsions
[   6    2    1    3]  -46.18
[  12    5    1    2]  170.15
Protein Torsions
[3590 3581 3580 3578]   -4.23 
[3510 3501 3500 3498] -118.14 
[3778 3769 3768 3766]  -86.14 
[2535 2524 2523 2522]   24.00 
[3063 3056 3054 3051]  -83.98 
[5056 5047 5046 5044] -108.58 
[ 549  544  542  539]  148.31 
[1860 1855 1854 1851] -121.58 
[3113 3104 3103 3101]   -5.12 
[ 567  564  563  560]  116.09 
Mapping
Ligand acceptors to protein hydrogens (mapping then atom ids)
  3  26 [ 17->2537]
Ligand hydrogens to protein acceptors (mapping then atom ids)
Ligand shape atoms to protein points (mapping then atom ids & coords)
  2  6400 [  6->( 16.750   0.000  -5.750)]
  3  6200 [  7->( 16.500  -0.500  -6.500)]
  5  6783 [ 13->( 17.500  -0.750  -4.500)]
  6  6039 [ 14->( 16.250  -1.750  -6.750)]
  7  6749 [ 16->( 17.500  -1.750  -5.000)]
Chromosome values
Integers:
  -1   -1   25   -1   -1   -1 6399 6199   -1 6782 6038 6748 
--------------------------------------------------------------------------------


--------------------------------------------------------------------------------
--- Diverse Solutions Stats                                                  ---
--------------------------------------------------------------------------------
  Move attempts                            :  20089
  Move failures                            :      0
  Failure rate                             :   0.000

--------------------------------------------------------------------------------

Current Ranking  3  1  2

--------------------------------------------------------------------------------

* GA execution time :                                                           
  total  0.9070 user  0.8991 sys  0.0078

--------------------------------------------------------------------------------
Fitness function evaluations: 44438

--------------------------------------------------------------------------------
** Docking run number  4 **
--------------------------------------------------------------------------------
  Rank fitness base is 5000.00 ; increment is 11.2233

* Initialising population(s) ...                                                
Number of constraints mappings 0
Number of constraints 0
  Population no.                           :      1
  Population size                          :    100
  Number of duplicates                     :      0
  Number of niche violations               :      0
  Number of errors                         :  23772


Doing GA, no. of population(s) 1 size 100 selection pressure 1.100000

 Operation      Fitness  S(hb_ext) S(vdw_ext)  S(hb_int)    S(int)      intcor
         0      29.95       5.35      18.39       0.00      -3.46      -0.77
       456      27.86       6.54      16.37       0.00      -4.26      -0.77
Reordering...
       459      27.61       5.09      17.10       0.00      -3.46      -0.77
       522      27.37       4.85      17.13       0.00      -3.46      -0.77
       539      28.03       6.38      16.67       0.00      -4.26      -0.77
Reordering...
       656      26.79       4.74      16.87       0.00      -3.46      -0.77
       720      26.82       6.68      15.52       0.00      -3.46      -0.77
       724      27.28       6.68      15.81       0.00      -3.29      -0.77
Reordering...
       820      26.21       4.64      16.63       0.00      -3.46      -0.77
Reordering...
      1148      24.87       6.30      13.98       0.00      -1.35      -0.77
      1278      24.91       6.26      14.09       0.00      -1.35      -0.77
      1301      25.31       6.26      14.11       0.00      -0.63      -0.77
      1399      25.26       5.84      14.40       0.00      -0.63      -0.77
Reordering...
      1640      25.03       6.08      14.11       0.00      -0.63      -0.77
      1781      25.03       6.00      14.20       0.00      -0.63      -0.77
      1858      25.73       5.91      14.79       0.00      -0.63      -0.77
      2588      26.56       2.01      18.06       0.00      -0.29      -0.77
--------------------------------------------------------------------------------
Best docking solution after GA:
      2750      26.56       2.01      18.06       0.00      -0.29      -0.77

#ops:       2750 #mutates:   1410 #cross:     1340 #dups:       517 
#niche:     1346 #errors:     259 
--------------------------------------------------------------------------------

Doing AMOEBA simplex on best individual
Done simplexing #iterations 963, best score  30.72

Ligand is stored in gold_soln_ligand_prepared_m1_4.mol2


--------------------------------------------------------------------------------
--- GoldScore breakdown of terms                                             ---
--------------------------------------------------------------------------------
Fitness = S(hb_ext) + 1.3750*S(vdw_ext) + S(hb_int) + 1.0000*S(int)
S(int)  = S(vdw_int) + S(tors)

Internal terms are relative to best energy found (intcor).

--------------------------------------------------------------------------------


     Fitness  S(hb_ext) S(vdw_ext)  S(hb_int)    S(int)      intcor
     30.72       4.71      18.95       0.00      -0.04      -0.77

--------------------------------------------------------------------------------
--- GoldScore analysis of protein-ligand interactions                        ---
--------------------------------------------------------------------------------

  Ligand acceptor   11 Protein hydrogen 1925 donor 1922 bond energy  6.00 wt 0.78

--------------------------------------------------------------------------------

--------------------------------------------------------------------------------
--- Rescoring solution                                                       ---
--------------------------------------------------------------------------------

     Score     S(PLP)   S(hbond)     S(cho)   S(metal)  DE(clash)   DE(tors)
     -1.52       4.38       1.00       0.00       0.00       0.00       0.07

Doing AMOEBA simplex on best individual
Done simplexing #iterations 1194, best score  27.73

     Score     S(PLP)   S(hbond)     S(cho)   S(metal)  DE(clash)   DE(tors)
     27.73     -23.52       1.53       0.00       0.00       0.00       0.18

--------------------------------------------------------------------------------
--- CHEMPLP breakdown of terms                                               ---
--------------------------------------------------------------------------------
CHEMPLP = - ( 1.0000*S(PLP) + -3.0000*S(hbond) + -6.0000*S(metal) + -3.0000*S(cho) )

Score = CHEMPLP - 1.0000*DE(clash) - 2.0000*DE(tors)


--------------------------------------------------------------------------------


--------------------------------------------------------------------------------
--- PLP analysis of protein-ligand interactions                              ---
--------------------------------------------------------------------------------
hydrogen bonding        :      -2.00
metal                   :       0.00
buried (polar-nonpolar) :      -2.36
nonpolar                :     -20.08
repulsive               :       0.25
--------------------------------------------------------------------------------


--------------------------------------------------------------------------------
--- ChemScore analysis of protein-ligand interactions                        ---
--------------------------------------------------------------------------------

* Hydrogen bonds                                                                
Protein donor 1920 hydrogen 1936 Ligand acceptor   11 bond energy  1.00 wt 0.74
Protein donor 1922 hydrogen 1925 Ligand acceptor   11 bond energy  1.00 wt 0.78


* CH..O interactions                                                            
  CH group selection                       : activated ring CH (adjacent to hetatom)

--------------------------------------------------------------------------------


--------------------------------------------------------------------------------
--- Intra-ligand clashes                                                     ---
--------------------------------------------------------------------------------

Ligand
--------------------------------------------------------------------------------


--------------------------------------------------------------------------------
--- Chromosome decoded                                                       ---
--------------------------------------------------------------------------------
Ligand Torsions
[   6    2    1    3]  -58.49
[  12    5    1    2]  178.87
Protein Torsions
[3590 3581 3580 3578]   90.62 
[3510 3501 3500 3498]  149.91 
[3778 3769 3768 3766]  129.84 
[2535 2524 2523 2522]  130.41 
[3063 3056 3054 3051] -157.36 
[5056 5047 5046 5044]  -33.96 
[ 549  544  542  539]  145.82 
[1860 1855 1854 1851]   80.14 
[3113 3104 3103 3101]  -34.91 
[ 567  564  563  560] -159.38 
Mapping
Ligand acceptors to protein hydrogens (mapping then atom ids)
  2  13 [ 11->1925]
Ligand hydrogens to protein acceptors (mapping then atom ids)
Ligand shape atoms to protein points (mapping then atom ids & coords)
  4  5271 [ 12->( 14.250  -4.500 -10.500)]
  5  6625 [ 13->( 17.250  -1.750  -5.500)]
  7  6782 [ 16->( 17.500  -0.750  -4.750)]
Chromosome values
Integers:
  -1   12   -1   -1   -1   -1   -1   -1 5270 6624   -1 6781 
--------------------------------------------------------------------------------


--------------------------------------------------------------------------------
--- Diverse Solutions Stats                                                  ---
--------------------------------------------------------------------------------
  Move attempts                            :  20286
  Move failures                            :      0
  Failure rate                             :   0.000

--------------------------------------------------------------------------------

Current Ranking  4  3  1  2

--------------------------------------------------------------------------------

* GA execution time :                                                           
  total  0.8817 user  0.8672 sys  0.0145

--------------------------------------------------------------------------------
Fitness function evaluations: 44336

--------------------------------------------------------------------------------
** Docking run number  5 **
--------------------------------------------------------------------------------
  Rank fitness base is 5000.00 ; increment is 11.2233

* Initialising population(s) ...                                                
Number of constraints mappings 0
Number of constraints 0
  Population no.                           :      1
  Population size                          :    100
  Number of duplicates                     :      0
  Number of niche violations               :      0
  Number of errors                         :  24347


Doing GA, no. of population(s) 1 size 100 selection pressure 1.100000

 Operation      Fitness  S(hb_ext) S(vdw_ext)  S(hb_int)    S(int)      intcor
         0      25.86       3.42      16.49       0.00      -1.16      -0.77
       149      29.25       3.56      20.52       0.00     -11.35      -0.77
Reordering...
       574      20.82       1.99      15.59       0.00      -8.37      -0.77
Reordering...
       656      20.37       3.02      15.65       0.00     -12.58      -0.77
       684      20.38       6.63      13.25       0.00     -13.19      -0.77
Reordering...
       738      20.00       2.99      15.60       0.00     -12.58      -0.77
       822      21.85       2.97      14.59       0.00      -3.12      -0.77
      1105      23.20       4.38      14.19       0.00      -1.49      -0.77
      1322      22.43       4.14      13.90       0.00      -1.49      -0.77
      1325      23.56       5.88      14.19       0.00      -3.26      -0.77
      1331      23.72       2.15      16.16       0.00      -1.15      -0.77
      1635      23.69       6.14      14.45       0.00      -3.26      -0.77
      1644      23.80       2.15      16.17       0.00      -0.83      -0.77
      2415      23.62       2.15      15.93       0.00      -0.43      -0.77
--------------------------------------------------------------------------------
Best docking solution after GA:
      2750      23.62       2.15      15.93       0.00      -0.43      -0.77

#ops:       2750 #mutates:   1376 #cross:     1374 #dups:       533 
#niche:     1283 #errors:     434 
--------------------------------------------------------------------------------

Doing AMOEBA simplex on best individual
Done simplexing #iterations 974, best score  27.17

Ligand is stored in gold_soln_ligand_prepared_m1_5.mol2


--------------------------------------------------------------------------------
--- GoldScore breakdown of terms                                             ---
--------------------------------------------------------------------------------
Fitness = S(hb_ext) + 1.3750*S(vdw_ext) + S(hb_int) + 1.0000*S(int)
S(int)  = S(vdw_int) + S(tors)

Internal terms are relative to best energy found (intcor).

--------------------------------------------------------------------------------


     Fitness  S(hb_ext) S(vdw_ext)  S(hb_int)    S(int)      intcor
     27.17       3.57      17.29       0.00      -0.17      -0.77

--------------------------------------------------------------------------------
--- GoldScore analysis of protein-ligand interactions                        ---
--------------------------------------------------------------------------------

  Ligand acceptor    9 Protein hydrogen 1925 donor 1922 bond energy  6.00 wt 0.59

--------------------------------------------------------------------------------

--------------------------------------------------------------------------------
--- Rescoring solution                                                       ---
--------------------------------------------------------------------------------

     Score     S(PLP)   S(hbond)     S(cho)   S(metal)  DE(clash)   DE(tors)
     -9.14       9.83       1.00       0.00       0.00       0.00       1.16

Doing AMOEBA simplex on best individual
Done simplexing #iterations 1408, best score  16.45

     Score     S(PLP)   S(hbond)     S(cho)   S(metal)  DE(clash)   DE(tors)
     16.45     -15.16       1.23       0.00       0.00       0.00       1.20

--------------------------------------------------------------------------------
--- CHEMPLP breakdown of terms                                               ---
--------------------------------------------------------------------------------
CHEMPLP = - ( 1.0000*S(PLP) + -3.0000*S(hbond) + -6.0000*S(metal) + -3.0000*S(cho) )

Score = CHEMPLP - 1.0000*DE(clash) - 2.0000*DE(tors)


--------------------------------------------------------------------------------


--------------------------------------------------------------------------------
--- PLP analysis of protein-ligand interactions                              ---
--------------------------------------------------------------------------------
hydrogen bonding        :      -1.65
metal                   :       0.00
buried (polar-nonpolar) :      -2.03
nonpolar                :     -12.85
repulsive               :       1.06
--------------------------------------------------------------------------------


--------------------------------------------------------------------------------
--- ChemScore analysis of protein-ligand interactions                        ---
--------------------------------------------------------------------------------

* Hydrogen bonds                                                                
Protein donor 1920 hydrogen 1936 Ligand acceptor    9 bond energy  1.00 wt 0.23
Protein donor 1922 hydrogen 1925 Ligand acceptor    9 bond energy  1.00 wt 1.00


* CH..O interactions                                                            
  CH group selection                       : activated ring CH (adjacent to hetatom)

--------------------------------------------------------------------------------


--------------------------------------------------------------------------------
--- Intra-ligand clashes                                                     ---
--------------------------------------------------------------------------------

Ligand
--------------------------------------------------------------------------------


--------------------------------------------------------------------------------
--- Chromosome decoded                                                       ---
--------------------------------------------------------------------------------
Ligand Torsions
[   6    2    1    3]  -83.61
[  12    5    1    2] -169.45
Protein Torsions
[3590 3581 3580 3578]   44.17 
[3510 3501 3500 3498]  -16.47 
[3778 3769 3768 3766] -163.16 
[2535 2524 2523 2522] -112.10 
[3063 3056 3054 3051] -167.66 
[5056 5047 5046 5044] -146.48 
[ 549  544  542  539]  150.54 
[1860 1855 1854 1851]  -23.37 
[3113 3104 3103 3101]    6.56 
[ 567  564  563  560]   39.77 
Mapping
Ligand acceptors to protein hydrogens (mapping then atom ids)
  1  13 [  9->1925]
Ligand hydrogens to protein acceptors (mapping then atom ids)
Ligand shape atoms to protein points (mapping then atom ids & coords)
  1  6622 [  5->( 17.250  -1.750  -6.250)]
  7  3228 [ 16->( 11.500  -1.750  -8.250)]
Chromosome values
Integers:
  12   -1   -1   -1   -1 6621   -1   -1   -1   -1   -1 3227 
--------------------------------------------------------------------------------


--------------------------------------------------------------------------------
--- Diverse Solutions Stats                                                  ---
--------------------------------------------------------------------------------
  Move attempts                            :  20590
  Move failures                            :     16
  Failure rate                             :   0.001

--------------------------------------------------------------------------------

Current Ranking  4  3  1  5  2

--------------------------------------------------------------------------------

* GA execution time :                                                           
  total  0.8703 user  0.8497 sys  0.0206

--------------------------------------------------------------------------------
Fitness function evaluations: 45378

--------------------------------------------------------------------------------
** Docking run number  6 **
--------------------------------------------------------------------------------
  Rank fitness base is 5000.00 ; increment is 11.2233

* Initialising population(s) ...                                                
Number of constraints mappings 0
Number of constraints 0
  Population no.                           :      1
  Population size                          :    100
  Number of duplicates                     :      0
  Number of niche violations               :      0
  Number of errors                         :  25067


Doing GA, no. of population(s) 1 size 100 selection pressure 1.100000

 Operation      Fitness  S(hb_ext) S(vdw_ext)  S(hb_int)    S(int)      intcor
         0      33.09       1.63      28.10       0.00     -35.89      -0.77
       336      28.17       1.44      26.17       0.00     -35.89      -0.77
Reordering...
       738      21.77       6.00      15.66       0.00     -16.30      -0.77
       876      21.12       6.64      11.36       0.00      -2.89      -0.77
       944      21.24       3.14      19.01       0.00     -19.65      -0.77
Reordering...
       984      19.74       6.51      10.52       0.00      -2.89      -0.77
       988      19.78       0.72      14.40       0.00      -1.73      -0.77
      1075      19.46       0.09      14.13       0.00      -0.12      -0.77
      1099      31.18       0.00      23.71       0.00      -3.07      -0.77
      2205      27.66       0.00      21.17       0.00      -1.45      -0.77
      2231      27.69       0.00      21.19       0.00      -1.45      -0.77
--------------------------------------------------------------------------------
Best docking solution after GA:
      2750      27.69       0.00      21.19       0.00      -1.45      -0.77

#ops:       2750 #mutates:   1336 #cross:     1414 #dups:       565 
#niche:     1436 #errors:     269 
--------------------------------------------------------------------------------

Doing AMOEBA simplex on best individual
Done simplexing #iterations 959, best score  36.89

Ligand is stored in gold_soln_ligand_prepared_m1_6.mol2


--------------------------------------------------------------------------------
--- GoldScore breakdown of terms                                             ---
--------------------------------------------------------------------------------
Fitness = S(hb_ext) + 1.3750*S(vdw_ext) + S(hb_int) + 1.0000*S(int)
S(int)  = S(vdw_int) + S(tors)

Internal terms are relative to best energy found (intcor).

--------------------------------------------------------------------------------


     Fitness  S(hb_ext) S(vdw_ext)  S(hb_int)    S(int)      intcor
     36.89       0.00      27.78       0.00      -1.31      -0.77

--------------------------------------------------------------------------------
--- GoldScore analysis of protein-ligand interactions                        ---
--------------------------------------------------------------------------------


--------------------------------------------------------------------------------

--------------------------------------------------------------------------------
--- Rescoring solution                                                       ---
--------------------------------------------------------------------------------

     Score     S(PLP)   S(hbond)     S(cho)   S(metal)  DE(clash)   DE(tors)
     -8.77       6.91       0.00       0.00       0.00       0.63       0.62

Doing AMOEBA simplex on best individual
Done simplexing #iterations 1770, best score   6.88

     Score     S(PLP)   S(hbond)     S(cho)   S(metal)  DE(clash)   DE(tors)
      6.88      -8.55       0.00       0.00       0.00       0.66       0.50

--------------------------------------------------------------------------------
--- CHEMPLP breakdown of terms                                               ---
--------------------------------------------------------------------------------
CHEMPLP = - ( 1.0000*S(PLP) + -3.0000*S(hbond) + -6.0000*S(metal) + -3.0000*S(cho) )

Score = CHEMPLP - 1.0000*DE(clash) - 2.0000*DE(tors)


--------------------------------------------------------------------------------


--------------------------------------------------------------------------------
--- PLP analysis of protein-ligand interactions                              ---
--------------------------------------------------------------------------------
hydrogen bonding        :      -1.61
metal                   :       0.00
buried (polar-nonpolar) :      22.56
nonpolar                :     -32.96
repulsive               :       3.00
--------------------------------------------------------------------------------


--------------------------------------------------------------------------------
--- ChemScore analysis of protein-ligand interactions                        ---
--------------------------------------------------------------------------------

* Hydrogen bonds                                                                


* CH..O interactions                                                            
  CH group selection                       : activated ring CH (adjacent to hetatom)

--------------------------------------------------------------------------------


--------------------------------------------------------------------------------
--- Intra-ligand clashes                                                     ---
--------------------------------------------------------------------------------

Ligand
  7 (C7   ) -   4 (C4   ):   0.66 (dist   2.73)
--------------------------------------------------------------------------------


--------------------------------------------------------------------------------
--- Chromosome decoded                                                       ---
--------------------------------------------------------------------------------
Ligand Torsions
[   6    2    1    3]   74.57
[  12    5    1    2] -173.42
Protein Torsions
[3590 3581 3580 3578]   78.11 
[3510 3501 3500 3498]  -74.47 
[3778 3769 3768 3766]  -85.48 
[2535 2524 2523 2522]   63.69 
[3063 3056 3054 3051]  -23.77 
[5056 5047 5046 5044]  -72.30 
[ 549  544  542  539]    8.59 
[1860 1855 1854 1851]   21.02 
[3113 3104 3103 3101]    2.34 
[ 567  564  563  560]  -58.50 
Mapping
Ligand acceptors to protein hydrogens (mapping then atom ids)
Ligand hydrogens to protein acceptors (mapping then atom ids)
Ligand shape atoms to protein points (mapping then atom ids & coords)
  3  9313 [  7->( 24.500   7.750  -4.000)]
  4 11335 [ 12->( 28.250   9.250  -4.500)]
  7  8620 [ 16->( 22.000   8.000  -6.750)]
Chromosome values
Integers:
  -1   -1   -1   -1   -1   -1   -1 9312 11334   -1   -1 8619 
--------------------------------------------------------------------------------


--------------------------------------------------------------------------------
--- Diverse Solutions Stats                                                  ---
--------------------------------------------------------------------------------
  Move attempts                            :  21199
  Move failures                            :     49
  Failure rate                             :   0.002

--------------------------------------------------------------------------------

Current Ranking  6  4  3  1  5  2

--------------------------------------------------------------------------------

* GA execution time :                                                           
  total  0.8430 user  0.8248 sys  0.0182

--------------------------------------------------------------------------------
Fitness function evaluations: 46507

--------------------------------------------------------------------------------
** Docking run number  7 **
--------------------------------------------------------------------------------
  Rank fitness base is 5000.00 ; increment is 11.2233

* Initialising population(s) ...                                                
Number of constraints mappings 0
Number of constraints 0
  Population no.                           :      1
  Population size                          :    100
  Number of duplicates                     :      0
  Number of niche violations               :      0
  Number of errors                         :  23945


Doing GA, no. of population(s) 1 size 100 selection pressure 1.100000

 Operation      Fitness  S(hb_ext) S(vdw_ext)  S(hb_int)    S(int)      intcor
         0      24.74       6.33      13.86       0.00      -3.23      -0.77
       270      23.10       3.57      14.67       0.00      -2.57      -0.77
       285      25.89       3.21      16.64       0.00      -0.78      -0.77
       483      24.80       6.00      15.31       0.00      -7.85      -0.77
Reordering...
       820      21.45       6.00      13.92       0.00      -9.81      -0.77
       842      22.57       6.00      14.77       0.00      -9.73      -0.77
       954      23.87       6.00      16.11       0.00     -10.25      -0.77
      1185      22.75       6.00      15.39       0.00      -8.90      -0.77
      1245      22.72       6.00      15.57       0.00      -8.90      -0.77
      1410      22.67       6.00      15.55       0.00      -7.86      -0.77
      1803      22.73       6.00      16.76       0.00      -7.86      -0.77
      2605      21.20       6.00      16.78       0.00      -7.87      -0.77
--------------------------------------------------------------------------------
Best docking solution after GA:
      2750      21.20       6.00      16.78       0.00      -7.87      -0.77

#ops:       2750 #mutates:   1400 #cross:     1350 #dups:       511 
#niche:     1288 #errors:     358 
--------------------------------------------------------------------------------

Doing AMOEBA simplex on best individual
Done simplexing #iterations 1070, best score  26.89

Ligand is stored in gold_soln_ligand_prepared_m1_7.mol2


--------------------------------------------------------------------------------
--- GoldScore breakdown of terms                                             ---
--------------------------------------------------------------------------------
Fitness = S(hb_ext) + 1.3750*S(vdw_ext) + S(hb_int) + 1.0000*S(int)
S(int)  = S(vdw_int) + S(tors)

Internal terms are relative to best energy found (intcor).

--------------------------------------------------------------------------------


     Fitness  S(hb_ext) S(vdw_ext)  S(hb_int)    S(int)      intcor
     26.89       6.00      17.65       0.00      -3.38      -0.77

--------------------------------------------------------------------------------
--- GoldScore analysis of protein-ligand interactions                        ---
--------------------------------------------------------------------------------

  Ligand acceptor    9 Protein hydrogen 2535 donor 2524 bond energy  6.00 wt 1.00

--------------------------------------------------------------------------------

--------------------------------------------------------------------------------
--- Rescoring solution                                                       ---
--------------------------------------------------------------------------------

     Score     S(PLP)   S(hbond)     S(cho)   S(metal)  DE(clash)   DE(tors)
     13.10     -11.85       1.00       0.00       0.00       0.91       0.42

Doing AMOEBA simplex on best individual
Done simplexing #iterations 1179, best score  21.39

     Score     S(PLP)   S(hbond)     S(cho)   S(metal)  DE(clash)   DE(tors)
     21.39     -20.18       1.00       0.00       0.00       0.01       0.89

--------------------------------------------------------------------------------
--- CHEMPLP breakdown of terms                                               ---
--------------------------------------------------------------------------------
CHEMPLP = - ( 1.0000*S(PLP) + -3.0000*S(hbond) + -6.0000*S(metal) + -3.0000*S(cho) )

Score = CHEMPLP - 1.0000*DE(clash) - 2.0000*DE(tors)


--------------------------------------------------------------------------------


--------------------------------------------------------------------------------
--- PLP analysis of protein-ligand interactions                              ---
--------------------------------------------------------------------------------
hydrogen bonding        :      -2.33
metal                   :       0.00
buried (polar-nonpolar) :       1.94
nonpolar                :     -21.21
repulsive               :       0.20
--------------------------------------------------------------------------------


--------------------------------------------------------------------------------
--- ChemScore analysis of protein-ligand interactions                        ---
--------------------------------------------------------------------------------

* Hydrogen bonds                                                                
Protein donor 2524 hydrogen 2535 Ligand acceptor    9 bond energy  1.00 wt 1.00


* CH..O interactions                                                            
  CH group selection                       : activated ring CH (adjacent to hetatom)

--------------------------------------------------------------------------------


--------------------------------------------------------------------------------
--- Intra-ligand clashes                                                     ---
--------------------------------------------------------------------------------

Ligand
  7 (C7   ) -   3 (C3   ):   0.01 (dist   2.75)
--------------------------------------------------------------------------------


--------------------------------------------------------------------------------
--- Chromosome decoded                                                       ---
--------------------------------------------------------------------------------
Ligand Torsions
[   6    2    1    3] -179.04
[  12    5    1    2]  176.26
Protein Torsions
[3590 3581 3580 3578]  165.82 
[3510 3501 3500 3498]  113.55 
[3778 3769 3768 3766]    5.56 
[2535 2524 2523 2522]  -61.21 
[3063 3056 3054 3051]  -27.90 
[5056 5047 5046 5044]  -96.21 
[ 549  544  542  539]  141.92 
[1860 1855 1854 1851] -102.43 
[3113 3104 3103 3101]   10.51 
[ 567  564  563  560]   21.83 
Mapping
Ligand acceptors to protein hydrogens (mapping then atom ids)
  1  24 [  9->2535]
Ligand hydrogens to protein acceptors (mapping then atom ids)
Ligand shape atoms to protein points (mapping then atom ids & coords)
  2  6053 [  6->( 16.250  -0.500  -6.000)]
  5  6528 [ 13->( 17.000  -0.750  -5.750)]
  6  6923 [ 14->( 17.750  -0.500  -4.750)]
Chromosome values
Integers:
  23   -1   -1   -1   -1   -1 6052   -1   -1 6527 6922   -1 
--------------------------------------------------------------------------------


--------------------------------------------------------------------------------
--- Diverse Solutions Stats                                                  ---
--------------------------------------------------------------------------------
  Move attempts                            :  20243
  Move failures                            :     51
  Failure rate                             :   0.003

--------------------------------------------------------------------------------

Current Ranking  6  4  3  1  5  7  2

--------------------------------------------------------------------------------

* GA execution time :                                                           
  total  0.8323 user  0.8140 sys  0.0183

--------------------------------------------------------------------------------
Fitness function evaluations: 44516

--------------------------------------------------------------------------------
** Docking run number  8 **
--------------------------------------------------------------------------------
  Rank fitness base is 5000.00 ; increment is 11.2233

* Initialising population(s) ...                                                
Number of constraints mappings 0
Number of constraints 0
  Population no.                           :      1
  Population size                          :    100
  Number of duplicates                     :      0
  Number of niche violations               :      0
  Number of errors                         :  25045


Doing GA, no. of population(s) 1 size 100 selection pressure 1.100000

 Operation      Fitness  S(hb_ext) S(vdw_ext)  S(hb_int)    S(int)      intcor
         0      27.40       4.76      17.09       0.00      -4.30      -0.77
       106      26.11       5.47      15.65       0.00      -4.12      -0.77
       232      25.30       5.36      16.68       0.00     -12.69      -0.77
       321      24.83       6.21      14.59       0.00      -5.72      -0.77
       392      25.61       6.19      15.25       0.00      -5.72      -0.77
Reordering...
       574      21.42       1.79      14.30       0.00      -0.08      -0.77
       650      22.79       6.17      16.96       0.00     -20.21      -0.77
       766      21.75       6.11      16.68       0.00     -20.21      -0.77
       925      23.82       6.75      12.88       0.00      -1.57      -0.76
      1233      23.71       6.11      13.39       0.00      -1.57      -0.76
      1449      23.57       5.24      14.03       0.00      -1.57      -0.76
      1832      23.22       4.54      14.52       0.00      -1.57      -0.76
--------------------------------------------------------------------------------
Best docking solution after GA:
      2750      22.51       4.30      14.39       0.00      -1.57      -0.76

#ops:       2750 #mutates:   1342 #cross:     1408 #dups:       609 
#niche:     1307 #errors:     299 
--------------------------------------------------------------------------------

Doing AMOEBA simplex on best individual
Done simplexing #iterations 694, best score  24.88

Ligand is stored in gold_soln_ligand_prepared_m1_8.mol2


--------------------------------------------------------------------------------
--- GoldScore breakdown of terms                                             ---
--------------------------------------------------------------------------------
Fitness = S(hb_ext) + 1.3750*S(vdw_ext) + S(hb_int) + 1.0000*S(int)
S(int)  = S(vdw_int) + S(tors)

Internal terms are relative to best energy found (intcor).

--------------------------------------------------------------------------------


     Fitness  S(hb_ext) S(vdw_ext)  S(hb_int)    S(int)      intcor
     24.88       6.00      14.83       0.00      -1.52      -0.76

--------------------------------------------------------------------------------
--- GoldScore analysis of protein-ligand interactions                        ---
--------------------------------------------------------------------------------

  Ligand acceptor    9 Protein hydrogen 1925 donor 1922 bond energy  6.00 wt 1.00

--------------------------------------------------------------------------------

--------------------------------------------------------------------------------
--- Rescoring solution                                                       ---
--------------------------------------------------------------------------------

     Score     S(PLP)   S(hbond)     S(cho)   S(metal)  DE(clash)   DE(tors)
     14.59     -14.17       0.69       0.00       0.00       0.97       0.34

Doing AMOEBA simplex on best individual
Done simplexing #iterations 995, best score  27.08

     Score     S(PLP)   S(hbond)     S(cho)   S(metal)  DE(clash)   DE(tors)
     27.08     -24.50       1.44       0.00       0.00       1.29       0.22

--------------------------------------------------------------------------------
--- CHEMPLP breakdown of terms                                               ---
--------------------------------------------------------------------------------
CHEMPLP = - ( 1.0000*S(PLP) + -3.0000*S(hbond) + -6.0000*S(metal) + -3.0000*S(cho) )

Score = CHEMPLP - 1.0000*DE(clash) - 2.0000*DE(tors)


--------------------------------------------------------------------------------


--------------------------------------------------------------------------------
--- PLP analysis of protein-ligand interactions                              ---
--------------------------------------------------------------------------------
hydrogen bonding        :      -2.00
metal                   :       0.00
buried (polar-nonpolar) :      -1.66
nonpolar                :     -21.68
repulsive               :       0.12
--------------------------------------------------------------------------------


--------------------------------------------------------------------------------
--- ChemScore analysis of protein-ligand interactions                        ---
--------------------------------------------------------------------------------

* Hydrogen bonds                                                                
Protein donor 1920 hydrogen 1936 Ligand acceptor    9 bond energy  1.00 wt 0.70
Protein donor 1922 hydrogen 1925 Ligand acceptor    9 bond energy  1.00 wt 0.74


* CH..O interactions                                                            
  CH group selection                       : activated ring CH (adjacent to hetatom)

--------------------------------------------------------------------------------


--------------------------------------------------------------------------------
--- Intra-ligand clashes                                                     ---
--------------------------------------------------------------------------------

Ligand
  7 (C7   ) -   3 (C3   ):   1.29 (dist   2.71)
--------------------------------------------------------------------------------


--------------------------------------------------------------------------------
--- Chromosome decoded                                                       ---
--------------------------------------------------------------------------------
Ligand Torsions
[   6    2    1    3]  168.45
[  12    5    1    2]  170.76
Protein Torsions
[3590 3581 3580 3578]  139.52 
[3510 3501 3500 3498]  -28.66 
[3778 3769 3768 3766]  104.82 
[2535 2524 2523 2522] -105.08 
[3063 3056 3054 3051]   80.34 
[5056 5047 5046 5044]  100.44 
[ 549  544  542  539] -132.36 
[1860 1855 1854 1851]  162.88 
[3113 3104 3103 3101]   87.74 
[ 567  564  563  560]  137.38 
Mapping
Ligand acceptors to protein hydrogens (mapping then atom ids)
  1  13 [  9->1925]
Ligand hydrogens to protein acceptors (mapping then atom ids)
Ligand shape atoms to protein points (mapping then atom ids & coords)
  2  4672 [  6->( 13.500  -3.750 -10.000)]
  3  5609 [  7->( 15.000  -3.750 -10.500)]
  4  6565 [ 12->( 17.000   0.250  -6.250)]
  5  5673 [ 13->( 15.250  -4.250 -10.750)]
  6  5831 [ 14->( 15.750  -3.500 -11.500)]
  7  5071 [ 16->( 14.000  -4.750 -11.500)]
Chromosome values
Integers:
  12   -1   -1   -1   -1   -1 4671 5608 6564 5672 5830 5070 
--------------------------------------------------------------------------------


--------------------------------------------------------------------------------
--- Diverse Solutions Stats                                                  ---
--------------------------------------------------------------------------------
  Move attempts                            :  19720
  Move failures                            :     25
  Failure rate                             :   0.001

--------------------------------------------------------------------------------

Current Ranking  6  4  3  1  5  7  2  8

--------------------------------------------------------------------------------

* GA execution time :                                                           
  total  0.8723 user  0.8389 sys  0.0334

--------------------------------------------------------------------------------
Fitness function evaluations: 45059

--------------------------------------------------------------------------------
** Docking run number  9 **
--------------------------------------------------------------------------------
  Rank fitness base is 5000.00 ; increment is 11.2233

* Initialising population(s) ...                                                
Number of constraints mappings 0
Number of constraints 0
  Population no.                           :      1
  Population size                          :    100
  Number of duplicates                     :      0
  Number of niche violations               :      0
  Number of errors                         :  25263


Doing GA, no. of population(s) 1 size 100 selection pressure 1.100000

 Operation      Fitness  S(hb_ext) S(vdw_ext)  S(hb_int)    S(int)      intcor
         0      25.43       6.44      15.04       0.00      -8.43      -0.76
        11      25.51       6.41      15.02       0.00      -7.74      -0.76
        23      26.01       1.67      18.15       0.00      -3.13      -0.76
Reordering...
        82      24.58       4.75      17.21       0.00     -18.00      -0.76
       398      24.00       4.71      16.01       0.00     -10.16      -0.76
Reordering...
       702      21.17       0.00      15.99       0.00      -2.35      -0.76
Reordering...
      1148      19.36       3.92      11.33       0.00      -0.29      -0.76
      1163      19.56       3.92      11.39       0.00      -0.04      -0.76
      1189      20.09       3.09      13.18       0.00      -2.24      -0.76
      1295      20.05       3.07      13.22       0.00      -2.24      -0.76
      1504      19.79       3.01      13.24       0.00      -2.24      -0.76
      1666      19.61       2.94      13.30       0.00      -2.24      -0.76
      1816      20.19       2.97      13.86       0.00      -2.24      -0.76
      2000      20.03       2.84      13.85       0.00      -1.95      -0.76
      2001      20.09       2.84      13.90       0.00      -1.95      -0.76
      2282      20.01       2.84      13.91       0.00      -1.95      -0.76
      2350      20.01       2.85      13.87       0.00      -1.92      -0.76
      2536      20.80       2.85      13.89       0.00      -1.16      -0.76
      2738      20.84       2.84      13.90       0.00      -1.12      -0.76
--------------------------------------------------------------------------------
Best docking solution after GA:
      2750      20.84       2.84      13.90       0.00      -1.12      -0.76

#ops:       2750 #mutates:   1361 #cross:     1389 #dups:       579 
#niche:     1358 #errors:     390 
--------------------------------------------------------------------------------

Doing AMOEBA simplex on best individual
Done simplexing #iterations 729, best score  22.58

Ligand is stored in gold_soln_ligand_prepared_m1_9.mol2


--------------------------------------------------------------------------------
--- GoldScore breakdown of terms                                             ---
--------------------------------------------------------------------------------
Fitness = S(hb_ext) + 1.3750*S(vdw_ext) + S(hb_int) + 1.0000*S(int)
S(int)  = S(vdw_int) + S(tors)

Internal terms are relative to best energy found (intcor).

--------------------------------------------------------------------------------


     Fitness  S(hb_ext) S(vdw_ext)  S(hb_int)    S(int)      intcor
     22.58       2.85      14.96       0.00      -0.84      -0.76

--------------------------------------------------------------------------------
--- GoldScore analysis of protein-ligand interactions                        ---
--------------------------------------------------------------------------------

  Ligand acceptor    9 Protein hydrogen 1925 donor 1922 bond energy  6.00 wt 0.48

--------------------------------------------------------------------------------

--------------------------------------------------------------------------------
--- Rescoring solution                                                       ---
--------------------------------------------------------------------------------

     Score     S(PLP)   S(hbond)     S(cho)   S(metal)  DE(clash)   DE(tors)
     12.32     -11.59       1.00       0.00       0.00       0.38       0.95

Doing AMOEBA simplex on best individual
Done simplexing #iterations 1059, best score  25.41

     Score     S(PLP)   S(hbond)     S(cho)   S(metal)  DE(clash)   DE(tors)
     25.41     -23.42       1.34       0.00       0.00       0.00       1.02

--------------------------------------------------------------------------------
--- CHEMPLP breakdown of terms                                               ---
--------------------------------------------------------------------------------
CHEMPLP = - ( 1.0000*S(PLP) + -3.0000*S(hbond) + -6.0000*S(metal) + -3.0000*S(cho) )

Score = CHEMPLP - 1.0000*DE(clash) - 2.0000*DE(tors)


--------------------------------------------------------------------------------


--------------------------------------------------------------------------------
--- PLP analysis of protein-ligand interactions                              ---
--------------------------------------------------------------------------------
hydrogen bonding        :      -1.85
metal                   :       0.00
buried (polar-nonpolar) :      -3.65
nonpolar                :     -18.76
repulsive               :       0.14
--------------------------------------------------------------------------------


--------------------------------------------------------------------------------
--- ChemScore analysis of protein-ligand interactions                        ---
--------------------------------------------------------------------------------

* Hydrogen bonds                                                                
Protein donor 1920 hydrogen 1936 Ligand acceptor    9 bond energy  1.00 wt 0.34
Protein donor 1922 hydrogen 1925 Ligand acceptor    9 bond energy  1.00 wt 1.00


* CH..O interactions                                                            
  CH group selection                       : activated ring CH (adjacent to hetatom)

--------------------------------------------------------------------------------


--------------------------------------------------------------------------------
--- Intra-ligand clashes                                                     ---
--------------------------------------------------------------------------------

Ligand
--------------------------------------------------------------------------------


--------------------------------------------------------------------------------
--- Chromosome decoded                                                       ---
--------------------------------------------------------------------------------
Ligand Torsions
[   6    2    1    3]  -26.90
[  12    5    1    2]  171.36
Protein Torsions
[3590 3581 3580 3578]  -43.71 
[3510 3501 3500 3498]  -64.72 
[3778 3769 3768 3766]  151.98 
[2535 2524 2523 2522] -167.83 
[3063 3056 3054 3051]    4.25 
[5056 5047 5046 5044] -145.47 
[ 549  544  542  539]  -32.42 
[1860 1855 1854 1851] -119.49 
[3113 3104 3103 3101]   25.95 
[ 567  564  563  560]  160.59 
Mapping
Ligand acceptors to protein hydrogens (mapping then atom ids)
  1  13 [  9->1925]
Ligand hydrogens to protein acceptors (mapping then atom ids)
Ligand shape atoms to protein points (mapping then atom ids & coords)
  2  6376 [  6->( 16.750  -0.500  -6.750)]
  5  6774 [ 13->( 17.500  -1.000  -4.250)]
  6  6401 [ 14->( 16.750   0.000  -5.500)]
Chromosome values
Integers:
  12   -1   -1   -1   -1   -1 6375   -1   -1 6773 6400   -1 
--------------------------------------------------------------------------------


--------------------------------------------------------------------------------
--- Diverse Solutions Stats                                                  ---
--------------------------------------------------------------------------------
  Move attempts                            :  19687
  Move failures                            :    112
  Failure rate                             :   0.006

--------------------------------------------------------------------------------

Current Ranking  6  4  3  1  5  7  2  8  9

--------------------------------------------------------------------------------

* GA execution time :                                                           
  total  0.8827 user  0.8554 sys  0.0273

--------------------------------------------------------------------------------
Fitness function evaluations: 45250

--------------------------------------------------------------------------------
** Docking run number 10 **
--------------------------------------------------------------------------------
  Rank fitness base is 5000.00 ; increment is 11.2233

* Initialising population(s) ...                                                
Number of constraints mappings 0
Number of constraints 0
  Population no.                           :      1
  Population size                          :    100
  Number of duplicates                     :      0
  Number of niche violations               :      0
  Number of errors                         :  24729


Doing GA, no. of population(s) 1 size 100 selection pressure 1.100000

 Operation      Fitness  S(hb_ext) S(vdw_ext)  S(hb_int)    S(int)      intcor
         0      25.18       0.74      19.78       0.00     -13.76      -0.76
Reordering...
       164      24.17       3.73      15.35       0.00      -2.93      -0.76
       210      24.46       3.73      15.31       0.00      -1.35      -0.76
       602      22.87       3.57      14.35       0.00      -1.35      -0.76
       769      22.02       0.00      16.54       0.00      -2.01      -0.76
Reordering...
       810      21.99       3.51      13.81       0.00      -1.35      -0.76
Reordering...
       820      21.70       0.00      16.33       0.00      -2.01      -0.76
       979      21.38       3.44      13.38       0.00      -1.07      -0.76
Reordering...
      1148      20.48       0.00      15.60       0.00      -2.01      -0.76
Reordering...
      1161      20.46       3.33      12.84       0.00      -1.07      -0.76
Reordering...
      1230      20.18       0.00      15.43       0.00      -2.01      -0.76
      1253      20.58       3.99      12.72       0.00      -1.72      -0.76
      1359      20.41       3.99      12.66       0.00      -1.72      -0.76
      1442      20.50       3.99      12.69       0.00      -1.55      -0.76
      1487      22.49       2.07      15.46       0.00      -1.31      -0.76
      2441      22.04       1.64      15.47       0.00      -0.88      -0.76
--------------------------------------------------------------------------------
Best docking solution after GA:
      2750      22.04       1.64      15.47       0.00      -0.88      -0.76

#ops:       2750 #mutates:   1377 #cross:     1373 #dups:       535 
#niche:     1224 #errors:     437 
--------------------------------------------------------------------------------

Doing AMOEBA simplex on best individual
Done simplexing #iterations 819, best score  25.64

Ligand is stored in gold_soln_ligand_prepared_m1_10.mol2


--------------------------------------------------------------------------------
--- GoldScore breakdown of terms                                             ---
--------------------------------------------------------------------------------
Fitness = S(hb_ext) + 1.3750*S(vdw_ext) + S(hb_int) + 1.0000*S(int)
S(int)  = S(vdw_int) + S(tors)

Internal terms are relative to best energy found (intcor).

--------------------------------------------------------------------------------


     Fitness  S(hb_ext) S(vdw_ext)  S(hb_int)    S(int)      intcor
     25.64       1.92      17.75       0.00      -0.68      -0.76

--------------------------------------------------------------------------------
--- GoldScore analysis of protein-ligand interactions                        ---
--------------------------------------------------------------------------------

  Ligand acceptor    9 Protein hydrogen 1936 donor 1920 bond energy  6.00 wt 0.03
  Ligand acceptor    9 Protein hydrogen 1925 donor 1922 bond energy  6.00 wt 0.29

--------------------------------------------------------------------------------

--------------------------------------------------------------------------------
--- Rescoring solution                                                       ---
--------------------------------------------------------------------------------

     Score     S(PLP)   S(hbond)     S(cho)   S(metal)  DE(clash)   DE(tors)
      4.60      -5.75       0.25       0.00       0.00       0.00       0.96

Doing AMOEBA simplex on best individual
Done simplexing #iterations 1140, best score  25.45

     Score     S(PLP)   S(hbond)     S(cho)   S(metal)  DE(clash)   DE(tors)
     25.45     -25.80       0.30       0.00       0.00       0.00       0.63

--------------------------------------------------------------------------------
--- CHEMPLP breakdown of terms                                               ---
--------------------------------------------------------------------------------
CHEMPLP = - ( 1.0000*S(PLP) + -3.0000*S(hbond) + -6.0000*S(metal) + -3.0000*S(cho) )

Score = CHEMPLP - 1.0000*DE(clash) - 2.0000*DE(tors)


--------------------------------------------------------------------------------


--------------------------------------------------------------------------------
--- PLP analysis of protein-ligand interactions                              ---
--------------------------------------------------------------------------------
hydrogen bonding        :      -1.48
metal                   :       0.00
buried (polar-nonpolar) :      -6.80
nonpolar                :     -18.75
repulsive               :       0.60
--------------------------------------------------------------------------------


--------------------------------------------------------------------------------
--- ChemScore analysis of protein-ligand interactions                        ---
--------------------------------------------------------------------------------

* Hydrogen bonds                                                                
Protein donor 1920 hydrogen 1936 Ligand acceptor    9 bond energy  1.00 wt 0.30


* CH..O interactions                                                            
  CH group selection                       : activated ring CH (adjacent to hetatom)

--------------------------------------------------------------------------------


--------------------------------------------------------------------------------
--- Intra-ligand clashes                                                     ---
--------------------------------------------------------------------------------

Ligand
--------------------------------------------------------------------------------


--------------------------------------------------------------------------------
--- Chromosome decoded                                                       ---
--------------------------------------------------------------------------------
Ligand Torsions
[   6    2    1    3]  101.58
[  12    5    1    2] -166.79
Protein Torsions
[3590 3581 3580 3578] -120.91 
[3510 3501 3500 3498]  149.18 
[3778 3769 3768 3766]  126.69 
[2535 2524 2523 2522] -178.42 
[3063 3056 3054 3051]   -4.25 
[5056 5047 5046 5044]   84.30 
[ 549  544  542  539]  -85.24 
[1860 1855 1854 1851] -142.59 
[3113 3104 3103 3101]  -10.38 
[ 567  564  563  560]  -10.31 
Mapping
Ligand acceptors to protein hydrogens (mapping then atom ids)
  1  13 [  9->1925]
Ligand hydrogens to protein acceptors (mapping then atom ids)
Ligand shape atoms to protein points (mapping then atom ids & coords)
  3  6361 [  7->( 16.750  -1.000  -5.750)]
  5  6516 [ 13->( 17.000  -1.000  -6.250)]
  6  6509 [ 14->( 17.000  -1.250  -6.000)]
  7  6559 [ 16->( 17.000   0.000  -5.750)]
Chromosome values
Integers:
  12   -1   -1   -1   -1   -1   -1 6360   -1 6515 6508 6558 
--------------------------------------------------------------------------------


--------------------------------------------------------------------------------
--- Diverse Solutions Stats                                                  ---
--------------------------------------------------------------------------------
  Move attempts                            :  19927
  Move failures                            :    112
  Failure rate                             :   0.006

--------------------------------------------------------------------------------

Current Ranking  6  4  3  1  5  7 10  2  8  9

--------------------------------------------------------------------------------

* GA execution time :                                                           
  total  0.9316 user  0.9042 sys  0.0273

--------------------------------------------------------------------------------
Fitness function evaluations: 45002

--------------------------------------------------------------------------------
--- Ranking analysis                                                         ---
--------------------------------------------------------------------------------


* Final ranked order of GA solutions:                                           
   6  4  3  1  5  7 10  2  8  9 

  _______________________________
  RMSD Matrix of RANKED solutions

        2    3    4    5    6    7    8    9   10  

   1 : 15.8 11.7 15.2 14.1 11.4 15.9 16.0 16.1 15.2
   2 :       5.5  1.4  4.2  6.0  2.6  3.9  4.1  2.5
   3 :            4.8  3.9  1.7  5.8  5.7  5.8  5.1
   4 :                 3.7  5.3  2.9  3.8  3.8  2.6
   5 :                      4.3  4.8  3.3  3.5  4.5
   6 :                           6.2  6.2  6.2  5.5
   7 :                                4.5  4.6  1.6
   8 :                                     0.7  4.6
   9 :                                          4.7

  Clustering method                        : complete linkage
  Structure ids in cluster table           : rank nos.
  Ordering of clusters and their members   : by rank (order if from rms_analysis)

  Distance | Clusters
   0.71    |  1 |  2 |  3 |  4 |  5 |  6 |  7 |  8  9 | 10 |
   1.44    |  1 |  2  4 |  3 |  5 |  6 |  7 |  8  9 | 10 |
   1.57    |  1 |  2  4 |  3 |  5 |  6 |  7 10 |  8  9 |
   1.72    |  1 |  2  4 |  3  6 |  5 |  7 10 |  8  9 |
   2.88    |  1 |  2  4  7 10 |  3  6 |  5 |  8  9 |
   3.45    |  1 |  2  4  7 10 |  3  6 |  5  8  9 |
   4.82    |  1 |  2  4  5  7  8  9 10 |  3  6 |
   6.24    |  1 |  2  3  4  5  6  7  8  9 10 |
  16.06    |  1  2  3  4  5  6  7  8  9 10 |
  Finished Docking Ligand                  : /mnt/c/Users/ricca/Desktop/Documents/Rimoli/Reverse_Docking_Explore_V4/3nx8/ligand_prepared.mol2
--------------------------------------------------------------------------------

  Relative_Ligand_Energy (best encountered) :  -0.765
  Relative_Ligand_Energy: fitness values have been corrected using this amount
