
--------------------------------------------------------------------------------
--- Ligand                                                                   ---
--------------------------------------------------------------------------------
  Ligand loaded from file                  : /mnt/c/Users/ricca/Desktop/Documents/Rimoli/Reverse_Docking_Explore_V4/3oxt/ligand_prepared.mol2
  Ligand name                              :  
  "CT1002167954                                                             "

--------------------------------------------------------------------------------
  N.plc donors                             : 
  none found

  Acidic nitrogen acceptors                : 
  none found
  Sulfur acceptors                         :
  none found


  Donor atoms                              :      2
  8   10  
  Acceptor atoms                           :      3
  9   11  17  

  Hydrogens                                :  (n = 2)
  22   23   

  Lone pairs added to molecule             :      6
  Numbering                                : from 30 to 35

--------------------------------------------------------------------------------
--- Postprocessing of typing                                                 ---
--------------------------------------------------------------------------------
  Fragment file                            : /home/hitesit/CCDC/Discovery_2022/GOLD/gold/rotatable_bond_override.mol2
  acylurea fragment                        : 2 matches
  Ligand bond 15-8  set to flip
  Ligand bond 15-10  set to flip
  Ligand bond 15-10  set to 1
  Ligand bond 15-8  set to 1
  Ligand bond 10-4  set to flip
  Ligand bond 8-3  set to flip
  thioacylthiourea fragment                : no matches
  acylthiourea fragment                    : no matches
  thioacylurea fragment                    : no matches
  diarylamine fragment >C.ar-NH-C.ar<      : no matches
  sec-amine (1) fragment                   : no matches
  sec-amine (2) fragment                   : no matches
  sec-amine (3) fragment                   : no matches
  carboxylic ester                         : no matches

* Rotatable bonds in /mnt/c/Users/ricca/D  :
  [   1    2] [   1    5] 
  No. of rotatable bonds                   :      2


* Reading torsional distributions from file:
  /home/hitesit/CCDC/Discovery_2022/GOLD/gold/gold.tordist
  No. of bins in torsional distributions   :     36
  Minimum size of largest peak             :      0
  Removing high energy torsions            : on
  Delta E set to                           :   2.500

* Fragments found in /mnt/c/Users/ricca/D  :
  atom   2: benzene
  atom   6: benzene
  atom   7: benzene
  atom  13: benzene
  atom  14: benzene
  atom  16: benzene


* Checking torsion distributions:                                               
  No. of matched torsions                  :      0

--------------------------------------------------------------------------------
--- Shape fitting atoms selection (hydrophobic atoms)                        ---
--------------------------------------------------------------------------------
  Molecule                                 : /mnt/c/Users/ricca/Desktop/Documents/Rimoli/Reverse_Docking_Explore_V4/3oxt/ligand_prepared.mol2
  Selection                                : carbons only
  Atom numbers                             :  (n = 7)
  5    6    7    12   13   14   16   

--------------------------------------------------------------------------------
--- Diverse Solutions Setup                                                  ---
--------------------------------------------------------------------------------
  Cluster size                             :      2
  RMSD                                     :   2.000
  Refinement                               :      0


--------------------------------------------------------------------------------
--- ChemScore ligand setup summary                                           ---
--------------------------------------------------------------------------------
  ChemScore ligand acceptors               :      3
  9 11 17 
  ChemScore ligand donors                  :      2
  8 ( 22  ) 10 ( 23  ) 
  ChemScore ligand CH donors               :      0
  

  ChemScore ligand lipophilic atoms        :  (n = 9)
  1    2    5    6    7    12   13   14   16   

  ChemScore ligand rotatable bonds         :      2
  1   (C1 ) - 2   (C2 ): SP3_SP2_BOND
  1   (C1 ) - 5   (C5 ): SP3_SP3_BOND

--------------------------------------------------------------------------------
--- PLP ligand setup summary                                                 ---
--------------------------------------------------------------------------------
    1    C1   C.3 NONPOLAR
    2    C2  C.ar NONPOLAR
    3    C3   C.2 NONPOLAR
    4    C4   C.2 NONPOLAR
    5    C5   C.3 NONPOLAR
    6    C6  C.ar NONPOLAR
    7    C7  C.ar NONPOLAR
    8    N8  N.am DONOR
    9    O9   O.2 ACCEPTOR
   10   N10  N.am DONOR
   11   O11   O.2 ACCEPTOR
   12   C12   C.3 NONPOLAR
   13   C13  C.ar NONPOLAR
   14   C14  C.ar NONPOLAR
   15   C15   C.2 NONPOLAR
   16   C16  C.ar NONPOLAR
   17   O17   O.2 ACCEPTOR

--------------------------------------------------------------------------------
--- Automatic parameter setting                                              ---
--------------------------------------------------------------------------------
  Contribution base                        :   2500
  Contribution per rotatable bond          :   6000
  Contribution per df                      :   4000
  Contribution per water                   :  10000
  Ligand rotatable bonds                   :      2
  Protein flexible side chain bonds        :      0
  Total rotatable bonds                    :      2
  Hydrophobic vol ratio (P/L)              :   2.193
  Base multiplier (polar)                  :   1.000
  Base multiplier (apolar)                 :   3.071
  Base contribution                        : 10000.000
  Fitting points                           :      5
  Estimated maxops needed (optimal)        :  22500
  Autoscale factor (in percent)            :     10
  Scaled maxops                            :   2500

--------------------------------------------------------------------------------

* Population settings                                                           
  maxops                                   :   2500
  popsiz                                   :    100
  select_pressure                          :   1.100
  n_islands                                :      1
  niche_siz                                :      2

* GA settings                                                                   
  pt_crosswt                               :    100
  allele_mutatewt                          :    100
  migratewt                                :      0

* Search settings                                                               
  start_vdw_linear_cutoff                  :   6.000
  initial_virtual_pt_match_max             :   3.000
  Scaling of internal VDW energy           : log scale from  0.2 to    1
                                             over 1875 ops
  Sampling interval (operations)           :     25
  Scaling of virtual pt maximum length     : linear scale from    3 to    2
                                             over  1875 ops
  Sampling interval (operations)           :     75
  Scaling of 4-8 potential cutoff          : log scale from    6 to 1.2e+02
                                             over 1875 ops
  Sampling interval (operations)           :     75

--------------------------------------------------------------------------------

* Ligand initialisation time :                                                  
  total  0.0866 user  0.0141 sys  0.0724

--------------------------------------------------------------------------------

--------------------------------------------------------------------------------
** Docking run number  1 **
--------------------------------------------------------------------------------
  Rank fitness base is 5000.00 ; increment is 11.2233

* Initialising population(s) ...                                                
Number of constraints mappings 0
Number of constraints 0
  Population no.                           :      1
  Population size                          :    100
  Number of duplicates                     :      0
  Number of niche violations               :      0
  Number of errors                         :    380


Doing GA, no. of population(s) 1 size 100 selection pressure 1.100000

 Operation      Fitness  S(hb_ext) S(vdw_ext)  S(hb_int)    S(int)      intcor
         0      33.59       1.30      24.18       0.00      -4.74      -0.79
Reordering...
       300      32.79       0.58      24.36       0.00      -5.00      -0.79
       317      32.81       0.58      23.98       0.00      -2.87      -0.79
       372      33.50       0.30      24.71       0.00      -2.87      -0.79
       664      32.43       0.25      24.13       0.00      -2.87      -0.79
       673      32.49       0.77      23.80       0.00      -2.87      -0.79
      1096      31.29       0.60      23.37       0.00      -2.87      -0.79
      1349      30.55       0.87      23.17       0.00      -3.49      -0.79
      1432      30.64       0.90      22.94       0.00      -2.65      -0.79
      2081      30.14       0.00      23.84       0.00      -2.63      -0.79
--------------------------------------------------------------------------------
Best docking solution after GA:
      2500      30.14       0.00      23.84       0.00      -2.63      -0.79

#ops:       2500 #mutates:   1215 #cross:     1285 #dups:       581 
#niche:     1395 #errors:      41 
--------------------------------------------------------------------------------

Doing AMOEBA simplex on best individual
Done simplexing #iterations 739, best score  32.91

Ligand is stored in gold_soln_ligand_prepared_m1_1.mol2


--------------------------------------------------------------------------------
--- GoldScore breakdown of terms                                             ---
--------------------------------------------------------------------------------
Fitness = S(hb_ext) + 1.3750*S(vdw_ext) + S(hb_int) + 1.0000*S(int)
S(int)  = S(vdw_int) + S(tors)

Internal terms are relative to best energy found (intcor).

--------------------------------------------------------------------------------


     Fitness  S(hb_ext) S(vdw_ext)  S(hb_int)    S(int)      intcor
     32.91       0.00      25.55       0.00      -2.23      -0.79

--------------------------------------------------------------------------------
--- GoldScore analysis of protein-ligand interactions                        ---
--------------------------------------------------------------------------------


--------------------------------------------------------------------------------

--------------------------------------------------------------------------------
--- Rescoring solution                                                       ---
--------------------------------------------------------------------------------

     Score     S(PLP)   S(hbond)     S(cho)   S(metal)  DE(clash)   DE(tors)
     25.66     -27.79       0.00       0.00       0.00       1.91       0.11

Doing AMOEBA simplex on best individual
Done simplexing #iterations 715, best score  31.87

     Score     S(PLP)   S(hbond)     S(cho)   S(metal)  DE(clash)   DE(tors)
     31.87     -35.03       0.00       0.00       0.00       2.06       0.55

--------------------------------------------------------------------------------
--- CHEMPLP breakdown of terms                                               ---
--------------------------------------------------------------------------------
CHEMPLP = - ( 1.0000*S(PLP) + -3.0000*S(hbond) + -6.0000*S(metal) + -3.0000*S(cho) )

Score = CHEMPLP - 1.0000*DE(clash) - 2.0000*DE(tors)


--------------------------------------------------------------------------------


--------------------------------------------------------------------------------
--- PLP analysis of protein-ligand interactions                              ---
--------------------------------------------------------------------------------
hydrogen bonding        :      -1.00
metal                   :       0.00
buried (polar-nonpolar) :      -5.94
nonpolar                :     -30.43
repulsive               :       1.36
--------------------------------------------------------------------------------


--------------------------------------------------------------------------------
--- ChemScore analysis of protein-ligand interactions                        ---
--------------------------------------------------------------------------------

* Hydrogen bonds                                                                


* CH..O interactions                                                            
  CH group selection                       : activated ring CH (adjacent to hetatom)

--------------------------------------------------------------------------------


--------------------------------------------------------------------------------
--- Intra-ligand clashes                                                     ---
--------------------------------------------------------------------------------

Ligand
  6 (C6   ) -   3 (C3   ):   2.06 (dist   2.69)
--------------------------------------------------------------------------------


--------------------------------------------------------------------------------
--- Chromosome decoded                                                       ---
--------------------------------------------------------------------------------
Ligand Torsions
[   6    2    1    3]   -9.03
[  12    5    1    2]  177.59
Protein Torsions
[ 570  565  563  560]   82.88 
[ 590  585  584  581]  -53.16 
[2787 2780 2778 2775] -106.01 
[2470 2461 2460 2458]  -67.55 
[2545 2534 2533 2532]  112.29 
[1779 1770 1769 1767]   -6.58 
[5059 5050 5049 5047]   85.16 
Mapping
Ligand acceptors to protein hydrogens (mapping then atom ids)
Ligand hydrogens to protein acceptors (mapping then atom ids)
Ligand shape atoms to protein points (mapping then atom ids & coords)
  2  4351 [  6->( 25.000 -11.500   2.000)]
  3  3756 [  7->( 24.250 -11.000  -0.500)]
  6  3745 [ 14->( 24.250 -11.250  -0.500)]
  7  3084 [ 16->( 23.500 -13.000  -1.500)]
Chromosome values
Integers:
  -1   -1   -1   -1   -1   -1 4350 3755   -1   -1 3744 3083 
--------------------------------------------------------------------------------


--------------------------------------------------------------------------------
--- Diverse Solutions Stats                                                  ---
--------------------------------------------------------------------------------
  Move attempts                            :  16263
  Move failures                            :      0
  Failure rate                             :   0.000

--------------------------------------------------------------------------------

Current Ranking  1

--------------------------------------------------------------------------------

* GA execution time :                                                           
  total  0.7717 user  0.6799 sys  0.0918

--------------------------------------------------------------------------------
Fitness function evaluations: 16684

--------------------------------------------------------------------------------
** Docking run number  2 **
--------------------------------------------------------------------------------
  Rank fitness base is 5000.00 ; increment is 11.2233

* Initialising population(s) ...                                                
Number of constraints mappings 0
Number of constraints 0
  Population no.                           :      1
  Population size                          :    100
  Number of duplicates                     :      0
  Number of niche violations               :      0
  Number of errors                         :    360


Doing GA, no. of population(s) 1 size 100 selection pressure 1.100000

 Operation      Fitness  S(hb_ext) S(vdw_ext)  S(hb_int)    S(int)      intcor
         0      32.12       0.34      25.57       0.00     -16.89      -0.77
Reordering...
       150      30.87       3.57      19.97       0.00      -0.70      -0.77
       358      32.50       0.60      25.88       0.00     -13.66      -0.77
       448      32.41       0.61      25.98       0.00     -13.66      -0.77
Reordering...
       700      31.04       0.00      23.62       0.00      -3.93      -0.77
       831      33.60       0.21      25.94       0.00      -5.63      -0.77
       893      33.61       0.19      25.93       0.00      -5.25      -0.77
      1381      31.25       0.06      25.17       0.00      -5.25      -0.77
Reordering...
      1500      30.38       0.03      23.92       0.00      -3.51      -0.77
      2101      29.46       0.00      23.98       0.00      -3.51      -0.77
      2131      29.98       0.00      23.91       0.00      -2.90      -0.77
      2357      30.32       0.00      23.56       0.00      -2.08      -0.77
      2413      30.39       0.00      24.24       0.00      -2.94      -0.77
--------------------------------------------------------------------------------
Best docking solution after GA:
      2500      30.39       0.00      24.24       0.00      -2.94      -0.77

#ops:       2500 #mutates:   1244 #cross:     1256 #dups:       473 
#niche:     1258 #errors:      38 
--------------------------------------------------------------------------------

Doing AMOEBA simplex on best individual
Done simplexing #iterations 567, best score  31.23

Ligand is stored in gold_soln_ligand_prepared_m1_2.mol2


--------------------------------------------------------------------------------
--- GoldScore breakdown of terms                                             ---
--------------------------------------------------------------------------------
Fitness = S(hb_ext) + 1.3750*S(vdw_ext) + S(hb_int) + 1.0000*S(int)
S(int)  = S(vdw_int) + S(tors)

Internal terms are relative to best energy found (intcor).

--------------------------------------------------------------------------------


     Fitness  S(hb_ext) S(vdw_ext)  S(hb_int)    S(int)      intcor
     31.23       0.00      24.70       0.00      -2.73      -0.77

--------------------------------------------------------------------------------
--- GoldScore analysis of protein-ligand interactions                        ---
--------------------------------------------------------------------------------


--------------------------------------------------------------------------------

--------------------------------------------------------------------------------
--- Rescoring solution                                                       ---
--------------------------------------------------------------------------------

     Score     S(PLP)   S(hbond)     S(cho)   S(metal)  DE(clash)   DE(tors)
     23.14     -24.53       0.00       0.00       0.00       1.38       0.01

Doing AMOEBA simplex on best individual
Done simplexing #iterations 916, best score  31.67

     Score     S(PLP)   S(hbond)     S(cho)   S(metal)  DE(clash)   DE(tors)
     31.67     -33.86       0.00       0.00       0.00       1.20       0.49

--------------------------------------------------------------------------------
--- CHEMPLP breakdown of terms                                               ---
--------------------------------------------------------------------------------
CHEMPLP = - ( 1.0000*S(PLP) + -3.0000*S(hbond) + -6.0000*S(metal) + -3.0000*S(cho) )

Score = CHEMPLP - 1.0000*DE(clash) - 2.0000*DE(tors)


--------------------------------------------------------------------------------


--------------------------------------------------------------------------------
--- PLP analysis of protein-ligand interactions                              ---
--------------------------------------------------------------------------------
hydrogen bonding        :      -1.00
metal                   :       0.00
buried (polar-nonpolar) :      -4.41
nonpolar                :     -30.41
repulsive               :       1.66
--------------------------------------------------------------------------------


--------------------------------------------------------------------------------
--- ChemScore analysis of protein-ligand interactions                        ---
--------------------------------------------------------------------------------

* Hydrogen bonds                                                                


* CH..O interactions                                                            
  CH group selection                       : activated ring CH (adjacent to hetatom)

--------------------------------------------------------------------------------


--------------------------------------------------------------------------------
--- Intra-ligand clashes                                                     ---
--------------------------------------------------------------------------------

Ligand
  7 (C7   ) -   3 (C3   ):   1.20 (dist   2.72)
--------------------------------------------------------------------------------


--------------------------------------------------------------------------------
--- Chromosome decoded                                                       ---
--------------------------------------------------------------------------------
Ligand Torsions
[   6    2    1    3]  178.19
[  12    5    1    2] -179.35
Protein Torsions
[ 570  565  563  560] -142.58 
[ 590  585  584  581]  103.14 
[2787 2780 2778 2775] -170.06 
[2470 2461 2460 2458]   16.79 
[2545 2534 2533 2532]   58.50 
[1779 1770 1769 1767]   83.49 
[5059 5050 5049 5047]   19.19 
Mapping
Ligand acceptors to protein hydrogens (mapping then atom ids)
Ligand hydrogens to protein acceptors (mapping then atom ids)
Ligand shape atoms to protein points (mapping then atom ids & coords)
  1  2991 [  5->( 23.250  -8.000   3.000)]
  2  4343 [  6->( 25.000 -11.500   0.000)]
  4  4473 [ 12->( 25.000  -8.750   2.250)]
  5  3564 [ 13->( 24.000 -10.750  -0.750)]
  6  4306 [ 14->( 25.000 -13.250   0.250)]
  7  3291 [ 16->( 23.750 -12.500  -1.000)]
Chromosome values
Integers:
  -1   -1   -1   -1   -1 2990 4342   -1 4472 3563 4305 3290 
--------------------------------------------------------------------------------


--------------------------------------------------------------------------------
--- Diverse Solutions Stats                                                  ---
--------------------------------------------------------------------------------
  Move attempts                            :  16314
  Move failures                            :      0
  Failure rate                             :   0.000

--------------------------------------------------------------------------------

Current Ranking  1  2

--------------------------------------------------------------------------------

* GA execution time :                                                           
  total  0.7821 user  0.6921 sys  0.0900

--------------------------------------------------------------------------------
Fitness function evaluations: 16716

--------------------------------------------------------------------------------
** Docking run number  3 **
--------------------------------------------------------------------------------
  Rank fitness base is 5000.00 ; increment is 11.2233

* Initialising population(s) ...                                                
Number of constraints mappings 0
Number of constraints 0
  Population no.                           :      1
  Population size                          :    100
  Number of duplicates                     :      0
  Number of niche violations               :      0
  Number of errors                         :    410


Doing GA, no. of population(s) 1 size 100 selection pressure 1.100000

 Operation      Fitness  S(hb_ext) S(vdw_ext)  S(hb_int)    S(int)      intcor
         0      30.83       3.53      20.25       0.00      -2.66      -0.77
Reordering...
        75      30.49       0.11      22.58       0.00      -3.10      -0.77
        95      31.24       5.96      23.60       0.00     -33.61      -0.77
Reordering...
       150      30.17       0.10      22.38       0.00      -3.10      -0.77
       155      33.41       3.09      22.23       0.00      -1.08      -0.77
       205      35.23       3.94      23.36       0.00      -3.48      -0.77
       216      36.18       2.14      25.00       0.00      -1.42      -0.77
       310      34.37       4.13      24.02       0.00     -10.76      -0.77
       439      33.01       4.93      22.67       0.00     -10.76      -0.77
       562      30.17       0.94      23.12       0.00      -7.97      -0.77
       597      30.12       0.94      23.13       0.00      -7.97      -0.77
       966      28.19       0.00      21.38       0.00      -2.66      -0.77
Reordering...
       975      27.84       0.73      22.39       0.00      -7.97      -0.77
Reordering...
      1000      27.81       0.00      21.13       0.00      -2.66      -0.77
      1028      27.89       0.00      21.22       0.00      -2.66      -0.77
      1213      27.23       6.74      15.34       0.00      -1.08      -0.77
      1331      31.17       4.56      19.84       0.00      -1.08      -0.77
      1972      29.95       3.74      19.85       0.00      -1.08      -0.77
      2258      30.07       8.00      16.54       0.00      -0.67      -0.77
      2369      30.08       8.07      16.49       0.00      -0.67      -0.77
--------------------------------------------------------------------------------
Best docking solution after GA:
      2500      30.08       8.07      16.49       0.00      -0.67      -0.77

#ops:       2500 #mutates:   1242 #cross:     1258 #dups:       464 
#niche:     1178 #errors:      81 
--------------------------------------------------------------------------------

Doing AMOEBA simplex on best individual
Done simplexing #iterations 649, best score  31.90

Ligand is stored in gold_soln_ligand_prepared_m1_3.mol2


--------------------------------------------------------------------------------
--- GoldScore breakdown of terms                                             ---
--------------------------------------------------------------------------------
Fitness = S(hb_ext) + 1.3750*S(vdw_ext) + S(hb_int) + 1.0000*S(int)
S(int)  = S(vdw_int) + S(tors)

Internal terms are relative to best energy found (intcor).

--------------------------------------------------------------------------------


     Fitness  S(hb_ext) S(vdw_ext)  S(hb_int)    S(int)      intcor
     31.90       8.08      17.54       0.00      -0.30      -0.77

--------------------------------------------------------------------------------
--- GoldScore analysis of protein-ligand interactions                        ---
--------------------------------------------------------------------------------

  Ligand acceptor   11 Protein hydrogen  587 donor  580 bond energy  2.00 wt 1.00
  Ligand acceptor    9 Protein hydrogen 2589 donor 2583 bond energy  2.00 wt 0.04
  Ligand donor    8 hydrogen   22 Protein acceptor 2502 bond energy  6.00 wt 1.00

--------------------------------------------------------------------------------

--------------------------------------------------------------------------------
--- Rescoring solution                                                       ---
--------------------------------------------------------------------------------

     Score     S(PLP)   S(hbond)     S(cho)   S(metal)  DE(clash)   DE(tors)
     19.20     -15.54       2.00       0.00       0.00       0.00       1.17

Doing AMOEBA simplex on best individual
Done simplexing #iterations 730, best score  27.89

     Score     S(PLP)   S(hbond)     S(cho)   S(metal)  DE(clash)   DE(tors)
     27.89     -24.54       1.81       0.00       0.00       0.01       1.03

--------------------------------------------------------------------------------
--- CHEMPLP breakdown of terms                                               ---
--------------------------------------------------------------------------------
CHEMPLP = - ( 1.0000*S(PLP) + -3.0000*S(hbond) + -6.0000*S(metal) + -3.0000*S(cho) )

Score = CHEMPLP - 1.0000*DE(clash) - 2.0000*DE(tors)


--------------------------------------------------------------------------------


--------------------------------------------------------------------------------
--- PLP analysis of protein-ligand interactions                              ---
--------------------------------------------------------------------------------
hydrogen bonding        :      -2.91
metal                   :       0.00
buried (polar-nonpolar) :      -4.81
nonpolar                :     -18.69
repulsive               :       1.44
--------------------------------------------------------------------------------


--------------------------------------------------------------------------------
--- ChemScore analysis of protein-ligand interactions                        ---
--------------------------------------------------------------------------------

* Hydrogen bonds                                                                
Ligand donor    8 hydrogen   22 Protein acceptor 2502 bond energy  1.00 wt 0.81
Protein donor  580 hydrogen  587 Ligand acceptor   11 bond energy  1.00 wt 1.00


* CH..O interactions                                                            
  CH group selection                       : activated ring CH (adjacent to hetatom)

--------------------------------------------------------------------------------


--------------------------------------------------------------------------------
--- Intra-ligand clashes                                                     ---
--------------------------------------------------------------------------------

Ligand
  6 (C6   ) -   4 (C4   ):   0.01 (dist   2.75)
--------------------------------------------------------------------------------


--------------------------------------------------------------------------------
--- Chromosome decoded                                                       ---
--------------------------------------------------------------------------------
Ligand Torsions
[   6    2    1    3]  -86.58
[  12    5    1    2] -170.13
Protein Torsions
[ 570  565  563  560]   63.04 
[ 590  585  584  581] -157.57 
[2787 2780 2778 2775]  175.95 
[2470 2461 2460 2458]  -39.39 
[2545 2534 2533 2532]  149.63 
[1779 1770 1769 1767]  -23.48 
[5059 5050 5049 5047]  -67.62 
Mapping
Ligand acceptors to protein hydrogens (mapping then atom ids)
  2   5 [ 11-> 587]
Ligand hydrogens to protein acceptors (mapping then atom ids)
  1  12 [ 22->2502]
Ligand shape atoms to protein points (mapping then atom ids & coords)
  6  3357 [ 14->( 23.750 -11.000  -0.750)]
  7  3115 [ 16->( 23.500 -12.250  -1.000)]
Chromosome values
Integers:
  -1    4   -1   11   -1   -1   -1   -1   -1   -1 3356 3114 
--------------------------------------------------------------------------------


--------------------------------------------------------------------------------
--- Diverse Solutions Stats                                                  ---
--------------------------------------------------------------------------------
  Move attempts                            :  16362
  Move failures                            :     34
  Failure rate                             :   0.002

--------------------------------------------------------------------------------

Current Ranking  1  3  2

--------------------------------------------------------------------------------

* GA execution time :                                                           
  total  1.5814 user  1.4992 sys  0.0822

--------------------------------------------------------------------------------
Fitness function evaluations: 16821

--------------------------------------------------------------------------------
** Docking run number  4 **
--------------------------------------------------------------------------------
  Rank fitness base is 5000.00 ; increment is 11.2233

* Initialising population(s) ...                                                
Number of constraints mappings 0
Number of constraints 0
  Population no.                           :      1
  Population size                          :    100
  Number of duplicates                     :      0
  Number of niche violations               :      0
  Number of errors                         :    381


Doing GA, no. of population(s) 1 size 100 selection pressure 1.100000

 Operation      Fitness  S(hb_ext) S(vdw_ext)  S(hb_int)    S(int)      intcor
         0      34.39       2.77      23.25       0.00      -1.74      -0.77
       158      34.83       9.49      18.45       0.00      -0.12      -0.77
       472      34.19       2.92      23.60       0.00      -3.99      -0.77
Reordering...
       525      33.93       9.13      18.06       0.00      -0.12      -0.77
       820      33.75       8.89      18.17       0.00      -0.30      -0.77
      2021      32.35       7.56      18.25       0.00      -0.30      -0.77
      2295      32.82       7.94      18.34       0.00      -0.33      -0.77
      2449      35.92      11.04      18.34       0.00      -0.33      -0.77
--------------------------------------------------------------------------------
Best docking solution after GA:
      2500      35.92      11.04      18.34       0.00      -0.33      -0.77

#ops:       2500 #mutates:   1295 #cross:     1205 #dups:       545 
#niche:     1308 #errors:      94 
--------------------------------------------------------------------------------

Doing AMOEBA simplex on best individual
Done simplexing #iterations 782, best score  41.81

Ligand is stored in gold_soln_ligand_prepared_m1_4.mol2


--------------------------------------------------------------------------------
--- GoldScore breakdown of terms                                             ---
--------------------------------------------------------------------------------
Fitness = S(hb_ext) + 1.3750*S(vdw_ext) + S(hb_int) + 1.0000*S(int)
S(int)  = S(vdw_int) + S(tors)

Internal terms are relative to best energy found (intcor).

--------------------------------------------------------------------------------


     Fitness  S(hb_ext) S(vdw_ext)  S(hb_int)    S(int)      intcor
     41.81      13.24      20.94       0.00      -0.22      -0.77

--------------------------------------------------------------------------------
--- GoldScore analysis of protein-ligand interactions                        ---
--------------------------------------------------------------------------------

  Ligand acceptor    9 Protein hydrogen  587 donor  580 bond energy  2.00 wt 0.94
  Ligand acceptor    9 Protein hydrogen  590 donor  585 bond energy  2.00 wt 0.27
  Ligand acceptor   17 Protein hydrogen 2547 donor 2534 bond energy  6.00 wt 1.00
  Ligand donor   10 hydrogen   23 Protein acceptor 2502 bond energy  6.00 wt 0.80

--------------------------------------------------------------------------------

--------------------------------------------------------------------------------
--- Rescoring solution                                                       ---
--------------------------------------------------------------------------------

     Score     S(PLP)   S(hbond)     S(cho)   S(metal)  DE(clash)   DE(tors)
     11.62      -1.48       4.00       0.00       0.00       0.00       0.93

Doing AMOEBA simplex on best individual
Done simplexing #iterations 895, best score  45.38

     Score     S(PLP)   S(hbond)     S(cho)   S(metal)  DE(clash)   DE(tors)
     45.38     -36.21       3.69       0.00       0.00       0.00       0.96

--------------------------------------------------------------------------------
--- CHEMPLP breakdown of terms                                               ---
--------------------------------------------------------------------------------
CHEMPLP = - ( 1.0000*S(PLP) + -3.0000*S(hbond) + -6.0000*S(metal) + -3.0000*S(cho) )

Score = CHEMPLP - 1.0000*DE(clash) - 2.0000*DE(tors)


--------------------------------------------------------------------------------


--------------------------------------------------------------------------------
--- PLP analysis of protein-ligand interactions                              ---
--------------------------------------------------------------------------------
hydrogen bonding        :      -5.00
metal                   :       0.00
buried (polar-nonpolar) :      -1.43
nonpolar                :     -32.09
repulsive               :       0.61
--------------------------------------------------------------------------------


--------------------------------------------------------------------------------
--- ChemScore analysis of protein-ligand interactions                        ---
--------------------------------------------------------------------------------

* Hydrogen bonds                                                                
Ligand donor   10 hydrogen   23 Protein acceptor 2502 bond energy  1.00 wt 0.84
Protein donor  580 hydrogen  587 Ligand acceptor    9 bond energy  1.00 wt 1.00
Protein donor  585 hydrogen  590 Ligand acceptor    9 bond energy  1.00 wt 1.00
Protein donor 2534 hydrogen 2547 Ligand acceptor   17 bond energy  1.00 wt 0.85


* CH..O interactions                                                            
  CH group selection                       : activated ring CH (adjacent to hetatom)

--------------------------------------------------------------------------------


--------------------------------------------------------------------------------
--- Intra-ligand clashes                                                     ---
--------------------------------------------------------------------------------

Ligand
--------------------------------------------------------------------------------


--------------------------------------------------------------------------------
--- Chromosome decoded                                                       ---
--------------------------------------------------------------------------------
Ligand Torsions
[   6    2    1    3]  -79.49
[  12    5    1    2] -167.07
Protein Torsions
[ 570  565  563  560]   21.49 
[ 590  585  584  581]  -51.53 
[2787 2780 2778 2775]   83.39 
[2470 2461 2460 2458]  -44.20 
[2545 2534 2533 2532]  -72.26 
[1779 1770 1769 1767]  -78.03 
[5059 5050 5049 5047]   70.12 
Mapping
Ligand acceptors to protein hydrogens (mapping then atom ids)
Ligand hydrogens to protein acceptors (mapping then atom ids)
Ligand shape atoms to protein points (mapping then atom ids & coords)
  2  3346 [  6->( 23.750 -11.250  -1.250)]
  5  4602 [ 13->( 25.250  -9.750   0.500)]
  6  3092 [ 14->( 23.500 -12.750  -2.000)]
Chromosome values
Integers:
  -1   -1   -1   -1   -1   -1 3345   -1   -1 4601 3091   -1 
--------------------------------------------------------------------------------


--------------------------------------------------------------------------------
--- Diverse Solutions Stats                                                  ---
--------------------------------------------------------------------------------
  Move attempts                            :  16570
  Move failures                            :     61
  Failure rate                             :   0.004

--------------------------------------------------------------------------------

Current Ranking  4  1  3  2

--------------------------------------------------------------------------------

* GA execution time :                                                           
  total  1.4157 user  1.2994 sys  0.1163

--------------------------------------------------------------------------------
Fitness function evaluations: 16986

--------------------------------------------------------------------------------
** Docking run number  5 **
--------------------------------------------------------------------------------
  Rank fitness base is 5000.00 ; increment is 11.2233

* Initialising population(s) ...                                                
Number of constraints mappings 0
Number of constraints 0
  Population no.                           :      1
  Population size                          :    100
  Number of duplicates                     :      0
  Number of niche violations               :      0
  Number of errors                         :    348


Doing GA, no. of population(s) 1 size 100 selection pressure 1.100000

 Operation      Fitness  S(hb_ext) S(vdw_ext)  S(hb_int)    S(int)      intcor
         0      33.29       1.92      24.53       0.00     -11.79      -0.77
       212      33.81       1.86      24.60       0.00      -7.90      -0.77
       276      34.79       6.33      21.26       0.00      -3.09      -0.77
Reordering...
       375      32.85       1.76      24.20       0.00      -7.90      -0.77
       689      33.45       2.17      23.55       0.00      -3.06      -0.77
       976      32.57       1.64      23.24       0.00      -2.21      -0.77
       990      32.58       1.64      23.25       0.00      -2.21      -0.77
      1046      32.54       1.64      23.25       0.00      -2.21      -0.77
      1202      32.29       1.45      22.98       0.00      -1.34      -0.77
      1621      30.51       1.15      22.13       0.00      -1.34      -0.77
      1681      30.07       1.11      21.89       0.00      -1.34      -0.77
      1757      29.98       1.79      21.95       0.00      -2.21      -0.77
      2015      28.93       0.98      21.10       0.00      -1.05      -0.77
      2030      28.96       0.98      21.11       0.00      -1.05      -0.77
      2074      28.97       0.12      21.95       0.00      -1.34      -0.77
      2304      29.68       1.71      21.32       0.00      -1.34      -0.77
--------------------------------------------------------------------------------
Best docking solution after GA:
      2500      29.68       1.71      21.32       0.00      -1.34      -0.77

#ops:       2500 #mutates:   1267 #cross:     1233 #dups:       532 
#niche:     1377 #errors:      94 
--------------------------------------------------------------------------------

Doing AMOEBA simplex on best individual
Done simplexing #iterations 861, best score  33.36

Ligand is stored in gold_soln_ligand_prepared_m1_5.mol2


--------------------------------------------------------------------------------
--- GoldScore breakdown of terms                                             ---
--------------------------------------------------------------------------------
Fitness = S(hb_ext) + 1.3750*S(vdw_ext) + S(hb_int) + 1.0000*S(int)
S(int)  = S(vdw_int) + S(tors)

Internal terms are relative to best energy found (intcor).

--------------------------------------------------------------------------------


     Fitness  S(hb_ext) S(vdw_ext)  S(hb_int)    S(int)      intcor
     33.36       1.88      23.60       0.00      -0.97      -0.77

--------------------------------------------------------------------------------
--- GoldScore analysis of protein-ligand interactions                        ---
--------------------------------------------------------------------------------

  Ligand donor    8 hydrogen   22 Protein acceptor 2794 bond energy  6.00 wt 0.31

--------------------------------------------------------------------------------

--------------------------------------------------------------------------------
--- Rescoring solution                                                       ---
--------------------------------------------------------------------------------

     Score     S(PLP)   S(hbond)     S(cho)   S(metal)  DE(clash)   DE(tors)
     12.44     -12.71       0.65       0.00       0.00       0.38       0.92

Doing AMOEBA simplex on best individual
Done simplexing #iterations 885, best score  29.03

     Score     S(PLP)   S(hbond)     S(cho)   S(metal)  DE(clash)   DE(tors)
     29.03     -28.43       0.99       0.00       0.00       1.66       0.36

--------------------------------------------------------------------------------
--- CHEMPLP breakdown of terms                                               ---
--------------------------------------------------------------------------------
CHEMPLP = - ( 1.0000*S(PLP) + -3.0000*S(hbond) + -6.0000*S(metal) + -3.0000*S(cho) )

Score = CHEMPLP - 1.0000*DE(clash) - 2.0000*DE(tors)


--------------------------------------------------------------------------------


--------------------------------------------------------------------------------
--- PLP analysis of protein-ligand interactions                              ---
--------------------------------------------------------------------------------
hydrogen bonding        :      -2.05
metal                   :       0.00
buried (polar-nonpolar) :      -1.51
nonpolar                :     -26.63
repulsive               :       1.01
--------------------------------------------------------------------------------


--------------------------------------------------------------------------------
--- ChemScore analysis of protein-ligand interactions                        ---
--------------------------------------------------------------------------------

* Hydrogen bonds                                                                
Ligand donor    8 hydrogen   22 Protein acceptor 2584 bond energy  1.00 wt 0.99


* CH..O interactions                                                            
  CH group selection                       : activated ring CH (adjacent to hetatom)

--------------------------------------------------------------------------------


--------------------------------------------------------------------------------
--- Intra-ligand clashes                                                     ---
--------------------------------------------------------------------------------

Ligand
  6 (C6   ) -   3 (C3   ):   1.66 (dist   2.70)
--------------------------------------------------------------------------------


--------------------------------------------------------------------------------
--- Chromosome decoded                                                       ---
--------------------------------------------------------------------------------
Ligand Torsions
[   6    2    1    3]  -23.52
[  12    5    1    2]  170.27
Protein Torsions
[ 570  565  563  560]   40.94 
[ 590  585  584  581] -121.02 
[2787 2780 2778 2775]   22.50 
[2470 2461 2460 2458]  -94.06 
[2545 2534 2533 2532]  -75.66 
[1779 1770 1769 1767]  154.23 
[5059 5050 5049 5047]   65.12 
Mapping
Ligand acceptors to protein hydrogens (mapping then atom ids)
Ligand hydrogens to protein acceptors (mapping then atom ids)
  1  16 [ 22->2794]
Ligand shape atoms to protein points (mapping then atom ids & coords)
  1  5982 [  5->( 27.500  -9.250   3.000)]
  2  3963 [  6->( 24.500 -11.000   1.250)]
  3  4726 [  7->( 25.500 -10.750   2.250)]
  4  5197 [ 12->( 26.000  -7.750   3.000)]
  7  3069 [ 16->( 23.500 -13.500  -0.500)]
Chromosome values
Integers:
  -1   -1   -1   15   -1 5981 3962 4725 5196   -1   -1 3068 
--------------------------------------------------------------------------------


--------------------------------------------------------------------------------
--- Diverse Solutions Stats                                                  ---
--------------------------------------------------------------------------------
  Move attempts                            :  16682
  Move failures                            :     87
  Failure rate                             :   0.005

--------------------------------------------------------------------------------

Current Ranking  4  5  1  3  2

--------------------------------------------------------------------------------

* GA execution time :                                                           
  total  0.8116 user  0.7293 sys  0.0823

--------------------------------------------------------------------------------
Fitness function evaluations: 17039

--------------------------------------------------------------------------------
** Docking run number  6 **
--------------------------------------------------------------------------------
  Rank fitness base is 5000.00 ; increment is 11.2233

* Initialising population(s) ...                                                
Number of constraints mappings 0
Number of constraints 0
  Population no.                           :      1
  Population size                          :    100
  Number of duplicates                     :      0
  Number of niche violations               :      0
  Number of errors                         :    356


Doing GA, no. of population(s) 1 size 100 selection pressure 1.100000

 Operation      Fitness  S(hb_ext) S(vdw_ext)  S(hb_int)    S(int)      intcor
         0      33.43       0.25      25.00       0.00      -6.02      -0.77
       241      32.85       5.69      21.04       0.00      -7.36      -0.77
Reordering...
       300      32.04       0.18      24.30       0.00      -6.02      -0.77
       454      31.63       0.15      23.54       0.00      -3.00      -0.77
       667      31.91       2.58      22.33       0.00      -3.93      -0.77
      1084      30.77       2.42      22.06       0.00      -3.93      -0.77
      1148      32.01       2.60      22.90       0.00      -3.93      -0.77
      1250      31.53       2.22      22.80       0.00      -3.50      -0.77
Reordering...
      1425      30.50       2.04      21.21       0.00      -1.05      -0.77
      1546      31.42       9.29      17.08       0.00      -1.84      -0.77
      1596      31.92      10.58      16.56       0.00      -1.84      -0.77
      1915      33.64       9.98      18.55       0.00      -1.84      -0.77
      2310      34.83       9.70      18.85       0.00      -0.79      -0.77
--------------------------------------------------------------------------------
Best docking solution after GA:
      2500      34.83       9.70      18.85       0.00      -0.79      -0.77

#ops:       2500 #mutates:   1257 #cross:     1243 #dups:       518 
#niche:     1239 #errors:      63 
--------------------------------------------------------------------------------

Doing AMOEBA simplex on best individual
Done simplexing #iterations 922, best score  41.22

Ligand is stored in gold_soln_ligand_prepared_m1_6.mol2


--------------------------------------------------------------------------------
--- GoldScore breakdown of terms                                             ---
--------------------------------------------------------------------------------
Fitness = S(hb_ext) + 1.3750*S(vdw_ext) + S(hb_int) + 1.0000*S(int)
S(int)  = S(vdw_int) + S(tors)

Internal terms are relative to best energy found (intcor).

--------------------------------------------------------------------------------


     Fitness  S(hb_ext) S(vdw_ext)  S(hb_int)    S(int)      intcor
     41.22      12.62      21.35       0.00      -0.76      -0.77

--------------------------------------------------------------------------------
--- GoldScore analysis of protein-ligand interactions                        ---
--------------------------------------------------------------------------------

  Ligand acceptor    9 Protein hydrogen  587 donor  580 bond energy  2.00 wt 0.91
  Ligand acceptor   17 Protein hydrogen 2545 donor 2534 bond energy  6.00 wt 0.95
  Ligand donor   10 hydrogen   23 Protein acceptor 2502 bond energy  6.00 wt 0.85

--------------------------------------------------------------------------------

--------------------------------------------------------------------------------
--- Rescoring solution                                                       ---
--------------------------------------------------------------------------------

     Score     S(PLP)   S(hbond)     S(cho)   S(metal)  DE(clash)   DE(tors)
     23.12     -17.13       2.00       0.00       0.00       0.00       0.01

Doing AMOEBA simplex on best individual
Done simplexing #iterations 875, best score  42.22

     Score     S(PLP)   S(hbond)     S(cho)   S(metal)  DE(clash)   DE(tors)
     42.22     -35.11       2.58       0.00       0.00       0.00       0.32

--------------------------------------------------------------------------------
--- CHEMPLP breakdown of terms                                               ---
--------------------------------------------------------------------------------
CHEMPLP = - ( 1.0000*S(PLP) + -3.0000*S(hbond) + -6.0000*S(metal) + -3.0000*S(cho) )

Score = CHEMPLP - 1.0000*DE(clash) - 2.0000*DE(tors)


--------------------------------------------------------------------------------


--------------------------------------------------------------------------------
--- PLP analysis of protein-ligand interactions                              ---
--------------------------------------------------------------------------------
hydrogen bonding        :      -4.96
metal                   :       0.00
buried (polar-nonpolar) :      -0.66
nonpolar                :     -31.83
repulsive               :       0.65
--------------------------------------------------------------------------------


--------------------------------------------------------------------------------
--- ChemScore analysis of protein-ligand interactions                        ---
--------------------------------------------------------------------------------

* Hydrogen bonds                                                                
Ligand donor   10 hydrogen   23 Protein acceptor 2502 bond energy  1.00 wt 0.78
Protein donor  580 hydrogen  587 Ligand acceptor    9 bond energy  1.00 wt 1.00
Protein donor 2534 hydrogen 2545 Ligand acceptor   17 bond energy  1.00 wt 0.80


* CH..O interactions                                                            
  CH group selection                       : activated ring CH (adjacent to hetatom)

--------------------------------------------------------------------------------


--------------------------------------------------------------------------------
--- Intra-ligand clashes                                                     ---
--------------------------------------------------------------------------------

Ligand
--------------------------------------------------------------------------------


--------------------------------------------------------------------------------
--- Chromosome decoded                                                       ---
--------------------------------------------------------------------------------
Ligand Torsions
[   6    2    1    3]  113.57
[  12    5    1    2] -177.43
Protein Torsions
[ 570  565  563  560] -139.35 
[ 590  585  584  581]   12.18 
[2787 2780 2778 2775] -101.70 
[2470 2461 2460 2458] -158.15 
[2545 2534 2533 2532]  174.83 
[1779 1770 1769 1767]  175.76 
[5059 5050 5049 5047]   -7.32 
Mapping
Ligand acceptors to protein hydrogens (mapping then atom ids)
  3  20 [ 17->2545]
Ligand hydrogens to protein acceptors (mapping then atom ids)
  2  12 [ 23->2502]
Ligand shape atoms to protein points (mapping then atom ids & coords)
  1  1054 [  5->( 20.500  -9.250  -3.250)]
  2  2403 [  6->( 22.750 -12.250  -2.500)]
  5  1715 [ 13->( 21.750 -11.500  -2.000)]
  7  3686 [ 16->( 24.250 -12.500  -0.500)]
Chromosome values
Integers:
  -1   -1   19   -1   11 1053 2402   -1   -1 1714   -1 3685 
--------------------------------------------------------------------------------


--------------------------------------------------------------------------------
--- Diverse Solutions Stats                                                  ---
--------------------------------------------------------------------------------
  Move attempts                            :  16814
  Move failures                            :     37
  Failure rate                             :   0.002

--------------------------------------------------------------------------------

Current Ranking  4  6  5  1  3  2

--------------------------------------------------------------------------------

* GA execution time :                                                           
  total  0.8022 user  0.7732 sys  0.0290

--------------------------------------------------------------------------------
Fitness function evaluations: 17199

--------------------------------------------------------------------------------
** Docking run number  7 **
--------------------------------------------------------------------------------
  Rank fitness base is 5000.00 ; increment is 11.2233

* Initialising population(s) ...                                                
Number of constraints mappings 0
Number of constraints 0
  Population no.                           :      1
  Population size                          :    100
  Number of duplicates                     :      0
  Number of niche violations               :      0
  Number of errors                         :    356


Doing GA, no. of population(s) 1 size 100 selection pressure 1.100000

 Operation      Fitness  S(hb_ext) S(vdw_ext)  S(hb_int)    S(int)      intcor
         0      33.00       7.01      21.46       0.00     -17.58      -0.77
Reordering...
        75      31.70       2.05      23.95       0.00     -15.43      -0.77
       140      31.56       2.05      23.96       0.00     -15.43      -0.77
       411      30.39       6.65      20.53       0.00     -15.92      -0.77
Reordering...
       450      30.11       1.92      23.80       0.00     -15.43      -0.77
       496      30.01       1.92      23.80       0.00     -15.43      -0.77
       688      29.70       0.04      22.01       0.00      -1.72      -0.77
       929      30.43       1.45      22.53       0.00      -4.53      -0.77
      1052      29.97       1.39      22.42       0.00      -4.58      -0.77
      1145      29.64       1.34      22.33       0.00      -4.58      -0.77
      1184      30.07       0.03      22.53       0.00      -1.72      -0.77
      1233      30.94       3.12      20.61       0.00      -0.91      -0.77
      1289      32.36       2.93      21.80       0.00      -0.91      -0.77
      1537      32.35       2.90      21.91       0.00      -0.91      -0.77
      2141      33.94       3.08      23.10       0.00      -0.91      -0.77
--------------------------------------------------------------------------------
Best docking solution after GA:
      2500      33.94       3.08      23.10       0.00      -0.91      -0.77

#ops:       2500 #mutates:   1245 #cross:     1255 #dups:       425 
#niche:     1166 #errors:      87 
--------------------------------------------------------------------------------

Doing AMOEBA simplex on best individual
Done simplexing #iterations 654, best score  35.57

Ligand is stored in gold_soln_ligand_prepared_m1_7.mol2


--------------------------------------------------------------------------------
--- GoldScore breakdown of terms                                             ---
--------------------------------------------------------------------------------
Fitness = S(hb_ext) + 1.3750*S(vdw_ext) + S(hb_int) + 1.0000*S(int)
S(int)  = S(vdw_int) + S(tors)

Internal terms are relative to best energy found (intcor).

--------------------------------------------------------------------------------


     Fitness  S(hb_ext) S(vdw_ext)  S(hb_int)    S(int)      intcor
     35.57       3.15      23.78       0.00      -0.28      -0.77

--------------------------------------------------------------------------------
--- GoldScore analysis of protein-ligand interactions                        ---
--------------------------------------------------------------------------------

  Ligand donor    8 hydrogen   22 Protein acceptor 2794 bond energy  6.00 wt 0.53

--------------------------------------------------------------------------------

--------------------------------------------------------------------------------
--- Rescoring solution                                                       ---
--------------------------------------------------------------------------------

     Score     S(PLP)   S(hbond)     S(cho)   S(metal)  DE(clash)   DE(tors)
     17.45     -16.46       1.00       0.00       0.00       0.00       1.01

Doing AMOEBA simplex on best individual
Done simplexing #iterations 763, best score  27.33

     Score     S(PLP)   S(hbond)     S(cho)   S(metal)  DE(clash)   DE(tors)
     27.33     -26.89       0.77       0.00       0.00       0.00       0.93

--------------------------------------------------------------------------------
--- CHEMPLP breakdown of terms                                               ---
--------------------------------------------------------------------------------
CHEMPLP = - ( 1.0000*S(PLP) + -3.0000*S(hbond) + -6.0000*S(metal) + -3.0000*S(cho) )

Score = CHEMPLP - 1.0000*DE(clash) - 2.0000*DE(tors)


--------------------------------------------------------------------------------


--------------------------------------------------------------------------------
--- PLP analysis of protein-ligand interactions                              ---
--------------------------------------------------------------------------------
hydrogen bonding        :      -1.00
metal                   :       0.00
buried (polar-nonpolar) :      -2.12
nonpolar                :     -28.12
repulsive               :       3.83
--------------------------------------------------------------------------------


--------------------------------------------------------------------------------
--- ChemScore analysis of protein-ligand interactions                        ---
--------------------------------------------------------------------------------

* Hydrogen bonds                                                                
Ligand donor    8 hydrogen   22 Protein acceptor 2794 bond energy  1.00 wt 0.77


* CH..O interactions                                                            
  CH group selection                       : activated ring CH (adjacent to hetatom)

--------------------------------------------------------------------------------


--------------------------------------------------------------------------------
--- Intra-ligand clashes                                                     ---
--------------------------------------------------------------------------------

Ligand
--------------------------------------------------------------------------------


--------------------------------------------------------------------------------
--- Chromosome decoded                                                       ---
--------------------------------------------------------------------------------
Ligand Torsions
[   6    2    1    3]  -39.72
[  12    5    1    2]  171.87
Protein Torsions
[ 570  565  563  560]  128.46 
[ 590  585  584  581]  -78.52 
[2787 2780 2778 2775]  153.56 
[2470 2461 2460 2458]  -92.17 
[2545 2534 2533 2532] -153.41 
[1779 1770 1769 1767]  -32.75 
[5059 5050 5049 5047]   93.29 
Mapping
Ligand acceptors to protein hydrogens (mapping then atom ids)
Ligand hydrogens to protein acceptors (mapping then atom ids)
  1  16 [ 22->2794]
Ligand shape atoms to protein points (mapping then atom ids & coords)
  1  5642 [  5->( 26.750  -8.000   2.750)]
  2  6420 [  6->( 28.500  -9.500   0.250)]
  3  6942 [  7->( 29.750  -9.250   3.500)]
  6  6906 [ 14->( 29.750 -10.000   3.500)]
Chromosome values
Integers:
  -1   -1   -1   15   -1 5641 6419 6941   -1   -1 6905   -1 
--------------------------------------------------------------------------------


--------------------------------------------------------------------------------
--- Diverse Solutions Stats                                                  ---
--------------------------------------------------------------------------------
  Move attempts                            :  16388
  Move failures                            :     56
  Failure rate                             :   0.003

--------------------------------------------------------------------------------

Current Ranking  4  6  7  5  1  3  2

--------------------------------------------------------------------------------

* GA execution time :                                                           
  total  0.8384 user  0.7102 sys  0.1281

--------------------------------------------------------------------------------
Fitness function evaluations: 16775

--------------------------------------------------------------------------------
** Docking run number  8 **
--------------------------------------------------------------------------------
  Rank fitness base is 5000.00 ; increment is 11.2233

* Initialising population(s) ...                                                
Number of constraints mappings 0
Number of constraints 0
  Population no.                           :      1
  Population size                          :    100
  Number of duplicates                     :      0
  Number of niche violations               :      0
  Number of errors                         :    388


Doing GA, no. of population(s) 1 size 100 selection pressure 1.100000

 Operation      Fitness  S(hb_ext) S(vdw_ext)  S(hb_int)    S(int)      intcor
         0      30.75       0.86      23.68       0.00     -13.35      -0.77
        37      30.74       0.86      23.72       0.00     -13.35      -0.77
        99      30.97       0.65      23.68       0.00     -10.53      -0.77
       169      31.29       1.70      22.42       0.00      -5.43      -0.77
       251      31.61       1.10      23.17       0.00      -5.43      -0.77
       300      32.88       2.70      22.81       0.00      -4.54      -0.77
       524      31.99       1.50      23.51       0.00      -5.97      -0.77
       598      31.77       1.45      23.38       0.00      -5.59      -0.77
       707      32.65       0.11      23.99       0.00      -1.22      -0.77
       867      32.70       0.00      24.15       0.00      -1.22      -0.77
       968      32.67       0.00      24.16       0.00      -1.22      -0.77
       978      32.91       0.46      24.01       0.00      -1.22      -0.77
Reordering...
      1425      32.47       0.00      24.22       0.00      -1.22      -0.77
--------------------------------------------------------------------------------
Best docking solution after GA:
      2500      32.08       0.00      24.22       0.00      -1.22      -0.77

#ops:       2500 #mutates:   1211 #cross:     1289 #dups:       608 
#niche:     1615 #errors:      88 
--------------------------------------------------------------------------------

Doing AMOEBA simplex on best individual
Done simplexing #iterations 646, best score  34.05

Ligand is stored in gold_soln_ligand_prepared_m1_8.mol2


--------------------------------------------------------------------------------
--- GoldScore breakdown of terms                                             ---
--------------------------------------------------------------------------------
Fitness = S(hb_ext) + 1.3750*S(vdw_ext) + S(hb_int) + 1.0000*S(int)
S(int)  = S(vdw_int) + S(tors)

Internal terms are relative to best energy found (intcor).

--------------------------------------------------------------------------------


     Fitness  S(hb_ext) S(vdw_ext)  S(hb_int)    S(int)      intcor
     34.05       0.00      25.53       0.00      -1.06      -0.77

--------------------------------------------------------------------------------
--- GoldScore analysis of protein-ligand interactions                        ---
--------------------------------------------------------------------------------


--------------------------------------------------------------------------------

--------------------------------------------------------------------------------
--- Rescoring solution                                                       ---
--------------------------------------------------------------------------------

     Score     S(PLP)   S(hbond)     S(cho)   S(metal)  DE(clash)   DE(tors)
     16.24     -18.57       0.00       0.00       0.00       0.57       0.88

Doing AMOEBA simplex on best individual
Done simplexing #iterations 779, best score  31.53

     Score     S(PLP)   S(hbond)     S(cho)   S(metal)  DE(clash)   DE(tors)
     31.53     -34.17       0.00       0.00       0.00       1.88       0.38

--------------------------------------------------------------------------------
--- CHEMPLP breakdown of terms                                               ---
--------------------------------------------------------------------------------
CHEMPLP = - ( 1.0000*S(PLP) + -3.0000*S(hbond) + -6.0000*S(metal) + -3.0000*S(cho) )

Score = CHEMPLP - 1.0000*DE(clash) - 2.0000*DE(tors)


--------------------------------------------------------------------------------


--------------------------------------------------------------------------------
--- PLP analysis of protein-ligand interactions                              ---
--------------------------------------------------------------------------------
hydrogen bonding        :      -0.98
metal                   :       0.00
buried (polar-nonpolar) :      -3.78
nonpolar                :     -30.58
repulsive               :       0.54
--------------------------------------------------------------------------------


--------------------------------------------------------------------------------
--- ChemScore analysis of protein-ligand interactions                        ---
--------------------------------------------------------------------------------

* Hydrogen bonds                                                                


* CH..O interactions                                                            
  CH group selection                       : activated ring CH (adjacent to hetatom)

--------------------------------------------------------------------------------


--------------------------------------------------------------------------------
--- Intra-ligand clashes                                                     ---
--------------------------------------------------------------------------------

Ligand
  6 (C6   ) -   4 (C4   ):   1.88 (dist   2.70)
--------------------------------------------------------------------------------


--------------------------------------------------------------------------------
--- Chromosome decoded                                                       ---
--------------------------------------------------------------------------------
Ligand Torsions
[   6    2    1    3]  -99.45
[  12    5    1    2] -169.99
Protein Torsions
[ 570  565  563  560]   16.02 
[ 590  585  584  581]   48.93 
[2787 2780 2778 2775]  -64.83 
[2470 2461 2460 2458]  135.44 
[2545 2534 2533 2532] -127.93 
[1779 1770 1769 1767]  -23.11 
[5059 5050 5049 5047]   91.81 
Mapping
Ligand acceptors to protein hydrogens (mapping then atom ids)
Ligand hydrogens to protein acceptors (mapping then atom ids)
Ligand shape atoms to protein points (mapping then atom ids & coords)
  2  3943 [  6->( 24.500 -11.500   1.250)]
  3  4148 [  7->( 24.750 -11.250  -0.250)]
  5  3441 [ 13->( 24.000 -13.500   0.250)]
  7  3429 [ 16->( 24.000 -13.750  -1.000)]
Chromosome values
Integers:
  -1   -1   -1   -1   -1   -1 3942 4147   -1 3440   -1 3428 
--------------------------------------------------------------------------------


--------------------------------------------------------------------------------
--- Diverse Solutions Stats                                                  ---
--------------------------------------------------------------------------------
  Move attempts                            :  16272
  Move failures                            :     92
  Failure rate                             :   0.006

--------------------------------------------------------------------------------

Current Ranking  4  6  7  8  5  1  3  2

--------------------------------------------------------------------------------

* GA execution time :                                                           
  total  0.7857 user  0.7526 sys  0.0331

--------------------------------------------------------------------------------
Fitness function evaluations: 16656

--------------------------------------------------------------------------------
** Docking run number  9 **
--------------------------------------------------------------------------------
  Rank fitness base is 5000.00 ; increment is 11.2233

* Initialising population(s) ...                                                
Number of constraints mappings 0
Number of constraints 0
  Population no.                           :      1
  Population size                          :    100
  Number of duplicates                     :      0
  Number of niche violations               :      0
  Number of errors                         :    401


Doing GA, no. of population(s) 1 size 100 selection pressure 1.100000

 Operation      Fitness  S(hb_ext) S(vdw_ext)  S(hb_int)    S(int)      intcor
         0      33.36       1.09      24.31       0.00      -5.79      -0.77
       288      33.26       2.46      22.89       0.00      -2.67      -0.77
       514      32.30       2.30      22.40       0.00      -2.65      -0.77
Reordering...
       600      31.42       0.90      23.61       0.00      -5.79      -0.77
       623      31.50       0.90      23.67       0.00      -5.79      -0.77
       648      31.53       1.20      23.50       0.00      -5.79      -0.77
       667      32.29       0.90      23.25       0.00      -1.63      -0.77
Reordering...
      1200      31.18       0.65      22.86       0.00      -1.63      -0.77
Reordering...
      1275      31.10       0.63      22.87       0.00      -1.63      -0.77
      1347      31.10       0.63      22.90       0.00      -1.63      -0.77
      1405      31.37       0.61      22.82       0.00      -0.91      -0.77
      2422      30.90       0.44      22.82       0.00      -0.91      -0.77
      2425      30.97       0.44      22.87       0.00      -0.91      -0.77
--------------------------------------------------------------------------------
Best docking solution after GA:
      2500      30.97       0.44      22.87       0.00      -0.91      -0.77

#ops:       2500 #mutates:   1298 #cross:     1202 #dups:       473 
#niche:     1327 #errors:     111 
--------------------------------------------------------------------------------

Doing AMOEBA simplex on best individual
Done simplexing #iterations 742, best score  35.80

Ligand is stored in gold_soln_ligand_prepared_m1_9.mol2


--------------------------------------------------------------------------------
--- GoldScore breakdown of terms                                             ---
--------------------------------------------------------------------------------
Fitness = S(hb_ext) + 1.3750*S(vdw_ext) + S(hb_int) + 1.0000*S(int)
S(int)  = S(vdw_int) + S(tors)

Internal terms are relative to best energy found (intcor).

--------------------------------------------------------------------------------


     Fitness  S(hb_ext) S(vdw_ext)  S(hb_int)    S(int)      intcor
     35.80       1.26      25.63       0.00      -0.70      -0.77

--------------------------------------------------------------------------------
--- GoldScore analysis of protein-ligand interactions                        ---
--------------------------------------------------------------------------------

  Ligand donor   10 hydrogen   23 Protein acceptor 2565 bond energy  2.00 wt 0.63

--------------------------------------------------------------------------------

--------------------------------------------------------------------------------
--- Rescoring solution                                                       ---
--------------------------------------------------------------------------------

     Score     S(PLP)   S(hbond)     S(cho)   S(metal)  DE(clash)   DE(tors)
     26.92     -26.37       0.63       0.00       0.00       0.00       0.66

Doing AMOEBA simplex on best individual
Done simplexing #iterations 630, best score  35.35

     Score     S(PLP)   S(hbond)     S(cho)   S(metal)  DE(clash)   DE(tors)
     35.35     -32.93       0.99       0.00       0.00       0.00       0.28

--------------------------------------------------------------------------------
--- CHEMPLP breakdown of terms                                               ---
--------------------------------------------------------------------------------
CHEMPLP = - ( 1.0000*S(PLP) + -3.0000*S(hbond) + -6.0000*S(metal) + -3.0000*S(cho) )

Score = CHEMPLP - 1.0000*DE(clash) - 2.0000*DE(tors)


--------------------------------------------------------------------------------


--------------------------------------------------------------------------------
--- PLP analysis of protein-ligand interactions                              ---
--------------------------------------------------------------------------------
hydrogen bonding        :      -1.01
metal                   :       0.00
buried (polar-nonpolar) :      -0.23
nonpolar                :     -33.58
repulsive               :       1.30
--------------------------------------------------------------------------------


--------------------------------------------------------------------------------
--- ChemScore analysis of protein-ligand interactions                        ---
--------------------------------------------------------------------------------

* Hydrogen bonds                                                                
Ligand donor   10 hydrogen   23 Protein acceptor 2565 bond energy  1.00 wt 0.99


* CH..O interactions                                                            
  CH group selection                       : activated ring CH (adjacent to hetatom)

--------------------------------------------------------------------------------


--------------------------------------------------------------------------------
--- Intra-ligand clashes                                                     ---
--------------------------------------------------------------------------------

Ligand
--------------------------------------------------------------------------------


--------------------------------------------------------------------------------
--- Chromosome decoded                                                       ---
--------------------------------------------------------------------------------
Ligand Torsions
[   6    2    1    3]  134.92
[  12    5    1    2]  172.90
Protein Torsions
[ 570  565  563  560]   28.80 
[ 590  585  584  581]  -43.85 
[2787 2780 2778 2775] -142.42 
[2470 2461 2460 2458]  -95.39 
[2545 2534 2533 2532]  170.05 
[1779 1770 1769 1767]    3.54 
[5059 5050 5049 5047]  128.80 
Mapping
Ligand acceptors to protein hydrogens (mapping then atom ids)
Ligand hydrogens to protein acceptors (mapping then atom ids)
Ligand shape atoms to protein points (mapping then atom ids & coords)
  2  6834 [  6->( 29.500  -9.750   3.500)]
  6  6629 [ 14->( 29.000  -9.750   4.000)]
  7  7701 [ 16->( 33.000 -10.250   4.500)]
Chromosome values
Integers:
  -1   -1   -1   -1   -1   -1 6833   -1   -1   -1 6628 7700 
--------------------------------------------------------------------------------


--------------------------------------------------------------------------------
--- Diverse Solutions Stats                                                  ---
--------------------------------------------------------------------------------
  Move attempts                            :  16194
  Move failures                            :    104
  Failure rate                             :   0.006

--------------------------------------------------------------------------------

Current Ranking  4  6  9  7  8  5  1  3  2

--------------------------------------------------------------------------------

* GA execution time :                                                           
  total  0.8121 user  0.7395 sys  0.0726

--------------------------------------------------------------------------------
Fitness function evaluations: 16605

--------------------------------------------------------------------------------
** Docking run number 10 **
--------------------------------------------------------------------------------
  Rank fitness base is 5000.00 ; increment is 11.2233

* Initialising population(s) ...                                                
Number of constraints mappings 0
Number of constraints 0
  Population no.                           :      1
  Population size                          :    100
  Number of duplicates                     :      0
  Number of niche violations               :      0
  Number of errors                         :    383


Doing GA, no. of population(s) 1 size 100 selection pressure 1.100000

 Operation      Fitness  S(hb_ext) S(vdw_ext)  S(hb_int)    S(int)      intcor
         0      34.13       1.36      24.03       0.00      -1.34      -0.77
       291      33.01       1.45      23.20       0.00      -1.34      -0.77
       509      31.84       0.41      23.00       0.00      -0.64      -0.76
       605      31.87       0.72      22.85       0.00      -0.82      -0.76
       971      33.57       1.06      23.91       0.00      -0.82      -0.76
      1331      32.45       1.13      23.15       0.00      -0.82      -0.76
      1493      32.97       1.78      23.10       0.00      -0.82      -0.76
      2109      30.92       0.23      23.74       0.00      -1.95      -0.76
      2463      30.97       0.23      23.80       0.00      -1.98      -0.76
--------------------------------------------------------------------------------
Best docking solution after GA:
      2500      30.97       0.23      23.80       0.00      -1.98      -0.76

#ops:       2500 #mutates:   1273 #cross:     1227 #dups:       504 
#niche:     1129 #errors:      96 
--------------------------------------------------------------------------------

Doing AMOEBA simplex on best individual
Done simplexing #iterations 732, best score  35.07

Ligand is stored in gold_soln_ligand_prepared_m1_10.mol2


--------------------------------------------------------------------------------
--- GoldScore breakdown of terms                                             ---
--------------------------------------------------------------------------------
Fitness = S(hb_ext) + 1.3750*S(vdw_ext) + S(hb_int) + 1.0000*S(int)
S(int)  = S(vdw_int) + S(tors)

Internal terms are relative to best energy found (intcor).

--------------------------------------------------------------------------------


     Fitness  S(hb_ext) S(vdw_ext)  S(hb_int)    S(int)      intcor
     35.07       0.08      26.86       0.00      -1.93      -0.76

--------------------------------------------------------------------------------
--- GoldScore analysis of protein-ligand interactions                        ---
--------------------------------------------------------------------------------

  Ligand donor   10 hydrogen   23 Protein acceptor  555 bond energy  2.00 wt 0.04

--------------------------------------------------------------------------------

--------------------------------------------------------------------------------
--- Rescoring solution                                                       ---
--------------------------------------------------------------------------------

     Score     S(PLP)   S(hbond)     S(cho)   S(metal)  DE(clash)   DE(tors)
     13.56     -15.00       0.00       0.00       0.00       1.23       0.11

Doing AMOEBA simplex on best individual
Done simplexing #iterations 757, best score  29.42

     Score     S(PLP)   S(hbond)     S(cho)   S(metal)  DE(clash)   DE(tors)
     29.42     -30.86       0.00       0.00       0.00       1.21       0.12

--------------------------------------------------------------------------------
--- CHEMPLP breakdown of terms                                               ---
--------------------------------------------------------------------------------
CHEMPLP = - ( 1.0000*S(PLP) + -3.0000*S(hbond) + -6.0000*S(metal) + -3.0000*S(cho) )

Score = CHEMPLP - 1.0000*DE(clash) - 2.0000*DE(tors)


--------------------------------------------------------------------------------


--------------------------------------------------------------------------------
--- PLP analysis of protein-ligand interactions                              ---
--------------------------------------------------------------------------------
hydrogen bonding        :       0.00
metal                   :       0.00
buried (polar-nonpolar) :       0.32
nonpolar                :     -32.33
repulsive               :       0.59
--------------------------------------------------------------------------------


--------------------------------------------------------------------------------
--- ChemScore analysis of protein-ligand interactions                        ---
--------------------------------------------------------------------------------

* Hydrogen bonds                                                                


* CH..O interactions                                                            
  CH group selection                       : activated ring CH (adjacent to hetatom)

--------------------------------------------------------------------------------


--------------------------------------------------------------------------------
--- Intra-ligand clashes                                                     ---
--------------------------------------------------------------------------------

Ligand
  7 (C7   ) -   3 (C3   ):   1.21 (dist   2.72)
--------------------------------------------------------------------------------


--------------------------------------------------------------------------------
--- Chromosome decoded                                                       ---
--------------------------------------------------------------------------------
Ligand Torsions
[   6    2    1    3]  173.37
[  12    5    1    2]  176.39
Protein Torsions
[ 570  565  563  560]  -69.90 
[ 590  585  584  581] -142.32 
[2787 2780 2778 2775]   71.76 
[2470 2461 2460 2458] -128.09 
[2545 2534 2533 2532]   76.86 
[1779 1770 1769 1767] -111.59 
[5059 5050 5049 5047]   98.65 
Mapping
Ligand acceptors to protein hydrogens (mapping then atom ids)
Ligand hydrogens to protein acceptors (mapping then atom ids)
Ligand shape atoms to protein points (mapping then atom ids & coords)
  2  5420 [  6->( 26.500  -9.250   3.500)]
  3  6623 [  7->( 29.000  -9.750   0.000)]
  5  7667 [ 13->( 32.750  -9.750   1.750)]
Chromosome values
Integers:
  -1   -1   -1   -1   -1   -1 5419 6622   -1 7666   -1   -1 
--------------------------------------------------------------------------------


--------------------------------------------------------------------------------
--- Diverse Solutions Stats                                                  ---
--------------------------------------------------------------------------------
  Move attempts                            :  16332
  Move failures                            :     63
  Failure rate                             :   0.004

--------------------------------------------------------------------------------

Current Ranking  4  6  9  7 10  8  5  1  3  2

--------------------------------------------------------------------------------

* GA execution time :                                                           
  total  0.8650 user  0.7944 sys  0.0707

--------------------------------------------------------------------------------
Fitness function evaluations: 16749

--------------------------------------------------------------------------------
--- Ranking analysis                                                         ---
--------------------------------------------------------------------------------


* Final ranked order of GA solutions:                                           
   4  6  9  7 10  8  5  1  3  2 

  _______________________________
  RMSD Matrix of RANKED solutions

        2    3    4    5    6    7    8    9   10  

   1 :  0.5  7.9  6.9  7.2  5.4  5.1  6.2  2.6  6.2
   2 :       8.3  7.2  7.6  5.6  5.3  6.5  2.6  6.5
   3 :            2.9  3.2  4.9  4.8  5.0  8.0  5.0
   4 :                 1.2  4.3  3.8  4.3  6.4  4.2
   5 :                      4.3  4.4  4.2  6.9  4.2
   6 :                           2.7  2.7  5.3  2.7
   7 :                                3.4  4.5  3.4
   8 :                                     6.2  0.5
   9 :                                          6.1

  Clustering method                        : complete linkage
  Structure ids in cluster table           : rank nos.
  Ordering of clusters and their members   : by rank (order if from rms_analysis)

  Distance | Clusters
   0.50    |  1  2 |  3 |  4 |  5 |  6 |  7 |  8 |  9 | 10 |
   0.52    |  1  2 |  3 |  4 |  5 |  6 |  7 |  8 10 |  9 |
   1.24    |  1  2 |  3 |  4  5 |  6 |  7 |  8 10 |  9 |
   2.60    |  1  2  9 |  3 |  4  5 |  6 |  7 |  8 10 |
   2.68    |  1  2  9 |  3 |  4  5 |  6  7 |  8 10 |
   3.22    |  1  2  9 |  3  4  5 |  6  7 |  8 10 |
   3.42    |  1  2  9 |  3  4  5 |  6  7  8 10 |
   5.02    |  1  2  9 |  3  4  5  6  7  8 10 |
   8.30    |  1  2  3  4  5  6  7  8  9 10 |
  Finished Docking Ligand                  : /mnt/c/Users/ricca/Desktop/Documents/Rimoli/Reverse_Docking_Explore_V4/3oxt/ligand_prepared.mol2
--------------------------------------------------------------------------------

  Relative_Ligand_Energy (best encountered) :  -0.759
  Relative_Ligand_Energy: fitness values have been corrected using this amount
