
--------------------------------------------------------------------------------
--- Ligand                                                                   ---
--------------------------------------------------------------------------------
  Ligand loaded from file                  : /mnt/c/Users/ricca/Desktop/Documents/Rimoli/Reverse_Docking_Explore_V4/7rmi_cavity/ligand_prepared.mol2
  Ligand name                              :  
  "CT1002167954                                                             "

--------------------------------------------------------------------------------
  N.plc donors                             : 
  none found

  Acidic nitrogen acceptors                : 
  none found
  Sulfur acceptors                         :
  none found


  Donor atoms                              :      2
  8   10  
  Acceptor atoms                           :      3
  9   11  17  

  Hydrogens                                :  (n = 2)
  22   23   

  Lone pairs added to molecule             :      6
  Numbering                                : from 30 to 35

--------------------------------------------------------------------------------
--- Postprocessing of typing                                                 ---
--------------------------------------------------------------------------------
  Fragment file                            : /home/hitesit/CCDC/Discovery_2022/GOLD/gold/rotatable_bond_override.mol2
  acylurea fragment                        : 2 matches
  Ligand bond 15-8  set to flip
  Ligand bond 15-10  set to flip
  Ligand bond 15-10  set to 1
  Ligand bond 15-8  set to 1
  Ligand bond 10-4  set to flip
  Ligand bond 8-3  set to flip
  thioacylthiourea fragment                : no matches
  acylthiourea fragment                    : no matches
  thioacylurea fragment                    : no matches
  diarylamine fragment >C.ar-NH-C.ar<      : no matches
  sec-amine (1) fragment                   : no matches
  sec-amine (2) fragment                   : no matches
  sec-amine (3) fragment                   : no matches
  carboxylic ester                         : no matches

* Rotatable bonds in /mnt/c/Users/ricca/D  :
  [   1    2] [   1    5] 
  No. of rotatable bonds                   :      2


* Reading torsional distributions from file:
  /home/hitesit/CCDC/Discovery_2022/GOLD/gold/gold.tordist
  No. of bins in torsional distributions   :     36
  Minimum size of largest peak             :      0
  Removing high energy torsions            : on
  Delta E set to                           :   2.500

* Fragments found in /mnt/c/Users/ricca/D  :
  atom   2: benzene
  atom   6: benzene
  atom   7: benzene
  atom  13: benzene
  atom  14: benzene
  atom  16: benzene


* Checking torsion distributions:                                               
  No. of matched torsions                  :      0

--------------------------------------------------------------------------------
--- Shape fitting atoms selection (hydrophobic atoms)                        ---
--------------------------------------------------------------------------------
  Molecule                                 : /mnt/c/Users/ricca/Desktop/Documents/Rimoli/Reverse_Docking_Explore_V4/7rmi_cavity/ligand_prepared.mol2
  Selection                                : carbons only
  Atom numbers                             :  (n = 7)
  5    6    7    12   13   14   16   

--------------------------------------------------------------------------------
--- Diverse Solutions Setup                                                  ---
--------------------------------------------------------------------------------
  Cluster size                             :      2
  RMSD                                     :   2.000
  Refinement                               :      0


--------------------------------------------------------------------------------
--- ChemScore ligand setup summary                                           ---
--------------------------------------------------------------------------------
  ChemScore ligand acceptors               :      3
  9 11 17 
  ChemScore ligand donors                  :      2
  8 ( 22  ) 10 ( 23  ) 
  ChemScore ligand CH donors               :      0
  

  ChemScore ligand lipophilic atoms        :  (n = 9)
  1    2    5    6    7    12   13   14   16   

  ChemScore ligand rotatable bonds         :      2
  1   (C1 ) - 2   (C2 ): SP3_SP2_BOND
  1   (C1 ) - 5   (C5 ): SP3_SP3_BOND

--------------------------------------------------------------------------------
--- PLP ligand setup summary                                                 ---
--------------------------------------------------------------------------------
    1    C1   C.3 NONPOLAR
    2    C2  C.ar NONPOLAR
    3    C3   C.2 NONPOLAR
    4    C4   C.2 NONPOLAR
    5    C5   C.3 NONPOLAR
    6    C6  C.ar NONPOLAR
    7    C7  C.ar NONPOLAR
    8    N8  N.am DONOR
    9    O9   O.2 ACCEPTOR
   10   N10  N.am DONOR
   11   O11   O.2 ACCEPTOR
   12   C12   C.3 NONPOLAR
   13   C13  C.ar NONPOLAR
   14   C14  C.ar NONPOLAR
   15   C15   C.2 NONPOLAR
   16   C16  C.ar NONPOLAR
   17   O17   O.2 ACCEPTOR

--------------------------------------------------------------------------------
--- Automatic parameter setting                                              ---
--------------------------------------------------------------------------------
  Contribution base                        :   2500
  Contribution per rotatable bond          :   6000
  Contribution per df                      :   4000
  Contribution per water                   :  10000
  Ligand rotatable bonds                   :      2
  Protein flexible side chain bonds        :      0
  Total rotatable bonds                    :      2
  Hydrophobic vol ratio (P/L)              :  10.685
  Base multiplier (polar)                  :   1.000
  Base multiplier (apolar)                 :  14.959
  Base contribution                        : 37500.000
  Fitting points                           :      5
  Estimated maxops needed (optimal)        :  50000
  Autoscale factor (in percent)            :     10
  Scaled maxops                            :   5250

--------------------------------------------------------------------------------

* Population settings                                                           
  maxops                                   :   5250
  popsiz                                   :    100
  select_pressure                          :   1.100
  n_islands                                :      1
  niche_siz                                :      2

* GA settings                                                                   
  pt_crosswt                               :    100
  allele_mutatewt                          :    100
  migratewt                                :      0

* Search settings                                                               
  start_vdw_linear_cutoff                  :   6.000
  initial_virtual_pt_match_max             :   3.000
  Scaling of internal VDW energy           : log scale from  0.2 to    1
                                             over 3937 ops
  Sampling interval (operations)           :     52
  Scaling of virtual pt maximum length     : linear scale from    3 to    2
                                             over  3937 ops
  Sampling interval (operations)           :    157
  Scaling of 4-8 potential cutoff          : log scale from    6 to 1.2e+02
                                             over 3937 ops
  Sampling interval (operations)           :    157

--------------------------------------------------------------------------------

* Ligand initialisation time :                                                  
  total  0.0138 user  0.0136 sys  0.0002

--------------------------------------------------------------------------------

--------------------------------------------------------------------------------
** Docking run number  1 **
--------------------------------------------------------------------------------
  Rank fitness base is 5000.00 ; increment is 11.2233

* Initialising population(s) ...                                                
Number of constraints mappings 0
Number of constraints 0
  Population no.                           :      1
  Population size                          :    100
  Number of duplicates                     :      0
  Number of niche violations               :      0
  Number of errors                         : 600859


Doing GA, no. of population(s) 1 size 100 selection pressure 1.100000

 Operation      Fitness  S(hb_ext) S(vdw_ext)  S(hb_int)    S(int)      intcor
         0      29.64       0.03      22.43       0.00      -6.19      -0.85
       154      34.71       0.00      27.53       0.00     -15.11      -0.85
       707      33.15       0.00      26.38       0.00     -11.85      -0.85
       878      34.26       0.00      25.73       0.00      -4.00      -0.85
      1106      33.92       2.00      23.99       0.00      -3.43      -0.85
      1310      33.91       1.93      24.02       0.00      -3.10      -0.85
      1365      34.46       2.00      25.13       0.00      -6.04      -0.85
Reordering...
      1570      33.57       1.93      23.71       0.00      -2.54      -0.85
      2435      32.82       2.00      22.96       0.00      -1.40      -0.85
      3824      30.47       1.95      21.75       0.00      -1.47      -0.78
      4972      31.60       2.00      24.24       0.00      -3.73      -0.78
      5141      33.72       1.65      24.10       0.00      -1.07      -0.78
--------------------------------------------------------------------------------
Best docking solution after GA:
      5250      33.72       1.65      24.10       0.00      -1.07      -0.78

#ops:       5250 #mutates:   2616 #cross:     2634 #dups:       934 
#niche:     2799 #errors:     956 
--------------------------------------------------------------------------------

Doing AMOEBA simplex on best individual
Done simplexing #iterations 594, best score  35.75

Ligand is stored in gold_soln_ligand_prepared_m1_1.mol2


--------------------------------------------------------------------------------
--- GoldScore breakdown of terms                                             ---
--------------------------------------------------------------------------------
Fitness = S(hb_ext) + 1.3750*S(vdw_ext) + S(hb_int) + 1.0000*S(int)
S(int)  = S(vdw_int) + S(tors)

Internal terms are relative to best energy found (intcor).

--------------------------------------------------------------------------------


     Fitness  S(hb_ext) S(vdw_ext)  S(hb_int)    S(int)      intcor
     35.75       1.55      25.74       0.00      -1.20      -0.78

--------------------------------------------------------------------------------
--- GoldScore analysis of protein-ligand interactions                        ---
--------------------------------------------------------------------------------

  Ligand acceptor   17 Protein hydrogen 4762 donor 4756 bond energy  2.00 wt 0.78

--------------------------------------------------------------------------------

--------------------------------------------------------------------------------
--- Rescoring solution                                                       ---
--------------------------------------------------------------------------------

     Score     S(PLP)   S(hbond)     S(cho)   S(metal)  DE(clash)   DE(tors)
     22.91     -22.20       1.00       0.00       0.00       0.36       0.96

Doing AMOEBA simplex on best individual
Done simplexing #iterations 740, best score  33.45

     Score     S(PLP)   S(hbond)     S(cho)   S(metal)  DE(clash)   DE(tors)
     33.45     -32.97       1.00       0.00       0.00       0.63       0.95

--------------------------------------------------------------------------------
--- CHEMPLP breakdown of terms                                               ---
--------------------------------------------------------------------------------
CHEMPLP = - ( 1.0000*S(PLP) + -3.0000*S(hbond) + -6.0000*S(metal) + -3.0000*S(cho) )

Score = CHEMPLP - 1.0000*DE(clash) - 2.0000*DE(tors)


--------------------------------------------------------------------------------


--------------------------------------------------------------------------------
--- PLP analysis of protein-ligand interactions                              ---
--------------------------------------------------------------------------------
hydrogen bonding        :      -2.27
metal                   :       0.00
buried (polar-nonpolar) :      -7.99
nonpolar                :     -25.22
repulsive               :       2.41
--------------------------------------------------------------------------------


--------------------------------------------------------------------------------
--- ChemScore analysis of protein-ligand interactions                        ---
--------------------------------------------------------------------------------

* Hydrogen bonds                                                                
Protein donor 4756 hydrogen 4762 Ligand acceptor   17 bond energy  1.00 wt 1.00


* CH..O interactions                                                            
  CH group selection                       : activated ring CH (adjacent to hetatom)

--------------------------------------------------------------------------------


--------------------------------------------------------------------------------
--- Intra-ligand clashes                                                     ---
--------------------------------------------------------------------------------

Ligand
  6 (C6   ) -   4 (C4   ):   0.63 (dist   2.73)
--------------------------------------------------------------------------------


--------------------------------------------------------------------------------
--- Chromosome decoded                                                       ---
--------------------------------------------------------------------------------
Ligand Torsions
[   6    2    1    3] -101.01
[  12    5    1    2] -168.99
Protein Torsions
[5081 5072 5071 5069]   10.13 
[5041 5025 5024 5021]   43.11 
[5032 5026 5027 5028]   69.11 
[5036 5031 5030 5027]  -61.66 
[4987 4979 4980 4981]  147.03 
[5133 5126 5127 5128]  -39.29 
[14333 5029 5028 5027]   73.52 
[14340 4982 4981 4980] -175.70 
Mapping
Ligand acceptors to protein hydrogens (mapping then atom ids)
  3  13 [ 17->4762]
Ligand hydrogens to protein acceptors (mapping then atom ids)
Ligand shape atoms to protein points (mapping then atom ids & coords)
  1 10039 [  5->(137.000 143.750 165.000)]
  7  6375 [ 16->(136.000 146.750 168.250)]
Chromosome values
Integers:
  -1   -1   12   -1   -1 10038   -1   -1   -1   -1   -1 6374 
--------------------------------------------------------------------------------


--------------------------------------------------------------------------------
--- Diverse Solutions Stats                                                  ---
--------------------------------------------------------------------------------
  Move attempts                            :  21816
  Move failures                            :      0
  Failure rate                             :   0.000

--------------------------------------------------------------------------------

Current Ranking  1

--------------------------------------------------------------------------------

* GA execution time :                                                           
  total  2.1564 user  2.1564 sys  0.0000

--------------------------------------------------------------------------------
Fitness function evaluations: 623654

--------------------------------------------------------------------------------
** Docking run number  2 **
--------------------------------------------------------------------------------
  Rank fitness base is 5000.00 ; increment is 11.2233

* Initialising population(s) ...                                                
Number of constraints mappings 0
Number of constraints 0
  Population no.                           :      1
  Population size                          :    100
  Number of duplicates                     :      0
  Number of niche violations               :      0
  Number of errors                         : 590239


Doing GA, no. of population(s) 1 size 100 selection pressure 1.100000

 Operation      Fitness  S(hb_ext) S(vdw_ext)  S(hb_int)    S(int)      intcor
         0      30.88       0.00      24.37       0.00     -13.10      -0.78
       249      30.73       1.66      22.60       0.00      -9.21      -0.78
       340      30.33       1.06      21.89       0.00      -3.67      -0.78
       418      30.38       1.66      22.18       0.00      -7.47      -0.78
       582      30.08       1.66      20.98       0.00      -1.72      -0.78
       745      30.19       1.66      21.38       0.00      -3.21      -0.78
       752      30.26       0.99      22.51       0.00      -6.19      -0.78
       779      31.94       0.00      23.84       0.00      -3.13      -0.78
       800      31.74       1.58      24.51       0.00     -12.87      -0.78
       818      31.86       1.58      24.49       0.00     -12.34      -0.78
Reordering...
       936      31.67       0.00      23.70       0.00      -3.13      -0.78
      1135      31.80       0.00      23.97       0.00      -3.67      -0.78
      1563      31.45       2.13      21.54       0.00      -0.76      -0.78
Reordering...
      1570      31.34       0.00      23.81       0.00      -3.67      -0.78
      1595      31.56       1.47      22.82       0.00      -3.41      -0.78
      1678      32.29       0.00      24.04       0.00      -1.92      -0.78
      1747      32.27       0.00      24.03       0.00      -1.92      -0.78
      1777      33.19       2.00      23.04       0.00      -1.20      -0.78
      2154      33.52       1.86      23.94       0.00      -2.66      -0.78
      2310      34.38       0.00      25.94       0.00      -2.53      -0.78
      3111      34.08       0.00      25.12       0.00      -0.66      -0.78
Reordering...
      3640      33.96       0.00      24.86       0.00      -0.25      -0.78
      4008      34.61       0.00      25.40       0.00      -0.32      -0.78
      4012      34.74       0.00      25.28       0.00      -0.02      -0.78
      5163      34.75       0.00      25.38       0.00      -0.15      -0.78
--------------------------------------------------------------------------------
Best docking solution after GA:
      5250      34.75       0.00      25.38       0.00      -0.15      -0.76

#ops:       5250 #mutates:   2712 #cross:     2538 #dups:      1046 
#niche:     2824 #errors:    1052 
--------------------------------------------------------------------------------

Doing AMOEBA simplex on best individual
Done simplexing #iterations 742, best score  37.08

Ligand is stored in gold_soln_ligand_prepared_m1_2.mol2


--------------------------------------------------------------------------------
--- GoldScore breakdown of terms                                             ---
--------------------------------------------------------------------------------
Fitness = S(hb_ext) + 1.3750*S(vdw_ext) + S(hb_int) + 1.0000*S(int)
S(int)  = S(vdw_int) + S(tors)

Internal terms are relative to best energy found (intcor).

--------------------------------------------------------------------------------


     Fitness  S(hb_ext) S(vdw_ext)  S(hb_int)    S(int)      intcor
     37.08       0.00      27.06       0.00      -0.13      -0.76

--------------------------------------------------------------------------------
--- GoldScore analysis of protein-ligand interactions                        ---
--------------------------------------------------------------------------------


--------------------------------------------------------------------------------

--------------------------------------------------------------------------------
--- Rescoring solution                                                       ---
--------------------------------------------------------------------------------

     Score     S(PLP)   S(hbond)     S(cho)   S(metal)  DE(clash)   DE(tors)
     14.43     -15.01       0.00       0.00       0.00       0.00       0.29

Doing AMOEBA simplex on best individual
Done simplexing #iterations 1426, best score  29.06

     Score     S(PLP)   S(hbond)     S(cho)   S(metal)  DE(clash)   DE(tors)
     29.06     -31.31       0.00       0.00       0.00       0.00       1.13

--------------------------------------------------------------------------------
--- CHEMPLP breakdown of terms                                               ---
--------------------------------------------------------------------------------
CHEMPLP = - ( 1.0000*S(PLP) + -3.0000*S(hbond) + -6.0000*S(metal) + -3.0000*S(cho) )

Score = CHEMPLP - 1.0000*DE(clash) - 2.0000*DE(tors)


--------------------------------------------------------------------------------


--------------------------------------------------------------------------------
--- PLP analysis of protein-ligand interactions                              ---
--------------------------------------------------------------------------------
hydrogen bonding        :      -2.72
metal                   :       0.00
buried (polar-nonpolar) :      -1.88
nonpolar                :     -31.32
repulsive               :       3.55
--------------------------------------------------------------------------------


--------------------------------------------------------------------------------
--- ChemScore analysis of protein-ligand interactions                        ---
--------------------------------------------------------------------------------

* Hydrogen bonds                                                                


* CH..O interactions                                                            
  CH group selection                       : activated ring CH (adjacent to hetatom)

--------------------------------------------------------------------------------


--------------------------------------------------------------------------------
--- Intra-ligand clashes                                                     ---
--------------------------------------------------------------------------------

Ligand
--------------------------------------------------------------------------------


--------------------------------------------------------------------------------
--- Chromosome decoded                                                       ---
--------------------------------------------------------------------------------
Ligand Torsions
[   6    2    1    3]  -72.53
[  12    5    1    2] -170.46
Protein Torsions
[5081 5072 5071 5069]   74.09 
[5041 5025 5024 5021]  -22.66 
[5032 5026 5027 5028]  -75.25 
[5036 5031 5030 5027]   68.96 
[4987 4979 4980 4981]  153.48 
[5133 5126 5127 5128]  -16.79 
[14333 5029 5028 5027]   -4.77 
[14340 4982 4981 4980]    1.18 
Mapping
Ligand acceptors to protein hydrogens (mapping then atom ids)
Ligand hydrogens to protein acceptors (mapping then atom ids)
Ligand shape atoms to protein points (mapping then atom ids & coords)
  1 15121 [  5->(138.500 142.500 164.750)]
  2  9942 [  6->(137.000 142.250 165.500)]
  3  7956 [  7->(136.500 140.750 164.250)]
  5  1868 [ 13->(134.500 138.500 164.750)]
  6 10873 [ 14->(137.250 141.250 164.500)]
Chromosome values
Integers:
  -1   -1   -1   -1   -1 15120 9941 7955   -1 1867 10872   -1 
--------------------------------------------------------------------------------


--------------------------------------------------------------------------------
--- Diverse Solutions Stats                                                  ---
--------------------------------------------------------------------------------
  Move attempts                            :  22705
  Move failures                            :      0
  Failure rate                             :   0.000

--------------------------------------------------------------------------------

Current Ranking  2  1

--------------------------------------------------------------------------------

* GA execution time :                                                           
  total  2.1025 user  2.1024 sys  0.0001

--------------------------------------------------------------------------------
Fitness function evaluations: 614020

--------------------------------------------------------------------------------
** Docking run number  3 **
--------------------------------------------------------------------------------
  Rank fitness base is 5000.00 ; increment is 11.2233

* Initialising population(s) ...                                                
Number of constraints mappings 0
Number of constraints 0
  Population no.                           :      1
  Population size                          :    100
  Number of duplicates                     :      0
  Number of niche violations               :      0
  Number of errors                         : 590754


Doing GA, no. of population(s) 1 size 100 selection pressure 1.100000

 Operation      Fitness  S(hb_ext) S(vdw_ext)  S(hb_int)    S(int)      intcor
         0      29.99       1.14      22.96       0.00     -13.62      -0.76
       150      34.20       2.73      26.67       0.00     -24.92      -0.76
       279      32.70       2.70      25.27       0.00     -21.31      -0.76
       341      31.15       0.00      23.16       0.00      -3.05      -0.76
       343      32.56       2.94      23.79       0.00     -13.63      -0.76
Reordering...
       471      29.57       0.00      22.05       0.00      -3.05      -0.76
       533      31.31       2.63      21.82       0.00      -5.32      -0.76
       734      30.88       1.37      22.93       0.00      -7.50      -0.76
       919      30.98       2.60      21.75       0.00      -5.32      -0.76
Reordering...
      1099      29.70       1.36      22.31       0.00      -7.50      -0.76
      1353      29.35       1.53      22.12       0.00      -7.50      -0.76
Reordering...
      1508      29.04       1.57      21.77       0.00      -6.65      -0.76
Reordering...
      1570      28.81       1.53      21.90       0.00      -7.50      -0.76
      1583      29.21       0.84      21.26       0.00      -2.30      -0.76
      1719      29.86       1.24      21.16       0.00      -1.19      -0.76
      1894      29.95       1.08      21.71       0.00      -2.30      -0.76
      2026      30.01       1.37      21.22       0.00      -1.19      -0.76
Reordering...
      2041      29.77       1.08      21.63       0.00      -2.30      -0.76
      2184      30.66       1.07      22.34       0.00      -2.30      -0.76
      2577      29.71       1.05      21.59       0.00      -1.82      -0.76
      2787      30.24       1.12      22.21       0.00      -2.30      -0.76
      3269      30.21       1.64      20.90       0.00      -0.23      -0.76
Reordering...
      3768      28.65       1.00      21.65       0.00      -2.30      -0.76
Reordering...
      3900      28.55       1.64      19.74       0.00      -0.23      -0.76
Reordering...
      3925      28.51       1.00      21.65       0.00      -2.30      -0.76
      4302      28.53       1.14      21.59       0.00      -2.30      -0.76
      4325      28.98       1.16      21.21       0.00      -1.34      -0.76
      4416      29.30       1.01      21.55       0.00      -1.34      -0.76
      4851      29.33       1.02      21.46       0.00      -1.20      -0.76
      4874      29.36       1.03      21.29       0.00      -0.94      -0.76
      5177      29.47       1.00      21.44       0.00      -1.02      -0.76
--------------------------------------------------------------------------------
Best docking solution after GA:
      5250      29.47       1.00      21.44       0.00      -1.02      -0.76

#ops:       5250 #mutates:   2576 #cross:     2674 #dups:      1114 
#niche:     2995 #errors:    1194 
--------------------------------------------------------------------------------

Doing AMOEBA simplex on best individual
Done simplexing #iterations 585, best score  34.23

Ligand is stored in gold_soln_ligand_prepared_m1_3.mol2


--------------------------------------------------------------------------------
--- GoldScore breakdown of terms                                             ---
--------------------------------------------------------------------------------
Fitness = S(hb_ext) + 1.3750*S(vdw_ext) + S(hb_int) + 1.0000*S(int)
S(int)  = S(vdw_int) + S(tors)

Internal terms are relative to best energy found (intcor).

--------------------------------------------------------------------------------


     Fitness  S(hb_ext) S(vdw_ext)  S(hb_int)    S(int)      intcor
     34.23       1.62      24.17       0.00      -0.62      -0.76

--------------------------------------------------------------------------------
--- GoldScore analysis of protein-ligand interactions                        ---
--------------------------------------------------------------------------------

  Ligand acceptor   17 Protein hydrogen 4762 donor 4756 bond energy  2.00 wt 0.81

--------------------------------------------------------------------------------

--------------------------------------------------------------------------------
--- Rescoring solution                                                       ---
--------------------------------------------------------------------------------

     Score     S(PLP)   S(hbond)     S(cho)   S(metal)  DE(clash)   DE(tors)
     15.68     -15.13       1.00       0.00       0.00       0.00       1.22

Doing AMOEBA simplex on best individual
Done simplexing #iterations 836, best score  31.88

     Score     S(PLP)   S(hbond)     S(cho)   S(metal)  DE(clash)   DE(tors)
     31.88     -31.29       1.00       0.00       0.00       0.00       1.21

--------------------------------------------------------------------------------
--- CHEMPLP breakdown of terms                                               ---
--------------------------------------------------------------------------------
CHEMPLP = - ( 1.0000*S(PLP) + -3.0000*S(hbond) + -6.0000*S(metal) + -3.0000*S(cho) )

Score = CHEMPLP - 1.0000*DE(clash) - 2.0000*DE(tors)


--------------------------------------------------------------------------------


--------------------------------------------------------------------------------
--- PLP analysis of protein-ligand interactions                              ---
--------------------------------------------------------------------------------
hydrogen bonding        :      -2.85
metal                   :       0.00
buried (polar-nonpolar) :      -8.53
nonpolar                :     -24.26
repulsive               :       3.79
--------------------------------------------------------------------------------


--------------------------------------------------------------------------------
--- ChemScore analysis of protein-ligand interactions                        ---
--------------------------------------------------------------------------------

* Hydrogen bonds                                                                
Protein donor 4756 hydrogen 4762 Ligand acceptor   17 bond energy  1.00 wt 1.00


* CH..O interactions                                                            
  CH group selection                       : activated ring CH (adjacent to hetatom)

--------------------------------------------------------------------------------


--------------------------------------------------------------------------------
--- Intra-ligand clashes                                                     ---
--------------------------------------------------------------------------------

Ligand
--------------------------------------------------------------------------------


--------------------------------------------------------------------------------
--- Chromosome decoded                                                       ---
--------------------------------------------------------------------------------
Ligand Torsions
[   6    2    1    3]   91.15
[  12    5    1    2] -165.75
Protein Torsions
[5081 5072 5071 5069]  159.03 
[5041 5025 5024 5021]  133.25 
[5032 5026 5027 5028]  -74.96 
[5036 5031 5030 5027] -153.79 
[4987 4979 4980 4981] -112.94 
[5133 5126 5127 5128]   15.66 
[14333 5029 5028 5027]  -96.85 
[14340 4982 4981 4980]   15.23 
Mapping
Ligand acceptors to protein hydrogens (mapping then atom ids)
  3  13 [ 17->4762]
Ligand hydrogens to protein acceptors (mapping then atom ids)
Ligand shape atoms to protein points (mapping then atom ids & coords)
  1 12130 [  5->(137.500 145.000 165.000)]
  4 15786 [ 12->(138.750 143.750 164.750)]
  6  7459 [ 14->(136.250 148.250 169.250)]
  7  6353 [ 16->(136.000 146.500 166.750)]
Chromosome values
Integers:
  -1   -1   12   -1   -1 12129   -1   -1 15785   -1 7458 6352 
--------------------------------------------------------------------------------


--------------------------------------------------------------------------------
--- Diverse Solutions Stats                                                  ---
--------------------------------------------------------------------------------
  Move attempts                            :  21501
  Move failures                            :      0
  Failure rate                             :   0.000

--------------------------------------------------------------------------------

Current Ranking  2  1  3

--------------------------------------------------------------------------------

* GA execution time :                                                           
  total  2.1133 user  2.1033 sys  0.0100

--------------------------------------------------------------------------------
Fitness function evaluations: 613472

--------------------------------------------------------------------------------
** Docking run number  4 **
--------------------------------------------------------------------------------
  Rank fitness base is 5000.00 ; increment is 11.2233

* Initialising population(s) ...                                                
Number of constraints mappings 0
Number of constraints 0
  Population no.                           :      1
  Population size                          :    100
  Number of duplicates                     :      0
  Number of niche violations               :      0
  Number of errors                         : 587509


Doing GA, no. of population(s) 1 size 100 selection pressure 1.100000

 Operation      Fitness  S(hb_ext) S(vdw_ext)  S(hb_int)    S(int)      intcor
         0      29.34       2.78      20.01       0.00      -4.77      -0.76
Reordering...
       157      26.25       0.66      19.95       0.00      -8.67      -0.76
       172      26.41       0.00      20.05       0.00      -5.42      -0.76
       209      26.62       0.00      20.38       0.00      -6.46      -0.76
       250      26.94       1.42      20.83       0.00     -14.35      -0.76
       284      27.03       2.00      20.18       0.00     -12.24      -0.76
       384      28.41       2.00      21.28       0.00     -12.24      -0.76
       398      29.09       1.65      20.25       0.00      -1.77      -0.76
       538      31.62       2.00      22.35       0.00      -4.50      -0.76
       934      31.10       1.93      22.16       0.00      -4.50      -0.76
Reordering...
      1256      30.18       1.93      21.19       0.00      -2.67      -0.76
      1370      30.57       2.00      20.95       0.00      -0.68      -0.76
      1426      33.55       1.89      23.14       0.00      -0.43      -0.76
      2039      33.25       1.88      22.90       0.00      -0.24      -0.76
      2090      33.30       1.85      22.96       0.00      -0.24      -0.76
      2466      33.50       1.79      23.16       0.00      -0.24      -0.76
      2562      34.76       1.95      24.15       0.00      -0.69      -0.76
      3114      35.17       1.91      24.71       0.00      -1.01      -0.76
      3354      35.16       1.93      24.61       0.00      -0.78      -0.76
      3371      35.25       1.92      24.65       0.00      -0.72      -0.76
      4025      35.09       1.92      24.63       0.00      -0.69      -0.76
      4162      35.48       1.84      24.51       0.00      -0.05      -0.76
      4815      35.51       1.84      24.53       0.00      -0.05      -0.76
      4987      35.58       1.83      24.56       0.00      -0.03      -0.76
--------------------------------------------------------------------------------
Best docking solution after GA:
      5250      35.58       1.83      24.56       0.00      -0.03      -0.76

#ops:       5250 #mutates:   2654 #cross:     2596 #dups:      1496 
#niche:     3283 #errors:     889 
--------------------------------------------------------------------------------

Doing AMOEBA simplex on best individual
Done simplexing #iterations 617, best score  36.71

Ligand is stored in gold_soln_ligand_prepared_m1_4.mol2


--------------------------------------------------------------------------------
--- GoldScore breakdown of terms                                             ---
--------------------------------------------------------------------------------
Fitness = S(hb_ext) + 1.3750*S(vdw_ext) + S(hb_int) + 1.0000*S(int)
S(int)  = S(vdw_int) + S(tors)

Internal terms are relative to best energy found (intcor).

--------------------------------------------------------------------------------


     Fitness  S(hb_ext) S(vdw_ext)  S(hb_int)    S(int)      intcor
     36.71       1.74      25.43       0.00      -0.00      -0.76

--------------------------------------------------------------------------------
--- GoldScore analysis of protein-ligand interactions                        ---
--------------------------------------------------------------------------------

  Ligand acceptor   17 Protein hydrogen 4762 donor 4756 bond energy  2.00 wt 0.87

--------------------------------------------------------------------------------

--------------------------------------------------------------------------------
--- Rescoring solution                                                       ---
--------------------------------------------------------------------------------

     Score     S(PLP)   S(hbond)     S(cho)   S(metal)  DE(clash)   DE(tors)
     20.41     -18.89       0.68       0.00       0.00       0.00       0.26

Doing AMOEBA simplex on best individual
Done simplexing #iterations 703, best score  26.85

     Score     S(PLP)   S(hbond)     S(cho)   S(metal)  DE(clash)   DE(tors)
     26.85     -24.79       0.91       0.00       0.00       0.00       0.34

--------------------------------------------------------------------------------
--- CHEMPLP breakdown of terms                                               ---
--------------------------------------------------------------------------------
CHEMPLP = - ( 1.0000*S(PLP) + -3.0000*S(hbond) + -6.0000*S(metal) + -3.0000*S(cho) )

Score = CHEMPLP - 1.0000*DE(clash) - 2.0000*DE(tors)


--------------------------------------------------------------------------------


--------------------------------------------------------------------------------
--- PLP analysis of protein-ligand interactions                              ---
--------------------------------------------------------------------------------
hydrogen bonding        :      -2.59
metal                   :       0.00
buried (polar-nonpolar) :      -3.28
nonpolar                :     -19.86
repulsive               :       0.94
--------------------------------------------------------------------------------


--------------------------------------------------------------------------------
--- ChemScore analysis of protein-ligand interactions                        ---
--------------------------------------------------------------------------------

* Hydrogen bonds                                                                
Protein donor 4756 hydrogen 4762 Ligand acceptor   17 bond energy  1.00 wt 0.91


* CH..O interactions                                                            
  CH group selection                       : activated ring CH (adjacent to hetatom)

--------------------------------------------------------------------------------


--------------------------------------------------------------------------------
--- Intra-ligand clashes                                                     ---
--------------------------------------------------------------------------------

Ligand
--------------------------------------------------------------------------------


--------------------------------------------------------------------------------
--- Chromosome decoded                                                       ---
--------------------------------------------------------------------------------
Ligand Torsions
[   6    2    1    3]  -68.92
[  12    5    1    2] -175.11
Protein Torsions
[5081 5072 5071 5069]  125.90 
[5041 5025 5024 5021] -106.04 
[5032 5026 5027 5028]   65.35 
[5036 5031 5030 5027] -139.47 
[4987 4979 4980 4981]  -45.44 
[5133 5126 5127 5128]   74.11 
[14333 5029 5028 5027] -149.99 
[14340 4982 4981 4980]   91.61 
Mapping
Ligand acceptors to protein hydrogens (mapping then atom ids)
  3  13 [ 17->4762]
Ligand hydrogens to protein acceptors (mapping then atom ids)
Ligand shape atoms to protein points (mapping then atom ids & coords)
  1  8191 [  5->(136.500 144.750 168.250)]
  4 12139 [ 12->(137.500 145.000 167.250)]
  7  7989 [ 16->(136.500 141.250 164.750)]
Chromosome values
Integers:
  -1   -1   12   -1   -1 8190   -1   -1 12138   -1   -1 7988 
--------------------------------------------------------------------------------


--------------------------------------------------------------------------------
--- Diverse Solutions Stats                                                  ---
--------------------------------------------------------------------------------
  Move attempts                            :  21779
  Move failures                            :     60
  Failure rate                             :   0.003

--------------------------------------------------------------------------------

Current Ranking  2  4  1  3

--------------------------------------------------------------------------------

* GA execution time :                                                           
  total  1.9841 user  1.9639 sys  0.0203

--------------------------------------------------------------------------------
Fitness function evaluations: 610141

--------------------------------------------------------------------------------
** Docking run number  5 **
--------------------------------------------------------------------------------
  Rank fitness base is 5000.00 ; increment is 11.2233

* Initialising population(s) ...                                                
Number of constraints mappings 0
Number of constraints 0
  Population no.                           :      1
  Population size                          :    100
  Number of duplicates                     :      0
  Number of niche violations               :      0
  Number of errors                         : 607007


Doing GA, no. of population(s) 1 size 100 selection pressure 1.100000

 Operation      Fitness  S(hb_ext) S(vdw_ext)  S(hb_int)    S(int)      intcor
         0      30.01       0.00      26.53       0.00     -32.33      -0.76
        70      30.15       0.00      27.17       0.00     -35.26      -0.76
Reordering...
       157      28.27       0.79      21.67       0.00     -10.87      -0.76
       166      30.05       0.00      23.56       0.00     -11.02      -0.76
Reordering...
       314      27.29       0.67      21.54       0.00     -13.18      -0.76
Reordering...
       416      27.17       2.02      19.17       0.00      -5.11      -0.76
Reordering...
       471      26.73       1.50      20.32       0.00     -11.14      -0.76
       575      27.33       1.54      19.60       0.00      -4.58      -0.76
       583      28.30       1.53      20.04       0.00      -3.11      -0.76
       606      30.17       1.89      21.41       0.00      -4.58      -0.76
       895      29.96       1.87      22.50       0.00      -9.87      -0.76
       940      30.73       0.42      22.53       0.00      -2.26      -0.76
      1048      33.36       2.00      22.94       0.00      -0.58      -0.76
      1585      33.50       1.80      23.29       0.00      -0.85      -0.76
      1874      33.37       1.64      23.63       0.00      -1.77      -0.76
Reordering...
      2041      32.65       1.64      23.14       0.00      -1.77      -0.76
Reordering...
      2132      32.62       2.00      22.47       0.00      -0.58      -0.76
      2158      32.78       1.67      22.92       0.00      -0.85      -0.76
Reordering...
      2198      32.48       2.00      22.37       0.00      -0.58      -0.76
      2336      32.69       2.00      22.58       0.00      -0.71      -0.76
      2391      33.04       1.72      23.00       0.00      -0.57      -0.76
      2785      32.50       1.71      22.64       0.00      -0.55      -0.76
      2808      32.66       1.73      22.86       0.00      -0.81      -0.76
      2892      32.30       1.73      22.56       0.00      -0.71      -0.76
Reordering...
      2983      31.88       1.25      23.39       0.00      -2.28      -0.76
      2998      32.05       1.25      23.33       0.00      -1.91      -0.76
      3011      32.58       1.25      23.25       0.00      -0.96      -0.76
      3145      32.89       1.25      23.31       0.00      -0.58      -0.76
      4029      32.70       0.78      23.70       0.00      -0.66      -0.76
      4222      33.74       0.55      24.56       0.00      -0.58      -0.76
--------------------------------------------------------------------------------
Best docking solution after GA:
      5250      33.74       0.55      24.56       0.00      -0.58      -0.76

#ops:       5250 #mutates:   2638 #cross:     2612 #dups:      1101 
#niche:     3195 #errors:     955 
--------------------------------------------------------------------------------

Doing AMOEBA simplex on best individual
Done simplexing #iterations 691, best score  35.51

Ligand is stored in gold_soln_ligand_prepared_m1_5.mol2


--------------------------------------------------------------------------------
--- GoldScore breakdown of terms                                             ---
--------------------------------------------------------------------------------
Fitness = S(hb_ext) + 1.3750*S(vdw_ext) + S(hb_int) + 1.0000*S(int)
S(int)  = S(vdw_int) + S(tors)

Internal terms are relative to best energy found (intcor).

--------------------------------------------------------------------------------


     Fitness  S(hb_ext) S(vdw_ext)  S(hb_int)    S(int)      intcor
     35.51       0.76      25.33       0.00      -0.09      -0.76

--------------------------------------------------------------------------------
--- GoldScore analysis of protein-ligand interactions                        ---
--------------------------------------------------------------------------------

  Ligand acceptor   17 Protein hydrogen 4762 donor 4756 bond energy  2.00 wt 0.38

--------------------------------------------------------------------------------

--------------------------------------------------------------------------------
--- Rescoring solution                                                       ---
--------------------------------------------------------------------------------

     Score     S(PLP)   S(hbond)     S(cho)   S(metal)  DE(clash)   DE(tors)
      8.66     -11.08       0.00       0.00       0.00       0.00       1.21

Doing AMOEBA simplex on best individual
Done simplexing #iterations 835, best score  24.88

     Score     S(PLP)   S(hbond)     S(cho)   S(metal)  DE(clash)   DE(tors)
     24.88     -26.98       0.00       0.00       0.00       0.00       1.05

--------------------------------------------------------------------------------
--- CHEMPLP breakdown of terms                                               ---
--------------------------------------------------------------------------------
CHEMPLP = - ( 1.0000*S(PLP) + -3.0000*S(hbond) + -6.0000*S(metal) + -3.0000*S(cho) )

Score = CHEMPLP - 1.0000*DE(clash) - 2.0000*DE(tors)


--------------------------------------------------------------------------------


--------------------------------------------------------------------------------
--- PLP analysis of protein-ligand interactions                              ---
--------------------------------------------------------------------------------
hydrogen bonding        :      -2.99
metal                   :       0.00
buried (polar-nonpolar) :      -5.48
nonpolar                :     -23.84
repulsive               :       4.34
--------------------------------------------------------------------------------


--------------------------------------------------------------------------------
--- ChemScore analysis of protein-ligand interactions                        ---
--------------------------------------------------------------------------------

* Hydrogen bonds                                                                


* CH..O interactions                                                            
  CH group selection                       : activated ring CH (adjacent to hetatom)

--------------------------------------------------------------------------------


--------------------------------------------------------------------------------
--- Intra-ligand clashes                                                     ---
--------------------------------------------------------------------------------

Ligand
--------------------------------------------------------------------------------


--------------------------------------------------------------------------------
--- Chromosome decoded                                                       ---
--------------------------------------------------------------------------------
Ligand Torsions
[   6    2    1    3]  -78.22
[  12    5    1    2] -169.68
Protein Torsions
[5081 5072 5071 5069]  -74.32 
[5041 5025 5024 5021]  131.44 
[5032 5026 5027 5028]  -49.86 
[5036 5031 5030 5027] -164.29 
[4987 4979 4980 4981]  152.57 
[5133 5126 5127 5128]    3.76 
[14333 5029 5028 5027] -119.47 
[14340 4982 4981 4980]  -59.10 
Mapping
Ligand acceptors to protein hydrogens (mapping then atom ids)
  3  13 [ 17->4762]
Ligand hydrogens to protein acceptors (mapping then atom ids)
Ligand shape atoms to protein points (mapping then atom ids & coords)
  1  8988 [  5->(136.750 143.000 166.750)]
  3  5358 [  7->(135.750 141.500 166.250)]
  6  5223 [ 14->(135.750 139.500 164.000)]
  7  8863 [ 16->(136.750 141.000 164.250)]
Chromosome values
Integers:
  -1   -1   12   -1   -1 8987   -1 5357   -1   -1 5222 8862 
--------------------------------------------------------------------------------


--------------------------------------------------------------------------------
--- Diverse Solutions Stats                                                  ---
--------------------------------------------------------------------------------
  Move attempts                            :  22125
  Move failures                            :     67
  Failure rate                             :   0.003

--------------------------------------------------------------------------------

Current Ranking  2  4  1  5  3

--------------------------------------------------------------------------------

* GA execution time :                                                           
  total  2.0696 user  2.0494 sys  0.0202

--------------------------------------------------------------------------------
Fitness function evaluations: 630043

--------------------------------------------------------------------------------
** Docking run number  6 **
--------------------------------------------------------------------------------
  Rank fitness base is 5000.00 ; increment is 11.2233

* Initialising population(s) ...                                                
Number of constraints mappings 0
Number of constraints 0
  Population no.                           :      1
  Population size                          :    100
  Number of duplicates                     :      0
  Number of niche violations               :      0
  Number of errors                         : 584139


Doing GA, no. of population(s) 1 size 100 selection pressure 1.100000

 Operation      Fitness  S(hb_ext) S(vdw_ext)  S(hb_int)    S(int)      intcor
         0      32.40       1.43      23.26       0.00      -5.07      -0.76
       350      32.70       1.61      23.88       0.00      -7.67      -0.76
Reordering...
      1099      26.57       0.07      20.07       0.00      -3.50      -0.76
      1205      27.66       1.14      20.44       0.00      -4.85      -0.76
      1235      28.75       0.00      22.37       0.00      -6.17      -0.76
      1809      27.75       0.00      21.70       0.00      -5.08      -0.76
      1811      28.84       0.00      21.54       0.00      -1.89      -0.76
      1868      29.23       0.00      21.46       0.00      -0.64      -0.76
Reordering...
      2041      28.53       0.00      21.38       0.00      -1.89      -0.76
Reordering...
      2132      28.49       0.00      20.94       0.00      -0.64      -0.76
Reordering...
      2198      28.34       0.00      21.29       0.00      -1.89      -0.76
      2270      28.42       0.00      21.15       0.00      -1.33      -0.76
Reordering...
      2355      28.14       0.00      21.18       0.00      -1.89      -0.76
      2564      28.20       2.00      19.83       0.00      -1.89      -0.76
      3598      28.09       2.00      19.85       0.00      -1.39      -0.76
      4264      28.03       2.00      19.93       0.00      -1.38      -0.76
      4486      29.19       0.00      22.51       0.00      -1.77      -0.76
      4967      29.47       0.00      22.67       0.00      -1.70      -0.76
--------------------------------------------------------------------------------
Best docking solution after GA:
      5250      29.47       0.00      22.67       0.00      -1.70      -0.76

#ops:       5250 #mutates:   2632 #cross:     2618 #dups:      1194 
#niche:     2562 #errors:    1496 
--------------------------------------------------------------------------------

Doing AMOEBA simplex on best individual
Done simplexing #iterations 666, best score  33.21

Ligand is stored in gold_soln_ligand_prepared_m1_6.mol2


--------------------------------------------------------------------------------
--- GoldScore breakdown of terms                                             ---
--------------------------------------------------------------------------------
Fitness = S(hb_ext) + 1.3750*S(vdw_ext) + S(hb_int) + 1.0000*S(int)
S(int)  = S(vdw_int) + S(tors)

Internal terms are relative to best energy found (intcor).

--------------------------------------------------------------------------------


     Fitness  S(hb_ext) S(vdw_ext)  S(hb_int)    S(int)      intcor
     33.21       0.00      24.95       0.00      -1.10      -0.76

--------------------------------------------------------------------------------
--- GoldScore analysis of protein-ligand interactions                        ---
--------------------------------------------------------------------------------


--------------------------------------------------------------------------------

--------------------------------------------------------------------------------
--- Rescoring solution                                                       ---
--------------------------------------------------------------------------------

     Score     S(PLP)   S(hbond)     S(cho)   S(metal)  DE(clash)   DE(tors)
     -2.78       1.14       0.00       0.00       0.00       0.27       0.69

Doing AMOEBA simplex on best individual
Done simplexing #iterations 1006, best score  11.29

     Score     S(PLP)   S(hbond)     S(cho)   S(metal)  DE(clash)   DE(tors)
     11.29     -13.38       0.00       0.00       0.00       0.53       0.78

--------------------------------------------------------------------------------
--- CHEMPLP breakdown of terms                                               ---
--------------------------------------------------------------------------------
CHEMPLP = - ( 1.0000*S(PLP) + -3.0000*S(hbond) + -6.0000*S(metal) + -3.0000*S(cho) )

Score = CHEMPLP - 1.0000*DE(clash) - 2.0000*DE(tors)


--------------------------------------------------------------------------------


--------------------------------------------------------------------------------
--- PLP analysis of protein-ligand interactions                              ---
--------------------------------------------------------------------------------
hydrogen bonding        :      -1.00
metal                   :       0.00
buried (polar-nonpolar) :       1.08
nonpolar                :     -27.64
repulsive               :      12.70
--------------------------------------------------------------------------------


--------------------------------------------------------------------------------
--- ChemScore analysis of protein-ligand interactions                        ---
--------------------------------------------------------------------------------

* Hydrogen bonds                                                                


* CH..O interactions                                                            
  CH group selection                       : activated ring CH (adjacent to hetatom)

--------------------------------------------------------------------------------


--------------------------------------------------------------------------------
--- Intra-ligand clashes                                                     ---
--------------------------------------------------------------------------------

Ligand
  7 (C7   ) -   3 (C3   ):   0.53 (dist   2.74)
--------------------------------------------------------------------------------


--------------------------------------------------------------------------------
--- Chromosome decoded                                                       ---
--------------------------------------------------------------------------------
Ligand Torsions
[   6    2    1    3]  161.48
[  12    5    1    2]  170.48
Protein Torsions
[5081 5072 5071 5069] -111.82 
[5041 5025 5024 5021]  135.62 
[5032 5026 5027 5028] -158.21 
[5036 5031 5030 5027]   49.56 
[4987 4979 4980 4981]  172.68 
[5133 5126 5127 5128]   98.28 
[14333 5029 5028 5027]    3.22 
[14340 4982 4981 4980]  -41.69 
Mapping
Ligand acceptors to protein hydrogens (mapping then atom ids)
Ligand hydrogens to protein acceptors (mapping then atom ids)
Ligand shape atoms to protein points (mapping then atom ids & coords)
  2 13063 [  6->(137.750 145.000 168.250)]
  4 13621 [ 12->(138.000 140.750 168.000)]
  5  7314 [ 13->(136.250 146.500 169.500)]
Chromosome values
Integers:
  -1   -1   -1   -1   -1   -1 13062   -1 13620 7313   -1   -1 
--------------------------------------------------------------------------------


--------------------------------------------------------------------------------
--- Diverse Solutions Stats                                                  ---
--------------------------------------------------------------------------------
  Move attempts                            :  21782
  Move failures                            :     71
  Failure rate                             :   0.003

--------------------------------------------------------------------------------

Current Ranking  2  4  1  5  3  6

--------------------------------------------------------------------------------

* GA execution time :                                                           
  total  1.9940 user  1.9740 sys  0.0200

--------------------------------------------------------------------------------
Fitness function evaluations: 607369

--------------------------------------------------------------------------------
** Docking run number  7 **
--------------------------------------------------------------------------------
  Rank fitness base is 5000.00 ; increment is 11.2233

* Initialising population(s) ...                                                
Number of constraints mappings 0
Number of constraints 0
  Population no.                           :      1
  Population size                          :    100
  Number of duplicates                     :      0
  Number of niche violations               :      0
  Number of errors                         : 599907


Doing GA, no. of population(s) 1 size 100 selection pressure 1.100000

 Operation      Fitness  S(hb_ext) S(vdw_ext)  S(hb_int)    S(int)      intcor
         0      30.51       2.01      23.63       0.00     -19.99      -0.76
       352      29.93       2.00      23.18       0.00     -17.37      -0.76
       405      31.67       1.92      22.22       0.00      -3.49      -0.76
       491      31.37       2.00      23.59       0.00     -12.62      -0.76
       548      31.90       2.00      22.44       0.00      -3.87      -0.76
       599      32.41       1.75      22.94       0.00      -3.49      -0.76
       744      31.85       1.72      22.56       0.00      -3.29      -0.76
       788      32.06       1.70      22.78       0.00      -3.49      -0.76
      1209      31.77       2.00      22.37       0.00      -3.04      -0.76
      1250      32.92       2.00      25.05       0.00     -10.56      -0.76
Reordering...
      2198      30.18       2.00      24.59       0.00     -11.53      -0.76
Reordering...
      2548      29.35       0.00      21.51       0.00      -0.39      -0.76
      3724      33.34       0.00      24.98       0.00      -1.11      -0.76
--------------------------------------------------------------------------------
Best docking solution after GA:
      5250      33.24       0.00      24.98       0.00      -1.11      -0.76

#ops:       5250 #mutates:   2666 #cross:     2584 #dups:      1159 
#niche:     2665 #errors:    1418 
--------------------------------------------------------------------------------

Doing AMOEBA simplex on best individual
Done simplexing #iterations 787, best score  35.52

Ligand is stored in gold_soln_ligand_prepared_m1_7.mol2


--------------------------------------------------------------------------------
--- GoldScore breakdown of terms                                             ---
--------------------------------------------------------------------------------
Fitness = S(hb_ext) + 1.3750*S(vdw_ext) + S(hb_int) + 1.0000*S(int)
S(int)  = S(vdw_int) + S(tors)

Internal terms are relative to best energy found (intcor).

--------------------------------------------------------------------------------


     Fitness  S(hb_ext) S(vdw_ext)  S(hb_int)    S(int)      intcor
     35.52       0.00      26.55       0.00      -0.98      -0.76

--------------------------------------------------------------------------------
--- GoldScore analysis of protein-ligand interactions                        ---
--------------------------------------------------------------------------------


--------------------------------------------------------------------------------

--------------------------------------------------------------------------------
--- Rescoring solution                                                       ---
--------------------------------------------------------------------------------

     Score     S(PLP)   S(hbond)     S(cho)   S(metal)  DE(clash)   DE(tors)
      7.43      -9.83       0.00       0.00       0.00       0.16       1.12

Doing AMOEBA simplex on best individual
Done simplexing #iterations 918, best score  22.38

     Score     S(PLP)   S(hbond)     S(cho)   S(metal)  DE(clash)   DE(tors)
     22.38     -22.41       0.00       0.00       0.00       0.00       0.01

--------------------------------------------------------------------------------
--- CHEMPLP breakdown of terms                                               ---
--------------------------------------------------------------------------------
CHEMPLP = - ( 1.0000*S(PLP) + -3.0000*S(hbond) + -6.0000*S(metal) + -3.0000*S(cho) )

Score = CHEMPLP - 1.0000*DE(clash) - 2.0000*DE(tors)


--------------------------------------------------------------------------------


--------------------------------------------------------------------------------
--- PLP analysis of protein-ligand interactions                              ---
--------------------------------------------------------------------------------
hydrogen bonding        :       0.09
metal                   :       0.00
buried (polar-nonpolar) :       0.91
nonpolar                :     -25.46
repulsive               :       1.34
--------------------------------------------------------------------------------


--------------------------------------------------------------------------------
--- ChemScore analysis of protein-ligand interactions                        ---
--------------------------------------------------------------------------------

* Hydrogen bonds                                                                


* CH..O interactions                                                            
  CH group selection                       : activated ring CH (adjacent to hetatom)

--------------------------------------------------------------------------------


--------------------------------------------------------------------------------
--- Intra-ligand clashes                                                     ---
--------------------------------------------------------------------------------

Ligand
--------------------------------------------------------------------------------


--------------------------------------------------------------------------------
--- Chromosome decoded                                                       ---
--------------------------------------------------------------------------------
Ligand Torsions
[   6    2    1    3]  -23.77
[  12    5    1    2]  167.83
Protein Torsions
[5081 5072 5071 5069]  149.88 
[5041 5025 5024 5021] -120.30 
[5032 5026 5027 5028]  -44.99 
[5036 5031 5030 5027] -104.89 
[4987 4979 4980 4981]   65.30 
[5133 5126 5127 5128]  105.70 
[14333 5029 5028 5027]  -22.93 
[14340 4982 4981 4980]   56.63 
Mapping
Ligand acceptors to protein hydrogens (mapping then atom ids)
Ligand hydrogens to protein acceptors (mapping then atom ids)
Ligand shape atoms to protein points (mapping then atom ids & coords)
  3  9939 [  7->(137.000 142.250 164.750)]
  4 14684 [ 12->(138.250 145.250 164.750)]
  5  6118 [ 13->(136.000 141.000 165.250)]
Chromosome values
Integers:
  -1   -1   -1   -1   -1   -1   -1 9938 14683 6117   -1   -1 
--------------------------------------------------------------------------------


--------------------------------------------------------------------------------
--- Diverse Solutions Stats                                                  ---
--------------------------------------------------------------------------------
  Move attempts                            :  21800
  Move failures                            :    105
  Failure rate                             :   0.005

--------------------------------------------------------------------------------

Current Ranking  2  4  1  7  5  3  6

--------------------------------------------------------------------------------

* GA execution time :                                                           
  total  2.0339 user  2.0141 sys  0.0198

--------------------------------------------------------------------------------
Fitness function evaluations: 623043

--------------------------------------------------------------------------------
** Docking run number  8 **
--------------------------------------------------------------------------------
  Rank fitness base is 5000.00 ; increment is 11.2233

* Initialising population(s) ...                                                
Number of constraints mappings 0
Number of constraints 0
  Population no.                           :      1
  Population size                          :    100
  Number of duplicates                     :      0
  Number of niche violations               :      0
  Number of errors                         : 596304


Doing GA, no. of population(s) 1 size 100 selection pressure 1.100000

 Operation      Fitness  S(hb_ext) S(vdw_ext)  S(hb_int)    S(int)      intcor
         0      28.07       1.50      19.53       0.00      -1.42      -0.76
        17      29.16       1.80      21.39       0.00     -10.27      -0.76
       217      33.61       0.00      25.64       0.00      -7.55      -0.76
       455      32.96       0.00      24.24       0.00      -1.58      -0.76
       658      32.37       0.00      24.02       0.00      -2.55      -0.76
      1227      30.72       0.00      22.82       0.00      -2.01      -0.76
      1539      29.73       0.00      21.94       0.00      -1.17      -0.76
Reordering...
      2041      26.39       0.00      19.42       0.00      -0.67      -0.76
      2094      26.58       0.00      19.58       0.00      -0.73      -0.76
      2236      27.69       0.00      20.80       0.00      -1.82      -0.76
Reordering...
      2340      27.65       0.00      20.14       0.00      -0.08      -0.76
Reordering...
      2355      27.26       0.00      20.52       0.00      -1.82      -0.76
      2501      28.65       0.00      20.91       0.00      -0.18      -0.76
      2539      27.93       0.00      20.44       0.00      -0.32      -0.76
Reordering...
      2600      27.92       0.00      20.38       0.00      -0.18      -0.76
Reordering...
      3140      25.02       0.00      18.85       0.00      -1.26      -0.76
      3772      23.52       0.00      17.33       0.00      -0.33      -0.76
      4078      24.98       0.00      18.99       0.00      -1.13      -0.76
      4652      25.86       0.00      19.50       0.00      -0.95      -0.76
      4850      26.00       0.00      20.02       0.00      -1.54      -0.76
--------------------------------------------------------------------------------
Best docking solution after GA:
      5250      26.00       0.00      20.02       0.00      -1.54      -0.76

#ops:       5250 #mutates:   2673 #cross:     2577 #dups:      1130 
#niche:     2455 #errors:    2086 
--------------------------------------------------------------------------------

Doing AMOEBA simplex on best individual
Done simplexing #iterations 620, best score  32.29

Ligand is stored in gold_soln_ligand_prepared_m1_8.mol2


--------------------------------------------------------------------------------
--- GoldScore breakdown of terms                                             ---
--------------------------------------------------------------------------------
Fitness = S(hb_ext) + 1.3750*S(vdw_ext) + S(hb_int) + 1.0000*S(int)
S(int)  = S(vdw_int) + S(tors)

Internal terms are relative to best energy found (intcor).

--------------------------------------------------------------------------------


     Fitness  S(hb_ext) S(vdw_ext)  S(hb_int)    S(int)      intcor
     32.29       0.00      24.04       0.00      -0.77      -0.76

--------------------------------------------------------------------------------
--- GoldScore analysis of protein-ligand interactions                        ---
--------------------------------------------------------------------------------


--------------------------------------------------------------------------------

--------------------------------------------------------------------------------
--- Rescoring solution                                                       ---
--------------------------------------------------------------------------------

     Score     S(PLP)   S(hbond)     S(cho)   S(metal)  DE(clash)   DE(tors)
     -4.23       2.88       0.00       0.00       0.00       0.00       0.68

Doing AMOEBA simplex on best individual
Done simplexing #iterations 1113, best score  16.57

     Score     S(PLP)   S(hbond)     S(cho)   S(metal)  DE(clash)   DE(tors)
     16.57     -16.85       0.00       0.00       0.00       0.00       0.14

--------------------------------------------------------------------------------
--- CHEMPLP breakdown of terms                                               ---
--------------------------------------------------------------------------------
CHEMPLP = - ( 1.0000*S(PLP) + -3.0000*S(hbond) + -6.0000*S(metal) + -3.0000*S(cho) )

Score = CHEMPLP - 1.0000*DE(clash) - 2.0000*DE(tors)


--------------------------------------------------------------------------------


--------------------------------------------------------------------------------
--- PLP analysis of protein-ligand interactions                              ---
--------------------------------------------------------------------------------
hydrogen bonding        :      -1.48
metal                   :       0.00
buried (polar-nonpolar) :       3.43
nonpolar                :     -22.45
repulsive               :       2.25
--------------------------------------------------------------------------------


--------------------------------------------------------------------------------
--- ChemScore analysis of protein-ligand interactions                        ---
--------------------------------------------------------------------------------

* Hydrogen bonds                                                                


* CH..O interactions                                                            
  CH group selection                       : activated ring CH (adjacent to hetatom)

--------------------------------------------------------------------------------


--------------------------------------------------------------------------------
--- Intra-ligand clashes                                                     ---
--------------------------------------------------------------------------------

Ligand
--------------------------------------------------------------------------------


--------------------------------------------------------------------------------
--- Chromosome decoded                                                       ---
--------------------------------------------------------------------------------
Ligand Torsions
[   6    2    1    3]  -34.57
[  12    5    1    2]  163.38
Protein Torsions
[5081 5072 5071 5069]  -63.45 
[5041 5025 5024 5021]  -31.77 
[5032 5026 5027 5028]   36.62 
[5036 5031 5030 5027]   75.95 
[4987 4979 4980 4981]  155.51 
[5133 5126 5127 5128]   -6.89 
[14333 5029 5028 5027] -152.64 
[14340 4982 4981 4980]  -67.18 
Mapping
Ligand acceptors to protein hydrogens (mapping then atom ids)
Ligand hydrogens to protein acceptors (mapping then atom ids)
Ligand shape atoms to protein points (mapping then atom ids & coords)
  1 17207 [  5->(139.500 142.250 166.250)]
  4 14381 [ 12->(138.250 140.000 167.000)]
  5 13982 [ 13->(138.000 146.000 164.750)]
Chromosome values
Integers:
  -1   -1   -1   -1   -1 17206   -1   -1 14380 13981   -1   -1 
--------------------------------------------------------------------------------


--------------------------------------------------------------------------------
--- Diverse Solutions Stats                                                  ---
--------------------------------------------------------------------------------
  Move attempts                            :  21144
  Move failures                            :     17
  Failure rate                             :   0.001

--------------------------------------------------------------------------------

Current Ranking  2  4  1  7  5  3  6  8

--------------------------------------------------------------------------------

* GA execution time :                                                           
  total  1.9667 user  1.9368 sys  0.0300

--------------------------------------------------------------------------------
Fitness function evaluations: 619541

--------------------------------------------------------------------------------
** Docking run number  9 **
--------------------------------------------------------------------------------
  Rank fitness base is 5000.00 ; increment is 11.2233

* Initialising population(s) ...                                                
Number of constraints mappings 0
Number of constraints 0
  Population no.                           :      1
  Population size                          :    100
  Number of duplicates                     :      0
  Number of niche violations               :      0
  Number of errors                         : 598395


Doing GA, no. of population(s) 1 size 100 selection pressure 1.100000

 Operation      Fitness  S(hb_ext) S(vdw_ext)  S(hb_int)    S(int)      intcor
         0      30.36       2.00      20.72       0.00      -0.69      -0.76
       139      30.96       1.41      21.74       0.00      -1.66      -0.76
       603      29.64       1.39      20.70       0.00      -0.80      -0.76
       744      30.73       1.63      21.62       0.00      -2.32      -0.76
       990      30.40       1.58      21.19       0.00      -1.06      -0.76
      1117      31.42       1.98      21.63       0.00      -0.96      -0.76
      2215      29.50       1.98      20.65       0.00      -1.77      -0.76
Reordering...
      2512      28.71       2.00      19.66       0.00      -0.58      -0.76
      2799      28.82       2.00      19.76       0.00      -0.57      -0.76
      3301      28.74       1.97      20.06       0.00      -1.06      -0.76
Reordering...
      3328      28.72       2.00      19.76       0.00      -0.57      -0.76
      3808      28.68       1.92      19.52       0.00      -0.08      -0.76
      3840      29.21       1.95      20.14       0.00      -0.45      -0.76
      4214      29.21       1.24      21.56       0.00      -1.66      -0.76
      4569      29.29       1.94      20.17       0.00      -0.39      -0.76
      4921      29.41       1.96      20.41       0.00      -0.62      -0.76
--------------------------------------------------------------------------------
Best docking solution after GA:
      5250      29.41       1.96      20.41       0.00      -0.62      -0.76

#ops:       5250 #mutates:   2608 #cross:     2642 #dups:      1416 
#niche:     3378 #errors:    1213 
--------------------------------------------------------------------------------

Doing AMOEBA simplex on best individual
Done simplexing #iterations 871, best score  32.12

Ligand is stored in gold_soln_ligand_prepared_m1_9.mol2


--------------------------------------------------------------------------------
--- GoldScore breakdown of terms                                             ---
--------------------------------------------------------------------------------
Fitness = S(hb_ext) + 1.3750*S(vdw_ext) + S(hb_int) + 1.0000*S(int)
S(int)  = S(vdw_int) + S(tors)

Internal terms are relative to best energy found (intcor).

--------------------------------------------------------------------------------


     Fitness  S(hb_ext) S(vdw_ext)  S(hb_int)    S(int)      intcor
     32.12       1.59      22.64       0.00      -0.61      -0.76

--------------------------------------------------------------------------------
--- GoldScore analysis of protein-ligand interactions                        ---
--------------------------------------------------------------------------------

  Ligand donor    8 hydrogen   22 Protein acceptor 4728 bond energy  2.00 wt 0.80

--------------------------------------------------------------------------------

--------------------------------------------------------------------------------
--- Rescoring solution                                                       ---
--------------------------------------------------------------------------------

     Score     S(PLP)   S(hbond)     S(cho)   S(metal)  DE(clash)   DE(tors)
      5.64      -5.73       0.81       0.00       0.00       0.00       1.26

Doing AMOEBA simplex on best individual
Done simplexing #iterations 1301, best score  26.14

     Score     S(PLP)   S(hbond)     S(cho)   S(metal)  DE(clash)   DE(tors)
     26.14     -25.37       1.00       0.00       0.00       0.00       1.12

--------------------------------------------------------------------------------
--- CHEMPLP breakdown of terms                                               ---
--------------------------------------------------------------------------------
CHEMPLP = - ( 1.0000*S(PLP) + -3.0000*S(hbond) + -6.0000*S(metal) + -3.0000*S(cho) )

Score = CHEMPLP - 1.0000*DE(clash) - 2.0000*DE(tors)


--------------------------------------------------------------------------------


--------------------------------------------------------------------------------
--- PLP analysis of protein-ligand interactions                              ---
--------------------------------------------------------------------------------
hydrogen bonding        :      -3.00
metal                   :       0.00
buried (polar-nonpolar) :      -2.47
nonpolar                :     -26.22
repulsive               :       4.81
--------------------------------------------------------------------------------


--------------------------------------------------------------------------------
--- ChemScore analysis of protein-ligand interactions                        ---
--------------------------------------------------------------------------------

* Hydrogen bonds                                                                
Ligand donor    8 hydrogen   22 Protein acceptor 4728 bond energy  1.00 wt 1.00


* CH..O interactions                                                            
  CH group selection                       : activated ring CH (adjacent to hetatom)

--------------------------------------------------------------------------------


--------------------------------------------------------------------------------
--- Intra-ligand clashes                                                     ---
--------------------------------------------------------------------------------

Ligand
--------------------------------------------------------------------------------


--------------------------------------------------------------------------------
--- Chromosome decoded                                                       ---
--------------------------------------------------------------------------------
Ligand Torsions
[   6    2    1    3]   92.81
[  12    5    1    2] -165.44
Protein Torsions
[5081 5072 5071 5069]  141.05 
[5041 5025 5024 5021]   86.90 
[5032 5026 5027 5028]   28.97 
[5036 5031 5030 5027] -104.68 
[4987 4979 4980 4981]  147.41 
[5133 5126 5127 5128]   55.11 
[14333 5029 5028 5027]  160.67 
[14340 4982 4981 4980]  -33.32 
Mapping
Ligand acceptors to protein hydrogens (mapping then atom ids)
Ligand hydrogens to protein acceptors (mapping then atom ids)
  1   4 [ 22->4728]
Ligand shape atoms to protein points (mapping then atom ids & coords)
  2 13876 [  6->(138.000 144.250 166.500)]
  3 13844 [  7->(138.000 144.000 165.750)]
  4  8915 [ 12->(136.750 141.750 165.250)]
  7  7307 [ 16->(136.250 146.500 167.750)]
Chromosome values
Integers:
  -1   -1   -1    3   -1   -1 13875 13843 8914   -1   -1 7306 
--------------------------------------------------------------------------------


--------------------------------------------------------------------------------
--- Diverse Solutions Stats                                                  ---
--------------------------------------------------------------------------------
  Move attempts                            :  22766
  Move failures                            :     22
  Failure rate                             :   0.001

--------------------------------------------------------------------------------

Current Ranking  2  4  1  7  5  3  6  8  9

--------------------------------------------------------------------------------

* GA execution time :                                                           
  total  1.9750 user  1.9650 sys  0.0100

--------------------------------------------------------------------------------
Fitness function evaluations: 622375

--------------------------------------------------------------------------------
** Docking run number 10 **
--------------------------------------------------------------------------------
  Rank fitness base is 5000.00 ; increment is 11.2233

* Initialising population(s) ...                                                
Number of constraints mappings 0
Number of constraints 0
  Population no.                           :      1
  Population size                          :    100
  Number of duplicates                     :      0
  Number of niche violations               :      0
  Number of errors                         : 601803


Doing GA, no. of population(s) 1 size 100 selection pressure 1.100000

 Operation      Fitness  S(hb_ext) S(vdw_ext)  S(hb_int)    S(int)      intcor
         0      35.61       0.00      26.75       0.00      -5.81      -0.76
       601      33.93       0.00      24.78       0.00      -0.59      -0.76
       613      34.92       0.00      25.55       0.00      -0.83      -0.76
Reordering...
      1570      30.06       1.85      20.83       0.00      -1.13      -0.76
      2102      30.18       1.98      20.53       0.00      -0.07      -0.76
      2302      29.63       1.98      20.15       0.00      -0.12      -0.76
Reordering...
      2355      29.02       1.85      20.19       0.00      -1.13      -0.76
Reordering...
      2496      28.98       1.98      19.69       0.00      -0.12      -0.76
Reordering...
      2512      28.81       1.85      20.06       0.00      -1.13      -0.76
      3444      27.52       1.85      19.40       0.00      -1.24      -0.76
      3584      33.32       1.76      23.00       0.00      -0.07      -0.76
--------------------------------------------------------------------------------
Best docking solution after GA:
      5250      33.29       1.74      23.00       0.00      -0.07      -0.76

#ops:       5250 #mutates:   2661 #cross:     2589 #dups:      1009 
#niche:     2692 #errors:    1909 
--------------------------------------------------------------------------------

Doing AMOEBA simplex on best individual
Done simplexing #iterations 709, best score  34.33

Ligand is stored in gold_soln_ligand_prepared_m1_10.mol2


--------------------------------------------------------------------------------
--- GoldScore breakdown of terms                                             ---
--------------------------------------------------------------------------------
Fitness = S(hb_ext) + 1.3750*S(vdw_ext) + S(hb_int) + 1.0000*S(int)
S(int)  = S(vdw_int) + S(tors)

Internal terms are relative to best energy found (intcor).

--------------------------------------------------------------------------------


     Fitness  S(hb_ext) S(vdw_ext)  S(hb_int)    S(int)      intcor
     34.33       1.10      24.21       0.00      -0.06      -0.76

--------------------------------------------------------------------------------
--- GoldScore analysis of protein-ligand interactions                        ---
--------------------------------------------------------------------------------

  Ligand donor    8 hydrogen   22 Protein acceptor 4728 bond energy  2.00 wt 0.55

--------------------------------------------------------------------------------

--------------------------------------------------------------------------------
--- Rescoring solution                                                       ---
--------------------------------------------------------------------------------

     Score     S(PLP)   S(hbond)     S(cho)   S(metal)  DE(clash)   DE(tors)
     10.33      -7.42       1.00       0.00       0.00       0.00       0.04

Doing AMOEBA simplex on best individual
Done simplexing #iterations 1045, best score  27.53

     Score     S(PLP)   S(hbond)     S(cho)   S(metal)  DE(clash)   DE(tors)
     27.53     -24.54       1.00       0.00       0.00       0.00       0.00

--------------------------------------------------------------------------------
--- CHEMPLP breakdown of terms                                               ---
--------------------------------------------------------------------------------
CHEMPLP = - ( 1.0000*S(PLP) + -3.0000*S(hbond) + -6.0000*S(metal) + -3.0000*S(cho) )

Score = CHEMPLP - 1.0000*DE(clash) - 2.0000*DE(tors)


--------------------------------------------------------------------------------


--------------------------------------------------------------------------------
--- PLP analysis of protein-ligand interactions                              ---
--------------------------------------------------------------------------------
hydrogen bonding        :      -2.00
metal                   :       0.00
buried (polar-nonpolar) :       4.91
nonpolar                :     -32.22
repulsive               :       4.47
--------------------------------------------------------------------------------


--------------------------------------------------------------------------------
--- ChemScore analysis of protein-ligand interactions                        ---
--------------------------------------------------------------------------------

* Hydrogen bonds                                                                
Ligand donor    8 hydrogen   22 Protein acceptor 4728 bond energy  1.00 wt 1.00


* CH..O interactions                                                            
  CH group selection                       : activated ring CH (adjacent to hetatom)

--------------------------------------------------------------------------------


--------------------------------------------------------------------------------
--- Intra-ligand clashes                                                     ---
--------------------------------------------------------------------------------

Ligand
--------------------------------------------------------------------------------


--------------------------------------------------------------------------------
--- Chromosome decoded                                                       ---
--------------------------------------------------------------------------------
Ligand Torsions
[   6    2    1    3]  -57.16
[  12    5    1    2]  178.29
Protein Torsions
[5081 5072 5071 5069]   27.16 
[5041 5025 5024 5021]  123.90 
[5032 5026 5027 5028]  -78.08 
[5036 5031 5030 5027] -130.59 
[4987 4979 4980 4981]   67.75 
[5133 5126 5127 5128]   29.65 
[14333 5029 5028 5027]   39.72 
[14340 4982 4981 4980] -102.16 
Mapping
Ligand acceptors to protein hydrogens (mapping then atom ids)
Ligand hydrogens to protein acceptors (mapping then atom ids)
  1   4 [ 22->4728]
Ligand shape atoms to protein points (mapping then atom ids & coords)
  1 14485 [  5->(138.250 142.500 167.500)]
  5  4627 [ 13->(135.500 140.250 165.000)]
  6  4434 [ 14->(135.500 137.250 166.000)]
Chromosome values
Integers:
  -1   -1   -1    3   -1 14484   -1   -1   -1 4626 4433   -1 
--------------------------------------------------------------------------------


--------------------------------------------------------------------------------
--- Diverse Solutions Stats                                                  ---
--------------------------------------------------------------------------------
  Move attempts                            :  21582
  Move failures                            :    211
  Failure rate                             :   0.010

--------------------------------------------------------------------------------

Current Ranking  2  4  1  7  5 10  3  6  8  9

--------------------------------------------------------------------------------

* GA execution time :                                                           
  total  2.0162 user  1.9962 sys  0.0199

--------------------------------------------------------------------------------
Fitness function evaluations: 625144

--------------------------------------------------------------------------------
--- Ranking analysis                                                         ---
--------------------------------------------------------------------------------


* Final ranked order of GA solutions:                                           
   2  4  1  7  5 10  3  6  8  9 

  _______________________________
  RMSD Matrix of RANKED solutions

        2    3    4    5    6    7    8    9   10  

   1 :  3.0  5.1  1.5  2.8  2.8  5.5  4.9  4.7  4.7
   2 :       3.7  2.7  0.6  2.7  4.1  4.5  4.8  4.4
   3 :            4.7  4.1  5.2  0.8  3.5  4.7  3.6
   4 :                 2.5  2.9  5.1  4.8  4.7  4.4
   5 :                      2.3  4.5  4.6  4.7  4.4
   6 :                           5.8  4.4  4.7  4.6
   7 :                                3.9  4.9  4.1
   8 :                                     3.1  2.9
   9 :                                          3.4

  Clustering method                        : complete linkage
  Structure ids in cluster table           : rank nos.
  Ordering of clusters and their members   : by rank (order if from rms_analysis)

  Distance | Clusters
   0.61    |  1 |  2  5 |  3 |  4 |  6 |  7 |  8 |  9 | 10 |
   0.76    |  1 |  2  5 |  3  7 |  4 |  6 |  8 |  9 | 10 |
   1.45    |  1  4 |  2  5 |  3  7 |  6 |  8 |  9 | 10 |
   2.72    |  1  4 |  2  5  6 |  3  7 |  8 |  9 | 10 |
   2.87    |  1  4 |  2  5  6 |  3  7 |  8 10 |  9 |
   3.02    |  1  2  4  5  6 |  3  7 |  8 10 |  9 |
   3.38    |  1  2  4  5  6 |  3  7 |  8  9 10 |
   4.88    |  1  2  4  5  6 |  3  7  8  9 10 |
   5.79    |  1  2  3  4  5  6  7  8  9 10 |
  Finished Docking Ligand                  : /mnt/c/Users/ricca/Desktop/Documents/Rimoli/Reverse_Docking_Explore_V4/7rmi_cavity/ligand_prepared.mol2
--------------------------------------------------------------------------------

  Relative_Ligand_Energy (best encountered) :  -0.757
  Relative_Ligand_Energy: fitness values have been corrected using this amount
