
--------------------------------------------------------------------------------
--- Ligand                                                                   ---
--------------------------------------------------------------------------------
  Ligand loaded from file                  : /mnt/c/Users/ricca/Desktop/Documents/Rimoli/Reverse_Docking_Explore_V4/5adg/ligand_prepared.mol2
  Ligand name                              :  
  "CT1002167954                                                             "

--------------------------------------------------------------------------------
  N.plc donors                             : 
  none found

  Acidic nitrogen acceptors                : 
  none found
  Sulfur acceptors                         :
  none found


  Donor atoms                              :      2
  8   10  
  Acceptor atoms                           :      3
  9   11  17  

  Hydrogens                                :  (n = 2)
  22   23   

  Lone pairs added to molecule             :      6
  Numbering                                : from 30 to 35

--------------------------------------------------------------------------------
--- Postprocessing of typing                                                 ---
--------------------------------------------------------------------------------
  Fragment file                            : /home/hitesit/CCDC/Discovery_2022/GOLD/gold/rotatable_bond_override.mol2
  acylurea fragment                        : 2 matches
  Ligand bond 15-8  set to flip
  Ligand bond 15-10  set to flip
  Ligand bond 15-10  set to 1
  Ligand bond 15-8  set to 1
  Ligand bond 10-4  set to flip
  Ligand bond 8-3  set to flip
  thioacylthiourea fragment                : no matches
  acylthiourea fragment                    : no matches
  thioacylurea fragment                    : no matches
  diarylamine fragment >C.ar-NH-C.ar<      : no matches
  sec-amine (1) fragment                   : no matches
  sec-amine (2) fragment                   : no matches
  sec-amine (3) fragment                   : no matches
  carboxylic ester                         : no matches

* Rotatable bonds in /mnt/c/Users/ricca/D  :
  [   1    2] [   1    5] 
  No. of rotatable bonds                   :      2


* Reading torsional distributions from file:
  /home/hitesit/CCDC/Discovery_2022/GOLD/gold/gold.tordist
  No. of bins in torsional distributions   :     36
  Minimum size of largest peak             :      0
  Removing high energy torsions            : on
  Delta E set to                           :   2.500

* Fragments found in /mnt/c/Users/ricca/D  :
  atom   2: benzene
  atom   6: benzene
  atom   7: benzene
  atom  13: benzene
  atom  14: benzene
  atom  16: benzene


* Checking torsion distributions:                                               
  No. of matched torsions                  :      0

--------------------------------------------------------------------------------
--- Shape fitting atoms selection (hydrophobic atoms)                        ---
--------------------------------------------------------------------------------
  Molecule                                 : /mnt/c/Users/ricca/Desktop/Documents/Rimoli/Reverse_Docking_Explore_V4/5adg/ligand_prepared.mol2
  Selection                                : carbons only
  Atom numbers                             :  (n = 7)
  5    6    7    12   13   14   16   

--------------------------------------------------------------------------------
--- Diverse Solutions Setup                                                  ---
--------------------------------------------------------------------------------
  Cluster size                             :      2
  RMSD                                     :   2.000
  Refinement                               :      0


--------------------------------------------------------------------------------
--- ChemScore ligand setup summary                                           ---
--------------------------------------------------------------------------------
  ChemScore ligand acceptors               :      3
  9 11 17 
  ChemScore ligand donors                  :      2
  8 ( 22  ) 10 ( 23  ) 
  ChemScore ligand CH donors               :      0
  

  ChemScore ligand lipophilic atoms        :  (n = 9)
  1    2    5    6    7    12   13   14   16   

  ChemScore ligand rotatable bonds         :      2
  1   (C1 ) - 2   (C2 ): SP3_SP2_BOND
  1   (C1 ) - 5   (C5 ): SP3_SP3_BOND

--------------------------------------------------------------------------------
--- PLP ligand setup summary                                                 ---
--------------------------------------------------------------------------------
    1    C1   C.3 NONPOLAR
    2    C2  C.ar NONPOLAR
    3    C3   C.2 NONPOLAR
    4    C4   C.2 NONPOLAR
    5    C5   C.3 NONPOLAR
    6    C6  C.ar NONPOLAR
    7    C7  C.ar NONPOLAR
    8    N8  N.am DONOR
    9    O9   O.2 ACCEPTOR
   10   N10  N.am DONOR
   11   O11   O.2 ACCEPTOR
   12   C12   C.3 NONPOLAR
   13   C13  C.ar NONPOLAR
   14   C14  C.ar NONPOLAR
   15   C15   C.2 NONPOLAR
   16   C16  C.ar NONPOLAR
   17   O17   O.2 ACCEPTOR

--------------------------------------------------------------------------------
--- Automatic parameter setting                                              ---
--------------------------------------------------------------------------------
  Contribution base                        :   2500
  Contribution per rotatable bond          :   6000
  Contribution per df                      :   4000
  Contribution per water                   :  10000
  Ligand rotatable bonds                   :      2
  Protein flexible side chain bonds        :      0
  Total rotatable bonds                    :      2
  Hydrophobic vol ratio (P/L)              :   2.328
  Base multiplier (polar)                  :   1.000
  Base multiplier (apolar)                 :   3.259
  Base contribution                        : 10000.000
  Fitting points                           :      5
  Estimated maxops needed (optimal)        :  22500
  Autoscale factor (in percent)            :     10
  Scaled maxops                            :   2500

--------------------------------------------------------------------------------

* Population settings                                                           
  maxops                                   :   2500
  popsiz                                   :    100
  select_pressure                          :   1.100
  n_islands                                :      1
  niche_siz                                :      2

* GA settings                                                                   
  pt_crosswt                               :    100
  allele_mutatewt                          :    100
  migratewt                                :      0

* Search settings                                                               
  start_vdw_linear_cutoff                  :   6.000
  initial_virtual_pt_match_max             :   3.000
  Scaling of internal VDW energy           : log scale from  0.2 to    1
                                             over 1875 ops
  Sampling interval (operations)           :     25
  Scaling of virtual pt maximum length     : linear scale from    3 to    2
                                             over  1875 ops
  Sampling interval (operations)           :     75
  Scaling of 4-8 potential cutoff          : log scale from    6 to 1.2e+02
                                             over 1875 ops
  Sampling interval (operations)           :     75

--------------------------------------------------------------------------------

* Ligand initialisation time :                                                  
  total  0.0393 user  0.0000 sys  0.0393

--------------------------------------------------------------------------------

--------------------------------------------------------------------------------
** Docking run number  1 **
--------------------------------------------------------------------------------
  Rank fitness base is 5000.00 ; increment is 11.2233

* Initialising population(s) ...                                                
Number of constraints mappings 0
Number of constraints 0
  Population no.                           :      1
  Population size                          :    100
  Number of duplicates                     :      0
  Number of niche violations               :      0
  Number of errors                         :   1391


Doing GA, no. of population(s) 1 size 100 selection pressure 1.100000

 Operation      Fitness  S(hb_ext) S(vdw_ext)  S(hb_int)    S(int)      intcor
         0      44.52       3.33      31.15       0.00      -8.17      -0.79
        55      46.83       6.82      31.55       0.00     -16.08      -0.79
       145      47.52      10.19      29.16       0.00     -12.41      -0.79
       163      46.43       8.89      29.36       0.00     -12.41      -0.79
       241      48.53      10.83      31.13       0.00     -21.04      -0.79
       765      39.75       7.79      24.08       0.00      -3.00      -0.79
       783      41.64       9.68      26.67       0.00     -12.11      -0.79
      1142      33.68       8.12      19.73       0.00      -3.00      -0.79
Reordering...
      1200      32.88       6.89      19.55       0.00      -1.60      -0.79
      1253      33.29       6.86      19.57       0.00      -0.81      -0.79
      1300      33.29       6.81      19.62       0.00      -0.81      -0.79
      1348      38.38      10.35      21.75       0.00      -3.00      -0.79
Reordering...
      1425      34.49       3.24      24.21       0.00      -3.00      -0.79
Reordering...
      1575      32.95       6.61      19.62       0.00      -0.81      -0.79
      1694      32.91       6.59      19.67       0.00      -0.85      -0.79
      1877      32.72       6.38      19.75       0.00      -0.81      -0.79
      2394      32.75       6.38      19.77       0.00      -0.81      -0.79
      2403      32.75       6.38      19.77       0.00      -0.81      -0.79
--------------------------------------------------------------------------------
Best docking solution after GA:
      2500      32.75       6.38      19.77       0.00      -0.81      -0.79

#ops:       2500 #mutates:   1275 #cross:     1225 #dups:       667 
#niche:     1302 #errors:      85 
--------------------------------------------------------------------------------

Doing AMOEBA simplex on best individual
Done simplexing #iterations 514, best score  35.95

Ligand is stored in gold_soln_ligand_prepared_m1_1.mol2


--------------------------------------------------------------------------------
--- GoldScore breakdown of terms                                             ---
--------------------------------------------------------------------------------
Fitness = S(hb_ext) + 1.3750*S(vdw_ext) + S(hb_int) + 1.0000*S(int)
S(int)  = S(vdw_int) + S(tors)

Internal terms are relative to best energy found (intcor).

--------------------------------------------------------------------------------


     Fitness  S(hb_ext) S(vdw_ext)  S(hb_int)    S(int)      intcor
     35.95       6.55      21.99       0.00      -0.83      -0.79

--------------------------------------------------------------------------------
--- GoldScore analysis of protein-ligand interactions                        ---
--------------------------------------------------------------------------------

  Ligand acceptor   11 Protein hydrogen 5595 donor 5569 bond energy  2.00 wt 0.27
  Ligand donor    8 hydrogen   22 Protein acceptor 13273 bond energy  6.00 wt 1.00

--------------------------------------------------------------------------------

--------------------------------------------------------------------------------
--- Rescoring solution                                                       ---
--------------------------------------------------------------------------------

     Score     S(PLP)   S(hbond)     S(cho)   S(metal)  DE(clash)   DE(tors)
     16.67     -16.59       0.84       0.00       0.00       0.00       1.22

Doing AMOEBA simplex on best individual
Done simplexing #iterations 696, best score  33.48

     Score     S(PLP)   S(hbond)     S(cho)   S(metal)  DE(clash)   DE(tors)
     33.48     -30.82       1.54       0.00       0.00       0.00       0.98

--------------------------------------------------------------------------------
--- CHEMPLP breakdown of terms                                               ---
--------------------------------------------------------------------------------
CHEMPLP = - ( 1.0000*S(PLP) + -3.0000*S(hbond) + -6.0000*S(metal) + -3.0000*S(cho) )

Score = CHEMPLP - 1.0000*DE(clash) - 2.0000*DE(tors)


--------------------------------------------------------------------------------


--------------------------------------------------------------------------------
--- PLP analysis of protein-ligand interactions                              ---
--------------------------------------------------------------------------------
hydrogen bonding        :      -2.00
metal                   :       0.00
buried (polar-nonpolar) :      -2.79
nonpolar                :     -28.42
repulsive               :       2.36
--------------------------------------------------------------------------------


--------------------------------------------------------------------------------
--- ChemScore analysis of protein-ligand interactions                        ---
--------------------------------------------------------------------------------

* Hydrogen bonds                                                                
Ligand donor    8 hydrogen   22 Protein acceptor 13273 bond energy  1.00 wt 0.58
Protein donor 5569 hydrogen 5595 Ligand acceptor   11 bond energy  1.00 wt 0.96


* CH..O interactions                                                            
  CH group selection                       : activated ring CH (adjacent to hetatom)

--------------------------------------------------------------------------------


--------------------------------------------------------------------------------
--- Intra-ligand clashes                                                     ---
--------------------------------------------------------------------------------

Ligand
--------------------------------------------------------------------------------


--------------------------------------------------------------------------------
--- Chromosome decoded                                                       ---
--------------------------------------------------------------------------------
Ligand Torsions
[   6    2    1    3]  152.87
[  12    5    1    2]  167.28
Protein Torsions
[5561 5545 5544 5541] -168.79 
[12885 12857 12856 12854]   11.37 
[9097 9067 9066 9064]   45.94 
[8993 8977 8976 8973] -105.48 
Mapping
Ligand acceptors to protein hydrogens (mapping then atom ids)
  2  15 [ 11->5595]
Ligand hydrogens to protein acceptors (mapping then atom ids)
  1  10 [ 22->13273]
  2   5 [ 23->8505]
Ligand shape atoms to protein points (mapping then atom ids & coords)
  3  2789 [  7->(120.500 249.000 357.750)]
  6  2448 [ 14->(119.250 246.000 359.500)]
  7  1413 [ 16->(117.250 245.750 359.000)]
Chromosome values
Integers:
  -1   14   -1    9    4   -1   -1 2788   -1   -1 2447 1412 
--------------------------------------------------------------------------------


--------------------------------------------------------------------------------
--- Diverse Solutions Stats                                                  ---
--------------------------------------------------------------------------------
  Move attempts                            :  15767
  Move failures                            :      0
  Failure rate                             :   0.000

--------------------------------------------------------------------------------

Current Ranking  1

--------------------------------------------------------------------------------

* GA execution time :                                                           
  total  0.7904 user  0.7369 sys  0.0535

--------------------------------------------------------------------------------
Fitness function evaluations: 17250

--------------------------------------------------------------------------------
** Docking run number  2 **
--------------------------------------------------------------------------------
  Rank fitness base is 5000.00 ; increment is 11.2233

* Initialising population(s) ...                                                
Number of constraints mappings 0
Number of constraints 0
  Population no.                           :      1
  Population size                          :    100
  Number of duplicates                     :      0
  Number of niche violations               :      0
  Number of errors                         :   1400


Doing GA, no. of population(s) 1 size 100 selection pressure 1.100000

 Operation      Fitness  S(hb_ext) S(vdw_ext)  S(hb_int)    S(int)      intcor
         0      43.80       2.57      31.12       0.00      -7.81      -0.79
Reordering...
        75      42.17       7.56      27.27       0.00     -13.48      -0.79
       123      42.27       7.56      27.39       0.00     -13.48      -0.79
       288      42.59       9.54      25.10       0.00      -5.76      -0.79
       423      40.79       9.00      25.88       0.00     -13.48      -0.79
Reordering...
       425      39.47       9.48      23.01       0.00      -5.76      -0.79
       581      38.95       7.80      23.88       0.00      -5.14      -0.79
Reordering...
       750      33.52       6.20      20.51       0.00      -2.30      -0.79
       933      35.04       8.18      19.81       0.00      -0.84      -0.79
Reordering...
      1050      32.32       5.97      19.98       0.00      -2.30      -0.79
      1305      32.70       5.78      20.64       0.00      -2.39      -0.79
      1725      31.98       5.40      20.56       0.00      -1.93      -0.79
      2388      31.66       5.25      20.61       0.00      -1.93      -0.79
--------------------------------------------------------------------------------
Best docking solution after GA:
      2500      31.66       5.25      20.61       0.00      -1.93      -0.79

#ops:       2500 #mutates:   1251 #cross:     1249 #dups:       533 
#niche:     1303 #errors:     104 
--------------------------------------------------------------------------------

Doing AMOEBA simplex on best individual
Done simplexing #iterations 647, best score  35.69

Ligand is stored in gold_soln_ligand_prepared_m1_2.mol2


--------------------------------------------------------------------------------
--- GoldScore breakdown of terms                                             ---
--------------------------------------------------------------------------------
Fitness = S(hb_ext) + 1.3750*S(vdw_ext) + S(hb_int) + 1.0000*S(int)
S(int)  = S(vdw_int) + S(tors)

Internal terms are relative to best energy found (intcor).

--------------------------------------------------------------------------------


     Fitness  S(hb_ext) S(vdw_ext)  S(hb_int)    S(int)      intcor
     35.69       6.52      22.27       0.00      -1.46      -0.79

--------------------------------------------------------------------------------
--- GoldScore analysis of protein-ligand interactions                        ---
--------------------------------------------------------------------------------

  Ligand acceptor   11 Protein hydrogen 5595 donor 5569 bond energy  2.00 wt 0.26
  Ligand donor    8 hydrogen   22 Protein acceptor 13273 bond energy  6.00 wt 1.00

--------------------------------------------------------------------------------

--------------------------------------------------------------------------------
--- Rescoring solution                                                       ---
--------------------------------------------------------------------------------

     Score     S(PLP)   S(hbond)     S(cho)   S(metal)  DE(clash)   DE(tors)
     21.52     -18.83       1.39       0.00       0.00       1.23       0.13

Doing AMOEBA simplex on best individual
Done simplexing #iterations 690, best score  32.15

     Score     S(PLP)   S(hbond)     S(cho)   S(metal)  DE(clash)   DE(tors)
     32.15     -28.44       1.81       0.00       0.00       0.00       0.86

--------------------------------------------------------------------------------
--- CHEMPLP breakdown of terms                                               ---
--------------------------------------------------------------------------------
CHEMPLP = - ( 1.0000*S(PLP) + -3.0000*S(hbond) + -6.0000*S(metal) + -3.0000*S(cho) )

Score = CHEMPLP - 1.0000*DE(clash) - 2.0000*DE(tors)


--------------------------------------------------------------------------------


--------------------------------------------------------------------------------
--- PLP analysis of protein-ligand interactions                              ---
--------------------------------------------------------------------------------
hydrogen bonding        :      -2.00
metal                   :       0.00
buried (polar-nonpolar) :      -2.52
nonpolar                :     -27.68
repulsive               :       3.22
--------------------------------------------------------------------------------


--------------------------------------------------------------------------------
--- ChemScore analysis of protein-ligand interactions                        ---
--------------------------------------------------------------------------------

* Hydrogen bonds                                                                
Ligand donor    8 hydrogen   22 Protein acceptor 13273 bond energy  1.00 wt 0.90
Protein donor 5569 hydrogen 5595 Ligand acceptor   11 bond energy  1.00 wt 0.91


* CH..O interactions                                                            
  CH group selection                       : activated ring CH (adjacent to hetatom)

--------------------------------------------------------------------------------


--------------------------------------------------------------------------------
--- Intra-ligand clashes                                                     ---
--------------------------------------------------------------------------------

Ligand
--------------------------------------------------------------------------------


--------------------------------------------------------------------------------
--- Chromosome decoded                                                       ---
--------------------------------------------------------------------------------
Ligand Torsions
[   6    2    1    3]  168.33
[  12    5    1    2]  171.53
Protein Torsions
[5561 5545 5544 5541] -178.90 
[12885 12857 12856 12854]   -8.26 
[9097 9067 9066 9064]   49.32 
[8993 8977 8976 8973] -179.42 
Mapping
Ligand acceptors to protein hydrogens (mapping then atom ids)
Ligand hydrogens to protein acceptors (mapping then atom ids)
  1  10 [ 22->13273]
Ligand shape atoms to protein points (mapping then atom ids & coords)
  6  2145 [ 14->(118.250 247.750 358.500)]
  7  2319 [ 16->(118.750 247.000 359.250)]
Chromosome values
Integers:
  -1   -1   -1    9   -1   -1   -1   -1   -1   -1 2144 2318 
--------------------------------------------------------------------------------


--------------------------------------------------------------------------------
--- Diverse Solutions Stats                                                  ---
--------------------------------------------------------------------------------
  Move attempts                            :  15945
  Move failures                            :      0
  Failure rate                             :   0.000

--------------------------------------------------------------------------------

Current Ranking  1  2

--------------------------------------------------------------------------------

* GA execution time :                                                           
  total  0.7526 user  0.7437 sys  0.0089

--------------------------------------------------------------------------------
Fitness function evaluations: 17454

--------------------------------------------------------------------------------
** Docking run number  3 **
--------------------------------------------------------------------------------
  Rank fitness base is 5000.00 ; increment is 11.2233

* Initialising population(s) ...                                                
Number of constraints mappings 0
Number of constraints 0
  Population no.                           :      1
  Population size                          :    100
  Number of duplicates                     :      0
  Number of niche violations               :      0
  Number of errors                         :   1409


Doing GA, no. of population(s) 1 size 100 selection pressure 1.100000

 Operation      Fitness  S(hb_ext) S(vdw_ext)  S(hb_int)    S(int)      intcor
         0      41.39       4.08      27.32       0.00      -1.31      -0.79
       113      39.80       7.71      26.40       0.00     -19.31      -0.76
       307      40.58       3.45      28.85       0.00      -9.81      -0.76
       386      39.90       3.82      26.24       0.00      -0.04      -0.76
       400      43.41       3.84      29.61       0.00      -4.10      -0.76
       505      41.71       3.79      28.49       0.00      -4.10      -0.76
       550      44.91       9.74      25.89       0.00      -1.33      -0.76
       623      43.45       9.14      25.18       0.00      -0.94      -0.76
       903      39.84      10.16      21.84       0.00      -0.81      -0.76
Reordering...
       975      37.70      10.13      20.89       0.00      -2.51      -0.76
      1016      42.96       9.69      24.66       0.00      -1.33      -0.76
      1084      43.74      10.30      24.62       0.00      -0.81      -0.76
      1145      44.97      10.29      25.44       0.00      -0.56      -0.76
      1624      39.10      10.19      21.35       0.00      -0.56      -0.76
      1697      39.82      10.16      22.54       0.00      -1.58      -0.76
      2315      37.07      10.13      20.74       0.00      -1.58      -0.76
--------------------------------------------------------------------------------
Best docking solution after GA:
      2500      37.07      10.13      20.74       0.00      -1.58      -0.76

#ops:       2500 #mutates:   1248 #cross:     1252 #dups:       511 
#niche:     1065 #errors:     161 
--------------------------------------------------------------------------------

Doing AMOEBA simplex on best individual
Done simplexing #iterations 797, best score  59.07

Ligand is stored in gold_soln_ligand_prepared_m1_3.mol2


--------------------------------------------------------------------------------
--- GoldScore breakdown of terms                                             ---
--------------------------------------------------------------------------------
Fitness = S(hb_ext) + 1.3750*S(vdw_ext) + S(hb_int) + 1.0000*S(int)
S(int)  = S(vdw_int) + S(tors)

Internal terms are relative to best energy found (intcor).

--------------------------------------------------------------------------------


     Fitness  S(hb_ext) S(vdw_ext)  S(hb_int)    S(int)      intcor
     59.07      10.32      36.07       0.00      -0.84      -0.76

--------------------------------------------------------------------------------
--- GoldScore analysis of protein-ligand interactions                        ---
--------------------------------------------------------------------------------

  Ligand acceptor   17 Protein hydrogen 8467 donor 8444 bond energy  2.00 wt 0.16
  Ligand acceptor   11 Protein metal coordination point 13530 metal 13289 bond energy 10.00 wt 1.00

--------------------------------------------------------------------------------

--------------------------------------------------------------------------------
--- Rescoring solution                                                       ---
--------------------------------------------------------------------------------

     Score     S(PLP)   S(hbond)     S(cho)   S(metal)  DE(clash)   DE(tors)
     17.07     -11.01       0.72       0.00       1.00       0.00       1.05

Doing AMOEBA simplex on best individual
Done simplexing #iterations 669, best score  53.33

     Score     S(PLP)   S(hbond)     S(cho)   S(metal)  DE(clash)   DE(tors)
     53.33     -48.92       0.04       0.00       1.00       0.00       0.85

--------------------------------------------------------------------------------
--- CHEMPLP breakdown of terms                                               ---
--------------------------------------------------------------------------------
CHEMPLP = - ( 1.0000*S(PLP) + -3.0000*S(hbond) + -6.0000*S(metal) + -3.0000*S(cho) )

Score = CHEMPLP - 1.0000*DE(clash) - 2.0000*DE(tors)


--------------------------------------------------------------------------------


--------------------------------------------------------------------------------
--- PLP analysis of protein-ligand interactions                              ---
--------------------------------------------------------------------------------
hydrogen bonding        :      -3.00
metal                   :      -0.84
buried (polar-nonpolar) :      10.50
nonpolar                :     -62.45
repulsive               :       3.94
--------------------------------------------------------------------------------


--------------------------------------------------------------------------------
--- ChemScore analysis of protein-ligand interactions                        ---
--------------------------------------------------------------------------------

* Hydrogen bonds                                                                
Ligand donor    8 hydrogen   22 Protein acceptor 8399 bond energy  1.00 wt 0.04
Ligand acceptor   11 Protein metal                  13289 bond energy  1.00 wt 1.00


* CH..O interactions                                                            
  CH group selection                       : activated ring CH (adjacent to hetatom)

--------------------------------------------------------------------------------


--------------------------------------------------------------------------------
--- Intra-ligand clashes                                                     ---
--------------------------------------------------------------------------------

Ligand
--------------------------------------------------------------------------------


--------------------------------------------------------------------------------
--- Chromosome decoded                                                       ---
--------------------------------------------------------------------------------
Ligand Torsions
[   6    2    1    3]   82.07
[  12    5    1    2] -168.79
Protein Torsions
[5561 5545 5544 5541]   15.07 
[12885 12857 12856 12854]  124.48 
[9097 9067 9066 9064]  -12.51 
[8993 8977 8976 8973]  -32.37 
Mapping
Ligand acceptors to protein hydrogens (mapping then atom ids)
Ligand hydrogens to protein acceptors (mapping then atom ids)
  1  14 [ 22->8399]
Ligand shape atoms to protein points (mapping then atom ids & coords)
  1  1387 [  5->(117.250 245.250 360.000)]
  3  1726 [  7->(117.500 247.500 359.250)]
  4   714 [ 12->(116.500 244.500 361.000)]
  6  2157 [ 14->(118.250 248.500 359.000)]
Chromosome values
Integers:
  -1   -1   -1   13   -1 1386   -1 1725  713   -1 2156   -1 
--------------------------------------------------------------------------------


--------------------------------------------------------------------------------
--- Diverse Solutions Stats                                                  ---
--------------------------------------------------------------------------------
  Move attempts                            :  16183
  Move failures                            :     45
  Failure rate                             :   0.003

--------------------------------------------------------------------------------

Current Ranking  3  1  2

--------------------------------------------------------------------------------

* GA execution time :                                                           
  total  0.7966 user  0.7896 sys  0.0069

--------------------------------------------------------------------------------
Fitness function evaluations: 17715

--------------------------------------------------------------------------------
** Docking run number  4 **
--------------------------------------------------------------------------------
  Rank fitness base is 5000.00 ; increment is 11.2233

* Initialising population(s) ...                                                
Number of constraints mappings 0
Number of constraints 0
  Population no.                           :      1
  Population size                          :    100
  Number of duplicates                     :      0
  Number of niche violations               :      0
  Number of errors                         :   1323


Doing GA, no. of population(s) 1 size 100 selection pressure 1.100000

 Operation      Fitness  S(hb_ext) S(vdw_ext)  S(hb_int)    S(int)      intcor
         0      46.78      10.42      28.58       0.00     -14.71      -0.76
       363      40.82      10.36      25.34       0.00     -16.23      -0.76
       386      39.21      10.34      24.25       0.00     -16.23      -0.76
       553      37.59       5.67      26.45       0.00     -13.92      -0.76
       572      37.64       5.67      26.50       0.00     -13.92      -0.76
       687      41.63       4.63      28.97       0.00      -7.98      -0.76
       815      43.68       4.57      29.44       0.00      -3.45      -0.76
      1396      33.40       3.71      23.24       0.00      -3.47      -0.76
Reordering...
      1800      26.39       2.86      19.46       0.00      -3.45      -0.76
      1865      27.76       3.13      27.16       0.00     -13.00      -0.76
      2175      27.34       2.99      27.16       0.00     -13.00      -0.76
      2375      32.55       3.83      21.98       0.00      -1.50      -0.76
--------------------------------------------------------------------------------
Best docking solution after GA:
      2500      32.55       3.83      21.98       0.00      -1.50      -0.76

#ops:       2500 #mutates:   1295 #cross:     1205 #dups:       470 
#niche:     1134 #errors:     142 
--------------------------------------------------------------------------------

Doing AMOEBA simplex on best individual
Done simplexing #iterations 836, best score  57.87

Ligand is stored in gold_soln_ligand_prepared_m1_4.mol2


--------------------------------------------------------------------------------
--- GoldScore breakdown of terms                                             ---
--------------------------------------------------------------------------------
Fitness = S(hb_ext) + 1.3750*S(vdw_ext) + S(hb_int) + 1.0000*S(int)
S(int)  = S(vdw_int) + S(tors)

Internal terms are relative to best energy found (intcor).

--------------------------------------------------------------------------------


     Fitness  S(hb_ext) S(vdw_ext)  S(hb_int)    S(int)      intcor
     57.87      10.68      34.79       0.00      -0.65      -0.76

--------------------------------------------------------------------------------
--- GoldScore analysis of protein-ligand interactions                        ---
--------------------------------------------------------------------------------

  Ligand acceptor   17 Protein hydrogen 8467 donor 8444 bond energy  2.00 wt 0.34
  Ligand acceptor   11 Protein metal coordination point 13530 metal 13289 bond energy 10.00 wt 1.00

--------------------------------------------------------------------------------

--------------------------------------------------------------------------------
--- Rescoring solution                                                       ---
--------------------------------------------------------------------------------

     Score     S(PLP)   S(hbond)     S(cho)   S(metal)  DE(clash)   DE(tors)
     17.39     -16.51       1.00       0.00       0.06       0.96       0.76

Doing AMOEBA simplex on best individual
Done simplexing #iterations 773, best score  49.96

     Score     S(PLP)   S(hbond)     S(cho)   S(metal)  DE(clash)   DE(tors)
     49.96     -44.53       0.64       0.00       1.00       1.36       0.56

--------------------------------------------------------------------------------
--- CHEMPLP breakdown of terms                                               ---
--------------------------------------------------------------------------------
CHEMPLP = - ( 1.0000*S(PLP) + -3.0000*S(hbond) + -6.0000*S(metal) + -3.0000*S(cho) )

Score = CHEMPLP - 1.0000*DE(clash) - 2.0000*DE(tors)


--------------------------------------------------------------------------------


--------------------------------------------------------------------------------
--- PLP analysis of protein-ligand interactions                              ---
--------------------------------------------------------------------------------
hydrogen bonding        :      -2.39
metal                   :      -1.00
buried (polar-nonpolar) :       8.51
nonpolar                :     -61.02
repulsive               :       7.88
--------------------------------------------------------------------------------


--------------------------------------------------------------------------------
--- ChemScore analysis of protein-ligand interactions                        ---
--------------------------------------------------------------------------------

* Hydrogen bonds                                                                
Protein donor 8444 hydrogen 8467 Ligand acceptor   17 bond energy  1.00 wt 0.64
Ligand acceptor   11 Protein metal                  13289 bond energy  1.00 wt 1.00


* CH..O interactions                                                            
  CH group selection                       : activated ring CH (adjacent to hetatom)

--------------------------------------------------------------------------------


--------------------------------------------------------------------------------
--- Intra-ligand clashes                                                     ---
--------------------------------------------------------------------------------

Ligand
  6 (C6   ) -   4 (C4   ):   1.36 (dist   2.71)
--------------------------------------------------------------------------------


--------------------------------------------------------------------------------
--- Chromosome decoded                                                       ---
--------------------------------------------------------------------------------
Ligand Torsions
[   6    2    1    3]  -93.35
[  12    5    1    2] -167.43
Protein Torsions
[5561 5545 5544 5541]  156.17 
[12885 12857 12856 12854]  -75.81 
[9097 9067 9066 9064]   59.65 
[8993 8977 8976 8973]  -46.83 
Mapping
Ligand acceptors to protein hydrogens (mapping then atom ids)
Ligand hydrogens to protein acceptors (mapping then atom ids)
Ligand shape atoms to protein points (mapping then atom ids & coords)
  2  2321 [  6->(118.750 247.250 359.000)]
  4  1339 [ 12->(117.250 243.750 359.750)]
  7  2996 [ 16->(121.250 249.500 357.250)]
Chromosome values
Integers:
  -1   -1   -1   -1   -1   -1 2320   -1 1338   -1   -1 2995 
--------------------------------------------------------------------------------


--------------------------------------------------------------------------------
--- Diverse Solutions Stats                                                  ---
--------------------------------------------------------------------------------
  Move attempts                            :  16341
  Move failures                            :     19
  Failure rate                             :   0.001

--------------------------------------------------------------------------------

Current Ranking  3  4  1  2

--------------------------------------------------------------------------------

* GA execution time :                                                           
  total  0.8064 user  0.7954 sys  0.0110

--------------------------------------------------------------------------------
Fitness function evaluations: 17789

--------------------------------------------------------------------------------
** Docking run number  5 **
--------------------------------------------------------------------------------
  Rank fitness base is 5000.00 ; increment is 11.2233

* Initialising population(s) ...                                                
Number of constraints mappings 0
Number of constraints 0
  Population no.                           :      1
  Population size                          :    100
  Number of duplicates                     :      0
  Number of niche violations               :      0
  Number of errors                         :   1409


Doing GA, no. of population(s) 1 size 100 selection pressure 1.100000

 Operation      Fitness  S(hb_ext) S(vdw_ext)  S(hb_int)    S(int)      intcor
         0      37.27       1.21      26.35       0.00      -0.89      -0.76
        41      37.80       0.10      27.97       0.00      -3.70      -0.76
       134      37.15       5.09      26.84       0.00     -21.74      -0.76
Reordering...
       150      34.75       0.08      25.83       0.00      -3.70      -0.76
       150      39.33       2.12      27.26       0.00      -1.18      -0.76
       387      38.11       1.90      26.40       0.00      -0.35      -0.76
       493      37.08       1.80      25.73       0.00      -0.35      -0.76
      1040      30.45       0.13      22.56       0.00      -1.45      -0.76
      1170      29.71       0.04      22.14       0.00      -1.45      -0.76
      1401      29.26       0.00      21.98       0.00      -1.45      -0.76
--------------------------------------------------------------------------------
Best docking solution after GA:
      2500      28.35       0.00      21.67       0.00      -1.45      -0.76

#ops:       2500 #mutates:   1238 #cross:     1262 #dups:       513 
#niche:     1150 #errors:     147 
--------------------------------------------------------------------------------

Doing AMOEBA simplex on best individual
Done simplexing #iterations 578, best score  33.64

Ligand is stored in gold_soln_ligand_prepared_m1_5.mol2


--------------------------------------------------------------------------------
--- GoldScore breakdown of terms                                             ---
--------------------------------------------------------------------------------
Fitness = S(hb_ext) + 1.3750*S(vdw_ext) + S(hb_int) + 1.0000*S(int)
S(int)  = S(vdw_int) + S(tors)

Internal terms are relative to best energy found (intcor).

--------------------------------------------------------------------------------


     Fitness  S(hb_ext) S(vdw_ext)  S(hb_int)    S(int)      intcor
     33.64       0.13      24.92       0.00      -0.75      -0.76

--------------------------------------------------------------------------------
--- GoldScore analysis of protein-ligand interactions                        ---
--------------------------------------------------------------------------------

  Ligand acceptor   17 Protein hydrogen 9544 donor 9508 bond energy  6.00 wt 0.02

--------------------------------------------------------------------------------

--------------------------------------------------------------------------------
--- Rescoring solution                                                       ---
--------------------------------------------------------------------------------

     Score     S(PLP)   S(hbond)     S(cho)   S(metal)  DE(clash)   DE(tors)
    -10.87       8.87       0.02       0.00       0.00       0.00       1.04

Doing AMOEBA simplex on best individual
Done simplexing #iterations 805, best score  23.57

     Score     S(PLP)   S(hbond)     S(cho)   S(metal)  DE(clash)   DE(tors)
     23.57     -23.90       0.47       0.00       0.00       1.08       0.32

--------------------------------------------------------------------------------
--- CHEMPLP breakdown of terms                                               ---
--------------------------------------------------------------------------------
CHEMPLP = - ( 1.0000*S(PLP) + -3.0000*S(hbond) + -6.0000*S(metal) + -3.0000*S(cho) )

Score = CHEMPLP - 1.0000*DE(clash) - 2.0000*DE(tors)


--------------------------------------------------------------------------------


--------------------------------------------------------------------------------
--- PLP analysis of protein-ligand interactions                              ---
--------------------------------------------------------------------------------
hydrogen bonding        :      -3.96
metal                   :       0.00
buried (polar-nonpolar) :       4.50
nonpolar                :     -29.56
repulsive               :       2.79
--------------------------------------------------------------------------------


--------------------------------------------------------------------------------
--- ChemScore analysis of protein-ligand interactions                        ---
--------------------------------------------------------------------------------

* Hydrogen bonds                                                                
Protein donor 9508 hydrogen 9544 Ligand acceptor   17 bond energy  1.00 wt 0.47


* CH..O interactions                                                            
  CH group selection                       : activated ring CH (adjacent to hetatom)

--------------------------------------------------------------------------------


--------------------------------------------------------------------------------
--- Intra-ligand clashes                                                     ---
--------------------------------------------------------------------------------

Ligand
  7 (C7   ) -   4 (C4   ):   1.08 (dist   2.72)
--------------------------------------------------------------------------------


--------------------------------------------------------------------------------
--- Chromosome decoded                                                       ---
--------------------------------------------------------------------------------
Ligand Torsions
[   6    2    1    3]   85.86
[  12    5    1    2] -166.07
Protein Torsions
[5561 5545 5544 5541]   57.61 
[12885 12857 12856 12854]   72.45 
[9097 9067 9066 9064]  -65.27 
[8993 8977 8976 8973]   31.91 
Mapping
Ligand acceptors to protein hydrogens (mapping then atom ids)
Ligand hydrogens to protein acceptors (mapping then atom ids)
Ligand shape atoms to protein points (mapping then atom ids & coords)
  1  3824 [  5->(123.000 244.000 356.000)]
  2  3327 [  6->(122.250 244.250 356.750)]
  4  4660 [ 12->(124.000 244.250 355.750)]
  5  2447 [ 13->(119.250 246.000 359.250)]
  6  2792 [ 14->(120.750 244.250 359.750)]
Chromosome values
Integers:
  -1   -1   -1   -1   -1 3823 3326   -1 4659 2446 2791   -1 
--------------------------------------------------------------------------------


--------------------------------------------------------------------------------
--- Diverse Solutions Stats                                                  ---
--------------------------------------------------------------------------------
  Move attempts                            :  16116
  Move failures                            :     50
  Failure rate                             :   0.003

--------------------------------------------------------------------------------

Current Ranking  3  4  1  2  5

--------------------------------------------------------------------------------

* GA execution time :                                                           
  total  0.7428 user  0.6888 sys  0.0540

--------------------------------------------------------------------------------
Fitness function evaluations: 17624

--------------------------------------------------------------------------------
** Docking run number  6 **
--------------------------------------------------------------------------------
  Rank fitness base is 5000.00 ; increment is 11.2233

* Initialising population(s) ...                                                
Number of constraints mappings 0
Number of constraints 0
  Population no.                           :      1
  Population size                          :    100
  Number of duplicates                     :      0
  Number of niche violations               :      0
  Number of errors                         :   1375


Doing GA, no. of population(s) 1 size 100 selection pressure 1.100000

 Operation      Fitness  S(hb_ext) S(vdw_ext)  S(hb_int)    S(int)      intcor
         0      42.58       5.47      29.84       0.00     -19.58      -0.76
        43      42.89       4.54      30.64       0.00     -18.52      -0.76
       359      37.48       2.32      26.87       0.00      -6.59      -0.76
       450      39.48       1.47      29.05       0.00      -6.59      -0.76
Reordering...
       675      34.77       1.30      26.87       0.00      -9.74      -0.76
       737      36.98       2.41      26.92       0.00      -6.59      -0.76
       926      33.37       4.75      22.78       0.00      -6.09      -0.76
      1817      29.45       3.99      22.67       0.00      -6.09      -0.76
      2124      29.15       2.56      21.03       0.00      -2.32      -0.76
      2234      29.36       2.54      20.99       0.00      -2.05      -0.76
      2241      29.67       2.47      20.80       0.00      -1.40      -0.76
      2479      29.88       3.89      22.70       0.00      -5.22      -0.76
--------------------------------------------------------------------------------
Best docking solution after GA:
      2500      29.88       3.89      22.70       0.00      -5.22      -0.76

#ops:       2500 #mutates:   1250 #cross:     1250 #dups:       501 
#niche:     1235 #errors:     132 
--------------------------------------------------------------------------------

Doing AMOEBA simplex on best individual
Done simplexing #iterations 538, best score  36.23

Ligand is stored in gold_soln_ligand_prepared_m1_6.mol2


--------------------------------------------------------------------------------
--- GoldScore breakdown of terms                                             ---
--------------------------------------------------------------------------------
Fitness = S(hb_ext) + 1.3750*S(vdw_ext) + S(hb_int) + 1.0000*S(int)
S(int)  = S(vdw_int) + S(tors)

Internal terms are relative to best energy found (intcor).

--------------------------------------------------------------------------------


     Fitness  S(hb_ext) S(vdw_ext)  S(hb_int)    S(int)      intcor
     36.23       4.87      23.94       0.00      -1.55      -0.76

--------------------------------------------------------------------------------
--- GoldScore analysis of protein-ligand interactions                        ---
--------------------------------------------------------------------------------

  Ligand acceptor   17 Protein hydrogen 9544 donor 9508 bond energy  6.00 wt 0.59
  Ligand donor   10 hydrogen   23 Protein acceptor 9067 bond energy  2.00 wt 0.65

--------------------------------------------------------------------------------

--------------------------------------------------------------------------------
--- Rescoring solution                                                       ---
--------------------------------------------------------------------------------

     Score     S(PLP)   S(hbond)     S(cho)   S(metal)  DE(clash)   DE(tors)
     12.47     -13.78       0.34       0.00       0.00       2.05       0.15

Doing AMOEBA simplex on best individual
Done simplexing #iterations 798, best score  21.37

     Score     S(PLP)   S(hbond)     S(cho)   S(metal)  DE(clash)   DE(tors)
     21.37     -21.38       0.86       0.00       0.00       1.94       0.33

--------------------------------------------------------------------------------
--- CHEMPLP breakdown of terms                                               ---
--------------------------------------------------------------------------------
CHEMPLP = - ( 1.0000*S(PLP) + -3.0000*S(hbond) + -6.0000*S(metal) + -3.0000*S(cho) )

Score = CHEMPLP - 1.0000*DE(clash) - 2.0000*DE(tors)


--------------------------------------------------------------------------------


--------------------------------------------------------------------------------
--- PLP analysis of protein-ligand interactions                              ---
--------------------------------------------------------------------------------
hydrogen bonding        :      -3.25
metal                   :       0.00
buried (polar-nonpolar) :      -2.75
nonpolar                :     -18.07
repulsive               :       1.22
--------------------------------------------------------------------------------


--------------------------------------------------------------------------------
--- ChemScore analysis of protein-ligand interactions                        ---
--------------------------------------------------------------------------------

* Hydrogen bonds                                                                
Protein donor 9508 hydrogen 9544 Ligand acceptor   17 bond energy  1.00 wt 0.86


* CH..O interactions                                                            
  CH group selection                       : activated ring CH (adjacent to hetatom)

--------------------------------------------------------------------------------


--------------------------------------------------------------------------------
--- Intra-ligand clashes                                                     ---
--------------------------------------------------------------------------------

Ligand
  6 (C6   ) -   3 (C3   ):   1.94 (dist   2.70)
--------------------------------------------------------------------------------


--------------------------------------------------------------------------------
--- Chromosome decoded                                                       ---
--------------------------------------------------------------------------------
Ligand Torsions
[   6    2    1    3]  -16.09
[  12    5    1    2]  169.54
Protein Torsions
[5561 5545 5544 5541]  -94.51 
[12885 12857 12856 12854]  133.43 
[9097 9067 9066 9064]   90.02 
[8993 8977 8976 8973]  -59.23 
Mapping
Ligand acceptors to protein hydrogens (mapping then atom ids)
Ligand hydrogens to protein acceptors (mapping then atom ids)
  2  19 [ 23->9067]
Ligand shape atoms to protein points (mapping then atom ids & coords)
  1  3318 [  5->(122.250 244.250 354.500)]
  4  3464 [ 12->(122.500 244.000 356.250)]
  6  2837 [ 14->(120.750 246.000 359.000)]
  7  2981 [ 16->(121.250 248.500 357.750)]
Chromosome values
Integers:
  -1   -1   -1   -1   18 3317   -1   -1 3463   -1 2836 2980 
--------------------------------------------------------------------------------


--------------------------------------------------------------------------------
--- Diverse Solutions Stats                                                  ---
--------------------------------------------------------------------------------
  Move attempts                            :  16061
  Move failures                            :     25
  Failure rate                             :   0.002

--------------------------------------------------------------------------------

Current Ranking  3  4  6  1  2  5

--------------------------------------------------------------------------------

* GA execution time :                                                           
  total  0.8115 user  0.8115 sys  0.0000

--------------------------------------------------------------------------------
Fitness function evaluations: 17549

--------------------------------------------------------------------------------
** Docking run number  7 **
--------------------------------------------------------------------------------
  Rank fitness base is 5000.00 ; increment is 11.2233

* Initialising population(s) ...                                                
Number of constraints mappings 0
Number of constraints 0
  Population no.                           :      1
  Population size                          :    100
  Number of duplicates                     :      0
  Number of niche violations               :      0
  Number of errors                         :   1368


Doing GA, no. of population(s) 1 size 100 selection pressure 1.100000

 Operation      Fitness  S(hb_ext) S(vdw_ext)  S(hb_int)    S(int)      intcor
         0      46.35       6.76      30.20       0.00      -9.68      -0.76
       263      42.37       2.31      31.37       0.00     -12.42      -0.76
       410      42.33       2.28      30.23       0.00      -5.39      -0.76
       808      35.78       2.09      26.06       0.00      -5.39      -0.76
Reordering...
       975      31.31       5.04      19.68       0.00      -1.72      -0.76
      1529      26.10       4.15      16.14       0.00      -0.32      -0.76
Reordering...
      1650      22.77       4.17      14.56       0.00      -1.72      -0.76
Reordering...
      1875      18.24       0.62      13.31       0.00      -0.68      -0.76
      1915      19.30       0.92      14.22       0.00      -1.17      -0.76
      2027      20.45       3.96      15.25       0.00      -4.48      -0.76
      2414      20.79       0.55      15.22       0.00      -0.68      -0.76
      2473      30.13       0.22      22.25       0.00      -0.68      -0.76
--------------------------------------------------------------------------------
Best docking solution after GA:
      2500      30.13       0.22      22.25       0.00      -0.68      -0.76

#ops:       2500 #mutates:   1254 #cross:     1246 #dups:       586 
#niche:     1140 #errors:     149 
--------------------------------------------------------------------------------

Doing AMOEBA simplex on best individual
Done simplexing #iterations 665, best score  38.11

Ligand is stored in gold_soln_ligand_prepared_m1_7.mol2


--------------------------------------------------------------------------------
--- GoldScore breakdown of terms                                             ---
--------------------------------------------------------------------------------
Fitness = S(hb_ext) + 1.3750*S(vdw_ext) + S(hb_int) + 1.0000*S(int)
S(int)  = S(vdw_int) + S(tors)

Internal terms are relative to best energy found (intcor).

--------------------------------------------------------------------------------


     Fitness  S(hb_ext) S(vdw_ext)  S(hb_int)    S(int)      intcor
     38.11       0.38      27.94       0.00      -0.68      -0.76

--------------------------------------------------------------------------------
--- GoldScore analysis of protein-ligand interactions                        ---
--------------------------------------------------------------------------------

  Ligand acceptor   17 Protein hydrogen 5594 donor 5569 bond energy  2.00 wt 0.01
  Ligand acceptor   17 Protein hydrogen 9097 donor 9067 bond energy  2.00 wt 0.18

--------------------------------------------------------------------------------

--------------------------------------------------------------------------------
--- Rescoring solution                                                       ---
--------------------------------------------------------------------------------

     Score     S(PLP)   S(hbond)     S(cho)   S(metal)  DE(clash)   DE(tors)
     10.46     -11.04       0.59       0.00       0.00       0.00       1.18

Doing AMOEBA simplex on best individual
Done simplexing #iterations 1067, best score  40.11

     Score     S(PLP)   S(hbond)     S(cho)   S(metal)  DE(clash)   DE(tors)
     40.11     -38.36       1.26       0.00       0.00       0.00       1.01

--------------------------------------------------------------------------------
--- CHEMPLP breakdown of terms                                               ---
--------------------------------------------------------------------------------
CHEMPLP = - ( 1.0000*S(PLP) + -3.0000*S(hbond) + -6.0000*S(metal) + -3.0000*S(cho) )

Score = CHEMPLP - 1.0000*DE(clash) - 2.0000*DE(tors)


--------------------------------------------------------------------------------


--------------------------------------------------------------------------------
--- PLP analysis of protein-ligand interactions                              ---
--------------------------------------------------------------------------------
hydrogen bonding        :      -3.35
metal                   :       0.00
buried (polar-nonpolar) :       4.08
nonpolar                :     -46.75
repulsive               :       5.10
--------------------------------------------------------------------------------


--------------------------------------------------------------------------------
--- ChemScore analysis of protein-ligand interactions                        ---
--------------------------------------------------------------------------------

* Hydrogen bonds                                                                
Ligand donor    8 hydrogen   22 Protein acceptor 9181 bond energy  1.00 wt 0.43
Protein donor 8444 hydrogen 8467 Ligand acceptor   11 bond energy  1.00 wt 0.50
Protein donor 9067 hydrogen 9097 Ligand acceptor   17 bond energy  1.00 wt 0.32


* CH..O interactions                                                            
  CH group selection                       : activated ring CH (adjacent to hetatom)

--------------------------------------------------------------------------------


--------------------------------------------------------------------------------
--- Intra-ligand clashes                                                     ---
--------------------------------------------------------------------------------

Ligand
--------------------------------------------------------------------------------


--------------------------------------------------------------------------------
--- Chromosome decoded                                                       ---
--------------------------------------------------------------------------------
Ligand Torsions
[   6    2    1    3]  146.80
[  12    5    1    2]  167.44
Protein Torsions
[5561 5545 5544 5541]  155.63 
[12885 12857 12856 12854]  136.33 
[9097 9067 9066 9064]   30.84 
[8993 8977 8976 8973]  165.95 
Mapping
Ligand acceptors to protein hydrogens (mapping then atom ids)
  3  21 [ 17->9097]
Ligand hydrogens to protein acceptors (mapping then atom ids)
  2  13 [ 23->5570]
Ligand shape atoms to protein points (mapping then atom ids & coords)
  1   945 [  5->(116.750 245.000 359.750)]
  2  1086 [  6->(116.750 247.250 360.000)]
  4   909 [ 12->(116.750 244.250 358.750)]
Chromosome values
Integers:
  -1   -1   20   -1   12  944 1085   -1  908   -1   -1   -1 
--------------------------------------------------------------------------------


--------------------------------------------------------------------------------
--- Diverse Solutions Stats                                                  ---
--------------------------------------------------------------------------------
  Move attempts                            :  16655
  Move failures                            :     50
  Failure rate                             :   0.003

--------------------------------------------------------------------------------

Current Ranking  3  4  7  6  1  2  5

--------------------------------------------------------------------------------

* GA execution time :                                                           
  total  0.7629 user  0.7387 sys  0.0242

--------------------------------------------------------------------------------
Fitness function evaluations: 18130

--------------------------------------------------------------------------------
** Docking run number  8 **
--------------------------------------------------------------------------------
  Rank fitness base is 5000.00 ; increment is 11.2233

* Initialising population(s) ...                                                
Number of constraints mappings 0
Number of constraints 0
  Population no.                           :      1
  Population size                          :    100
  Number of duplicates                     :      0
  Number of niche violations               :      0
  Number of errors                         :   1385


Doing GA, no. of population(s) 1 size 100 selection pressure 1.100000

 Operation      Fitness  S(hb_ext) S(vdw_ext)  S(hb_int)    S(int)      intcor
         0      43.29       0.67      31.55       0.00      -3.79      -0.76
       156      43.68       0.53      33.56       0.00     -13.15      -0.76
       561      37.11       0.33      29.82       0.00     -13.15      -0.76
       664      37.38       2.67      26.77       0.00      -5.99      -0.76
       778      33.35       0.28      27.75       0.00     -13.06      -0.76
       877      32.25       0.26      27.29       0.00     -13.06      -0.76
Reordering...
      1200      25.66       0.60      19.80       0.00      -3.88      -0.76
Reordering...
      1425      22.11       0.68      18.11       0.00      -5.10      -0.76
      1458      23.04       5.66      12.64       0.00      -0.00      -0.76
      1566      23.09       5.62      12.71       0.00      -0.00      -0.76
      1632      23.22       5.57      12.84       0.00      -0.00      -0.76
      1646      23.23       5.57      12.86       0.00      -0.02      -0.76
      1861      23.46       7.16      14.61       0.00      -3.88      -0.76
      1988      24.54       6.00      14.32       0.00      -1.15      -0.76
      2139      24.97       6.00      15.06       0.00      -1.75      -0.76
      2145      25.12       6.00      14.33       0.00      -0.58      -0.76
      2251      26.62       7.10      15.74       0.00      -2.13      -0.76
      2351      26.62       7.10      15.74       0.00      -2.13      -0.76
--------------------------------------------------------------------------------
Best docking solution after GA:
      2500      26.62       7.10      15.74       0.00      -2.13      -0.76

#ops:       2500 #mutates:   1232 #cross:     1268 #dups:       476 
#niche:     1123 #errors:     110 
--------------------------------------------------------------------------------

Doing AMOEBA simplex on best individual
Done simplexing #iterations 563, best score  27.89

Ligand is stored in gold_soln_ligand_prepared_m1_8.mol2


--------------------------------------------------------------------------------
--- GoldScore breakdown of terms                                             ---
--------------------------------------------------------------------------------
Fitness = S(hb_ext) + 1.3750*S(vdw_ext) + S(hb_int) + 1.0000*S(int)
S(int)  = S(vdw_int) + S(tors)

Internal terms are relative to best energy found (intcor).

--------------------------------------------------------------------------------


     Fitness  S(hb_ext) S(vdw_ext)  S(hb_int)    S(int)      intcor
     27.89       7.63      15.58       0.00      -1.16      -0.76

--------------------------------------------------------------------------------
--- GoldScore analysis of protein-ligand interactions                        ---
--------------------------------------------------------------------------------

  Ligand acceptor   17 Protein hydrogen 13435 donor 13408 bond energy  2.00 wt 0.74
  Ligand acceptor   17 Protein hydrogen 9321 donor 9298 bond energy  6.00 wt 0.03
  Ligand donor    8 hydrogen   22 Protein acceptor 13407 bond energy  6.00 wt 1.00

--------------------------------------------------------------------------------

--------------------------------------------------------------------------------
--- Rescoring solution                                                       ---
--------------------------------------------------------------------------------

     Score     S(PLP)   S(hbond)     S(cho)   S(metal)  DE(clash)   DE(tors)
     19.73     -17.76       1.52       0.00       0.00       1.42       0.59

Doing AMOEBA simplex on best individual
Done simplexing #iterations 688, best score  28.35

     Score     S(PLP)   S(hbond)     S(cho)   S(metal)  DE(clash)   DE(tors)
     28.35     -24.12       2.17       0.00       0.00       2.06       0.12

--------------------------------------------------------------------------------
--- CHEMPLP breakdown of terms                                               ---
--------------------------------------------------------------------------------
CHEMPLP = - ( 1.0000*S(PLP) + -3.0000*S(hbond) + -6.0000*S(metal) + -3.0000*S(cho) )

Score = CHEMPLP - 1.0000*DE(clash) - 2.0000*DE(tors)


--------------------------------------------------------------------------------


--------------------------------------------------------------------------------
--- PLP analysis of protein-ligand interactions                              ---
--------------------------------------------------------------------------------
hydrogen bonding        :      -2.09
metal                   :       0.00
buried (polar-nonpolar) :      -2.73
nonpolar                :     -19.71
repulsive               :       0.55
--------------------------------------------------------------------------------


--------------------------------------------------------------------------------
--- ChemScore analysis of protein-ligand interactions                        ---
--------------------------------------------------------------------------------

* Hydrogen bonds                                                                
Ligand donor    8 hydrogen   22 Protein acceptor 13407 bond energy  1.00 wt 0.66
Protein donor 13408 hydrogen 13435 Ligand acceptor   17 bond energy  1.00 wt 0.62
Protein donor 9298 hydrogen 9321 Ligand acceptor   17 bond energy  1.00 wt 0.90


* CH..O interactions                                                            
  CH group selection                       : activated ring CH (adjacent to hetatom)

--------------------------------------------------------------------------------


--------------------------------------------------------------------------------
--- Intra-ligand clashes                                                     ---
--------------------------------------------------------------------------------

Ligand
  6 (C6   ) -   3 (C3   ):   2.06 (dist   2.69)
--------------------------------------------------------------------------------


--------------------------------------------------------------------------------
--- Chromosome decoded                                                       ---
--------------------------------------------------------------------------------
Ligand Torsions
[   6    2    1    3]  -20.36
[  12    5    1    2]  170.21
Protein Torsions
[5561 5545 5544 5541]  157.26 
[12885 12857 12856 12854]  159.78 
[9097 9067 9066 9064]   39.00 
[8993 8977 8976 8973] -135.05 
Mapping
Ligand acceptors to protein hydrogens (mapping then atom ids)
  3  40 [ 17->13435]
Ligand hydrogens to protein acceptors (mapping then atom ids)
  1  30 [ 22->13407]
Ligand shape atoms to protein points (mapping then atom ids & coords)
  5  4820 [ 13->(124.000 252.500 354.750)]
Chromosome values
Integers:
  -1   -1   39   29   -1   -1   -1   -1   -1 4819   -1   -1 
--------------------------------------------------------------------------------


--------------------------------------------------------------------------------
--- Diverse Solutions Stats                                                  ---
--------------------------------------------------------------------------------
  Move attempts                            :  16010
  Move failures                            :     55
  Failure rate                             :   0.003

--------------------------------------------------------------------------------

Current Ranking  3  4  7  6  1  2  5  8

--------------------------------------------------------------------------------

* GA execution time :                                                           
  total  0.7137 user  0.7010 sys  0.0127

--------------------------------------------------------------------------------
Fitness function evaluations: 17459

--------------------------------------------------------------------------------
** Docking run number  9 **
--------------------------------------------------------------------------------
  Rank fitness base is 5000.00 ; increment is 11.2233

* Initialising population(s) ...                                                
Number of constraints mappings 0
Number of constraints 0
  Population no.                           :      1
  Population size                          :    100
  Number of duplicates                     :      0
  Number of niche violations               :      0
  Number of errors                         :   1426


Doing GA, no. of population(s) 1 size 100 selection pressure 1.100000

 Operation      Fitness  S(hb_ext) S(vdw_ext)  S(hb_int)    S(int)      intcor
         0      40.33       9.65      29.49       0.00     -49.31      -0.76
Reordering...
        25      40.22       1.11      30.40       0.00     -13.13      -0.76
       140      43.35       9.64      24.88       0.00      -2.25      -0.76
       264      39.68       7.32      25.88       0.00     -13.04      -0.76
Reordering...
       325      37.26       0.96      26.80       0.00      -2.09      -0.76
       431      35.58       0.92      25.64       0.00      -2.09      -0.76
       496      33.78       0.89      24.37       0.00      -2.09      -0.76
       528      32.96       6.10      20.64       0.00      -4.86      -0.76
       568      38.17       7.25      25.86       0.00     -14.47      -0.76
Reordering...
       825      31.63       6.00      20.03       0.00      -4.68      -0.76
--------------------------------------------------------------------------------
Best docking solution after GA:
      2500      28.85       6.00      20.03       0.00      -4.68      -0.76

#ops:       2500 #mutates:   1208 #cross:     1292 #dups:       571 
#niche:     1264 #errors:     129 
--------------------------------------------------------------------------------

Doing AMOEBA simplex on best individual
Done simplexing #iterations 607, best score  31.07

Ligand is stored in gold_soln_ligand_prepared_m1_9.mol2


--------------------------------------------------------------------------------
--- GoldScore breakdown of terms                                             ---
--------------------------------------------------------------------------------
Fitness = S(hb_ext) + 1.3750*S(vdw_ext) + S(hb_int) + 1.0000*S(int)
S(int)  = S(vdw_int) + S(tors)

Internal terms are relative to best energy found (intcor).

--------------------------------------------------------------------------------


     Fitness  S(hb_ext) S(vdw_ext)  S(hb_int)    S(int)      intcor
     31.07       6.00      21.13       0.00      -3.99      -0.76

--------------------------------------------------------------------------------
--- GoldScore analysis of protein-ligand interactions                        ---
--------------------------------------------------------------------------------

  Ligand donor   10 hydrogen   23 Protein acceptor 13407 bond energy  6.00 wt 1.00

--------------------------------------------------------------------------------

--------------------------------------------------------------------------------
--- Rescoring solution                                                       ---
--------------------------------------------------------------------------------

     Score     S(PLP)   S(hbond)     S(cho)   S(metal)  DE(clash)   DE(tors)
     -4.22       5.01       1.10       0.00       0.00       1.97       0.26

Doing AMOEBA simplex on best individual
Done simplexing #iterations 1143, best score  16.70

     Score     S(PLP)   S(hbond)     S(cho)   S(metal)  DE(clash)   DE(tors)
     16.70     -17.34       0.64       0.00       0.00       1.29       0.63

--------------------------------------------------------------------------------
--- CHEMPLP breakdown of terms                                               ---
--------------------------------------------------------------------------------
CHEMPLP = - ( 1.0000*S(PLP) + -3.0000*S(hbond) + -6.0000*S(metal) + -3.0000*S(cho) )

Score = CHEMPLP - 1.0000*DE(clash) - 2.0000*DE(tors)


--------------------------------------------------------------------------------


--------------------------------------------------------------------------------
--- PLP analysis of protein-ligand interactions                              ---
--------------------------------------------------------------------------------
hydrogen bonding        :      -2.30
metal                   :       0.00
buried (polar-nonpolar) :      -2.36
nonpolar                :     -14.73
repulsive               :       1.52
--------------------------------------------------------------------------------


--------------------------------------------------------------------------------
--- ChemScore analysis of protein-ligand interactions                        ---
--------------------------------------------------------------------------------

* Hydrogen bonds                                                                
Protein donor 9507 hydrogen 9542 Ligand acceptor    9 bond energy  1.00 wt 0.64


* CH..O interactions                                                            
  CH group selection                       : activated ring CH (adjacent to hetatom)

--------------------------------------------------------------------------------


--------------------------------------------------------------------------------
--- Intra-ligand clashes                                                     ---
--------------------------------------------------------------------------------

Ligand
  6 (C6   ) -   3 (C3   ):   1.29 (dist   2.71)
--------------------------------------------------------------------------------


--------------------------------------------------------------------------------
--- Chromosome decoded                                                       ---
--------------------------------------------------------------------------------
Ligand Torsions
[   6    2    1    3]   -6.06
[  12    5    1    2] -166.75
Protein Torsions
[5561 5545 5544 5541]  -11.97 
[12885 12857 12856 12854]  -18.83 
[9097 9067 9066 9064]   22.70 
[8993 8977 8976 8973]  110.88 
Mapping
Ligand acceptors to protein hydrogens (mapping then atom ids)
Ligand hydrogens to protein acceptors (mapping then atom ids)
  2  30 [ 23->13407]
Ligand shape atoms to protein points (mapping then atom ids & coords)
  5  2827 [ 13->(120.750 245.750 358.250)]
  7  2842 [ 16->(120.750 246.250 359.000)]
Chromosome values
Integers:
  -1   -1   -1   -1   29   -1   -1   -1   -1 2826   -1 2841 
--------------------------------------------------------------------------------


--------------------------------------------------------------------------------
--- Diverse Solutions Stats                                                  ---
--------------------------------------------------------------------------------
  Move attempts                            :  16687
  Move failures                            :     68
  Failure rate                             :   0.004

--------------------------------------------------------------------------------

Current Ranking  3  4  7  6  1  2  5  9  8

--------------------------------------------------------------------------------

* GA execution time :                                                           
  total  0.7152 user  0.7040 sys  0.0111

--------------------------------------------------------------------------------
Fitness function evaluations: 18178

--------------------------------------------------------------------------------
** Docking run number 10 **
--------------------------------------------------------------------------------
  Rank fitness base is 5000.00 ; increment is 11.2233

* Initialising population(s) ...                                                
Number of constraints mappings 0
Number of constraints 0
  Population no.                           :      1
  Population size                          :    100
  Number of duplicates                     :      0
  Number of niche violations               :      0
  Number of errors                         :   1383


Doing GA, no. of population(s) 1 size 100 selection pressure 1.100000

 Operation      Fitness  S(hb_ext) S(vdw_ext)  S(hb_int)    S(int)      intcor
         0      37.94       4.44      26.32       0.00     -13.45      -0.76
        11      39.11       1.67      27.71       0.00      -3.31      -0.76
        35      39.40       1.37      28.92       0.00      -8.49      -0.76
       202      42.41       2.04      31.68       0.00     -13.45      -0.76
       232      41.90       0.63      30.85       0.00      -4.70      -0.76
Reordering...
       375      38.78       1.79      29.61       0.00     -13.45      -0.76
      1193      24.85       0.91      23.38       0.00     -14.97      -0.76
Reordering...
      1200      24.01       3.01      15.89       0.00      -1.52      -0.76
      1733      21.70       2.94      14.29       0.00      -1.00      -0.76
--------------------------------------------------------------------------------
Best docking solution after GA:
      2500      21.53       2.89      14.29       0.00      -1.00      -0.76

#ops:       2500 #mutates:   1252 #cross:     1248 #dups:       613 
#niche:     1095 #errors:     110 
--------------------------------------------------------------------------------

Doing AMOEBA simplex on best individual
Done simplexing #iterations 820, best score  26.34

Ligand is stored in gold_soln_ligand_prepared_m1_10.mol2


--------------------------------------------------------------------------------
--- GoldScore breakdown of terms                                             ---
--------------------------------------------------------------------------------
Fitness = S(hb_ext) + 1.3750*S(vdw_ext) + S(hb_int) + 1.0000*S(int)
S(int)  = S(vdw_int) + S(tors)

Internal terms are relative to best energy found (intcor).

--------------------------------------------------------------------------------


     Fitness  S(hb_ext) S(vdw_ext)  S(hb_int)    S(int)      intcor
     26.34       4.09      16.75       0.00      -0.78      -0.76

--------------------------------------------------------------------------------
--- GoldScore analysis of protein-ligand interactions                        ---
--------------------------------------------------------------------------------

  Ligand donor    8 hydrogen   22 Protein acceptor 13278 bond energy  6.00 wt 0.68

--------------------------------------------------------------------------------

--------------------------------------------------------------------------------
--- Rescoring solution                                                       ---
--------------------------------------------------------------------------------

     Score     S(PLP)   S(hbond)     S(cho)   S(metal)  DE(clash)   DE(tors)
      4.45      -2.84       0.59       0.00       0.00       0.00       0.07

Doing AMOEBA simplex on best individual
Done simplexing #iterations 740, best score  21.30

     Score     S(PLP)   S(hbond)     S(cho)   S(metal)  DE(clash)   DE(tors)
     21.30     -18.33       0.99       0.00       0.00       0.00       0.00

--------------------------------------------------------------------------------
--- CHEMPLP breakdown of terms                                               ---
--------------------------------------------------------------------------------
CHEMPLP = - ( 1.0000*S(PLP) + -3.0000*S(hbond) + -6.0000*S(metal) + -3.0000*S(cho) )

Score = CHEMPLP - 1.0000*DE(clash) - 2.0000*DE(tors)


--------------------------------------------------------------------------------


--------------------------------------------------------------------------------
--- PLP analysis of protein-ligand interactions                              ---
--------------------------------------------------------------------------------
hydrogen bonding        :      -1.00
metal                   :       0.00
buried (polar-nonpolar) :      -2.06
nonpolar                :     -16.16
repulsive               :       0.88
--------------------------------------------------------------------------------


--------------------------------------------------------------------------------
--- ChemScore analysis of protein-ligand interactions                        ---
--------------------------------------------------------------------------------

* Hydrogen bonds                                                                
Ligand donor    8 hydrogen   22 Protein acceptor 13278 bond energy  1.00 wt 0.99


* CH..O interactions                                                            
  CH group selection                       : activated ring CH (adjacent to hetatom)

--------------------------------------------------------------------------------


--------------------------------------------------------------------------------
--- Intra-ligand clashes                                                     ---
--------------------------------------------------------------------------------

Ligand
--------------------------------------------------------------------------------


--------------------------------------------------------------------------------
--- Chromosome decoded                                                       ---
--------------------------------------------------------------------------------
Ligand Torsions
[   6    2    1    3]  115.01
[  12    5    1    2] -176.30
Protein Torsions
[5561 5545 5544 5541]   47.48 
[12885 12857 12856 12854]  -35.71 
[9097 9067 9066 9064]  -16.91 
[8993 8977 8976 8973]   33.07 
Mapping
Ligand acceptors to protein hydrogens (mapping then atom ids)
Ligand hydrogens to protein acceptors (mapping then atom ids)
  1  11 [ 22->13278]
Ligand shape atoms to protein points (mapping then atom ids & coords)
  2  5248 [  6->(124.750 249.000 359.250)]
  6  3713 [ 14->(122.750 250.500 358.500)]
Chromosome values
Integers:
  -1   -1   -1   10   -1   -1 5247   -1   -1   -1 3712   -1 
--------------------------------------------------------------------------------


--------------------------------------------------------------------------------
--- Diverse Solutions Stats                                                  ---
--------------------------------------------------------------------------------
  Move attempts                            :  16399
  Move failures                            :     45
  Failure rate                             :   0.003

--------------------------------------------------------------------------------

Current Ranking  3  4  7  6  1  2  5  9  8 10

--------------------------------------------------------------------------------

* GA execution time :                                                           
  total  0.7583 user  0.7516 sys  0.0067

--------------------------------------------------------------------------------
Fitness function evaluations: 17852

--------------------------------------------------------------------------------
--- Ranking analysis                                                         ---
--------------------------------------------------------------------------------


* Final ranked order of GA solutions:                                           
   3  4  7  6  1  2  5  9  8 10 

  _______________________________
  RMSD Matrix of RANKED solutions

        2    3    4    5    6    7    8    9   10  

   1 :  0.4  3.3  7.0  6.1  5.9  7.4  8.2 11.9  8.6
   2 :       3.4  7.1  6.1  5.9  7.6  8.3 11.9  8.7
   3 :            5.0  5.6  5.6  5.6  6.6 10.5  7.3
   4 :                 5.6  6.0  2.0  3.8  7.8  5.0
   5 :                      0.8  5.4  5.3  8.0  4.8
   6 :                           5.9  5.8  8.4  5.1
   7 :                                4.0  8.7  5.6
   8 :                                     6.3  4.0
   9 :                                          4.6

  Clustering method                        : complete linkage
  Structure ids in cluster table           : rank nos.
  Ordering of clusters and their members   : by rank (order if from rms_analysis)

  Distance | Clusters
   0.36    |  1  2 |  3 |  4 |  5 |  6 |  7 |  8 |  9 | 10 |
   0.77    |  1  2 |  3 |  4 |  5  6 |  7 |  8 |  9 | 10 |
   1.98    |  1  2 |  3 |  4  7 |  5  6 |  8 |  9 | 10 |
   3.40    |  1  2  3 |  4  7 |  5  6 |  8 |  9 | 10 |
   3.97    |  1  2  3 |  4  7 |  5  6 |  8 10 |  9 |
   5.56    |  1  2  3 |  4  7  8 10 |  5  6 |  9 |
   5.98    |  1  2  3 |  4  5  6  7  8 10 |  9 |
   8.67    |  1  2  3 |  4  5  6  7  8  9 10 |
  11.93    |  1  2  3  4  5  6  7  8  9 10 |
  Finished Docking Ligand                  : /mnt/c/Users/ricca/Desktop/Documents/Rimoli/Reverse_Docking_Explore_V4/5adg/ligand_prepared.mol2
--------------------------------------------------------------------------------

  Relative_Ligand_Energy (best encountered) :  -0.759
  Relative_Ligand_Energy: fitness values have been corrected using this amount
