
--------------------------------------------------------------------------------
--- Ligand                                                                   ---
--------------------------------------------------------------------------------
  Ligand loaded from file                  : /mnt/c/Users/ricca/Desktop/Documents/Rimoli/Reverse_Docking_Explore_V4/3nx8/ligand_prepared.mol2
  Ligand name                              :  
  "CT1002167954                                                             "

--------------------------------------------------------------------------------
  N.plc donors                             : 
  none found

  Acidic nitrogen acceptors                : 
  none found
  Sulfur acceptors                         :
  none found


  Donor atoms                              :      2
  8   10  
  Acceptor atoms                           :      3
  9   11  17  

  Hydrogens                                :  (n = 2)
  22   23   

  Lone pairs added to molecule             :      6
  Numbering                                : from 30 to 35

--------------------------------------------------------------------------------
--- Postprocessing of typing                                                 ---
--------------------------------------------------------------------------------
  Fragment file                            : /home/hitesit/CCDC/Discovery_2022/GOLD/gold/rotatable_bond_override.mol2
  acylurea fragment                        : 2 matches
  Ligand bond 15-8  set to flip
  Ligand bond 15-10  set to flip
  Ligand bond 15-10  set to 1
  Ligand bond 15-8  set to 1
  Ligand bond 10-4  set to flip
  Ligand bond 8-3  set to flip
  thioacylthiourea fragment                : no matches
  acylthiourea fragment                    : no matches
  thioacylurea fragment                    : no matches
  diarylamine fragment >C.ar-NH-C.ar<      : no matches
  sec-amine (1) fragment                   : no matches
  sec-amine (2) fragment                   : no matches
  sec-amine (3) fragment                   : no matches
  carboxylic ester                         : no matches

* Rotatable bonds in /mnt/c/Users/ricca/D  :
  [   1    2] [   1    5] 
  No. of rotatable bonds                   :      2


* Reading torsional distributions from file:
  /home/hitesit/CCDC/Discovery_2022/GOLD/gold/gold.tordist
  No. of bins in torsional distributions   :     36
  Minimum size of largest peak             :      0
  Removing high energy torsions            : on
  Delta E set to                           :   2.500

* Fragments found in /mnt/c/Users/ricca/D  :
  atom   2: benzene
  atom   6: benzene
  atom   7: benzene
  atom  13: benzene
  atom  14: benzene
  atom  16: benzene


* Checking torsion distributions:                                               
  No. of matched torsions                  :      0

--------------------------------------------------------------------------------
--- Shape fitting atoms selection (hydrophobic atoms)                        ---
--------------------------------------------------------------------------------
  Molecule                                 : /mnt/c/Users/ricca/Desktop/Documents/Rimoli/Reverse_Docking_Explore_V4/3nx8/ligand_prepared.mol2
  Selection                                : carbons only
  Atom numbers                             :  (n = 7)
  5    6    7    12   13   14   16   

--------------------------------------------------------------------------------
--- Diverse Solutions Setup                                                  ---
--------------------------------------------------------------------------------
  Cluster size                             :      2
  RMSD                                     :   2.000
  Refinement                               :      0


--------------------------------------------------------------------------------
--- ChemScore ligand setup summary                                           ---
--------------------------------------------------------------------------------
  ChemScore ligand acceptors               :      3
  9 11 17 
  ChemScore ligand donors                  :      2
  8 ( 22  ) 10 ( 23  ) 
  ChemScore ligand CH donors               :      0
  

  ChemScore ligand lipophilic atoms        :  (n = 9)
  1    2    5    6    7    12   13   14   16   

  ChemScore ligand rotatable bonds         :      2
  1   (C1 ) - 2   (C2 ): SP3_SP2_BOND
  1   (C1 ) - 5   (C5 ): SP3_SP3_BOND

--------------------------------------------------------------------------------
--- PLP ligand setup summary                                                 ---
--------------------------------------------------------------------------------
    1    C1   C.3 NONPOLAR
    2    C2  C.ar NONPOLAR
    3    C3   C.2 NONPOLAR
    4    C4   C.2 NONPOLAR
    5    C5   C.3 NONPOLAR
    6    C6  C.ar NONPOLAR
    7    C7  C.ar NONPOLAR
    8    N8  N.am DONOR
    9    O9   O.2 ACCEPTOR
   10   N10  N.am DONOR
   11   O11   O.2 ACCEPTOR
   12   C12   C.3 NONPOLAR
   13   C13  C.ar NONPOLAR
   14   C14  C.ar NONPOLAR
   15   C15   C.2 NONPOLAR
   16   C16  C.ar NONPOLAR
   17   O17   O.2 ACCEPTOR

--------------------------------------------------------------------------------
--- Automatic parameter setting                                              ---
--------------------------------------------------------------------------------
  Contribution base                        :   2500
  Contribution per rotatable bond          :   6000
  Contribution per df                      :   4000
  Contribution per water                   :  10000
  Ligand rotatable bonds                   :      2
  Protein flexible side chain bonds        :      0
  Total rotatable bonds                    :      2
  Hydrophobic vol ratio (P/L)              :   0.800
  Base multiplier (polar)                  :   1.000
  Base multiplier (apolar)                 :   1.119
  Base contribution                        : 5000.000
  Fitting points                           :      5
  Estimated maxops needed (optimal)        :  17500
  Autoscale factor (in percent)            :     10
  Scaled maxops                            :   2000

--------------------------------------------------------------------------------

* Population settings                                                           
  maxops                                   :   2000
  popsiz                                   :    100
  select_pressure                          :   1.100
  n_islands                                :      1
  niche_siz                                :      2

* GA settings                                                                   
  pt_crosswt                               :    100
  allele_mutatewt                          :    100
  migratewt                                :      0

* Search settings                                                               
  start_vdw_linear_cutoff                  :   6.000
  initial_virtual_pt_match_max             :   3.000
  Scaling of internal VDW energy           : log scale from  0.2 to    1
                                             over 1500 ops
  Sampling interval (operations)           :     20
  Scaling of virtual pt maximum length     : linear scale from    3 to    2
                                             over  1500 ops
  Sampling interval (operations)           :     60
  Scaling of 4-8 potential cutoff          : log scale from    6 to 1.2e+02
                                             over 1500 ops
  Sampling interval (operations)           :     60

--------------------------------------------------------------------------------

* Ligand initialisation time :                                                  
  total  0.1302 user  0.0186 sys  0.1116

--------------------------------------------------------------------------------

--------------------------------------------------------------------------------
** Docking run number  1 **
--------------------------------------------------------------------------------
  Rank fitness base is 5000.00 ; increment is 11.2233

* Initialising population(s) ...                                                
Number of constraints mappings 0
Number of constraints 0
  Population no.                           :      1
  Population size                          :    100
  Number of duplicates                     :      0
  Number of niche violations               :      0


Doing GA, no. of population(s) 1 size 100 selection pressure 1.100000

 Operation      Fitness  S(hb_ext) S(vdw_ext)  S(hb_int)    S(int)      intcor
         0      39.50       0.12      29.28       0.00      -4.41      -0.79
         2      40.94       3.62      28.83       0.00     -11.61      -0.79
       139      40.27       3.82      28.43       0.00     -11.61      -0.79
       198      39.73       2.84      28.88       0.00     -11.61      -0.79
       353      39.18       2.76      27.74       0.00      -6.00      -0.79
       675      35.45       2.54      25.71       0.00      -6.00      -0.79
       748      34.92       2.50      25.50       0.00      -6.00      -0.79
       866      35.30       0.36      26.08       0.00      -1.84      -0.79
      1023      34.78       0.36      26.53       0.00      -3.44      -0.79
      1146      34.12       0.17      28.74       0.00      -8.19      -0.79
Reordering...
      1180      33.94       0.33      26.22       0.00      -3.44      -0.79
Reordering...
      1200      33.72       0.14      28.74       0.00      -8.19      -0.79
Reordering...
      1220      33.60       0.31      26.07       0.00      -3.44      -0.79
Reordering...
      1380      33.14       0.13      24.55       0.00      -0.85      -0.79
      1418      33.21       0.13      24.61       0.00      -0.85      -0.79
      1600      34.59       0.21      27.50       0.00      -3.44      -0.79
      1912      34.79       0.12      26.06       0.00      -1.17      -0.79
--------------------------------------------------------------------------------
Best docking solution after GA:
      2000      34.79       0.12      26.06       0.00      -1.17      -0.79

#ops:       2000 #mutates:    985 #cross:     1015 #dups:       393 
#niche:     1239 #errors:       2 
--------------------------------------------------------------------------------

Doing AMOEBA simplex on best individual
Done simplexing #iterations 591, best score  41.96

Ligand is stored in gold_soln_ligand_prepared_m1_1.mol2


--------------------------------------------------------------------------------
--- GoldScore breakdown of terms                                             ---
--------------------------------------------------------------------------------
Fitness = S(hb_ext) + 1.3750*S(vdw_ext) + S(hb_int) + 1.0000*S(int)
S(int)  = S(vdw_int) + S(tors)

Internal terms are relative to best energy found (intcor).

--------------------------------------------------------------------------------


     Fitness  S(hb_ext) S(vdw_ext)  S(hb_int)    S(int)      intcor
     41.96       0.08      31.00       0.00      -0.74      -0.79

--------------------------------------------------------------------------------
--- GoldScore analysis of protein-ligand interactions                        ---
--------------------------------------------------------------------------------

  Ligand donor   10 hydrogen   23 Protein acceptor  534 bond energy  2.00 wt 0.04

--------------------------------------------------------------------------------

--------------------------------------------------------------------------------
--- Rescoring solution                                                       ---
--------------------------------------------------------------------------------

     Score     S(PLP)   S(hbond)     S(cho)   S(metal)  DE(clash)   DE(tors)
     11.16     -12.75       0.32       0.00       0.00       0.00       1.27

Doing AMOEBA simplex on best individual
Done simplexing #iterations 838, best score  19.45

     Score     S(PLP)   S(hbond)     S(cho)   S(metal)  DE(clash)   DE(tors)
     19.45     -20.57       0.46       0.00       0.00       1.59       0.46

--------------------------------------------------------------------------------
--- CHEMPLP breakdown of terms                                               ---
--------------------------------------------------------------------------------
CHEMPLP = - ( 1.0000*S(PLP) + -3.0000*S(hbond) + -6.0000*S(metal) + -3.0000*S(cho) )

Score = CHEMPLP - 1.0000*DE(clash) - 2.0000*DE(tors)


--------------------------------------------------------------------------------


--------------------------------------------------------------------------------
--- PLP analysis of protein-ligand interactions                              ---
--------------------------------------------------------------------------------
hydrogen bonding        :      -4.06
metal                   :       0.00
buried (polar-nonpolar) :      15.86
nonpolar                :     -35.21
repulsive               :       1.03
--------------------------------------------------------------------------------


--------------------------------------------------------------------------------
--- ChemScore analysis of protein-ligand interactions                        ---
--------------------------------------------------------------------------------

* Hydrogen bonds                                                                
Ligand donor   10 hydrogen   23 Protein acceptor  534 bond energy  1.00 wt 0.29
Protein donor  552 hydrogen  556 Ligand acceptor   17 bond energy  1.00 wt 0.17


* CH..O interactions                                                            
  CH group selection                       : activated ring CH (adjacent to hetatom)

--------------------------------------------------------------------------------


--------------------------------------------------------------------------------
--- Intra-ligand clashes                                                     ---
--------------------------------------------------------------------------------

Ligand
  6 (C6   ) -   3 (C3   ):   1.59 (dist   2.71)
--------------------------------------------------------------------------------


--------------------------------------------------------------------------------
--- Chromosome decoded                                                       ---
--------------------------------------------------------------------------------
Ligand Torsions
[   6    2    1    3]  -27.42
[  12    5    1    2]  169.41
Protein Torsions
[1752 1744 1743 1741]   23.61 
[2770 2763 2761 2758] -164.53 
[5056 5047 5046 5044] -174.04 
Mapping
Ligand acceptors to protein hydrogens (mapping then atom ids)
Ligand hydrogens to protein acceptors (mapping then atom ids)
  2  24 [ 23-> 534]
Ligand shape atoms to protein points (mapping then atom ids & coords)
  1  1476 [  5->( 27.000   9.250  -3.750)]
  2  2284 [  6->( 30.000  10.000  -2.250)]
  3  1720 [  7->( 27.500   9.500  -4.250)]
  4  1287 [ 12->( 26.750   7.750  -4.250)]
  5  2465 [ 13->( 31.000  10.000  -1.750)]
  6  2403 [ 14->( 30.750  10.000  -4.000)]
  7  2360 [ 16->( 30.500  10.000  -3.750)]
Chromosome values
Integers:
  -1   -1   -1   -1   23 1475 2283 1719 1286 2464 2402 2359 
--------------------------------------------------------------------------------


--------------------------------------------------------------------------------
--- Diverse Solutions Stats                                                  ---
--------------------------------------------------------------------------------
  Move attempts                            :  15484
  Move failures                            :      0
  Failure rate                             :   0.000

--------------------------------------------------------------------------------

Current Ranking  1

--------------------------------------------------------------------------------

* GA execution time :                                                           
  total  0.7922 user  0.7344 sys  0.0578

--------------------------------------------------------------------------------
Fitness function evaluations: 15484

--------------------------------------------------------------------------------
** Docking run number  2 **
--------------------------------------------------------------------------------
  Rank fitness base is 5000.00 ; increment is 11.2233

* Initialising population(s) ...                                                
Number of constraints mappings 0
Number of constraints 0
  Population no.                           :      1
  Population size                          :    100
  Number of duplicates                     :      0
  Number of niche violations               :      0


Doing GA, no. of population(s) 1 size 100 selection pressure 1.100000

 Operation      Fitness  S(hb_ext) S(vdw_ext)  S(hb_int)    S(int)      intcor
         0      35.79       0.40      26.26       0.00      -3.60      -0.79
        12      39.11       0.24      28.84       0.00      -3.89      -0.79
        25      39.50       0.27      29.11       0.00      -3.89      -0.79
        26      39.51       0.24      29.14       0.00      -3.89      -0.79
       663      27.88       0.44      21.08       0.00      -3.81      -0.79
       828      26.46       0.00      19.49       0.00      -0.68      -0.79
      1012      24.96       0.00      18.45       0.00      -0.68      -0.79
      1102      23.42       0.00      17.35       0.00      -0.68      -0.79
      1182      26.72       1.46      22.84       0.00      -8.66      -0.79
      1221      26.06       1.45      22.56       0.00      -8.66      -0.79
      1329      28.67       0.43      20.95       0.00      -0.68      -0.79
      1635      37.97       0.30      29.60       0.00      -3.03      -0.79
--------------------------------------------------------------------------------
Best docking solution after GA:
      2000      37.97       0.30      29.60       0.00      -3.03      -0.79

#ops:       2000 #mutates:    968 #cross:     1032 #dups:       396 
#niche:     1023 #errors:       4 
--------------------------------------------------------------------------------

Doing AMOEBA simplex on best individual
Done simplexing #iterations 648, best score  41.65

Ligand is stored in gold_soln_ligand_prepared_m1_2.mol2


--------------------------------------------------------------------------------
--- GoldScore breakdown of terms                                             ---
--------------------------------------------------------------------------------
Fitness = S(hb_ext) + 1.3750*S(vdw_ext) + S(hb_int) + 1.0000*S(int)
S(int)  = S(vdw_int) + S(tors)

Internal terms are relative to best energy found (intcor).

--------------------------------------------------------------------------------


     Fitness  S(hb_ext) S(vdw_ext)  S(hb_int)    S(int)      intcor
     41.65       0.23      32.36       0.00      -3.07      -0.79

--------------------------------------------------------------------------------
--- GoldScore analysis of protein-ligand interactions                        ---
--------------------------------------------------------------------------------

  Ligand acceptor    9 Protein hydrogen 2770 donor 2763 bond energy  2.00 wt 0.12

--------------------------------------------------------------------------------

--------------------------------------------------------------------------------
--- Rescoring solution                                                       ---
--------------------------------------------------------------------------------

     Score     S(PLP)   S(hbond)     S(cho)   S(metal)  DE(clash)   DE(tors)
     -0.76      -1.24       0.03       0.00       0.00       0.44       0.83

Doing AMOEBA simplex on best individual
Done simplexing #iterations 624, best score  20.36

     Score     S(PLP)   S(hbond)     S(cho)   S(metal)  DE(clash)   DE(tors)
     20.36     -19.20       1.00       0.00       0.00       0.86       0.49

--------------------------------------------------------------------------------
--- CHEMPLP breakdown of terms                                               ---
--------------------------------------------------------------------------------
CHEMPLP = - ( 1.0000*S(PLP) + -3.0000*S(hbond) + -6.0000*S(metal) + -3.0000*S(cho) )

Score = CHEMPLP - 1.0000*DE(clash) - 2.0000*DE(tors)


--------------------------------------------------------------------------------


--------------------------------------------------------------------------------
--- PLP analysis of protein-ligand interactions                              ---
--------------------------------------------------------------------------------
hydrogen bonding        :      -3.35
metal                   :       0.00
buried (polar-nonpolar) :      10.79
nonpolar                :     -31.33
repulsive               :       3.51
--------------------------------------------------------------------------------


--------------------------------------------------------------------------------
--- ChemScore analysis of protein-ligand interactions                        ---
--------------------------------------------------------------------------------

* Hydrogen bonds                                                                
Protein donor 2763 hydrogen 2770 Ligand acceptor    9 bond energy  1.00 wt 1.00


* CH..O interactions                                                            
  CH group selection                       : activated ring CH (adjacent to hetatom)

--------------------------------------------------------------------------------


--------------------------------------------------------------------------------
--- Intra-ligand clashes                                                     ---
--------------------------------------------------------------------------------

Ligand
  7 (C7   ) -   3 (C3   ):   0.86 (dist   2.73)
--------------------------------------------------------------------------------


--------------------------------------------------------------------------------
--- Chromosome decoded                                                       ---
--------------------------------------------------------------------------------
Ligand Torsions
[   6    2    1    3]  166.86
[  12    5    1    2]   44.22
Protein Torsions
[1752 1744 1743 1741]   77.97 
[2770 2763 2761 2758]  -98.53 
[5056 5047 5046 5044]  143.81 
Mapping
Ligand acceptors to protein hydrogens (mapping then atom ids)
Ligand hydrogens to protein acceptors (mapping then atom ids)
Ligand shape atoms to protein points (mapping then atom ids & coords)
  1   623 [  5->( 25.750   8.750  -3.250)]
  2   382 [  6->( 25.250   9.250  -4.750)]
  7  2651 [ 16->( 31.750  10.250  -3.500)]
Chromosome values
Integers:
  -1   -1   -1   -1   -1  622  381   -1   -1   -1   -1 2650 
--------------------------------------------------------------------------------


--------------------------------------------------------------------------------
--- Diverse Solutions Stats                                                  ---
--------------------------------------------------------------------------------
  Move attempts                            :  15286
  Move failures                            :      0
  Failure rate                             :   0.000

--------------------------------------------------------------------------------

Current Ranking  1  2

--------------------------------------------------------------------------------

* GA execution time :                                                           
  total  0.8172 user  0.7848 sys  0.0324

--------------------------------------------------------------------------------
Fitness function evaluations: 15288

--------------------------------------------------------------------------------
** Docking run number  3 **
--------------------------------------------------------------------------------
  Rank fitness base is 5000.00 ; increment is 11.2233

* Initialising population(s) ...                                                
Number of constraints mappings 0
Number of constraints 0
  Population no.                           :      1
  Population size                          :    100
  Number of duplicates                     :      0
  Number of niche violations               :      0
  Number of errors                         :     33


Doing GA, no. of population(s) 1 size 100 selection pressure 1.100000

 Operation      Fitness  S(hb_ext) S(vdw_ext)  S(hb_int)    S(int)      intcor
         0      37.51       5.79      24.61       0.00     -10.60      -0.79
       237      38.28       6.48      25.08       0.00     -10.60      -0.79
       643      26.95       6.25      18.12       0.00     -10.60      -0.79
       686      30.00       1.74      22.70       0.00      -7.11      -0.79
Reordering...
       960      23.15       0.77      19.21       0.00      -7.21      -0.79
      1025      24.13       1.24      17.27       0.00      -1.43      -0.79
      1067      26.33       1.24      18.90       0.00      -1.43      -0.79
      1126      29.22       1.23      21.05       0.00      -1.43      -0.79
      1312      25.99       0.34      30.97       0.00     -20.99      -0.79
Reordering...
      1460      22.93       0.26      21.51       0.00      -7.21      -0.79
      1489      26.75       0.26      24.40       0.00      -7.21      -0.79
      1536      34.37       1.19      25.16       0.00      -1.43      -0.79
      1576      34.53       1.19      25.29       0.00      -1.43      -0.79
      1802      34.54       1.19      25.29       0.00      -1.43      -0.79
      1989      35.74       1.88      25.04       0.00      -0.57      -0.79
--------------------------------------------------------------------------------
Best docking solution after GA:
      2000      35.74       1.88      25.04       0.00      -0.57      -0.79

#ops:       2000 #mutates:    963 #cross:     1037 #dups:       391 
#niche:     1021 #errors:      17 
--------------------------------------------------------------------------------

Doing AMOEBA simplex on best individual
Done simplexing #iterations 560, best score  41.38

Ligand is stored in gold_soln_ligand_prepared_m1_3.mol2


--------------------------------------------------------------------------------
--- GoldScore breakdown of terms                                             ---
--------------------------------------------------------------------------------
Fitness = S(hb_ext) + 1.3750*S(vdw_ext) + S(hb_int) + 1.0000*S(int)
S(int)  = S(vdw_int) + S(tors)

Internal terms are relative to best energy found (intcor).

--------------------------------------------------------------------------------


     Fitness  S(hb_ext) S(vdw_ext)  S(hb_int)    S(int)      intcor
     41.38       1.64      29.38       0.00      -0.65      -0.79

--------------------------------------------------------------------------------
--- GoldScore analysis of protein-ligand interactions                        ---
--------------------------------------------------------------------------------

  Ligand donor    8 hydrogen   22 Protein acceptor 2555 bond energy  2.00 wt 0.82

--------------------------------------------------------------------------------

--------------------------------------------------------------------------------
--- Rescoring solution                                                       ---
--------------------------------------------------------------------------------

     Score     S(PLP)   S(hbond)     S(cho)   S(metal)  DE(clash)   DE(tors)
      3.63      -2.88       1.00       0.00       0.00       0.00       1.13

Doing AMOEBA simplex on best individual
Done simplexing #iterations 670, best score  22.23

     Score     S(PLP)   S(hbond)     S(cho)   S(metal)  DE(clash)   DE(tors)
     22.23     -19.57       1.41       0.00       0.00       0.00       0.79

--------------------------------------------------------------------------------
--- CHEMPLP breakdown of terms                                               ---
--------------------------------------------------------------------------------
CHEMPLP = - ( 1.0000*S(PLP) + -3.0000*S(hbond) + -6.0000*S(metal) + -3.0000*S(cho) )

Score = CHEMPLP - 1.0000*DE(clash) - 2.0000*DE(tors)


--------------------------------------------------------------------------------


--------------------------------------------------------------------------------
--- PLP analysis of protein-ligand interactions                              ---
--------------------------------------------------------------------------------
hydrogen bonding        :      -3.00
metal                   :       0.00
buried (polar-nonpolar) :      15.32
nonpolar                :     -36.28
repulsive               :       3.04
--------------------------------------------------------------------------------


--------------------------------------------------------------------------------
--- ChemScore analysis of protein-ligand interactions                        ---
--------------------------------------------------------------------------------

* Hydrogen bonds                                                                
Ligand donor    8 hydrogen   22 Protein acceptor 2555 bond energy  1.00 wt 0.80
Ligand donor   10 hydrogen   23 Protein acceptor  541 bond energy  1.00 wt 0.61


* CH..O interactions                                                            
  CH group selection                       : activated ring CH (adjacent to hetatom)

--------------------------------------------------------------------------------


--------------------------------------------------------------------------------
--- Intra-ligand clashes                                                     ---
--------------------------------------------------------------------------------

Ligand
--------------------------------------------------------------------------------


--------------------------------------------------------------------------------
--- Chromosome decoded                                                       ---
--------------------------------------------------------------------------------
Ligand Torsions
[   6    2    1    3]   96.28
[  12    5    1    2] -164.82
Protein Torsions
[1752 1744 1743 1741]   37.69 
[2770 2763 2761 2758]  -10.98 
[5056 5047 5046 5044] -103.58 
Mapping
Ligand acceptors to protein hydrogens (mapping then atom ids)
Ligand hydrogens to protein acceptors (mapping then atom ids)
Ligand shape atoms to protein points (mapping then atom ids & coords)
  1  1819 [  5->( 27.750   9.500  -3.250)]
  3  1044 [  7->( 26.250   9.500  -1.750)]
  4  2058 [ 12->( 28.500  10.500  -5.250)]
  6  1267 [ 14->( 26.500  10.250  -0.750)]
  7  1858 [ 16->( 27.750  10.250   0.500)]
Chromosome values
Integers:
  -1   -1   -1   -1   -1 1818   -1 1043 2057   -1 1266 1857 
--------------------------------------------------------------------------------


--------------------------------------------------------------------------------
--- Diverse Solutions Stats                                                  ---
--------------------------------------------------------------------------------
  Move attempts                            :  15336
  Move failures                            :     45
  Failure rate                             :   0.003

--------------------------------------------------------------------------------

Current Ranking  1  2  3

--------------------------------------------------------------------------------

* GA execution time :                                                           
  total  0.7758 user  0.7106 sys  0.0652

--------------------------------------------------------------------------------
Fitness function evaluations: 15339

--------------------------------------------------------------------------------
** Docking run number  4 **
--------------------------------------------------------------------------------
  Rank fitness base is 5000.00 ; increment is 11.2233

* Initialising population(s) ...                                                
Number of constraints mappings 0
Number of constraints 0
  Population no.                           :      1
  Population size                          :    100
  Number of duplicates                     :      0
  Number of niche violations               :      0
  Number of errors                         :     20


Doing GA, no. of population(s) 1 size 100 selection pressure 1.100000

 Operation      Fitness  S(hb_ext) S(vdw_ext)  S(hb_int)    S(int)      intcor
         0      38.48       6.09      27.47       0.00     -26.91      -0.79
Reordering...
        40      38.30       4.55      24.78       0.00      -1.54      -0.79
Reordering...
       120      36.03       0.54      27.37       0.00      -9.41      -0.79
Reordering...
       160      35.98       4.54      23.13       0.00      -1.54      -0.79
Reordering...
       180      35.21       0.52      26.89       0.00      -9.41      -0.79
       373      34.22       1.59      26.99       0.00     -15.22      -0.79
       485      36.17       0.90      26.03       0.00      -1.54      -0.79
       581      35.66       0.89      25.71       0.00      -1.54      -0.79
       872      33.41       0.81      23.98       0.00      -0.74      -0.79
       880      34.82       0.81      24.87       0.00      -0.36      -0.79
      1196      30.05       0.72      21.52       0.00      -0.36      -0.79
      1202      29.29       0.70      20.98       0.00      -0.36      -0.79
Reordering...
      1440      25.18       0.00      18.38       0.00      -0.10      -0.79
      1521      24.73       0.00      18.06       0.00      -0.10      -0.79
      1643      25.61       1.05      25.13       0.00     -10.00      -0.79
      1686      27.62       1.23      19.45       0.00      -0.36      -0.79
      1760      27.77       1.23      19.56       0.00      -0.36      -0.79
--------------------------------------------------------------------------------
Best docking solution after GA:
      2000      27.77       1.23      19.56       0.00      -0.36      -0.79

#ops:       2000 #mutates:   1030 #cross:      970 #dups:       429 
#niche:     1088 #errors:      75 
--------------------------------------------------------------------------------

Doing AMOEBA simplex on best individual
Done simplexing #iterations 810, best score  42.12

Ligand is stored in gold_soln_ligand_prepared_m1_4.mol2


--------------------------------------------------------------------------------
--- GoldScore breakdown of terms                                             ---
--------------------------------------------------------------------------------
Fitness = S(hb_ext) + 1.3750*S(vdw_ext) + S(hb_int) + 1.0000*S(int)
S(int)  = S(vdw_int) + S(tors)

Internal terms are relative to best energy found (intcor).

--------------------------------------------------------------------------------


     Fitness  S(hb_ext) S(vdw_ext)  S(hb_int)    S(int)      intcor
     42.12       1.61      29.60       0.00      -0.19      -0.79

--------------------------------------------------------------------------------
--- GoldScore analysis of protein-ligand interactions                        ---
--------------------------------------------------------------------------------

  Ligand donor    8 hydrogen   22 Protein acceptor 2555 bond energy  2.00 wt 0.80

--------------------------------------------------------------------------------

--------------------------------------------------------------------------------
--- Rescoring solution                                                       ---
--------------------------------------------------------------------------------

     Score     S(PLP)   S(hbond)     S(cho)   S(metal)  DE(clash)   DE(tors)
     -4.04       6.34       1.34       0.00       0.00       0.00       0.85

Doing AMOEBA simplex on best individual
Done simplexing #iterations 752, best score  24.65

     Score     S(PLP)   S(hbond)     S(cho)   S(metal)  DE(clash)   DE(tors)
     24.65     -22.95       1.10       0.00       0.00       0.00       0.80

--------------------------------------------------------------------------------
--- CHEMPLP breakdown of terms                                               ---
--------------------------------------------------------------------------------
CHEMPLP = - ( 1.0000*S(PLP) + -3.0000*S(hbond) + -6.0000*S(metal) + -3.0000*S(cho) )

Score = CHEMPLP - 1.0000*DE(clash) - 2.0000*DE(tors)


--------------------------------------------------------------------------------


--------------------------------------------------------------------------------
--- PLP analysis of protein-ligand interactions                              ---
--------------------------------------------------------------------------------
hydrogen bonding        :      -3.09
metal                   :       0.00
buried (polar-nonpolar) :      13.75
nonpolar                :     -35.40
repulsive               :       2.51
--------------------------------------------------------------------------------


--------------------------------------------------------------------------------
--- ChemScore analysis of protein-ligand interactions                        ---
--------------------------------------------------------------------------------

* Hydrogen bonds                                                                
Ligand donor    8 hydrogen   22 Protein acceptor 2555 bond energy  1.00 wt 0.44
Ligand donor   10 hydrogen   23 Protein acceptor  541 bond energy  1.00 wt 0.66


* CH..O interactions                                                            
  CH group selection                       : activated ring CH (adjacent to hetatom)

--------------------------------------------------------------------------------


--------------------------------------------------------------------------------
--- Intra-ligand clashes                                                     ---
--------------------------------------------------------------------------------

Ligand
--------------------------------------------------------------------------------


--------------------------------------------------------------------------------
--- Chromosome decoded                                                       ---
--------------------------------------------------------------------------------
Ligand Torsions
[   6    2    1    3]  -81.92
[  12    5    1    2] -167.13
Protein Torsions
[1752 1744 1743 1741]  -68.34 
[2770 2763 2761 2758]   37.06 
[5056 5047 5046 5044]   79.67 
Mapping
Ligand acceptors to protein hydrogens (mapping then atom ids)
Ligand hydrogens to protein acceptors (mapping then atom ids)
Ligand shape atoms to protein points (mapping then atom ids & coords)
  1  1824 [  5->( 27.750   9.750  -5.000)]
  2   478 [  6->( 25.500   8.750  -2.000)]
  3  2246 [  7->( 29.750  10.000  -3.000)]
  5  1653 [ 13->( 27.250  10.000  -0.500)]
Chromosome values
Integers:
  -1   -1   -1   -1   -1 1823  477 2245   -1 1652   -1   -1 
--------------------------------------------------------------------------------


--------------------------------------------------------------------------------
--- Diverse Solutions Stats                                                  ---
--------------------------------------------------------------------------------
  Move attempts                            :  15625
  Move failures                            :     84
  Failure rate                             :   0.005

--------------------------------------------------------------------------------

Current Ranking  4  1  2  3

--------------------------------------------------------------------------------

* GA execution time :                                                           
  total  0.7945 user  0.7154 sys  0.0791

--------------------------------------------------------------------------------
Fitness function evaluations: 15634

--------------------------------------------------------------------------------
** Docking run number  5 **
--------------------------------------------------------------------------------
  Rank fitness base is 5000.00 ; increment is 11.2233

* Initialising population(s) ...                                                
Number of constraints mappings 0
Number of constraints 0
  Population no.                           :      1
  Population size                          :    100
  Number of duplicates                     :      0
  Number of niche violations               :      0
  Number of errors                         :     32


Doing GA, no. of population(s) 1 size 100 selection pressure 1.100000

 Operation      Fitness  S(hb_ext) S(vdw_ext)  S(hb_int)    S(int)      intcor
         0      33.79       0.28      25.19       0.00      -5.60      -0.79
        31      37.22       0.80      28.48       0.00     -13.36      -0.79
        52      38.24       3.25      25.80       0.00      -2.35      -0.79
       232      37.14       4.38      24.26       0.00      -2.35      -0.79
       382      32.14       4.40      20.69       0.00      -2.35      -0.79
       417      34.48       4.59      22.27       0.00      -2.35      -0.79
Reordering...
       540      28.57       0.82      20.73       0.00      -2.12      -0.79
Reordering...
       600      27.05       1.98      18.41       0.00      -0.64      -0.79
       607      28.58       0.73      20.56       0.00      -1.10      -0.79
       638      28.69       0.74      20.65       0.00      -1.11      -0.79
Reordering...
       720      25.34       1.98      17.19       0.00      -0.64      -0.79
       790      26.71       1.14      18.97       0.00      -1.10      -0.79
       992      26.98       0.16      19.98       0.00      -1.14      -0.79
      1088      24.41       0.12      18.18       0.00      -1.10      -0.79
      1256      21.80       0.08      16.41       0.00      -1.10      -0.79
      1318      21.15       0.06      16.00       0.00      -1.13      -0.79
Reordering...
      1480      18.68       0.00      14.37       0.00      -1.10      -0.79
      1731      21.14       1.46      15.11       0.00      -1.10      -0.79
      1847      23.45       1.60      16.69       0.00      -1.10      -0.79
      2000      24.12       1.60      18.05       0.00      -2.30      -0.79
--------------------------------------------------------------------------------
Best docking solution after GA:
      2000      24.12       1.60      18.05       0.00      -2.30      -0.79

#ops:       2000 #mutates:    998 #cross:     1002 #dups:       394 
#niche:     1097 #errors:      88 
--------------------------------------------------------------------------------

Doing AMOEBA simplex on best individual
Done simplexing #iterations 730, best score  34.74

Ligand is stored in gold_soln_ligand_prepared_m1_5.mol2


--------------------------------------------------------------------------------
--- GoldScore breakdown of terms                                             ---
--------------------------------------------------------------------------------
Fitness = S(hb_ext) + 1.3750*S(vdw_ext) + S(hb_int) + 1.0000*S(int)
S(int)  = S(vdw_int) + S(tors)

Internal terms are relative to best energy found (intcor).

--------------------------------------------------------------------------------


     Fitness  S(hb_ext) S(vdw_ext)  S(hb_int)    S(int)      intcor
     34.74       1.37      25.40       0.00      -1.55      -0.79

--------------------------------------------------------------------------------
--- GoldScore analysis of protein-ligand interactions                        ---
--------------------------------------------------------------------------------

  Ligand donor   10 hydrogen   23 Protein acceptor 2555 bond energy  2.00 wt 0.69

--------------------------------------------------------------------------------

--------------------------------------------------------------------------------
--- Rescoring solution                                                       ---
--------------------------------------------------------------------------------

     Score     S(PLP)   S(hbond)     S(cho)   S(metal)  DE(clash)   DE(tors)
     16.34     -15.60       1.00       0.00       0.00       0.27       1.00

Doing AMOEBA simplex on best individual
Done simplexing #iterations 523, best score  29.01

     Score     S(PLP)   S(hbond)     S(cho)   S(metal)  DE(clash)   DE(tors)
     29.01     -27.40       1.23       0.00       0.00       0.10       1.00

--------------------------------------------------------------------------------
--- CHEMPLP breakdown of terms                                               ---
--------------------------------------------------------------------------------
CHEMPLP = - ( 1.0000*S(PLP) + -3.0000*S(hbond) + -6.0000*S(metal) + -3.0000*S(cho) )

Score = CHEMPLP - 1.0000*DE(clash) - 2.0000*DE(tors)


--------------------------------------------------------------------------------


--------------------------------------------------------------------------------
--- PLP analysis of protein-ligand interactions                              ---
--------------------------------------------------------------------------------
hydrogen bonding        :      -3.68
metal                   :       0.00
buried (polar-nonpolar) :      11.14
nonpolar                :     -37.50
repulsive               :       1.84
--------------------------------------------------------------------------------


--------------------------------------------------------------------------------
--- ChemScore analysis of protein-ligand interactions                        ---
--------------------------------------------------------------------------------

* Hydrogen bonds                                                                
Ligand donor    8 hydrogen   22 Protein acceptor  541 bond energy  1.00 wt 0.23
Ligand donor   10 hydrogen   23 Protein acceptor 2555 bond energy  1.00 wt 1.00


* CH..O interactions                                                            
  CH group selection                       : activated ring CH (adjacent to hetatom)

--------------------------------------------------------------------------------


--------------------------------------------------------------------------------
--- Intra-ligand clashes                                                     ---
--------------------------------------------------------------------------------

Ligand
  7 (C7   ) -   3 (C3   ):   0.10 (dist   2.75)
--------------------------------------------------------------------------------


--------------------------------------------------------------------------------
--- Chromosome decoded                                                       ---
--------------------------------------------------------------------------------
Ligand Torsions
[   6    2    1    3]  154.24
[  12    5    1    2]  160.14
Protein Torsions
[1752 1744 1743 1741]  131.97 
[2770 2763 2761 2758]   -8.02 
[5056 5047 5046 5044]   98.17 
Mapping
Ligand acceptors to protein hydrogens (mapping then atom ids)
Ligand hydrogens to protein acceptors (mapping then atom ids)
  2  26 [ 23->2555]
Ligand shape atoms to protein points (mapping then atom ids & coords)
  1  1214 [  5->( 26.500   9.500  -1.000)]
  3  2000 [  7->( 28.250  10.500  -5.250)]
Chromosome values
Integers:
  -1   -1   -1   -1   25 1213   -1 1999   -1   -1   -1   -1 
--------------------------------------------------------------------------------


--------------------------------------------------------------------------------
--- Diverse Solutions Stats                                                  ---
--------------------------------------------------------------------------------
  Move attempts                            :  15232
  Move failures                            :    116
  Failure rate                             :   0.008

--------------------------------------------------------------------------------

Current Ranking  4  1  2  3  5

--------------------------------------------------------------------------------

* GA execution time :                                                           
  total  0.8468 user  0.7236 sys  0.1232

--------------------------------------------------------------------------------
Fitness function evaluations: 15236

--------------------------------------------------------------------------------
** Docking run number  6 **
--------------------------------------------------------------------------------
  Rank fitness base is 5000.00 ; increment is 11.2233

* Initialising population(s) ...                                                
Number of constraints mappings 0
Number of constraints 0
  Population no.                           :      1
  Population size                          :    100
  Number of duplicates                     :      0
  Number of niche violations               :      0
  Number of errors                         :     29


Doing GA, no. of population(s) 1 size 100 selection pressure 1.100000

 Operation      Fitness  S(hb_ext) S(vdw_ext)  S(hb_int)    S(int)      intcor
         0      42.06       2.24      29.28       0.00      -2.18      -0.76
       758      32.04       1.42      22.98       0.00      -2.21      -0.76
       977      29.62       1.11      21.63       0.00      -2.21      -0.76
      1079      29.26       1.05      21.52       0.00      -2.21      -0.76
      1443      25.79       0.61      19.82       0.00      -2.21      -0.76
      1624      25.38       0.74      19.53       0.00      -2.21      -0.76
      1786      25.41       0.74      19.55       0.00      -2.21      -0.76
      1905      25.59       0.74      19.68       0.00      -2.21      -0.76
--------------------------------------------------------------------------------
Best docking solution after GA:
      2000      25.59       0.74      19.68       0.00      -2.21      -0.76

#ops:       2000 #mutates:   1013 #cross:      987 #dups:       409 
#niche:     1068 #errors:      50 
--------------------------------------------------------------------------------

Doing AMOEBA simplex on best individual
Done simplexing #iterations 626, best score  34.21

Ligand is stored in gold_soln_ligand_prepared_m1_6.mol2


--------------------------------------------------------------------------------
--- GoldScore breakdown of terms                                             ---
--------------------------------------------------------------------------------
Fitness = S(hb_ext) + 1.3750*S(vdw_ext) + S(hb_int) + 1.0000*S(int)
S(int)  = S(vdw_int) + S(tors)

Internal terms are relative to best energy found (intcor).

--------------------------------------------------------------------------------


     Fitness  S(hb_ext) S(vdw_ext)  S(hb_int)    S(int)      intcor
     34.21       0.46      25.89       0.00      -1.85      -0.76

--------------------------------------------------------------------------------
--- GoldScore analysis of protein-ligand interactions                        ---
--------------------------------------------------------------------------------

  Ligand donor   10 hydrogen   23 Protein acceptor 2777 bond energy  6.00 wt 0.08

--------------------------------------------------------------------------------

--------------------------------------------------------------------------------
--- Rescoring solution                                                       ---
--------------------------------------------------------------------------------

     Score     S(PLP)   S(hbond)     S(cho)   S(metal)  DE(clash)   DE(tors)
     -4.00       2.93       0.20       0.00       0.00       0.77       0.45

Doing AMOEBA simplex on best individual
Done simplexing #iterations 855, best score  15.57

     Score     S(PLP)   S(hbond)     S(cho)   S(metal)  DE(clash)   DE(tors)
     15.57     -16.83       0.23       0.00       0.00       0.00       0.98

--------------------------------------------------------------------------------
--- CHEMPLP breakdown of terms                                               ---
--------------------------------------------------------------------------------
CHEMPLP = - ( 1.0000*S(PLP) + -3.0000*S(hbond) + -6.0000*S(metal) + -3.0000*S(cho) )

Score = CHEMPLP - 1.0000*DE(clash) - 2.0000*DE(tors)


--------------------------------------------------------------------------------


--------------------------------------------------------------------------------
--- PLP analysis of protein-ligand interactions                              ---
--------------------------------------------------------------------------------
hydrogen bonding        :      -0.95
metal                   :       0.00
buried (polar-nonpolar) :      12.44
nonpolar                :     -35.17
repulsive               :       6.10
--------------------------------------------------------------------------------


--------------------------------------------------------------------------------
--- ChemScore analysis of protein-ligand interactions                        ---
--------------------------------------------------------------------------------

* Hydrogen bonds                                                                
Ligand donor    8 hydrogen   22 Protein acceptor 2555 bond energy  1.00 wt 0.23


* CH..O interactions                                                            
  CH group selection                       : activated ring CH (adjacent to hetatom)

--------------------------------------------------------------------------------


--------------------------------------------------------------------------------
--- Intra-ligand clashes                                                     ---
--------------------------------------------------------------------------------

Ligand
--------------------------------------------------------------------------------


--------------------------------------------------------------------------------
--- Chromosome decoded                                                       ---
--------------------------------------------------------------------------------
Ligand Torsions
[   6    2    1    3]   85.15
[  12    5    1    2] -177.30
Protein Torsions
[1752 1744 1743 1741]   67.28 
[2770 2763 2761 2758]  -80.64 
[5056 5047 5046 5044]   98.51 
Mapping
Ligand acceptors to protein hydrogens (mapping then atom ids)
Ligand hydrogens to protein acceptors (mapping then atom ids)
  2  29 [ 23->2777]
Ligand shape atoms to protein points (mapping then atom ids & coords)
  1  1765 [  5->( 27.500  10.250  -3.750)]
  2  2289 [  6->( 30.000  10.250  -4.750)]
  5  2834 [ 13->( 32.500  10.500  -4.250)]
  6  2337 [ 14->( 30.250  10.250  -2.750)]
  7  2435 [ 16->( 30.750  10.500  -3.500)]
Chromosome values
Integers:
  -1   -1   -1   -1   28 1764 2288   -1   -1 2833 2336 2434 
--------------------------------------------------------------------------------


--------------------------------------------------------------------------------
--- Diverse Solutions Stats                                                  ---
--------------------------------------------------------------------------------
  Move attempts                            :  15629
  Move failures                            :     98
  Failure rate                             :   0.006

--------------------------------------------------------------------------------

Current Ranking  4  1  2  3  5  6

--------------------------------------------------------------------------------

* GA execution time :                                                           
  total  0.7979 user  0.7404 sys  0.0575

--------------------------------------------------------------------------------
Fitness function evaluations: 15637

--------------------------------------------------------------------------------
** Docking run number  7 **
--------------------------------------------------------------------------------
  Rank fitness base is 5000.00 ; increment is 11.2233

* Initialising population(s) ...                                                
Number of constraints mappings 0
Number of constraints 0
  Population no.                           :      1
  Population size                          :    100
  Number of duplicates                     :      0
  Number of niche violations               :      0
  Number of errors                         :     36


Doing GA, no. of population(s) 1 size 100 selection pressure 1.100000

 Operation      Fitness  S(hb_ext) S(vdw_ext)  S(hb_int)    S(int)      intcor
         0      36.89       0.40      27.21       0.00      -4.58      -0.76
       173      37.23       4.48      26.25       0.00     -14.09      -0.76
       208      37.59       5.13      25.74       0.00     -11.85      -0.76
       256      37.17       1.53      26.28       0.00      -1.90      -0.76
       316      36.28       1.52      25.66       0.00      -1.90      -0.76
       384      38.04       4.34      26.16       0.00      -7.53      -0.76
      1041      26.81       3.85      20.04       0.00      -7.53      -0.76
      1081      25.51       3.80      19.28       0.00      -7.53      -0.76
      1182      28.48       0.96      21.39       0.00      -2.68      -0.76
      1483      27.62       0.63      21.54       0.00      -2.68      -0.76
      1543      27.65       0.56      21.65       0.00      -2.68      -0.76
      1670      27.69       0.56      21.68       0.00      -2.68      -0.76
      1689      27.75       0.56      21.73       0.00      -2.68      -0.76
      1825      27.76       0.56      21.73       0.00      -2.68      -0.76
--------------------------------------------------------------------------------
Best docking solution after GA:
      2000      27.76       0.56      21.73       0.00      -2.68      -0.76

#ops:       2000 #mutates:    979 #cross:     1021 #dups:       405 
#niche:     1034 #errors:      67 
--------------------------------------------------------------------------------

Doing AMOEBA simplex on best individual
Done simplexing #iterations 741, best score  34.80

Ligand is stored in gold_soln_ligand_prepared_m1_7.mol2


--------------------------------------------------------------------------------
--- GoldScore breakdown of terms                                             ---
--------------------------------------------------------------------------------
Fitness = S(hb_ext) + 1.3750*S(vdw_ext) + S(hb_int) + 1.0000*S(int)
S(int)  = S(vdw_int) + S(tors)

Internal terms are relative to best energy found (intcor).

--------------------------------------------------------------------------------


     Fitness  S(hb_ext) S(vdw_ext)  S(hb_int)    S(int)      intcor
     34.80       0.38      26.00       0.00      -1.33      -0.76

--------------------------------------------------------------------------------
--- GoldScore analysis of protein-ligand interactions                        ---
--------------------------------------------------------------------------------

  Ligand donor   10 hydrogen   23 Protein acceptor 2777 bond energy  6.00 wt 0.06

--------------------------------------------------------------------------------

--------------------------------------------------------------------------------
--- Rescoring solution                                                       ---
--------------------------------------------------------------------------------

     Score     S(PLP)   S(hbond)     S(cho)   S(metal)  DE(clash)   DE(tors)
    -23.43      21.91       0.27       0.00       0.00       0.77       0.78

Doing AMOEBA simplex on best individual
Done simplexing #iterations 619, best score  15.68

     Score     S(PLP)   S(hbond)     S(cho)   S(metal)  DE(clash)   DE(tors)
     15.68     -17.32       0.22       0.00       0.00       0.00       1.15

--------------------------------------------------------------------------------
--- CHEMPLP breakdown of terms                                               ---
--------------------------------------------------------------------------------
CHEMPLP = - ( 1.0000*S(PLP) + -3.0000*S(hbond) + -6.0000*S(metal) + -3.0000*S(cho) )

Score = CHEMPLP - 1.0000*DE(clash) - 2.0000*DE(tors)


--------------------------------------------------------------------------------


--------------------------------------------------------------------------------
--- PLP analysis of protein-ligand interactions                              ---
--------------------------------------------------------------------------------
hydrogen bonding        :      -1.00
metal                   :       0.00
buried (polar-nonpolar) :      12.67
nonpolar                :     -35.85
repulsive               :       6.26
--------------------------------------------------------------------------------


--------------------------------------------------------------------------------
--- ChemScore analysis of protein-ligand interactions                        ---
--------------------------------------------------------------------------------

* Hydrogen bonds                                                                
Ligand donor    8 hydrogen   22 Protein acceptor 2555 bond energy  1.00 wt 0.22


* CH..O interactions                                                            
  CH group selection                       : activated ring CH (adjacent to hetatom)

--------------------------------------------------------------------------------


--------------------------------------------------------------------------------
--- Intra-ligand clashes                                                     ---
--------------------------------------------------------------------------------

Ligand
--------------------------------------------------------------------------------


--------------------------------------------------------------------------------
--- Chromosome decoded                                                       ---
--------------------------------------------------------------------------------
Ligand Torsions
[   6    2    1    3]  -89.39
[  12    5    1    2] -176.99
Protein Torsions
[1752 1744 1743 1741]  -39.32 
[2770 2763 2761 2758] -109.27 
[5056 5047 5046 5044]   91.90 
Mapping
Ligand acceptors to protein hydrogens (mapping then atom ids)
Ligand hydrogens to protein acceptors (mapping then atom ids)
  2  29 [ 23->2777]
Ligand shape atoms to protein points (mapping then atom ids & coords)
  2  2215 [  6->( 29.500  10.000  -3.000)]
  3  1964 [  7->( 28.250   9.500  -4.250)]
  5  2434 [ 13->( 30.750  10.500  -3.750)]
  6  2344 [ 14->( 30.250  10.500  -4.750)]
  7  2582 [ 16->( 31.500  10.250  -5.250)]
Chromosome values
Integers:
  -1   -1   -1   -1   28   -1 2214 1963   -1 2433 2343 2581 
--------------------------------------------------------------------------------


--------------------------------------------------------------------------------
--- Diverse Solutions Stats                                                  ---
--------------------------------------------------------------------------------
  Move attempts                            :  15489
  Move failures                            :    123
  Failure rate                             :   0.008

--------------------------------------------------------------------------------

Current Ranking  4  1  2  3  7  5  6

--------------------------------------------------------------------------------

* GA execution time :                                                           
  total  0.8058 user  0.7468 sys  0.0590

--------------------------------------------------------------------------------
Fitness function evaluations: 15489

--------------------------------------------------------------------------------
** Docking run number  8 **
--------------------------------------------------------------------------------
  Rank fitness base is 5000.00 ; increment is 11.2233

* Initialising population(s) ...                                                
Number of constraints mappings 0
Number of constraints 0
  Population no.                           :      1
  Population size                          :    100
  Number of duplicates                     :      0
  Number of niche violations               :      0
  Number of errors                         :     43


Doing GA, no. of population(s) 1 size 100 selection pressure 1.100000

 Operation      Fitness  S(hb_ext) S(vdw_ext)  S(hb_int)    S(int)      intcor
         0      35.23       6.41      21.78       0.00      -5.61      -0.76
Reordering...
        60      33.82       1.57      23.89       0.00      -2.81      -0.76
       279      35.92       2.04      25.18       0.00      -2.81      -0.76
       896      29.84       1.70      21.52       0.00      -2.81      -0.76
Reordering...
      1440      13.53       0.43       9.62       0.00      -0.14      -0.76
      1482      17.71       0.08      15.53       0.00      -3.80      -0.76
Reordering...
      1500      17.04       0.96      16.76       0.00      -6.97      -0.76
      1665      21.99       1.02      20.99       0.00      -7.88      -0.76
      1825      31.18       1.02      22.15       0.00      -0.28      -0.76
      1887      31.88       1.02      22.65       0.00      -0.28      -0.76
--------------------------------------------------------------------------------
Best docking solution after GA:
      2000      31.88       1.02      22.65       0.00      -0.28      -0.76

#ops:       2000 #mutates:   1035 #cross:      965 #dups:       345 
#niche:     1051 #errors:     117 
--------------------------------------------------------------------------------

Doing AMOEBA simplex on best individual
Done simplexing #iterations 481, best score  36.10

Ligand is stored in gold_soln_ligand_prepared_m1_8.mol2


--------------------------------------------------------------------------------
--- GoldScore breakdown of terms                                             ---
--------------------------------------------------------------------------------
Fitness = S(hb_ext) + 1.3750*S(vdw_ext) + S(hb_int) + 1.0000*S(int)
S(int)  = S(vdw_int) + S(tors)

Internal terms are relative to best energy found (intcor).

--------------------------------------------------------------------------------


     Fitness  S(hb_ext) S(vdw_ext)  S(hb_int)    S(int)      intcor
     36.10       1.79      25.14       0.00      -0.25      -0.76

--------------------------------------------------------------------------------
--- GoldScore analysis of protein-ligand interactions                        ---
--------------------------------------------------------------------------------

  Ligand donor   10 hydrogen   23 Protein acceptor 2555 bond energy  2.00 wt 0.90

--------------------------------------------------------------------------------

--------------------------------------------------------------------------------
--- Rescoring solution                                                       ---
--------------------------------------------------------------------------------

     Score     S(PLP)   S(hbond)     S(cho)   S(metal)  DE(clash)   DE(tors)
     14.90     -13.86       0.96       0.00       0.00       0.00       0.92

Doing AMOEBA simplex on best individual
Done simplexing #iterations 705, best score  29.14

     Score     S(PLP)   S(hbond)     S(cho)   S(metal)  DE(clash)   DE(tors)
     29.14     -27.56       1.19       0.00       0.00       0.00       1.00

--------------------------------------------------------------------------------
--- CHEMPLP breakdown of terms                                               ---
--------------------------------------------------------------------------------
CHEMPLP = - ( 1.0000*S(PLP) + -3.0000*S(hbond) + -6.0000*S(metal) + -3.0000*S(cho) )

Score = CHEMPLP - 1.0000*DE(clash) - 2.0000*DE(tors)


--------------------------------------------------------------------------------


--------------------------------------------------------------------------------
--- PLP analysis of protein-ligand interactions                              ---
--------------------------------------------------------------------------------
hydrogen bonding        :      -3.30
metal                   :       0.00
buried (polar-nonpolar) :      10.58
nonpolar                :     -37.45
repulsive               :       2.15
--------------------------------------------------------------------------------


--------------------------------------------------------------------------------
--- ChemScore analysis of protein-ligand interactions                        ---
--------------------------------------------------------------------------------

* Hydrogen bonds                                                                
Ligand donor    8 hydrogen   22 Protein acceptor  541 bond energy  1.00 wt 0.19
Ligand donor   10 hydrogen   23 Protein acceptor 2555 bond energy  1.00 wt 1.00


* CH..O interactions                                                            
  CH group selection                       : activated ring CH (adjacent to hetatom)

--------------------------------------------------------------------------------


--------------------------------------------------------------------------------
--- Intra-ligand clashes                                                     ---
--------------------------------------------------------------------------------

Ligand
--------------------------------------------------------------------------------


--------------------------------------------------------------------------------
--- Chromosome decoded                                                       ---
--------------------------------------------------------------------------------
Ligand Torsions
[   6    2    1    3]  -40.56
[  12    5    1    2]  167.80
Protein Torsions
[1752 1744 1743 1741]  112.82 
[2770 2763 2761 2758]  108.07 
[5056 5047 5046 5044]   68.01 
Mapping
Ligand acceptors to protein hydrogens (mapping then atom ids)
Ligand hydrogens to protein acceptors (mapping then atom ids)
Ligand shape atoms to protein points (mapping then atom ids & coords)
  1  1911 [  5->( 28.000   9.750  -3.000)]
  2  1732 [  6->( 27.500   9.750  -4.500)]
  3  2090 [  7->( 28.750   9.750  -3.250)]
  5  2259 [ 13->( 29.750  10.500  -5.000)]
Chromosome values
Integers:
  -1   -1   -1   -1   -1 1910 1731 2089   -1 2258   -1   -1 
--------------------------------------------------------------------------------


--------------------------------------------------------------------------------
--- Diverse Solutions Stats                                                  ---
--------------------------------------------------------------------------------
  Move attempts                            :  15109
  Move failures                            :    155
  Failure rate                             :   0.010

--------------------------------------------------------------------------------

Current Ranking  4  1  2  3  8  7  5  6

--------------------------------------------------------------------------------

* GA execution time :                                                           
  total  0.7889 user  0.7424 sys  0.0466

--------------------------------------------------------------------------------
Fitness function evaluations: 15112

--------------------------------------------------------------------------------
** Docking run number  9 **
--------------------------------------------------------------------------------
  Rank fitness base is 5000.00 ; increment is 11.2233

* Initialising population(s) ...                                                
Number of constraints mappings 0
Number of constraints 0
  Population no.                           :      1
  Population size                          :    100
  Number of duplicates                     :      0
  Number of niche violations               :      0
  Number of errors                         :     88


Doing GA, no. of population(s) 1 size 100 selection pressure 1.100000

 Operation      Fitness  S(hb_ext) S(vdw_ext)  S(hb_int)    S(int)      intcor
         0      37.08       1.29      28.69       0.00     -18.31      -0.76
Reordering...
        40      36.93       2.06      25.99       0.00      -4.13      -0.76
Reordering...
        60      36.02       1.27      28.11       0.00     -18.31      -0.76
Reordering...
       420      27.99       1.24      23.13       0.00     -16.09      -0.76
Reordering...
       480      26.38       1.14      22.81       0.00     -18.31      -0.76
Reordering...
       520      26.12       1.20      22.22       0.00     -16.09      -0.76
Reordering...
       540      24.72       1.10      21.93       0.00     -18.31      -0.76
       713      22.50       0.08      17.87       0.00      -5.06      -0.76
       719      24.31       0.09      17.82       0.00      -0.65      -0.76
       771      25.87       0.92      23.43       0.00     -16.09      -0.76
       943      22.98       0.64      22.66       0.00     -16.09      -0.76
       972      26.32       0.26      25.51       0.00     -16.09      -0.76
      1058      25.27       0.25      25.33       0.00     -16.09      -0.76
      1619      16.14       0.21      23.28       0.00     -16.09      -0.76
      1759      19.85       0.24      15.16       0.00      -1.23      -0.76
--------------------------------------------------------------------------------
Best docking solution after GA:
      2000      19.85       0.24      15.16       0.00      -1.23      -0.76

#ops:       2000 #mutates:   1003 #cross:      997 #dups:       375 
#niche:      899 #errors:     140 
--------------------------------------------------------------------------------

Doing AMOEBA simplex on best individual
Done simplexing #iterations 607, best score  35.80

Ligand is stored in gold_soln_ligand_prepared_m1_9.mol2


--------------------------------------------------------------------------------
--- GoldScore breakdown of terms                                             ---
--------------------------------------------------------------------------------
Fitness = S(hb_ext) + 1.3750*S(vdw_ext) + S(hb_int) + 1.0000*S(int)
S(int)  = S(vdw_int) + S(tors)

Internal terms are relative to best energy found (intcor).

--------------------------------------------------------------------------------


     Fitness  S(hb_ext) S(vdw_ext)  S(hb_int)    S(int)      intcor
     35.80       0.21      26.47       0.00      -0.80      -0.76

--------------------------------------------------------------------------------
--- GoldScore analysis of protein-ligand interactions                        ---
--------------------------------------------------------------------------------

  Ligand donor    8 hydrogen   22 Protein acceptor  515 bond energy  2.00 wt 0.11

--------------------------------------------------------------------------------

--------------------------------------------------------------------------------
--- Rescoring solution                                                       ---
--------------------------------------------------------------------------------

     Score     S(PLP)   S(hbond)     S(cho)   S(metal)  DE(clash)   DE(tors)
     -9.53       7.71       0.15       0.00       0.00       0.00       1.13

Doing AMOEBA simplex on best individual
Done simplexing #iterations 1030, best score  11.33

     Score     S(PLP)   S(hbond)     S(cho)   S(metal)  DE(clash)   DE(tors)
     11.33     -12.31       0.30       0.00       0.00       0.00       0.95

--------------------------------------------------------------------------------
--- CHEMPLP breakdown of terms                                               ---
--------------------------------------------------------------------------------
CHEMPLP = - ( 1.0000*S(PLP) + -3.0000*S(hbond) + -6.0000*S(metal) + -3.0000*S(cho) )

Score = CHEMPLP - 1.0000*DE(clash) - 2.0000*DE(tors)


--------------------------------------------------------------------------------


--------------------------------------------------------------------------------
--- PLP analysis of protein-ligand interactions                              ---
--------------------------------------------------------------------------------
hydrogen bonding        :      -2.37
metal                   :       0.00
buried (polar-nonpolar) :      23.13
nonpolar                :     -41.49
repulsive               :      10.18
--------------------------------------------------------------------------------


--------------------------------------------------------------------------------
--- ChemScore analysis of protein-ligand interactions                        ---
--------------------------------------------------------------------------------

* Hydrogen bonds                                                                
Ligand donor   10 hydrogen   23 Protein acceptor 1806 bond energy  1.00 wt 0.30


* CH..O interactions                                                            
  CH group selection                       : activated ring CH (adjacent to hetatom)

--------------------------------------------------------------------------------


--------------------------------------------------------------------------------
--- Intra-ligand clashes                                                     ---
--------------------------------------------------------------------------------

Ligand
--------------------------------------------------------------------------------


--------------------------------------------------------------------------------
--- Chromosome decoded                                                       ---
--------------------------------------------------------------------------------
Ligand Torsions
[   6    2    1    3]  -28.81
[  12    5    1    2]  172.05
Protein Torsions
[1752 1744 1743 1741]   40.89 
[2770 2763 2761 2758]  106.80 
[5056 5047 5046 5044]   71.30 
Mapping
Ligand acceptors to protein hydrogens (mapping then atom ids)
Ligand hydrogens to protein acceptors (mapping then atom ids)
Ligand shape atoms to protein points (mapping then atom ids & coords)
  1  1842 [  5->( 27.750  10.000  -3.750)]
  2  2258 [  6->( 29.750  10.500  -5.250)]
  4  1402 [ 12->( 26.750  10.000  -2.750)]
  6  2850 [ 14->( 32.750   9.750  -2.000)]
  7  2614 [ 16->( 31.500  10.750  -3.750)]
Chromosome values
Integers:
  -1   -1   -1   -1   -1 1841 2257   -1 1401   -1 2849 2613 
--------------------------------------------------------------------------------


--------------------------------------------------------------------------------
--- Diverse Solutions Stats                                                  ---
--------------------------------------------------------------------------------
  Move attempts                            :  15802
  Move failures                            :    342
  Failure rate                             :   0.022

--------------------------------------------------------------------------------

Current Ranking  4  1  2  3  8  9  7  5  6

--------------------------------------------------------------------------------

* GA execution time :                                                           
  total  0.8339 user  0.7765 sys  0.0574

--------------------------------------------------------------------------------
Fitness function evaluations: 15803

--------------------------------------------------------------------------------
** Docking run number 10 **
--------------------------------------------------------------------------------
  Rank fitness base is 5000.00 ; increment is 11.2233

* Initialising population(s) ...                                                
Number of constraints mappings 0
Number of constraints 0
  Population no.                           :      1
  Population size                          :    100
  Number of duplicates                     :      0
  Number of niche violations               :      0
  Number of errors                         :     71


Doing GA, no. of population(s) 1 size 100 selection pressure 1.100000

 Operation      Fitness  S(hb_ext) S(vdw_ext)  S(hb_int)    S(int)      intcor
         0      34.35       0.11      29.69       0.00     -32.90      -0.76
        48      35.02       5.37      22.19       0.00      -4.14      -0.76
Reordering...
        60      33.41       0.11      29.32       0.00     -32.90      -0.76
Reordering...
       100      33.21       5.36      20.92       0.00      -4.14      -0.76
       109      33.21       5.36      20.92       0.00      -4.14      -0.76
       112      33.31       5.36      21.00       0.00      -4.14      -0.76
Reordering...
       120      32.38       0.10      28.92       0.00     -32.90      -0.76
       183      31.44       0.11      23.40       0.00      -3.51      -0.76
Reordering...
       240      30.03       0.09      27.97       0.00     -32.90      -0.76
Reordering...
       280      29.78       0.10      22.27       0.00      -3.51      -0.76
Reordering...
       300      28.81       0.09      27.50       0.00     -32.90      -0.76
       318      29.11       0.09      27.71       0.00     -32.90      -0.76
       387      30.65       0.06      23.99       0.00      -7.92      -0.76
       566      30.56       2.95      21.13       0.00      -3.96      -0.76
       699      27.51       2.80      19.16       0.00      -3.96      -0.76
       849      26.42       3.26      18.26       0.00      -3.96      -0.76
       880      31.54       1.18      23.66       0.00      -4.22      -0.76
      1390      21.84       0.00      19.50       0.00      -5.66      -0.76
      1421      26.39       0.00      23.48       0.00      -6.42      -0.76
      1440      27.14       0.08      25.08       0.00      -7.92      -0.76
      1674      27.15       0.00      23.06       0.00      -4.55      -0.76
      1762      27.69       0.00      23.45       0.00      -4.55      -0.76
      1921      28.38       0.00      23.95       0.00      -4.55      -0.76
--------------------------------------------------------------------------------
Best docking solution after GA:
      2000      28.38       0.00      23.95       0.00      -4.55      -0.76

#ops:       2000 #mutates:    991 #cross:     1009 #dups:       321 
#niche:      944 #errors:      48 
--------------------------------------------------------------------------------

Doing AMOEBA simplex on best individual
Done simplexing #iterations 625, best score  39.40

Ligand is stored in gold_soln_ligand_prepared_m1_10.mol2


--------------------------------------------------------------------------------
--- GoldScore breakdown of terms                                             ---
--------------------------------------------------------------------------------
Fitness = S(hb_ext) + 1.3750*S(vdw_ext) + S(hb_int) + 1.0000*S(int)
S(int)  = S(vdw_int) + S(tors)

Internal terms are relative to best energy found (intcor).

--------------------------------------------------------------------------------


     Fitness  S(hb_ext) S(vdw_ext)  S(hb_int)    S(int)      intcor
     39.40       0.04      31.16       0.00      -3.48      -0.76

--------------------------------------------------------------------------------
--- GoldScore analysis of protein-ligand interactions                        ---
--------------------------------------------------------------------------------

  Ligand donor    8 hydrogen   22 Protein acceptor  624 bond energy  2.00 wt 0.02

--------------------------------------------------------------------------------

--------------------------------------------------------------------------------
--- Rescoring solution                                                       ---
--------------------------------------------------------------------------------

     Score     S(PLP)   S(hbond)     S(cho)   S(metal)  DE(clash)   DE(tors)
      3.37      -5.81       0.00       0.00       0.00       1.29       0.57

Doing AMOEBA simplex on best individual
Done simplexing #iterations 750, best score  17.51

     Score     S(PLP)   S(hbond)     S(cho)   S(metal)  DE(clash)   DE(tors)
     17.51     -19.63       0.00       0.00       0.00       0.01       1.05

--------------------------------------------------------------------------------
--- CHEMPLP breakdown of terms                                               ---
--------------------------------------------------------------------------------
CHEMPLP = - ( 1.0000*S(PLP) + -3.0000*S(hbond) + -6.0000*S(metal) + -3.0000*S(cho) )

Score = CHEMPLP - 1.0000*DE(clash) - 2.0000*DE(tors)


--------------------------------------------------------------------------------


--------------------------------------------------------------------------------
--- PLP analysis of protein-ligand interactions                              ---
--------------------------------------------------------------------------------
hydrogen bonding        :      -1.67
metal                   :       0.00
buried (polar-nonpolar) :      15.08
nonpolar                :     -37.92
repulsive               :       3.97
--------------------------------------------------------------------------------


--------------------------------------------------------------------------------
--- ChemScore analysis of protein-ligand interactions                        ---
--------------------------------------------------------------------------------

* Hydrogen bonds                                                                


* CH..O interactions                                                            
  CH group selection                       : activated ring CH (adjacent to hetatom)

--------------------------------------------------------------------------------


--------------------------------------------------------------------------------
--- Intra-ligand clashes                                                     ---
--------------------------------------------------------------------------------

Ligand
  6 (C6   ) -   4 (C4   ):   0.01 (dist   2.75)
--------------------------------------------------------------------------------


--------------------------------------------------------------------------------
--- Chromosome decoded                                                       ---
--------------------------------------------------------------------------------
Ligand Torsions
[   6    2    1    3]  -96.42
[  12    5    1    2]  -47.48
Protein Torsions
[1752 1744 1743 1741]  151.92 
[2770 2763 2761 2758]   64.64 
[5056 5047 5046 5044]  -90.07 
Mapping
Ligand acceptors to protein hydrogens (mapping then atom ids)
Ligand hydrogens to protein acceptors (mapping then atom ids)
Ligand shape atoms to protein points (mapping then atom ids & coords)
  1   359 [  5->( 25.250   8.750  -4.750)]
  3  1088 [  7->( 26.250  10.000   0.000)]
  4   563 [ 12->( 25.750   7.250  -3.000)]
  5  1754 [ 13->( 27.500  10.000   0.250)]
  6   916 [ 14->( 26.000  10.250  -1.500)]
Chromosome values
Integers:
  -1   -1   -1   -1   -1  358   -1 1087  562 1753  915   -1 
--------------------------------------------------------------------------------


--------------------------------------------------------------------------------
--- Diverse Solutions Stats                                                  ---
--------------------------------------------------------------------------------
  Move attempts                            :  15493
  Move failures                            :    115
  Failure rate                             :   0.007

--------------------------------------------------------------------------------

Current Ranking  4  1  2  3 10  8  9  7  5  6

--------------------------------------------------------------------------------

* GA execution time :                                                           
  total  0.8049 user  0.7383 sys  0.0667

--------------------------------------------------------------------------------
Fitness function evaluations: 15496

--------------------------------------------------------------------------------
--- Ranking analysis                                                         ---
--------------------------------------------------------------------------------


* Final ranked order of GA solutions:                                           
   4  1  2  3 10  8  9  7  5  6 

  _______________________________
  RMSD Matrix of RANKED solutions

        2    3    4    5    6    7    8    9   10  

   1 :  3.8  4.0  0.3  2.8  3.3  3.9  3.5  3.4  3.3
   2 :       1.1  3.6  3.7  2.7  3.4  2.7  3.0  2.7
   3 :            3.9  4.0  3.1  4.2  3.3  3.3  3.3
   4 :                 2.8  3.2  3.8  3.5  3.3  3.3
   5 :                      3.7  3.5  4.0  4.0  3.9
   6 :                           2.4  2.6  0.8  2.4
   7 :                                3.4  3.0  3.2
   8 :                                     2.7  0.4
   9 :                                          2.5

  Clustering method                        : complete linkage
  Structure ids in cluster table           : rank nos.
  Ordering of clusters and their members   : by rank (order if from rms_analysis)

  Distance | Clusters
   0.28    |  1  4 |  2 |  3 |  5 |  6 |  7 |  8 |  9 | 10 |
   0.44    |  1  4 |  2 |  3 |  5 |  6 |  7 |  8 10 |  9 |
   0.75    |  1  4 |  2 |  3 |  5 |  6  9 |  7 |  8 10 |
   1.12    |  1  4 |  2  3 |  5 |  6  9 |  7 |  8 10 |
   2.65    |  1  4 |  2  3 |  5 |  6  8  9 10 |  7 |
   2.84    |  1  4  5 |  2  3 |  6  8  9 10 |  7 |
   3.34    |  1  4  5 |  2  3  6  8  9 10 |  7 |
   3.90    |  1  4  5  7 |  2  3  6  8  9 10 |
   4.22    |  1  2  3  4  5  6  7  8  9 10 |
  Finished Docking Ligand                  : /mnt/c/Users/ricca/Desktop/Documents/Rimoli/Reverse_Docking_Explore_V4/3nx8/ligand_prepared.mol2
--------------------------------------------------------------------------------

  Relative_Ligand_Energy (best encountered) :  -0.759
  Relative_Ligand_Energy: fitness values have been corrected using this amount
