
--------------------------------------------------------------------------------
--- Ligand                                                                   ---
--------------------------------------------------------------------------------
  Ligand loaded from file                  : /mnt/c/Users/ricca/Desktop/Documents/Rimoli/Reverse_Docking_Explore_V4/3nx8/ligand_prepared.mol2
  Ligand name                              :  
  "CT1002167954                                                             "

--------------------------------------------------------------------------------
  N.plc donors                             : 
  none found

  Acidic nitrogen acceptors                : 
  none found
  Sulfur acceptors                         :
  none found


  Donor atoms                              :      2
  8   10  
  Acceptor atoms                           :      3
  9   11  17  

  Hydrogens                                :  (n = 2)
  22   23   

  Lone pairs added to molecule             :      6
  Numbering                                : from 30 to 35

--------------------------------------------------------------------------------
--- Postprocessing of typing                                                 ---
--------------------------------------------------------------------------------
  Fragment file                            : /home/hitesit/CCDC/Discovery_2022/GOLD/gold/rotatable_bond_override.mol2
  acylurea fragment                        : 2 matches
  Ligand bond 15-8  set to flip
  Ligand bond 15-10  set to flip
  Ligand bond 15-10  set to 1
  Ligand bond 15-8  set to 1
  Ligand bond 10-4  set to flip
  Ligand bond 8-3  set to flip
  thioacylthiourea fragment                : no matches
  acylthiourea fragment                    : no matches
  thioacylurea fragment                    : no matches
  diarylamine fragment >C.ar-NH-C.ar<      : no matches
  sec-amine (1) fragment                   : no matches
  sec-amine (2) fragment                   : no matches
  sec-amine (3) fragment                   : no matches
  carboxylic ester                         : no matches

* Rotatable bonds in /mnt/c/Users/ricca/D  :
  [   1    2] [   1    5] 
  No. of rotatable bonds                   :      2


* Reading torsional distributions from file:
  /home/hitesit/CCDC/Discovery_2022/GOLD/gold/gold.tordist
  No. of bins in torsional distributions   :     36
  Minimum size of largest peak             :      0
  Removing high energy torsions            : on
  Delta E set to                           :   2.500

* Fragments found in /mnt/c/Users/ricca/D  :
  atom   2: benzene
  atom   6: benzene
  atom   7: benzene
  atom  13: benzene
  atom  14: benzene
  atom  16: benzene


* Checking torsion distributions:                                               
  No. of matched torsions                  :      0

--------------------------------------------------------------------------------
--- Shape fitting atoms selection (hydrophobic atoms)                        ---
--------------------------------------------------------------------------------
  Molecule                                 : /mnt/c/Users/ricca/Desktop/Documents/Rimoli/Reverse_Docking_Explore_V4/3nx8/ligand_prepared.mol2
  Selection                                : carbons only
  Atom numbers                             :  (n = 7)
  5    6    7    12   13   14   16   

--------------------------------------------------------------------------------
--- Diverse Solutions Setup                                                  ---
--------------------------------------------------------------------------------
  Cluster size                             :      2
  RMSD                                     :   2.000
  Refinement                               :      0


--------------------------------------------------------------------------------
--- ChemScore ligand setup summary                                           ---
--------------------------------------------------------------------------------
  ChemScore ligand acceptors               :      3
  9 11 17 
  ChemScore ligand donors                  :      2
  8 ( 22  ) 10 ( 23  ) 
  ChemScore ligand CH donors               :      0
  

  ChemScore ligand lipophilic atoms        :  (n = 9)
  1    2    5    6    7    12   13   14   16   

  ChemScore ligand rotatable bonds         :      2
  1   (C1 ) - 2   (C2 ): SP3_SP2_BOND
  1   (C1 ) - 5   (C5 ): SP3_SP3_BOND

--------------------------------------------------------------------------------
--- PLP ligand setup summary                                                 ---
--------------------------------------------------------------------------------
    1    C1   C.3 NONPOLAR
    2    C2  C.ar NONPOLAR
    3    C3   C.2 NONPOLAR
    4    C4   C.2 NONPOLAR
    5    C5   C.3 NONPOLAR
    6    C6  C.ar NONPOLAR
    7    C7  C.ar NONPOLAR
    8    N8  N.am DONOR
    9    O9   O.2 ACCEPTOR
   10   N10  N.am DONOR
   11   O11   O.2 ACCEPTOR
   12   C12   C.3 NONPOLAR
   13   C13  C.ar NONPOLAR
   14   C14  C.ar NONPOLAR
   15   C15   C.2 NONPOLAR
   16   C16  C.ar NONPOLAR
   17   O17   O.2 ACCEPTOR

--------------------------------------------------------------------------------
--- Automatic parameter setting                                              ---
--------------------------------------------------------------------------------
  Contribution base                        :   2500
  Contribution per rotatable bond          :   6000
  Contribution per df                      :   4000
  Contribution per water                   :  10000
  Ligand rotatable bonds                   :      2
  Protein flexible side chain bonds        :      0
  Total rotatable bonds                    :      2
  Hydrophobic vol ratio (P/L)              :   0.293
  Base multiplier (polar)                  :   1.000
  Base multiplier (apolar)                 :   0.410
  Base contribution                        : 2500.000
  Fitting points                           :      5
  Estimated maxops needed (optimal)        :  15000
  Autoscale factor (in percent)            :     10
  Scaled maxops                            :   1750

--------------------------------------------------------------------------------

* Population settings                                                           
  maxops                                   :   1750
  popsiz                                   :    100
  select_pressure                          :   1.100
  n_islands                                :      1
  niche_siz                                :      2

* GA settings                                                                   
  pt_crosswt                               :    100
  allele_mutatewt                          :    100
  migratewt                                :      0

* Search settings                                                               
  start_vdw_linear_cutoff                  :   6.000
  initial_virtual_pt_match_max             :   3.000
  Scaling of internal VDW energy           : log scale from  0.2 to    1
                                             over 1312 ops
  Sampling interval (operations)           :     17
  Scaling of virtual pt maximum length     : linear scale from    3 to    2
                                             over  1312 ops
  Sampling interval (operations)           :     52
  Scaling of 4-8 potential cutoff          : log scale from    6 to 1.2e+02
                                             over 1312 ops
  Sampling interval (operations)           :     52

--------------------------------------------------------------------------------

* Ligand initialisation time :                                                  
  total  0.0863 user  0.0114 sys  0.0749

--------------------------------------------------------------------------------

--------------------------------------------------------------------------------
** Docking run number  1 **
--------------------------------------------------------------------------------
  Rank fitness base is 5000.00 ; increment is 11.2233

* Initialising population(s) ...                                                
Number of constraints mappings 0
Number of constraints 0
  Population no.                           :      1
  Population size                          :    100
  Number of duplicates                     :      0
  Number of niche violations               :      0


Doing GA, no. of population(s) 1 size 100 selection pressure 1.100000

 Operation      Fitness  S(hb_ext) S(vdw_ext)  S(hb_int)    S(int)      intcor
         0      34.18       1.28      27.12       0.00     -21.96      -0.76
       169      33.90       1.14      25.72       0.00     -10.82      -0.76
       390      31.32       0.97      23.04       0.00      -4.20      -0.76
       519      32.14       6.00      19.63       0.00      -2.25      -0.76
       554      32.04       1.29      23.55       0.00      -4.20      -0.76
       555      32.86       1.26      24.00       0.00      -3.57      -0.76
       750      33.27       0.06      24.19       0.00      -0.10      -0.76
       965      33.72       0.08      24.55       0.00      -0.19      -0.76
      1024      34.64       0.10      25.17       0.00      -0.10      -0.76
--------------------------------------------------------------------------------
Best docking solution after GA:
      1750      34.57       0.06      25.17       0.00      -0.10      -0.76

#ops:       1750 #mutates:    864 #cross:      886 #dups:       480 
#niche:     1022 #errors:       1 
--------------------------------------------------------------------------------

Doing AMOEBA simplex on best individual
Done simplexing #iterations 429, best score  36.24

Ligand is stored in gold_soln_ligand_prepared_m1_1.mol2


--------------------------------------------------------------------------------
--- GoldScore breakdown of terms                                             ---
--------------------------------------------------------------------------------
Fitness = S(hb_ext) + 1.3750*S(vdw_ext) + S(hb_int) + 1.0000*S(int)
S(int)  = S(vdw_int) + S(tors)

Internal terms are relative to best energy found (intcor).

--------------------------------------------------------------------------------


     Fitness  S(hb_ext) S(vdw_ext)  S(hb_int)    S(int)      intcor
     36.24       0.03      26.35       0.00      -0.02      -0.76

--------------------------------------------------------------------------------
--- GoldScore analysis of protein-ligand interactions                        ---
--------------------------------------------------------------------------------

  Ligand acceptor   11 Protein hydrogen  447 donor  433 bond energy  2.00 wt 0.01

--------------------------------------------------------------------------------

--------------------------------------------------------------------------------
--- Rescoring solution                                                       ---
--------------------------------------------------------------------------------

     Score     S(PLP)   S(hbond)     S(cho)   S(metal)  DE(clash)   DE(tors)
     22.82     -22.83       0.00       0.00       0.00       0.00       0.01

Doing AMOEBA simplex on best individual
Done simplexing #iterations 647, best score  36.42

     Score     S(PLP)   S(hbond)     S(cho)   S(metal)  DE(clash)   DE(tors)
     36.42     -33.88       0.96       0.00       0.00       0.00       0.17

--------------------------------------------------------------------------------
--- CHEMPLP breakdown of terms                                               ---
--------------------------------------------------------------------------------
CHEMPLP = - ( 1.0000*S(PLP) + -3.0000*S(hbond) + -6.0000*S(metal) + -3.0000*S(cho) )

Score = CHEMPLP - 1.0000*DE(clash) - 2.0000*DE(tors)


--------------------------------------------------------------------------------


--------------------------------------------------------------------------------
--- PLP analysis of protein-ligand interactions                              ---
--------------------------------------------------------------------------------
hydrogen bonding        :      -2.72
metal                   :       0.00
buried (polar-nonpolar) :       1.68
nonpolar                :     -34.50
repulsive               :       1.34
--------------------------------------------------------------------------------


--------------------------------------------------------------------------------
--- ChemScore analysis of protein-ligand interactions                        ---
--------------------------------------------------------------------------------

* Hydrogen bonds                                                                
Protein donor  433 hydrogen  447 Ligand acceptor   11 bond energy  1.00 wt 0.96


* CH..O interactions                                                            
  CH group selection                       : activated ring CH (adjacent to hetatom)

--------------------------------------------------------------------------------


--------------------------------------------------------------------------------
--- Intra-ligand clashes                                                     ---
--------------------------------------------------------------------------------

Ligand
--------------------------------------------------------------------------------


--------------------------------------------------------------------------------
--- Chromosome decoded                                                       ---
--------------------------------------------------------------------------------
Ligand Torsions
[   6    2    1    3]  -64.02
[  12    5    1    2] -177.92
Protein Torsions
[1667 1658 1657 1655] -140.20 
[ 510  504  502  499]  -35.20 
Mapping
Ligand acceptors to protein hydrogens (mapping then atom ids)
Ligand hydrogens to protein acceptors (mapping then atom ids)
Ligand shape atoms to protein points (mapping then atom ids & coords)
  1   288 [  5->( 30.750  27.250  -4.000)]
  2   801 [  6->( 32.750  25.750  -3.500)]
  3   439 [  7->( 31.500  26.500  -3.250)]
  5   475 [ 13->( 31.750  25.000  -3.250)]
  6   367 [ 14->( 31.250  24.250  -2.750)]
  7   296 [ 16->( 31.000  23.250  -3.500)]
Chromosome values
Integers:
  -1   -1   -1   -1   -1  287  800  438   -1  474  366  295 
--------------------------------------------------------------------------------


--------------------------------------------------------------------------------
--- Diverse Solutions Stats                                                  ---
--------------------------------------------------------------------------------
  Move attempts                            :  17197
  Move failures                            :      0
  Failure rate                             :   0.000

--------------------------------------------------------------------------------

Current Ranking  1

--------------------------------------------------------------------------------

* GA execution time :                                                           
  total  0.6733 user  0.6116 sys  0.0618

--------------------------------------------------------------------------------
Fitness function evaluations: 17196

--------------------------------------------------------------------------------
** Docking run number  2 **
--------------------------------------------------------------------------------
  Rank fitness base is 5000.00 ; increment is 11.2233

* Initialising population(s) ...                                                
Number of constraints mappings 0
Number of constraints 0
  Population no.                           :      1
  Population size                          :    100
  Number of duplicates                     :      0
  Number of niche violations               :      1


Doing GA, no. of population(s) 1 size 100 selection pressure 1.100000

 Operation      Fitness  S(hb_ext) S(vdw_ext)  S(hb_int)    S(int)      intcor
         0      34.29       0.68      24.61       0.00      -1.15      -0.76
        34      34.33       4.96      23.65       0.00     -15.05      -0.76
Reordering...
        51      34.28       0.68      24.61       0.00      -1.15      -0.76
        54      34.31       1.08      24.21       0.00      -0.30      -0.76
        70      38.98       6.00      25.72       0.00     -10.96      -0.76
       326      37.56       6.00      24.53       0.00      -7.29      -0.76
       708      34.95       5.86      23.41       0.00      -6.58      -0.76
Reordering...
      1040      32.07       0.08      23.85       0.00      -1.13      -0.76
      1371      32.11       0.51      23.82       0.00      -1.15      -0.76
      1666      32.19       0.05      23.89       0.00      -0.71      -0.76
--------------------------------------------------------------------------------
Best docking solution after GA:
      1750      32.19       0.05      23.89       0.00      -0.71      -0.76

#ops:       1750 #mutates:    878 #cross:      872 #dups:       483 
#niche:      995 #errors:       1 
--------------------------------------------------------------------------------

Doing AMOEBA simplex on best individual
Done simplexing #iterations 611, best score  34.97

Ligand is stored in gold_soln_ligand_prepared_m1_2.mol2


--------------------------------------------------------------------------------
--- GoldScore breakdown of terms                                             ---
--------------------------------------------------------------------------------
Fitness = S(hb_ext) + 1.3750*S(vdw_ext) + S(hb_int) + 1.0000*S(int)
S(int)  = S(vdw_int) + S(tors)

Internal terms are relative to best energy found (intcor).

--------------------------------------------------------------------------------


     Fitness  S(hb_ext) S(vdw_ext)  S(hb_int)    S(int)      intcor
     34.97       0.05      25.86       0.00      -0.64      -0.76

--------------------------------------------------------------------------------
--- GoldScore analysis of protein-ligand interactions                        ---
--------------------------------------------------------------------------------

  Ligand acceptor   11 Protein hydrogen  447 donor  433 bond energy  2.00 wt 0.02

--------------------------------------------------------------------------------

--------------------------------------------------------------------------------
--- Rescoring solution                                                       ---
--------------------------------------------------------------------------------

     Score     S(PLP)   S(hbond)     S(cho)   S(metal)  DE(clash)   DE(tors)
     30.00     -30.44       0.14       0.00       0.00       0.00       0.43

Doing AMOEBA simplex on best individual
Done simplexing #iterations 519, best score  37.24

     Score     S(PLP)   S(hbond)     S(cho)   S(metal)  DE(clash)   DE(tors)
     37.24     -34.25       1.00       0.00       0.00       0.00       0.00

--------------------------------------------------------------------------------
--- CHEMPLP breakdown of terms                                               ---
--------------------------------------------------------------------------------
CHEMPLP = - ( 1.0000*S(PLP) + -3.0000*S(hbond) + -6.0000*S(metal) + -3.0000*S(cho) )

Score = CHEMPLP - 1.0000*DE(clash) - 2.0000*DE(tors)


--------------------------------------------------------------------------------


--------------------------------------------------------------------------------
--- PLP analysis of protein-ligand interactions                              ---
--------------------------------------------------------------------------------
hydrogen bonding        :      -1.98
metal                   :       0.00
buried (polar-nonpolar) :       1.22
nonpolar                :     -34.12
repulsive               :       0.42
--------------------------------------------------------------------------------


--------------------------------------------------------------------------------
--- ChemScore analysis of protein-ligand interactions                        ---
--------------------------------------------------------------------------------

* Hydrogen bonds                                                                
Protein donor  433 hydrogen  447 Ligand acceptor   11 bond energy  1.00 wt 1.00


* CH..O interactions                                                            
  CH group selection                       : activated ring CH (adjacent to hetatom)

--------------------------------------------------------------------------------


--------------------------------------------------------------------------------
--- Intra-ligand clashes                                                     ---
--------------------------------------------------------------------------------

Ligand
--------------------------------------------------------------------------------


--------------------------------------------------------------------------------
--- Chromosome decoded                                                       ---
--------------------------------------------------------------------------------
Ligand Torsions
[   6    2    1    3]  137.17
[  12    5    1    2]  169.09
Protein Torsions
[1667 1658 1657 1655] -116.80 
[ 510  504  502  499] -117.39 
Mapping
Ligand acceptors to protein hydrogens (mapping then atom ids)
Ligand hydrogens to protein acceptors (mapping then atom ids)
Ligand shape atoms to protein points (mapping then atom ids & coords)
  1   286 [  5->( 30.750  27.000  -3.750)]
  2   291 [  6->( 30.750  27.500  -3.750)]
  3   814 [  7->( 32.750  26.500  -3.250)]
  5   172 [ 13->( 30.250  24.500  -2.750)]
  6   878 [ 14->( 33.000  24.750  -2.750)]
  7   145 [ 16->( 30.250  23.000  -3.250)]
Chromosome values
Integers:
  -1   -1   -1   -1   -1  285  290  813   -1  171  877  144 
--------------------------------------------------------------------------------


--------------------------------------------------------------------------------
--- Diverse Solutions Stats                                                  ---
--------------------------------------------------------------------------------
  Move attempts                            :  17332
  Move failures                            :      0
  Failure rate                             :   0.000

--------------------------------------------------------------------------------

Current Ranking  1  2

--------------------------------------------------------------------------------

* GA execution time :                                                           
  total  0.6875 user  0.6806 sys  0.0069

--------------------------------------------------------------------------------
Fitness function evaluations: 17331

--------------------------------------------------------------------------------
** Docking run number  3 **
--------------------------------------------------------------------------------
  Rank fitness base is 5000.00 ; increment is 11.2233

* Initialising population(s) ...                                                
Number of constraints mappings 0
Number of constraints 0
  Population no.                           :      1
  Population size                          :    100
  Number of duplicates                     :      0
  Number of niche violations               :      0
  Number of errors                         :     34


Doing GA, no. of population(s) 1 size 100 selection pressure 1.100000

 Operation      Fitness  S(hb_ext) S(vdw_ext)  S(hb_int)    S(int)      intcor
         0      31.13       0.30      24.44       0.00     -13.86      -0.76
       198      32.08       4.91      22.24       0.00     -13.53      -0.76
       245      31.73       2.26      21.68       0.00      -1.25      -0.76
       261      36.28       6.00      23.23       0.00      -6.06      -0.76
       471      36.01       5.26      23.94       0.00      -6.15      -0.76
Reordering...
       936      32.00       0.32      24.44       0.00      -3.06      -0.76
       967      32.91       6.00      20.54       0.00      -2.07      -0.76
Reordering...
      1040      32.05       0.32      24.45       0.00      -2.64      -0.76
      1143      33.35       0.32      24.58       0.00      -0.96      -0.76
      1190      33.45       0.32      24.66       0.00      -0.90      -0.76
      1704      33.34       0.32      24.64       0.00      -0.85      -0.76
--------------------------------------------------------------------------------
Best docking solution after GA:
      1750      33.34       0.32      24.64       0.00      -0.85      -0.76

#ops:       1750 #mutates:    868 #cross:      882 #dups:       470 
#niche:      954 #errors:     101 
--------------------------------------------------------------------------------

Doing AMOEBA simplex on best individual
Done simplexing #iterations 477, best score  34.16

Ligand is stored in gold_soln_ligand_prepared_m1_3.mol2


--------------------------------------------------------------------------------
--- GoldScore breakdown of terms                                             ---
--------------------------------------------------------------------------------
Fitness = S(hb_ext) + 1.3750*S(vdw_ext) + S(hb_int) + 1.0000*S(int)
S(int)  = S(vdw_int) + S(tors)

Internal terms are relative to best energy found (intcor).

--------------------------------------------------------------------------------


     Fitness  S(hb_ext) S(vdw_ext)  S(hb_int)    S(int)      intcor
     34.16       0.33      25.22       0.00      -0.85      -0.76

--------------------------------------------------------------------------------
--- GoldScore analysis of protein-ligand interactions                        ---
--------------------------------------------------------------------------------

  Ligand acceptor    9 Protein hydrogen  447 donor  433 bond energy  2.00 wt 0.17

--------------------------------------------------------------------------------

--------------------------------------------------------------------------------
--- Rescoring solution                                                       ---
--------------------------------------------------------------------------------

     Score     S(PLP)   S(hbond)     S(cho)   S(metal)  DE(clash)   DE(tors)
     35.25     -34.38       1.00       0.00       0.00       0.00       1.06

Doing AMOEBA simplex on best individual
Done simplexing #iterations 617, best score  43.31

     Score     S(PLP)   S(hbond)     S(cho)   S(metal)  DE(clash)   DE(tors)
     43.31     -41.82       1.00       0.00       0.00       1.28       0.11

--------------------------------------------------------------------------------
--- CHEMPLP breakdown of terms                                               ---
--------------------------------------------------------------------------------
CHEMPLP = - ( 1.0000*S(PLP) + -3.0000*S(hbond) + -6.0000*S(metal) + -3.0000*S(cho) )

Score = CHEMPLP - 1.0000*DE(clash) - 2.0000*DE(tors)


--------------------------------------------------------------------------------


--------------------------------------------------------------------------------
--- PLP analysis of protein-ligand interactions                              ---
--------------------------------------------------------------------------------
hydrogen bonding        :      -1.00
metal                   :       0.00
buried (polar-nonpolar) :      -4.20
nonpolar                :     -37.62
repulsive               :       0.14
--------------------------------------------------------------------------------


--------------------------------------------------------------------------------
--- ChemScore analysis of protein-ligand interactions                        ---
--------------------------------------------------------------------------------

* Hydrogen bonds                                                                
Protein donor  433 hydrogen  447 Ligand acceptor    9 bond energy  1.00 wt 1.00


* CH..O interactions                                                            
  CH group selection                       : activated ring CH (adjacent to hetatom)

--------------------------------------------------------------------------------


--------------------------------------------------------------------------------
--- Intra-ligand clashes                                                     ---
--------------------------------------------------------------------------------

Ligand
  7 (C7   ) -   4 (C4   ):   1.28 (dist   2.71)
--------------------------------------------------------------------------------


--------------------------------------------------------------------------------
--- Chromosome decoded                                                       ---
--------------------------------------------------------------------------------
Ligand Torsions
[   6    2    1    3]   82.05
[  12    5    1    2] -167.92
Protein Torsions
[1667 1658 1657 1655]  -39.81 
[ 510  504  502  499]  -36.05 
Mapping
Ligand acceptors to protein hydrogens (mapping then atom ids)
Ligand hydrogens to protein acceptors (mapping then atom ids)
Ligand shape atoms to protein points (mapping then atom ids & coords)
  1   674 [  5->( 32.250  28.000  -3.250)]
  2   598 [  6->( 32.250  23.750  -3.250)]
  3   479 [  7->( 31.750  25.500  -3.250)]
  5   627 [ 13->( 32.250  25.500  -3.000)]
  6   201 [ 14->( 30.500  23.500  -2.750)]
  7   254 [ 16->( 30.750  23.750  -3.500)]
Chromosome values
Integers:
  -1   -1   -1   -1   -1  673  597  478   -1  626  200  253 
--------------------------------------------------------------------------------


--------------------------------------------------------------------------------
--- Diverse Solutions Stats                                                  ---
--------------------------------------------------------------------------------
  Move attempts                            :  17276
  Move failures                            :    135
  Failure rate                             :   0.008

--------------------------------------------------------------------------------

Current Ranking  1  2  3

--------------------------------------------------------------------------------

* GA execution time :                                                           
  total  0.8515 user  0.7099 sys  0.1416

--------------------------------------------------------------------------------
Fitness function evaluations: 17274

--------------------------------------------------------------------------------
** Docking run number  4 **
--------------------------------------------------------------------------------
  Rank fitness base is 5000.00 ; increment is 11.2233

* Initialising population(s) ...                                                
Number of constraints mappings 0
Number of constraints 0
  Population no.                           :      1
  Population size                          :    100
  Number of duplicates                     :      0
  Number of niche violations               :      1
  Number of errors                         :     33


Doing GA, no. of population(s) 1 size 100 selection pressure 1.100000

 Operation      Fitness  S(hb_ext) S(vdw_ext)  S(hb_int)    S(int)      intcor
         0      30.55       1.56      22.71       0.00     -11.14      -0.76
        88      31.98       6.00      23.20       0.00     -26.67      -0.76
       104      32.95       3.59      23.21       0.00     -11.27      -0.76
       344      32.31       6.00      21.19       0.00      -9.34      -0.76
       385      34.70       6.00      22.50       0.00      -7.08      -0.76
       613      33.23       6.00      22.77       0.00      -9.63      -0.76
Reordering...
       714      32.12       6.00      21.47       0.00      -7.08      -0.76
       903      29.73       6.00      20.39       0.00      -7.13      -0.76
Reordering...
      1071      27.12       0.52      20.51       0.00      -2.16      -0.76
      1106      28.62       0.49      20.51       0.00      -0.09      -0.76
      1670      30.37       0.44      21.83       0.00      -0.09      -0.76
--------------------------------------------------------------------------------
Best docking solution after GA:
      1750      30.37       0.44      21.83       0.00      -0.09      -0.76

#ops:       1750 #mutates:    894 #cross:      856 #dups:       462 
#niche:     1000 #errors:      79 
--------------------------------------------------------------------------------

Doing AMOEBA simplex on best individual
Done simplexing #iterations 402, best score  31.60

Ligand is stored in gold_soln_ligand_prepared_m1_4.mol2


--------------------------------------------------------------------------------
--- GoldScore breakdown of terms                                             ---
--------------------------------------------------------------------------------
Fitness = S(hb_ext) + 1.3750*S(vdw_ext) + S(hb_int) + 1.0000*S(int)
S(int)  = S(vdw_int) + S(tors)

Internal terms are relative to best energy found (intcor).

--------------------------------------------------------------------------------


     Fitness  S(hb_ext) S(vdw_ext)  S(hb_int)    S(int)      intcor
     31.60       0.48      22.65       0.00      -0.02      -0.76

--------------------------------------------------------------------------------
--- GoldScore analysis of protein-ligand interactions                        ---
--------------------------------------------------------------------------------

  Ligand acceptor   17 Protein hydrogen 5115 donor 5107 bond energy  2.00 wt 0.12
  Ligand donor   10 hydrogen   23 Protein acceptor 5110 bond energy  2.00 wt 0.12

--------------------------------------------------------------------------------

--------------------------------------------------------------------------------
--- Rescoring solution                                                       ---
--------------------------------------------------------------------------------

     Score     S(PLP)   S(hbond)     S(cho)   S(metal)  DE(clash)   DE(tors)
     29.99     -30.64       0.00       0.00       0.00       0.00       0.32

Doing AMOEBA simplex on best individual
Done simplexing #iterations 532, best score  37.32

     Score     S(PLP)   S(hbond)     S(cho)   S(metal)  DE(clash)   DE(tors)
     37.32     -38.07       0.11       0.00       0.00       0.00       0.55

--------------------------------------------------------------------------------
--- CHEMPLP breakdown of terms                                               ---
--------------------------------------------------------------------------------
CHEMPLP = - ( 1.0000*S(PLP) + -3.0000*S(hbond) + -6.0000*S(metal) + -3.0000*S(cho) )

Score = CHEMPLP - 1.0000*DE(clash) - 2.0000*DE(tors)


--------------------------------------------------------------------------------


--------------------------------------------------------------------------------
--- PLP analysis of protein-ligand interactions                              ---
--------------------------------------------------------------------------------
hydrogen bonding        :      -1.00
metal                   :       0.00
buried (polar-nonpolar) :      -0.93
nonpolar                :     -37.34
repulsive               :       0.18
--------------------------------------------------------------------------------


--------------------------------------------------------------------------------
--- ChemScore analysis of protein-ligand interactions                        ---
--------------------------------------------------------------------------------

* Hydrogen bonds                                                                
Protein donor  443 hydrogen  456 Ligand acceptor   17 bond energy  1.00 wt 0.11


* CH..O interactions                                                            
  CH group selection                       : activated ring CH (adjacent to hetatom)

--------------------------------------------------------------------------------


--------------------------------------------------------------------------------
--- Intra-ligand clashes                                                     ---
--------------------------------------------------------------------------------

Ligand
--------------------------------------------------------------------------------


--------------------------------------------------------------------------------
--- Chromosome decoded                                                       ---
--------------------------------------------------------------------------------
Ligand Torsions
[   6    2    1    3]  -69.99
[  12    5    1    2] -174.80
Protein Torsions
[1667 1658 1657 1655]  149.53 
[ 510  504  502  499]  130.82 
Mapping
Ligand acceptors to protein hydrogens (mapping then atom ids)
Ligand hydrogens to protein acceptors (mapping then atom ids)
Ligand shape atoms to protein points (mapping then atom ids & coords)
  2   326 [  6->( 31.000  25.750  -3.000)]
  3   727 [  7->( 32.500  26.500  -3.500)]
  5   123 [ 13->( 30.000  24.000  -3.500)]
  6   636 [ 14->( 32.250  26.000  -2.750)]
Chromosome values
Integers:
  -1   -1   -1   -1   -1   -1  325  726   -1  122  635   -1 
--------------------------------------------------------------------------------


--------------------------------------------------------------------------------
--- Diverse Solutions Stats                                                  ---
--------------------------------------------------------------------------------
  Move attempts                            :  16977
  Move failures                            :    111
  Failure rate                             :   0.007

--------------------------------------------------------------------------------

Current Ranking  1  2  3  4

--------------------------------------------------------------------------------

* GA execution time :                                                           
  total  0.6847 user  0.5571 sys  0.1276

--------------------------------------------------------------------------------
Fitness function evaluations: 16976

--------------------------------------------------------------------------------
** Docking run number  5 **
--------------------------------------------------------------------------------
  Rank fitness base is 5000.00 ; increment is 11.2233

* Initialising population(s) ...                                                
Number of constraints mappings 0
Number of constraints 0
  Population no.                           :      1
  Population size                          :    100
  Number of duplicates                     :      0
  Number of niche violations               :      0
  Number of errors                         :     69


Doing GA, no. of population(s) 1 size 100 selection pressure 1.100000

 Operation      Fitness  S(hb_ext) S(vdw_ext)  S(hb_int)    S(int)      intcor
         0      33.37       1.24      24.77       0.00      -9.65      -0.76
Reordering...
       104      28.97       2.71      20.16       0.00      -6.47      -0.76
       138      30.45       3.71      19.55       0.00      -0.60      -0.76
       352      29.55       0.17      21.48       0.00      -0.51      -0.76
       417      31.72       5.01      19.57       0.00      -0.60      -0.76
Reordering...
       988      27.39       0.34      20.85       0.00      -2.42      -0.76
      1081      27.44       0.38      20.11       0.00      -0.80      -0.76
      1426      27.51       0.31      20.19       0.00      -0.57      -0.76
      1484      27.78       0.20      20.63       0.00      -0.80      -0.76
      1657      30.28       0.00      23.47       0.00      -2.00      -0.76
--------------------------------------------------------------------------------
Best docking solution after GA:
      1750      30.28       0.00      23.47       0.00      -2.00      -0.76

#ops:       1750 #mutates:    870 #cross:      880 #dups:       510 
#niche:      915 #errors:     178 
--------------------------------------------------------------------------------

Doing AMOEBA simplex on best individual
Done simplexing #iterations 609, best score  35.09

Ligand is stored in gold_soln_ligand_prepared_m1_5.mol2


--------------------------------------------------------------------------------
--- GoldScore breakdown of terms                                             ---
--------------------------------------------------------------------------------
Fitness = S(hb_ext) + 1.3750*S(vdw_ext) + S(hb_int) + 1.0000*S(int)
S(int)  = S(vdw_int) + S(tors)

Internal terms are relative to best energy found (intcor).

--------------------------------------------------------------------------------


     Fitness  S(hb_ext) S(vdw_ext)  S(hb_int)    S(int)      intcor
     35.09       0.00      26.60       0.00      -1.49      -0.76

--------------------------------------------------------------------------------
--- GoldScore analysis of protein-ligand interactions                        ---
--------------------------------------------------------------------------------


--------------------------------------------------------------------------------

--------------------------------------------------------------------------------
--- Rescoring solution                                                       ---
--------------------------------------------------------------------------------

     Score     S(PLP)   S(hbond)     S(cho)   S(metal)  DE(clash)   DE(tors)
     13.52     -16.06       0.00       0.00       0.00       1.42       0.56

Doing AMOEBA simplex on best individual
Done simplexing #iterations 579, best score  37.77

     Score     S(PLP)   S(hbond)     S(cho)   S(metal)  DE(clash)   DE(tors)
     37.77     -39.88       0.00       0.00       0.00       2.02       0.04

--------------------------------------------------------------------------------
--- CHEMPLP breakdown of terms                                               ---
--------------------------------------------------------------------------------
CHEMPLP = - ( 1.0000*S(PLP) + -3.0000*S(hbond) + -6.0000*S(metal) + -3.0000*S(cho) )

Score = CHEMPLP - 1.0000*DE(clash) - 2.0000*DE(tors)


--------------------------------------------------------------------------------


--------------------------------------------------------------------------------
--- PLP analysis of protein-ligand interactions                              ---
--------------------------------------------------------------------------------
hydrogen bonding        :       0.00
metal                   :       0.00
buried (polar-nonpolar) :      -4.35
nonpolar                :     -35.94
repulsive               :       0.20
--------------------------------------------------------------------------------


--------------------------------------------------------------------------------
--- ChemScore analysis of protein-ligand interactions                        ---
--------------------------------------------------------------------------------

* Hydrogen bonds                                                                


* CH..O interactions                                                            
  CH group selection                       : activated ring CH (adjacent to hetatom)

--------------------------------------------------------------------------------


--------------------------------------------------------------------------------
--- Intra-ligand clashes                                                     ---
--------------------------------------------------------------------------------

Ligand
  6 (C6   ) -   3 (C3   ):   2.02 (dist   2.69)
--------------------------------------------------------------------------------


--------------------------------------------------------------------------------
--- Chromosome decoded                                                       ---
--------------------------------------------------------------------------------
Ligand Torsions
[   6    2    1    3]  -16.02
[  12    5    1    2]  172.82
Protein Torsions
[1667 1658 1657 1655] -110.92 
[ 510  504  502  499] -153.60 
Mapping
Ligand acceptors to protein hydrogens (mapping then atom ids)
Ligand hydrogens to protein acceptors (mapping then atom ids)
Ligand shape atoms to protein points (mapping then atom ids & coords)
  2   481 [  6->( 31.750  25.750  -3.500)]
  3   621 [  7->( 32.250  25.250  -3.500)]
  5   211 [ 13->( 30.500  24.000  -2.750)]
  6   534 [ 14->( 32.000  24.500  -3.250)]
  7   358 [ 16->( 31.250  23.750  -3.250)]
Chromosome values
Integers:
  -1   -1   -1   -1   -1   -1  480  620   -1  210  533  357 
--------------------------------------------------------------------------------


--------------------------------------------------------------------------------
--- Diverse Solutions Stats                                                  ---
--------------------------------------------------------------------------------
  Move attempts                            :  17439
  Move failures                            :    247
  Failure rate                             :   0.014

--------------------------------------------------------------------------------

Current Ranking  1  5  2  3  4

--------------------------------------------------------------------------------

* GA execution time :                                                           
  total  0.6260 user  0.5254 sys  0.1006

--------------------------------------------------------------------------------
Fitness function evaluations: 17438

--------------------------------------------------------------------------------
** Docking run number  6 **
--------------------------------------------------------------------------------
  Rank fitness base is 5000.00 ; increment is 11.2233

* Initialising population(s) ...                                                
Number of constraints mappings 0
Number of constraints 0
  Population no.                           :      1
  Population size                          :    100
  Number of duplicates                     :      0
  Number of niche violations               :      0
  Number of errors                         :     75


Doing GA, no. of population(s) 1 size 100 selection pressure 1.100000

 Operation      Fitness  S(hb_ext) S(vdw_ext)  S(hb_int)    S(int)      intcor
         0      30.17       2.54      22.49       0.00     -16.52      -0.76
        12      32.73       4.09      23.23       0.00     -16.52      -0.76
        99      34.46       6.00      22.27       0.00      -9.73      -0.76
       484      27.83       5.56      18.30       0.00      -8.07      -0.76
       493      29.35       5.17      19.73       0.00      -8.07      -0.76
Reordering...
       510      27.71       5.56      18.30       0.00      -8.07      -0.76
       699      28.18       5.53      17.49       0.00      -2.96      -0.76
       740      29.60       4.45      19.77       0.00      -4.13      -0.76
Reordering...
       884      26.63       5.29      16.79       0.00      -2.96      -0.76
       975      26.47       5.50      16.67       0.00      -2.96      -0.76
      1032      27.10       6.00      16.60       0.00      -2.47      -0.76
      1131      28.64       6.00      17.89       0.00      -2.47      -0.76
      1485      27.23       6.00      17.24       0.00      -2.47      -0.76
      1650      27.64       6.00      17.53       0.00      -2.47      -0.76
      1736      27.74       6.00      17.58       0.00      -2.43      -0.76
--------------------------------------------------------------------------------
Best docking solution after GA:
      1750      27.74       6.00      17.58       0.00      -2.43      -0.76

#ops:       1750 #mutates:    838 #cross:      912 #dups:       536 
#niche:      901 #errors:     107 
--------------------------------------------------------------------------------

Doing AMOEBA simplex on best individual
Done simplexing #iterations 593, best score  31.24

Ligand is stored in gold_soln_ligand_prepared_m1_6.mol2


--------------------------------------------------------------------------------
--- GoldScore breakdown of terms                                             ---
--------------------------------------------------------------------------------
Fitness = S(hb_ext) + 1.3750*S(vdw_ext) + S(hb_int) + 1.0000*S(int)
S(int)  = S(vdw_int) + S(tors)

Internal terms are relative to best energy found (intcor).

--------------------------------------------------------------------------------


     Fitness  S(hb_ext) S(vdw_ext)  S(hb_int)    S(int)      intcor
     31.24       6.00      20.38       0.00      -2.79      -0.76

--------------------------------------------------------------------------------
--- GoldScore analysis of protein-ligand interactions                        ---
--------------------------------------------------------------------------------

  Ligand acceptor   11 Protein hydrogen  456 donor  443 bond energy  6.00 wt 1.00

--------------------------------------------------------------------------------

--------------------------------------------------------------------------------
--- Rescoring solution                                                       ---
--------------------------------------------------------------------------------

     Score     S(PLP)   S(hbond)     S(cho)   S(metal)  DE(clash)   DE(tors)
     31.39     -32.20       0.50       0.00       0.00       1.42       0.45

Doing AMOEBA simplex on best individual
Done simplexing #iterations 555, best score  39.44

     Score     S(PLP)   S(hbond)     S(cho)   S(metal)  DE(clash)   DE(tors)
     39.44     -38.78       0.94       0.00       0.00       1.89       0.14

--------------------------------------------------------------------------------
--- CHEMPLP breakdown of terms                                               ---
--------------------------------------------------------------------------------
CHEMPLP = - ( 1.0000*S(PLP) + -3.0000*S(hbond) + -6.0000*S(metal) + -3.0000*S(cho) )

Score = CHEMPLP - 1.0000*DE(clash) - 2.0000*DE(tors)


--------------------------------------------------------------------------------


--------------------------------------------------------------------------------
--- PLP analysis of protein-ligand interactions                              ---
--------------------------------------------------------------------------------
hydrogen bonding        :      -0.88
metal                   :       0.00
buried (polar-nonpolar) :       1.45
nonpolar                :     -39.62
repulsive               :       0.04
--------------------------------------------------------------------------------


--------------------------------------------------------------------------------
--- ChemScore analysis of protein-ligand interactions                        ---
--------------------------------------------------------------------------------

* Hydrogen bonds                                                                
Protein donor  443 hydrogen  456 Ligand acceptor   11 bond energy  1.00 wt 0.94


* CH..O interactions                                                            
  CH group selection                       : activated ring CH (adjacent to hetatom)

--------------------------------------------------------------------------------


--------------------------------------------------------------------------------
--- Intra-ligand clashes                                                     ---
--------------------------------------------------------------------------------

Ligand
  6 (C6   ) -   3 (C3   ):   1.89 (dist   2.70)
--------------------------------------------------------------------------------


--------------------------------------------------------------------------------
--- Chromosome decoded                                                       ---
--------------------------------------------------------------------------------
Ligand Torsions
[   6    2    1    3]  -14.68
[  12    5    1    2] -173.43
Protein Torsions
[1667 1658 1657 1655] -156.24 
[ 510  504  502  499]  -49.68 
Mapping
Ligand acceptors to protein hydrogens (mapping then atom ids)
  2  10 [ 11-> 456]
Ligand hydrogens to protein acceptors (mapping then atom ids)
Ligand shape atoms to protein points (mapping then atom ids & coords)
  2   663 [  6->( 32.250  27.500  -3.250)]
  3   378 [  7->( 31.250  25.750  -3.250)]
  5   426 [ 13->( 31.500  25.250  -3.250)]
  6   618 [ 14->( 32.250  25.000  -3.250)]
  7   167 [ 16->( 30.250  24.250  -3.250)]
Chromosome values
Integers:
  -1    9   -1   -1   -1   -1  662  377   -1  425  617  166 
--------------------------------------------------------------------------------


--------------------------------------------------------------------------------
--- Diverse Solutions Stats                                                  ---
--------------------------------------------------------------------------------
  Move attempts                            :  17450
  Move failures                            :    188
  Failure rate                             :   0.011

--------------------------------------------------------------------------------

Current Ranking  1  5  2  3  4  6

--------------------------------------------------------------------------------

* GA execution time :                                                           
  total  0.6913 user  0.5754 sys  0.1158

--------------------------------------------------------------------------------
Fitness function evaluations: 17449

--------------------------------------------------------------------------------
** Docking run number  7 **
--------------------------------------------------------------------------------
  Rank fitness base is 5000.00 ; increment is 11.2233

* Initialising population(s) ...                                                
Number of constraints mappings 0
Number of constraints 0
  Population no.                           :      1
  Population size                          :    100
  Number of duplicates                     :      0
  Number of niche violations               :      0
  Number of errors                         :     68


Doing GA, no. of population(s) 1 size 100 selection pressure 1.100000

 Operation      Fitness  S(hb_ext) S(vdw_ext)  S(hb_int)    S(int)      intcor
         0      37.00       4.68      24.11       0.00      -4.15      -0.76
       240      31.78       4.57      20.59       0.00      -4.15      -0.76
Reordering...
       260      31.15       6.00      21.92       0.00     -18.25      -0.76
       279      33.25       6.00      23.52       0.00     -18.25      -0.76
Reordering...
       510      30.69       0.59      22.71       0.00      -3.03      -0.76
Reordering...
       520      30.33       6.00      22.66       0.00     -18.25      -0.76
Reordering...
       527      30.28       0.58      22.44       0.00      -3.03      -0.76
       629      29.66       0.39      22.24       0.00      -3.03      -0.76
       736      29.61       0.50      22.25       0.00      -3.03      -0.76
      1290      28.07       6.00      17.95       0.00      -2.73      -0.76
      1638      28.02       0.29      21.91       0.00      -2.40      -0.76
      1666      28.13       6.00      18.08       0.00      -2.73      -0.76
--------------------------------------------------------------------------------
Best docking solution after GA:
      1750      28.13       6.00      18.08       0.00      -2.73      -0.76

#ops:       1750 #mutates:    877 #cross:      873 #dups:       424 
#niche:      940 #errors:     134 
--------------------------------------------------------------------------------

Doing AMOEBA simplex on best individual
Done simplexing #iterations 666, best score  33.36

Ligand is stored in gold_soln_ligand_prepared_m1_7.mol2


--------------------------------------------------------------------------------
--- GoldScore breakdown of terms                                             ---
--------------------------------------------------------------------------------
Fitness = S(hb_ext) + 1.3750*S(vdw_ext) + S(hb_int) + 1.0000*S(int)
S(int)  = S(vdw_int) + S(tors)

Internal terms are relative to best energy found (intcor).

--------------------------------------------------------------------------------


     Fitness  S(hb_ext) S(vdw_ext)  S(hb_int)    S(int)      intcor
     33.36       5.94      21.15       0.00      -1.65      -0.76

--------------------------------------------------------------------------------
--- GoldScore analysis of protein-ligand interactions                        ---
--------------------------------------------------------------------------------

  Ligand acceptor   11 Protein hydrogen  456 donor  443 bond energy  6.00 wt 0.99

--------------------------------------------------------------------------------

--------------------------------------------------------------------------------
--- Rescoring solution                                                       ---
--------------------------------------------------------------------------------

     Score     S(PLP)   S(hbond)     S(cho)   S(metal)  DE(clash)   DE(tors)
     22.87     -22.57       0.70       0.00       0.00       1.23       0.28

Doing AMOEBA simplex on best individual
Done simplexing #iterations 737, best score  38.17

     Score     S(PLP)   S(hbond)     S(cho)   S(metal)  DE(clash)   DE(tors)
     38.17     -37.05       0.99       0.00       0.00       0.39       0.73

--------------------------------------------------------------------------------
--- CHEMPLP breakdown of terms                                               ---
--------------------------------------------------------------------------------
CHEMPLP = - ( 1.0000*S(PLP) + -3.0000*S(hbond) + -6.0000*S(metal) + -3.0000*S(cho) )

Score = CHEMPLP - 1.0000*DE(clash) - 2.0000*DE(tors)


--------------------------------------------------------------------------------


--------------------------------------------------------------------------------
--- PLP analysis of protein-ligand interactions                              ---
--------------------------------------------------------------------------------
hydrogen bonding        :      -1.00
metal                   :       0.00
buried (polar-nonpolar) :       2.42
nonpolar                :     -38.87
repulsive               :       0.12
--------------------------------------------------------------------------------


--------------------------------------------------------------------------------
--- ChemScore analysis of protein-ligand interactions                        ---
--------------------------------------------------------------------------------

* Hydrogen bonds                                                                
Protein donor  443 hydrogen  456 Ligand acceptor   11 bond energy  1.00 wt 0.99


* CH..O interactions                                                            
  CH group selection                       : activated ring CH (adjacent to hetatom)

--------------------------------------------------------------------------------


--------------------------------------------------------------------------------
--- Intra-ligand clashes                                                     ---
--------------------------------------------------------------------------------

Ligand
  7 (C7   ) -   3 (C3   ):   0.39 (dist   2.74)
--------------------------------------------------------------------------------


--------------------------------------------------------------------------------
--- Chromosome decoded                                                       ---
--------------------------------------------------------------------------------
Ligand Torsions
[   6    2    1    3]  169.83
[  12    5    1    2]  171.06
Protein Torsions
[1667 1658 1657 1655]  127.46 
[ 510  504  502  499]   19.00 
Mapping
Ligand acceptors to protein hydrogens (mapping then atom ids)
  2  10 [ 11-> 456]
Ligand hydrogens to protein acceptors (mapping then atom ids)
Ligand shape atoms to protein points (mapping then atom ids & coords)
  2   110 [  6->( 29.750  27.500  -3.750)]
  3   563 [  7->( 32.000  26.750  -3.750)]
  5   687 [ 13->( 32.500  24.000  -3.000)]
  6   617 [ 14->( 32.250  25.000  -3.500)]
  7   531 [ 16->( 32.000  24.250  -3.000)]
Chromosome values
Integers:
  -1    9   -1   -1   -1   -1  109  562   -1  686  616  530 
--------------------------------------------------------------------------------


--------------------------------------------------------------------------------
--- Diverse Solutions Stats                                                  ---
--------------------------------------------------------------------------------
  Move attempts                            :  17737
  Move failures                            :    258
  Failure rate                             :   0.015

--------------------------------------------------------------------------------

Current Ranking  1  5  2  3  7  4  6

--------------------------------------------------------------------------------

* GA execution time :                                                           
  total  0.6744 user  0.5781 sys  0.0964

--------------------------------------------------------------------------------
Fitness function evaluations: 17735

--------------------------------------------------------------------------------
** Docking run number  8 **
--------------------------------------------------------------------------------
  Rank fitness base is 5000.00 ; increment is 11.2233

* Initialising population(s) ...                                                
Number of constraints mappings 0
Number of constraints 0
  Population no.                           :      1
  Population size                          :    100
  Number of duplicates                     :      0
  Number of niche violations               :      0
  Number of errors                         :     85


Doing GA, no. of population(s) 1 size 100 selection pressure 1.100000

 Operation      Fitness  S(hb_ext) S(vdw_ext)  S(hb_int)    S(int)      intcor
         0      31.89       0.47      24.90       0.00     -14.12      -0.76
Reordering...
        52      30.27       4.31      21.49       0.00     -16.82      -0.76
Reordering...
        85      30.13       0.46      23.86       0.00     -14.12      -0.76
Reordering...
       104      29.26       4.29      20.93       0.00     -16.82      -0.76
       223      28.52       0.14      21.62       0.00      -5.16      -0.76
       312      28.82       0.47      21.71       0.00      -5.12      -0.76
       542      26.96       0.00      19.97       0.00      -1.30      -0.76
       640      28.94       2.91      21.37       0.00      -7.76      -0.76
       805      28.37       1.50      22.55       0.00      -7.76      -0.76
       941      28.36       1.24      22.09       0.00      -5.16      -0.76
      1293      25.43       0.00      19.29       0.00      -1.12      -0.76
      1343      26.91       0.00      20.31       0.00      -1.01      -0.76
      1477      26.93       0.00      23.34       0.00      -5.16      -0.76
      1483      29.02       0.00      21.94       0.00      -1.15      -0.76
      1688      30.71       0.00      22.96       0.00      -0.86      -0.76
      1730      31.05       0.00      23.41       0.00      -1.15      -0.76
--------------------------------------------------------------------------------
Best docking solution after GA:
      1750      31.05       0.00      23.41       0.00      -1.15      -0.76

#ops:       1750 #mutates:    874 #cross:      876 #dups:       440 
#niche:     1006 #errors:     242 
--------------------------------------------------------------------------------

Doing AMOEBA simplex on best individual
Done simplexing #iterations 542, best score  35.12

Ligand is stored in gold_soln_ligand_prepared_m1_8.mol2


--------------------------------------------------------------------------------
--- GoldScore breakdown of terms                                             ---
--------------------------------------------------------------------------------
Fitness = S(hb_ext) + 1.3750*S(vdw_ext) + S(hb_int) + 1.0000*S(int)
S(int)  = S(vdw_int) + S(tors)

Internal terms are relative to best energy found (intcor).

--------------------------------------------------------------------------------


     Fitness  S(hb_ext) S(vdw_ext)  S(hb_int)    S(int)      intcor
     35.12       0.00      26.32       0.00      -1.06      -0.76

--------------------------------------------------------------------------------
--- GoldScore analysis of protein-ligand interactions                        ---
--------------------------------------------------------------------------------


--------------------------------------------------------------------------------

--------------------------------------------------------------------------------
--- Rescoring solution                                                       ---
--------------------------------------------------------------------------------

     Score     S(PLP)   S(hbond)     S(cho)   S(metal)  DE(clash)   DE(tors)
     25.26     -27.01       0.00       0.00       0.00       0.00       0.88

Doing AMOEBA simplex on best individual
Done simplexing #iterations 505, best score  37.34

     Score     S(PLP)   S(hbond)     S(cho)   S(metal)  DE(clash)   DE(tors)
     37.34     -39.05       0.00       0.00       0.00       0.64       0.53

--------------------------------------------------------------------------------
--- CHEMPLP breakdown of terms                                               ---
--------------------------------------------------------------------------------
CHEMPLP = - ( 1.0000*S(PLP) + -3.0000*S(hbond) + -6.0000*S(metal) + -3.0000*S(cho) )

Score = CHEMPLP - 1.0000*DE(clash) - 2.0000*DE(tors)


--------------------------------------------------------------------------------


--------------------------------------------------------------------------------
--- PLP analysis of protein-ligand interactions                              ---
--------------------------------------------------------------------------------
hydrogen bonding        :       0.00
metal                   :       0.00
buried (polar-nonpolar) :      -3.71
nonpolar                :     -36.14
repulsive               :       0.20
--------------------------------------------------------------------------------


--------------------------------------------------------------------------------
--- ChemScore analysis of protein-ligand interactions                        ---
--------------------------------------------------------------------------------

* Hydrogen bonds                                                                


* CH..O interactions                                                            
  CH group selection                       : activated ring CH (adjacent to hetatom)

--------------------------------------------------------------------------------


--------------------------------------------------------------------------------
--- Intra-ligand clashes                                                     ---
--------------------------------------------------------------------------------

Ligand
  7 (C7   ) -   3 (C3   ):   0.64 (dist   2.73)
--------------------------------------------------------------------------------


--------------------------------------------------------------------------------
--- Chromosome decoded                                                       ---
--------------------------------------------------------------------------------
Ligand Torsions
[   6    2    1    3]  160.43
[  12    5    1    2]  170.89
Protein Torsions
[1667 1658 1657 1655]  129.76 
[ 510  504  502  499]  128.82 
Mapping
Ligand acceptors to protein hydrogens (mapping then atom ids)
Ligand hydrogens to protein acceptors (mapping then atom ids)
Ligand shape atoms to protein points (mapping then atom ids & coords)
  1   498 [  5->( 31.750  27.000  -4.000)]
  2   714 [  6->( 32.500  25.750  -3.250)]
  3   228 [  7->( 30.500  26.000  -3.250)]
  5   782 [ 13->( 32.750  24.500  -3.250)]
  6   175 [ 14->( 30.250  25.000  -3.000)]
  7   307 [ 16->( 31.000  23.750  -2.750)]
Chromosome values
Integers:
  -1   -1   -1   -1   -1  497  713  227   -1  781  174  306 
--------------------------------------------------------------------------------


--------------------------------------------------------------------------------
--- Diverse Solutions Stats                                                  ---
--------------------------------------------------------------------------------
  Move attempts                            :  17320
  Move failures                            :    336
  Failure rate                             :   0.019

--------------------------------------------------------------------------------

Current Ranking  1  8  5  2  3  7  4  6

--------------------------------------------------------------------------------

* GA execution time :                                                           
  total  0.6369 user  0.5969 sys  0.0400

--------------------------------------------------------------------------------
Fitness function evaluations: 17318

--------------------------------------------------------------------------------
** Docking run number  9 **
--------------------------------------------------------------------------------
  Rank fitness base is 5000.00 ; increment is 11.2233

* Initialising population(s) ...                                                
Number of constraints mappings 0
Number of constraints 0
  Population no.                           :      1
  Population size                          :    100
  Number of duplicates                     :      0
  Number of niche violations               :      0
  Number of errors                         :    116


Doing GA, no. of population(s) 1 size 100 selection pressure 1.100000

 Operation      Fitness  S(hb_ext) S(vdw_ext)  S(hb_int)    S(int)      intcor
         0      33.52       0.23      26.77       0.00     -17.56      -0.76
       112      29.06       0.18      23.89       0.00     -17.56      -0.76
Reordering...
       208      25.45       0.07      20.46       0.00     -10.69      -0.76
Reordering...
       289      24.55       2.78      16.17       0.00      -1.64      -0.76
       309      24.90       2.78      16.90       0.00      -3.86      -0.76
Reordering...
       364      23.47       0.04      19.18       0.00      -9.46      -0.76
Reordering...
       391      23.37       2.69      15.94       0.00      -3.86      -0.76
       410      23.44       0.14      17.06       0.00      -0.48      -0.76
       538      24.45       0.05      18.75       0.00      -3.62      -0.76
       606      25.20       0.04      19.39       0.00      -3.62      -0.76
       633      27.52       3.26      18.86       0.00      -3.86      -0.76
      1140      20.98       0.00      16.65       0.00      -2.36      -0.76
Reordering...
      1144      20.63       0.00      17.13       0.00      -3.62      -0.76
      1148      24.73       0.00      20.12       0.00      -3.62      -0.76
--------------------------------------------------------------------------------
Best docking solution after GA:
      1750      24.04       0.00      20.12       0.00      -3.62      -0.76

#ops:       1750 #mutates:    846 #cross:      904 #dups:       433 
#niche:      893 #errors:     168 
--------------------------------------------------------------------------------

Doing AMOEBA simplex on best individual
Done simplexing #iterations 618, best score  28.58

Ligand is stored in gold_soln_ligand_prepared_m1_9.mol2


--------------------------------------------------------------------------------
--- GoldScore breakdown of terms                                             ---
--------------------------------------------------------------------------------
Fitness = S(hb_ext) + 1.3750*S(vdw_ext) + S(hb_int) + 1.0000*S(int)
S(int)  = S(vdw_int) + S(tors)

Internal terms are relative to best energy found (intcor).

--------------------------------------------------------------------------------


     Fitness  S(hb_ext) S(vdw_ext)  S(hb_int)    S(int)      intcor
     28.58       0.36      22.55       0.00      -2.79      -0.76

--------------------------------------------------------------------------------
--- GoldScore analysis of protein-ligand interactions                        ---
--------------------------------------------------------------------------------

  Ligand acceptor   11 Protein hydrogen  447 donor  433 bond energy  2.00 wt 0.18

--------------------------------------------------------------------------------

--------------------------------------------------------------------------------
--- Rescoring solution                                                       ---
--------------------------------------------------------------------------------

     Score     S(PLP)   S(hbond)     S(cho)   S(metal)  DE(clash)   DE(tors)
     23.34     -24.79       0.00       0.00       0.00       1.42       0.01

Doing AMOEBA simplex on best individual
Done simplexing #iterations 617, best score  37.21

     Score     S(PLP)   S(hbond)     S(cho)   S(metal)  DE(clash)   DE(tors)
     37.21     -38.98       0.00       0.00       0.00       0.49       0.64

--------------------------------------------------------------------------------
--- CHEMPLP breakdown of terms                                               ---
--------------------------------------------------------------------------------
CHEMPLP = - ( 1.0000*S(PLP) + -3.0000*S(hbond) + -6.0000*S(metal) + -3.0000*S(cho) )

Score = CHEMPLP - 1.0000*DE(clash) - 2.0000*DE(tors)


--------------------------------------------------------------------------------


--------------------------------------------------------------------------------
--- PLP analysis of protein-ligand interactions                              ---
--------------------------------------------------------------------------------
hydrogen bonding        :       0.00
metal                   :       0.00
buried (polar-nonpolar) :      -2.61
nonpolar                :     -36.52
repulsive               :       0.05
--------------------------------------------------------------------------------


--------------------------------------------------------------------------------
--- ChemScore analysis of protein-ligand interactions                        ---
--------------------------------------------------------------------------------

* Hydrogen bonds                                                                


* CH..O interactions                                                            
  CH group selection                       : activated ring CH (adjacent to hetatom)

--------------------------------------------------------------------------------


--------------------------------------------------------------------------------
--- Intra-ligand clashes                                                     ---
--------------------------------------------------------------------------------

Ligand
  7 (C7   ) -   4 (C4   ):   0.49 (dist   2.74)
--------------------------------------------------------------------------------


--------------------------------------------------------------------------------
--- Chromosome decoded                                                       ---
--------------------------------------------------------------------------------
Ligand Torsions
[   6    2    1    3]   64.90
[  12    5    1    2]  177.64
Protein Torsions
[1667 1658 1657 1655]  149.34 
[ 510  504  502  499]  -34.14 
Mapping
Ligand acceptors to protein hydrogens (mapping then atom ids)
Ligand hydrogens to protein acceptors (mapping then atom ids)
Ligand shape atoms to protein points (mapping then atom ids & coords)
  4    48 [ 12->( 28.750  28.000  -5.000)]
  6   625 [ 14->( 32.250  25.500  -3.500)]
  7   695 [ 16->( 32.500  24.500  -3.000)]
Chromosome values
Integers:
  -1   -1   -1   -1   -1   -1   -1   -1   47   -1  624  694 
--------------------------------------------------------------------------------


--------------------------------------------------------------------------------
--- Diverse Solutions Stats                                                  ---
--------------------------------------------------------------------------------
  Move attempts                            :  17591
  Move failures                            :    396
  Failure rate                             :   0.023

--------------------------------------------------------------------------------

Current Ranking  1  8  5  2  3  7  4  6  9

--------------------------------------------------------------------------------

* GA execution time :                                                           
  total  0.6102 user  0.5695 sys  0.0407

--------------------------------------------------------------------------------
Fitness function evaluations: 17589

--------------------------------------------------------------------------------
** Docking run number 10 **
--------------------------------------------------------------------------------
  Rank fitness base is 5000.00 ; increment is 11.2233

* Initialising population(s) ...                                                
Number of constraints mappings 0
Number of constraints 0
  Population no.                           :      1
  Population size                          :    100
  Number of duplicates                     :      0
  Number of niche violations               :      1
  Number of errors                         :    116


Doing GA, no. of population(s) 1 size 100 selection pressure 1.100000

 Operation      Fitness  S(hb_ext) S(vdw_ext)  S(hb_int)    S(int)      intcor
         0      31.38       0.00      24.98       0.00     -14.82      -0.76
        11      31.48       0.00      25.05       0.00     -14.82      -0.76
       149      27.83       0.74      20.57       0.00      -5.08      -0.76
       224      31.11       0.71      23.13       0.00      -5.34      -0.76
Reordering...
       476      26.15       0.00      19.55       0.00      -2.02      -0.76
       647      27.34       0.16      20.39       0.00      -1.94      -0.76
Reordering...
       850      25.63       0.11      19.28       0.00      -1.74      -0.76
       960      25.23       0.04      18.61       0.00      -0.61      -0.76
      1027      27.16       0.14      20.64       0.00      -1.94      -0.76
      1108      27.61       0.20      21.23       0.00      -2.30      -0.76
      1120      27.72       0.22      21.49       0.00      -2.65      -0.76
      1565      28.23       0.00      22.20       0.00      -2.30      -0.76
--------------------------------------------------------------------------------
Best docking solution after GA:
      1750      28.23       0.00      22.20       0.00      -2.30      -0.76

#ops:       1750 #mutates:    861 #cross:      889 #dups:       439 
#niche:      843 #errors:     114 
--------------------------------------------------------------------------------

Doing AMOEBA simplex on best individual
Done simplexing #iterations 474, best score  31.56

Ligand is stored in gold_soln_ligand_prepared_m1_10.mol2


--------------------------------------------------------------------------------
--- GoldScore breakdown of terms                                             ---
--------------------------------------------------------------------------------
Fitness = S(hb_ext) + 1.3750*S(vdw_ext) + S(hb_int) + 1.0000*S(int)
S(int)  = S(vdw_int) + S(tors)

Internal terms are relative to best energy found (intcor).

--------------------------------------------------------------------------------


     Fitness  S(hb_ext) S(vdw_ext)  S(hb_int)    S(int)      intcor
     31.56       0.00      23.65       0.00      -0.95      -0.76

--------------------------------------------------------------------------------
--- GoldScore analysis of protein-ligand interactions                        ---
--------------------------------------------------------------------------------


--------------------------------------------------------------------------------

--------------------------------------------------------------------------------
--- Rescoring solution                                                       ---
--------------------------------------------------------------------------------

     Score     S(PLP)   S(hbond)     S(cho)   S(metal)  DE(clash)   DE(tors)
     23.78     -26.13       0.00       0.00       0.00       1.29       0.53

Doing AMOEBA simplex on best individual
Done simplexing #iterations 538, best score  36.85

     Score     S(PLP)   S(hbond)     S(cho)   S(metal)  DE(clash)   DE(tors)
     36.85     -38.92       0.00       0.00       0.00       0.08       1.00

--------------------------------------------------------------------------------
--- CHEMPLP breakdown of terms                                               ---
--------------------------------------------------------------------------------
CHEMPLP = - ( 1.0000*S(PLP) + -3.0000*S(hbond) + -6.0000*S(metal) + -3.0000*S(cho) )

Score = CHEMPLP - 1.0000*DE(clash) - 2.0000*DE(tors)


--------------------------------------------------------------------------------


--------------------------------------------------------------------------------
--- PLP analysis of protein-ligand interactions                              ---
--------------------------------------------------------------------------------
hydrogen bonding        :       0.00
metal                   :       0.00
buried (polar-nonpolar) :      -2.55
nonpolar                :     -36.77
repulsive               :       0.04
--------------------------------------------------------------------------------


--------------------------------------------------------------------------------
--- ChemScore analysis of protein-ligand interactions                        ---
--------------------------------------------------------------------------------

* Hydrogen bonds                                                                


* CH..O interactions                                                            
  CH group selection                       : activated ring CH (adjacent to hetatom)

--------------------------------------------------------------------------------


--------------------------------------------------------------------------------
--- Intra-ligand clashes                                                     ---
--------------------------------------------------------------------------------

Ligand
  6 (C6   ) -   4 (C4   ):   0.08 (dist   2.75)
--------------------------------------------------------------------------------


--------------------------------------------------------------------------------
--- Chromosome decoded                                                       ---
--------------------------------------------------------------------------------
Ligand Torsions
[   6    2    1    3]  -94.43
[  12    5    1    2] -173.68
Protein Torsions
[1667 1658 1657 1655]  150.22 
[ 510  504  502  499]  147.79 
Mapping
Ligand acceptors to protein hydrogens (mapping then atom ids)
Ligand hydrogens to protein acceptors (mapping then atom ids)
Ligand shape atoms to protein points (mapping then atom ids & coords)
  2   744 [  6->( 32.500  27.250  -3.000)]
  3   271 [  7->( 30.750  25.250  -3.250)]
  4    17 [ 12->( 28.000  28.250  -5.750)]
  7   528 [ 16->( 32.000  24.000  -2.750)]
Chromosome values
Integers:
  -1   -1   -1   -1   -1   -1  743  270   16   -1   -1  527 
--------------------------------------------------------------------------------


--------------------------------------------------------------------------------
--- Diverse Solutions Stats                                                  ---
--------------------------------------------------------------------------------
  Move attempts                            :  17237
  Move failures                            :    270
  Failure rate                             :   0.016

--------------------------------------------------------------------------------

Current Ranking  1  8  5  2  3  7  4 10  6  9

--------------------------------------------------------------------------------

* GA execution time :                                                           
  total  0.6335 user  0.5838 sys  0.0497

--------------------------------------------------------------------------------
Fitness function evaluations: 17238

--------------------------------------------------------------------------------
--- Ranking analysis                                                         ---
--------------------------------------------------------------------------------


* Final ranked order of GA solutions:                                           
   1  8  5  2  3  7  4 10  6  9 

  _______________________________
  RMSD Matrix of RANKED solutions

        2    3    4    5    6    7    8    9   10  

   1 :  2.9  2.6  0.3  2.9  3.0  3.7  3.0  3.2  2.5
   2 :       0.5  2.9  2.6  3.2  2.8  2.2  3.1  2.2
   3 :            2.7  2.7  3.4  3.1  2.5  3.3  2.4
   4 :                 2.8  2.9  3.7  3.0  3.1  2.5
   5 :                      2.1  1.7  2.7  2.4  2.5
   6 :                           2.4  2.8  0.9  2.6
   7 :                                2.5  2.3  2.6
   8 :                                     2.5  0.8
   9 :                                          2.5

  Clustering method                        : complete linkage
  Structure ids in cluster table           : rank nos.
  Ordering of clusters and their members   : by rank (order if from rms_analysis)

  Distance | Clusters
   0.28    |  1  4 |  2 |  3 |  5 |  6 |  7 |  8 |  9 | 10 |
   0.53    |  1  4 |  2  3 |  5 |  6 |  7 |  8 |  9 | 10 |
   0.77    |  1  4 |  2  3 |  5 |  6 |  7 |  8 10 |  9 |
   0.90    |  1  4 |  2  3 |  5 |  6  9 |  7 |  8 10 |
   1.67    |  1  4 |  2  3 |  5  7 |  6  9 |  8 10 |
   2.44    |  1  4 |  2  3 |  5  6  7  9 |  8 10 |
   2.47    |  1  4 |  2  3  8 10 |  5  6  7  9 |
   3.05    |  1  2  3  4  8 10 |  5  6  7  9 |
   3.74    |  1  2  3  4  5  6  7  8  9 10 |
  Finished Docking Ligand                  : /mnt/c/Users/ricca/Desktop/Documents/Rimoli/Reverse_Docking_Explore_V4/3nx8/ligand_prepared.mol2
--------------------------------------------------------------------------------

  Relative_Ligand_Energy (best encountered) :  -0.759
  Relative_Ligand_Energy: fitness values have been corrected using this amount
