
--------------------------------------------------------------------------------
--- Ligand                                                                   ---
--------------------------------------------------------------------------------
  Ligand loaded from file                  : /mnt/c/Users/ricca/Desktop/Documents/Rimoli/Reverse_Docking_Explore_V4/3mvj/ligand_prepared.mol2
  Ligand name                              :  
  "CT1002167954                                                             "

--------------------------------------------------------------------------------
  N.plc donors                             : 
  none found

  Acidic nitrogen acceptors                : 
  none found
  Sulfur acceptors                         :
  none found


  Donor atoms                              :      2
  8   10  
  Acceptor atoms                           :      3
  9   11  17  

  Hydrogens                                :  (n = 2)
  22   23   

  Lone pairs added to molecule             :      6
  Numbering                                : from 30 to 35

--------------------------------------------------------------------------------
--- Postprocessing of typing                                                 ---
--------------------------------------------------------------------------------
  Fragment file                            : /home/hitesit/CCDC/Discovery_2022/GOLD/gold/rotatable_bond_override.mol2
  acylurea fragment                        : 2 matches
  Ligand bond 15-8  set to flip
  Ligand bond 15-10  set to flip
  Ligand bond 15-10  set to 1
  Ligand bond 15-8  set to 1
  Ligand bond 10-4  set to flip
  Ligand bond 8-3  set to flip
  thioacylthiourea fragment                : no matches
  acylthiourea fragment                    : no matches
  thioacylurea fragment                    : no matches
  diarylamine fragment >C.ar-NH-C.ar<      : no matches
  sec-amine (1) fragment                   : no matches
  sec-amine (2) fragment                   : no matches
  sec-amine (3) fragment                   : no matches
  carboxylic ester                         : no matches

* Rotatable bonds in /mnt/c/Users/ricca/D  :
  [   1    2] [   1    5] 
  No. of rotatable bonds                   :      2


* Reading torsional distributions from file:
  /home/hitesit/CCDC/Discovery_2022/GOLD/gold/gold.tordist
  No. of bins in torsional distributions   :     36
  Minimum size of largest peak             :      0
  Removing high energy torsions            : on
  Delta E set to                           :   2.500

* Fragments found in /mnt/c/Users/ricca/D  :
  atom   2: benzene
  atom   6: benzene
  atom   7: benzene
  atom  13: benzene
  atom  14: benzene
  atom  16: benzene


* Checking torsion distributions:                                               
  No. of matched torsions                  :      0

--------------------------------------------------------------------------------
--- Shape fitting atoms selection (hydrophobic atoms)                        ---
--------------------------------------------------------------------------------
  Molecule                                 : /mnt/c/Users/ricca/Desktop/Documents/Rimoli/Reverse_Docking_Explore_V4/3mvj/ligand_prepared.mol2
  Selection                                : carbons only
  Atom numbers                             :  (n = 7)
  5    6    7    12   13   14   16   

--------------------------------------------------------------------------------
--- Diverse Solutions Setup                                                  ---
--------------------------------------------------------------------------------
  Cluster size                             :      2
  RMSD                                     :   2.000
  Refinement                               :      0


--------------------------------------------------------------------------------
--- ChemScore ligand setup summary                                           ---
--------------------------------------------------------------------------------
  ChemScore ligand acceptors               :      3
  9 11 17 
  ChemScore ligand donors                  :      2
  8 ( 22  ) 10 ( 23  ) 
  ChemScore ligand CH donors               :      0
  

  ChemScore ligand lipophilic atoms        :  (n = 9)
  1    2    5    6    7    12   13   14   16   

  ChemScore ligand rotatable bonds         :      2
  1   (C1 ) - 2   (C2 ): SP3_SP2_BOND
  1   (C1 ) - 5   (C5 ): SP3_SP3_BOND

--------------------------------------------------------------------------------
--- PLP ligand setup summary                                                 ---
--------------------------------------------------------------------------------
    1    C1   C.3 NONPOLAR
    2    C2  C.ar NONPOLAR
    3    C3   C.2 NONPOLAR
    4    C4   C.2 NONPOLAR
    5    C5   C.3 NONPOLAR
    6    C6  C.ar NONPOLAR
    7    C7  C.ar NONPOLAR
    8    N8  N.am DONOR
    9    O9   O.2 ACCEPTOR
   10   N10  N.am DONOR
   11   O11   O.2 ACCEPTOR
   12   C12   C.3 NONPOLAR
   13   C13  C.ar NONPOLAR
   14   C14  C.ar NONPOLAR
   15   C15   C.2 NONPOLAR
   16   C16  C.ar NONPOLAR
   17   O17   O.2 ACCEPTOR

--------------------------------------------------------------------------------
--- Automatic parameter setting                                              ---
--------------------------------------------------------------------------------
  Contribution base                        :   2500
  Contribution per rotatable bond          :   6000
  Contribution per df                      :   4000
  Contribution per water                   :  10000
  Ligand rotatable bonds                   :      2
  Protein flexible side chain bonds        :      0
  Total rotatable bonds                    :      2
  Hydrophobic vol ratio (P/L)              :   2.042
  Base multiplier (polar)                  :   1.000
  Base multiplier (apolar)                 :   2.859
  Base contribution                        : 7500.000
  Fitting points                           :      5
  Estimated maxops needed (optimal)        :  20000
  Autoscale factor (in percent)            :     10
  Scaled maxops                            :   2250

--------------------------------------------------------------------------------

* Population settings                                                           
  maxops                                   :   2250
  popsiz                                   :    100
  select_pressure                          :   1.100
  n_islands                                :      1
  niche_siz                                :      2

* GA settings                                                                   
  pt_crosswt                               :    100
  allele_mutatewt                          :    100
  migratewt                                :      0

* Search settings                                                               
  start_vdw_linear_cutoff                  :   6.000
  initial_virtual_pt_match_max             :   3.000
  Scaling of internal VDW energy           : log scale from  0.2 to    1
                                             over 1687 ops
  Sampling interval (operations)           :     22
  Scaling of virtual pt maximum length     : linear scale from    3 to    2
                                             over  1687 ops
  Sampling interval (operations)           :     67
  Scaling of 4-8 potential cutoff          : log scale from    6 to 1.2e+02
                                             over 1687 ops
  Sampling interval (operations)           :     67

--------------------------------------------------------------------------------

* Ligand initialisation time :                                                  
  total  0.0509 user  0.0000 sys  0.0509

--------------------------------------------------------------------------------

--------------------------------------------------------------------------------
** Docking run number  1 **
--------------------------------------------------------------------------------
  Rank fitness base is 5000.00 ; increment is 11.2233

* Initialising population(s) ...                                                
Number of constraints mappings 0
Number of constraints 0
  Population no.                           :      1
  Population size                          :    100
  Number of duplicates                     :      0
  Number of niche violations               :      0
  Number of errors                         :     76


Doing GA, no. of population(s) 1 size 100 selection pressure 1.100000

 Operation      Fitness  S(hb_ext) S(vdw_ext)  S(hb_int)    S(int)      intcor
         0      34.44       0.59      26.69       0.00     -14.24      -0.77
         7      35.40       1.31      24.99       0.00      -1.31      -0.77
        66      36.84       5.00      25.77       0.00     -16.88      -0.77
       301      35.21       5.14      22.65       0.00      -4.08      -0.77
       488      35.45       2.00      24.63       0.00      -1.31      -0.77
Reordering...
       670      34.17       4.90      22.39       0.00      -4.08      -0.77
       680      36.10       4.91      23.66       0.00      -3.55      -0.77
       902      34.87       4.74      23.13       0.00      -3.55      -0.77
      1004      35.52       6.22      22.64       0.00      -3.55      -0.77
      1026      37.22       4.25      25.33       0.00      -3.55      -0.77
      1156      36.88       4.11      25.37       0.00      -3.55      -0.77
      1202      37.94       4.17      25.20       0.00      -1.41      -0.77
      1440      37.45       3.99      25.14       0.00      -1.41      -0.77
      2061      37.32       3.86      25.36       0.00      -1.41      -0.77
      2205      37.83       3.63      25.14       0.00      -0.36      -0.77
--------------------------------------------------------------------------------
Best docking solution after GA:
      2250      37.83       3.63      25.14       0.00      -0.36      -0.77

#ops:       2250 #mutates:   1116 #cross:     1134 #dups:       466 
#niche:     1094 #errors:      23 
--------------------------------------------------------------------------------

Doing AMOEBA simplex on best individual
Done simplexing #iterations 522, best score  41.18

Ligand is stored in gold_soln_ligand_prepared_m1_1.mol2


--------------------------------------------------------------------------------
--- GoldScore breakdown of terms                                             ---
--------------------------------------------------------------------------------
Fitness = S(hb_ext) + 1.3750*S(vdw_ext) + S(hb_int) + 1.0000*S(int)
S(int)  = S(vdw_int) + S(tors)

Internal terms are relative to best energy found (intcor).

--------------------------------------------------------------------------------


     Fitness  S(hb_ext) S(vdw_ext)  S(hb_int)    S(int)      intcor
     41.18       4.41      26.80       0.00      -0.08      -0.77

--------------------------------------------------------------------------------
--- GoldScore analysis of protein-ligand interactions                        ---
--------------------------------------------------------------------------------

  Ligand acceptor   17 Protein hydrogen 2837 donor 2793 bond energy  6.00 wt 0.68
  Ligand donor    8 hydrogen   22 Protein acceptor 8455 bond energy  2.00 wt 0.17

--------------------------------------------------------------------------------

--------------------------------------------------------------------------------
--- Rescoring solution                                                       ---
--------------------------------------------------------------------------------

     Score     S(PLP)   S(hbond)     S(cho)   S(metal)  DE(clash)   DE(tors)
     19.08     -16.59       0.85       0.00       0.00       0.00       0.02

Doing AMOEBA simplex on best individual
Done simplexing #iterations 648, best score  32.10

     Score     S(PLP)   S(hbond)     S(cho)   S(metal)  DE(clash)   DE(tors)
     32.10     -29.57       1.00       0.00       0.00       0.00       0.23

--------------------------------------------------------------------------------
--- CHEMPLP breakdown of terms                                               ---
--------------------------------------------------------------------------------
CHEMPLP = - ( 1.0000*S(PLP) + -3.0000*S(hbond) + -6.0000*S(metal) + -3.0000*S(cho) )

Score = CHEMPLP - 1.0000*DE(clash) - 2.0000*DE(tors)


--------------------------------------------------------------------------------


--------------------------------------------------------------------------------
--- PLP analysis of protein-ligand interactions                              ---
--------------------------------------------------------------------------------
hydrogen bonding        :      -2.24
metal                   :       0.00
buried (polar-nonpolar) :       0.81
nonpolar                :     -31.03
repulsive               :       1.79
--------------------------------------------------------------------------------


--------------------------------------------------------------------------------
--- ChemScore analysis of protein-ligand interactions                        ---
--------------------------------------------------------------------------------

* Hydrogen bonds                                                                
Protein donor 2793 hydrogen 2837 Ligand acceptor   17 bond energy  1.00 wt 1.00


* CH..O interactions                                                            
  CH group selection                       : activated ring CH (adjacent to hetatom)

--------------------------------------------------------------------------------


--------------------------------------------------------------------------------
--- Intra-ligand clashes                                                     ---
--------------------------------------------------------------------------------

Ligand
--------------------------------------------------------------------------------


--------------------------------------------------------------------------------
--- Chromosome decoded                                                       ---
--------------------------------------------------------------------------------
Ligand Torsions
[   6    2    1    3]  -51.98
[  12    5    1    2]  176.21
Protein Torsions
[8490 8455 8453 8450]  -94.17 
[15484 15454 15453 15451]   50.43 
[5453 5415 5414 5412] -133.23 
[7768 7713 7712 7711]   24.79 
[7530 7488 7487 7485]   14.61 
Mapping
Ligand acceptors to protein hydrogens (mapping then atom ids)
  3   8 [ 17->2837]
Ligand hydrogens to protein acceptors (mapping then atom ids)
  1  12 [ 22->8455]
Ligand shape atoms to protein points (mapping then atom ids & coords)
  1  2921 [  5->( 13.500  13.250  15.250)]
  2  6296 [  6->( 17.500  16.000  13.750)]
  3  6175 [  7->( 17.250  15.000  15.000)]
  4  3600 [ 12->( 14.250  13.000  14.750)]
  5  6876 [ 13->( 19.250  14.000  15.500)]
  6  6228 [ 14->( 17.500  13.500  16.000)]
Chromosome values
Integers:
  -1   -1    7   11   -1 2920 6295 6174 3599 6875 6227   -1 
--------------------------------------------------------------------------------


--------------------------------------------------------------------------------
--- Diverse Solutions Stats                                                  ---
--------------------------------------------------------------------------------
  Move attempts                            :  18020
  Move failures                            :      0
  Failure rate                             :   0.000

--------------------------------------------------------------------------------

Current Ranking  1

--------------------------------------------------------------------------------

* GA execution time :                                                           
  total  0.9772 user  0.8917 sys  0.0856

--------------------------------------------------------------------------------
Fitness function evaluations: 18117

--------------------------------------------------------------------------------
** Docking run number  2 **
--------------------------------------------------------------------------------
  Rank fitness base is 5000.00 ; increment is 11.2233

* Initialising population(s) ...                                                
Number of constraints mappings 0
Number of constraints 0
  Population no.                           :      1
  Population size                          :    100
  Number of duplicates                     :      0
  Number of niche violations               :      0
  Number of errors                         :     73


Doing GA, no. of population(s) 1 size 100 selection pressure 1.100000

 Operation      Fitness  S(hb_ext) S(vdw_ext)  S(hb_int)    S(int)      intcor
         0      33.72       5.42      22.24       0.00     -11.39      -0.77
       202      32.99       5.42      20.76       0.00      -4.06      -0.77
       274      35.92       0.02      26.52       0.00      -2.20      -0.77
       396      36.20       4.94      22.96       0.00      -1.05      -0.77
       408      35.53       4.94      22.47       0.00      -1.04      -0.77
Reordering...
       469      34.74       0.00      25.76       0.00      -2.20      -0.77
Reordering...
       804      31.70       0.40      23.17       0.00      -1.30      -0.77
       828      31.83       0.27      23.65       0.00      -2.20      -0.77
Reordering...
       871      31.61       1.54      22.70       0.00      -2.51      -0.77
      1596      30.74       5.64      21.69       0.00      -5.21      -0.77
      1634      30.54       5.63      21.70       0.00      -5.21      -0.77
      1723      30.26       5.62      21.71       0.00      -5.21      -0.77
      1730      30.36       1.79      22.61       0.00      -2.51      -0.77
      1740      30.36       1.79      22.61       0.00      -2.51      -0.77
      1834      34.16       1.64      25.48       0.00      -2.51      -0.77
      1849      35.36       5.75      22.62       0.00      -1.48      -0.77
--------------------------------------------------------------------------------
Best docking solution after GA:
      2250      35.36       5.75      22.62       0.00      -1.48      -0.77

#ops:       2250 #mutates:   1108 #cross:     1142 #dups:       434 
#niche:     1075 #errors:      13 
--------------------------------------------------------------------------------

Doing AMOEBA simplex on best individual
Done simplexing #iterations 757, best score  41.10

Ligand is stored in gold_soln_ligand_prepared_m1_2.mol2


--------------------------------------------------------------------------------
--- GoldScore breakdown of terms                                             ---
--------------------------------------------------------------------------------
Fitness = S(hb_ext) + 1.3750*S(vdw_ext) + S(hb_int) + 1.0000*S(int)
S(int)  = S(vdw_int) + S(tors)

Internal terms are relative to best energy found (intcor).

--------------------------------------------------------------------------------


     Fitness  S(hb_ext) S(vdw_ext)  S(hb_int)    S(int)      intcor
     41.10       5.99      26.48       0.00      -1.31      -0.77

--------------------------------------------------------------------------------
--- GoldScore analysis of protein-ligand interactions                        ---
--------------------------------------------------------------------------------

  Ligand acceptor   17 Protein hydrogen 2837 donor 2793 bond energy  6.00 wt 1.00

--------------------------------------------------------------------------------

--------------------------------------------------------------------------------
--- Rescoring solution                                                       ---
--------------------------------------------------------------------------------

     Score     S(PLP)   S(hbond)     S(cho)   S(metal)  DE(clash)   DE(tors)
     10.75     -10.13       1.00       0.00       0.00       1.12       0.63

Doing AMOEBA simplex on best individual
Done simplexing #iterations 838, best score  35.38

     Score     S(PLP)   S(hbond)     S(cho)   S(metal)  DE(clash)   DE(tors)
     35.38     -38.54       0.00       0.00       0.00       0.00       1.58

--------------------------------------------------------------------------------
--- CHEMPLP breakdown of terms                                               ---
--------------------------------------------------------------------------------
CHEMPLP = - ( 1.0000*S(PLP) + -3.0000*S(hbond) + -6.0000*S(metal) + -3.0000*S(cho) )

Score = CHEMPLP - 1.0000*DE(clash) - 2.0000*DE(tors)


--------------------------------------------------------------------------------


--------------------------------------------------------------------------------
--- PLP analysis of protein-ligand interactions                              ---
--------------------------------------------------------------------------------
hydrogen bonding        :      -1.30
metal                   :       0.00
buried (polar-nonpolar) :      -3.75
nonpolar                :     -34.31
repulsive               :       0.59
--------------------------------------------------------------------------------


--------------------------------------------------------------------------------
--- ChemScore analysis of protein-ligand interactions                        ---
--------------------------------------------------------------------------------

* Hydrogen bonds                                                                


* CH..O interactions                                                            
  CH group selection                       : activated ring CH (adjacent to hetatom)

--------------------------------------------------------------------------------


--------------------------------------------------------------------------------
--- Intra-ligand clashes                                                     ---
--------------------------------------------------------------------------------

Ligand
  6 (C6   ) -   3 (C3   ):   0.00 (dist   2.75)
--------------------------------------------------------------------------------


--------------------------------------------------------------------------------
--- Chromosome decoded                                                       ---
--------------------------------------------------------------------------------
Ligand Torsions
[   6    2    1    3]  -19.56
[  12    5    1    2]  174.29
Protein Torsions
[8490 8455 8453 8450]   -7.35 
[15484 15454 15453 15451]   73.60 
[5453 5415 5414 5412]  134.25 
[7768 7713 7712 7711]  126.62 
[7530 7488 7487 7485]  -16.49 
Mapping
Ligand acceptors to protein hydrogens (mapping then atom ids)
  3   8 [ 17->2837]
Ligand hydrogens to protein acceptors (mapping then atom ids)
Ligand shape atoms to protein points (mapping then atom ids & coords)
  1  2879 [  5->( 13.500  12.750  13.500)]
  3  6244 [  7->( 17.500  14.000  15.000)]
  4  3735 [ 12->( 14.250  15.500  14.500)]
  7  6712 [ 16->( 18.750  14.250  14.750)]
Chromosome values
Integers:
  -1   -1    7   -1   -1 2878   -1 6243 3734   -1   -1 6711 
--------------------------------------------------------------------------------


--------------------------------------------------------------------------------
--- Diverse Solutions Stats                                                  ---
--------------------------------------------------------------------------------
  Move attempts                            :  18657
  Move failures                            :      0
  Failure rate                             :   0.000

--------------------------------------------------------------------------------

Current Ranking  1  2

--------------------------------------------------------------------------------

* GA execution time :                                                           
  total  0.9874 user  0.9362 sys  0.0511

--------------------------------------------------------------------------------
Fitness function evaluations: 18742

--------------------------------------------------------------------------------
** Docking run number  3 **
--------------------------------------------------------------------------------
  Rank fitness base is 5000.00 ; increment is 11.2233

* Initialising population(s) ...                                                
Number of constraints mappings 0
Number of constraints 0
  Population no.                           :      1
  Population size                          :    100
  Number of duplicates                     :      0
  Number of niche violations               :      0
  Number of errors                         :     82


Doing GA, no. of population(s) 1 size 100 selection pressure 1.100000

 Operation      Fitness  S(hb_ext) S(vdw_ext)  S(hb_int)    S(int)      intcor
         0      32.10       0.43      26.56       0.00     -24.25      -0.77
Reordering...
        22      32.02       0.22      24.68       0.00     -10.44      -0.77
        84      31.58       1.50      24.36       0.00     -16.05      -0.77
        85      32.35       0.16      25.02       0.00     -10.44      -0.77
       185      32.63       0.20      23.76       0.00      -1.01      -0.77
       229      32.32       0.65      25.03       0.00     -11.12      -0.77
       298      32.43       1.63      23.27       0.00      -4.51      -0.77
       399      32.23       0.46      25.47       0.00     -11.12      -0.77
       494      32.16       0.27      25.21       0.00      -8.73      -0.77
       677      31.39       0.40      24.93       0.00      -8.73      -0.77
Reordering...
      1056      28.79       1.09      22.00       0.00      -4.65      -0.77
      1342      28.96       0.03      25.61       0.00      -8.73      -0.77
      1380      29.44       0.47      23.41       0.00      -4.38      -0.77
      1882      28.46       0.60      23.44       0.00      -4.38      -0.77
      1894      28.48       1.74      20.09       0.00      -0.88      -0.77
      1989      31.02       0.00      25.44       0.00      -3.96      -0.77
--------------------------------------------------------------------------------
Best docking solution after GA:
      2250      31.02       0.00      25.44       0.00      -3.96      -0.77

#ops:       2250 #mutates:   1125 #cross:     1125 #dups:       423 
#niche:     1030 #errors:      30 
--------------------------------------------------------------------------------

Doing AMOEBA simplex on best individual
Done simplexing #iterations 781, best score  35.62

Ligand is stored in gold_soln_ligand_prepared_m1_3.mol2


--------------------------------------------------------------------------------
--- GoldScore breakdown of terms                                             ---
--------------------------------------------------------------------------------
Fitness = S(hb_ext) + 1.3750*S(vdw_ext) + S(hb_int) + 1.0000*S(int)
S(int)  = S(vdw_int) + S(tors)

Internal terms are relative to best energy found (intcor).

--------------------------------------------------------------------------------


     Fitness  S(hb_ext) S(vdw_ext)  S(hb_int)    S(int)      intcor
     35.62       0.00      28.09       0.00      -3.00      -0.77

--------------------------------------------------------------------------------
--- GoldScore analysis of protein-ligand interactions                        ---
--------------------------------------------------------------------------------


--------------------------------------------------------------------------------

--------------------------------------------------------------------------------
--- Rescoring solution                                                       ---
--------------------------------------------------------------------------------

     Score     S(PLP)   S(hbond)     S(cho)   S(metal)  DE(clash)   DE(tors)
      5.64      -7.94       0.00       0.00       0.00       1.16       0.57

Doing AMOEBA simplex on best individual
Done simplexing #iterations 901, best score  34.23

     Score     S(PLP)   S(hbond)     S(cho)   S(metal)  DE(clash)   DE(tors)
     34.23     -33.88       0.83       0.00       0.00       1.32       0.41

--------------------------------------------------------------------------------
--- CHEMPLP breakdown of terms                                               ---
--------------------------------------------------------------------------------
CHEMPLP = - ( 1.0000*S(PLP) + -3.0000*S(hbond) + -6.0000*S(metal) + -3.0000*S(cho) )

Score = CHEMPLP - 1.0000*DE(clash) - 2.0000*DE(tors)


--------------------------------------------------------------------------------


--------------------------------------------------------------------------------
--- PLP analysis of protein-ligand interactions                              ---
--------------------------------------------------------------------------------
hydrogen bonding        :      -0.98
metal                   :       0.00
buried (polar-nonpolar) :      -3.70
nonpolar                :     -32.13
repulsive               :       2.82
--------------------------------------------------------------------------------


--------------------------------------------------------------------------------
--- ChemScore analysis of protein-ligand interactions                        ---
--------------------------------------------------------------------------------

* Hydrogen bonds                                                                
Ligand donor    8 hydrogen   22 Protein acceptor 1729 bond energy  1.00 wt 0.83


* CH..O interactions                                                            
  CH group selection                       : activated ring CH (adjacent to hetatom)

--------------------------------------------------------------------------------


--------------------------------------------------------------------------------
--- Intra-ligand clashes                                                     ---
--------------------------------------------------------------------------------

Ligand
  7 (C7   ) -   3 (C3   ):   1.32 (dist   2.71)
--------------------------------------------------------------------------------


--------------------------------------------------------------------------------
--- Chromosome decoded                                                       ---
--------------------------------------------------------------------------------
Ligand Torsions
[   6    2    1    3]  165.28
[  12    5    1    2]   43.68
Protein Torsions
[8490 8455 8453 8450]  -88.92 
[15484 15454 15453 15451]   10.43 
[5453 5415 5414 5412] -168.61 
[7768 7713 7712 7711]  -26.85 
[7530 7488 7487 7485] -102.73 
Mapping
Ligand acceptors to protein hydrogens (mapping then atom ids)
Ligand hydrogens to protein acceptors (mapping then atom ids)
Ligand shape atoms to protein points (mapping then atom ids & coords)
  1  3188 [  5->( 13.750  14.750  14.000)]
  2  5604 [  6->( 16.250  15.750  13.250)]
  3  4953 [  7->( 15.500  13.500  14.500)]
  4  4643 [ 12->( 15.000  16.000  14.750)]
  5  4164 [ 13->( 14.750  13.250  10.000)]
  6  4659 [ 14->( 15.250  11.750  11.250)]
  7  3273 [ 16->( 14.000  12.500   9.250)]
Chromosome values
Integers:
  -1   -1   -1   -1   -1 3187 5603 4952 4642 4163 4658 3272 
--------------------------------------------------------------------------------


--------------------------------------------------------------------------------
--- Diverse Solutions Stats                                                  ---
--------------------------------------------------------------------------------
  Move attempts                            :  18888
  Move failures                            :     19
  Failure rate                             :   0.001

--------------------------------------------------------------------------------

Current Ranking  1  2  3

--------------------------------------------------------------------------------

* GA execution time :                                                           
  total  1.0565 user  1.0074 sys  0.0491

--------------------------------------------------------------------------------
Fitness function evaluations: 18979

--------------------------------------------------------------------------------
** Docking run number  4 **
--------------------------------------------------------------------------------
  Rank fitness base is 5000.00 ; increment is 11.2233

* Initialising population(s) ...                                                
Number of constraints mappings 0
Number of constraints 0
  Population no.                           :      1
  Population size                          :    100
  Number of duplicates                     :      0
  Number of niche violations               :      0
  Number of errors                         :     64


Doing GA, no. of population(s) 1 size 100 selection pressure 1.100000

 Operation      Fitness  S(hb_ext) S(vdw_ext)  S(hb_int)    S(int)      intcor
         0      33.45       1.82      24.96       0.00     -13.43      -0.77
        16      34.20       2.40      24.50       0.00      -9.42      -0.77
Reordering...
        67      32.57       6.04      23.74       0.00     -28.70      -0.77
Reordering...
        88      32.51       1.82      24.44       0.00     -13.43      -0.77
Reordering...
       134      31.97       6.04      23.59       0.00     -28.70      -0.77
Reordering...
       176      31.77       1.09      23.45       0.00      -6.60      -0.77
Reordering...
       201      31.32       6.04      23.43       0.00     -28.70      -0.77
       228      37.37       2.18      25.79       0.00      -1.10      -0.77
       299      36.77       2.17      25.38       0.00      -1.10      -0.77
       437      35.58       2.03      24.57       0.00      -0.78      -0.77
       477      36.30       1.28      25.72       0.00      -1.10      -0.77
       861      32.68       1.14      23.30       0.00      -1.10      -0.77
       919      32.09       1.43      22.68       0.00      -1.10      -0.77
       952      31.22       0.00      23.55       0.00      -2.36      -0.77
      1027      31.84       2.21      21.97       0.00      -1.10      -0.77
Reordering...
      1139      30.48       0.00      23.17       0.00      -2.36      -0.77
      1336      30.88       0.11      23.59       0.00      -2.36      -0.77
      1387      30.52       5.03      23.68       0.00      -9.42      -0.77
Reordering...
      1407      30.16       0.10      23.15       0.00      -2.36      -0.77
      1469      31.62       0.33      25.48       0.00      -4.69      -0.77
      1529      31.39       0.32      25.50       0.00      -4.69      -0.77
      1750      30.82       0.44      25.51       0.00      -4.69      -0.77
      2059      30.82       4.34      20.32       0.00      -1.46      -0.77
      2157      31.60       4.38      20.80       0.00      -1.38      -0.77
      2223      35.68       3.84      23.76       0.00      -0.83      -0.77
--------------------------------------------------------------------------------
Best docking solution after GA:
      2250      35.68       3.84      23.76       0.00      -0.83      -0.77

#ops:       2250 #mutates:   1109 #cross:     1141 #dups:       447 
#niche:     1133 #errors:      24 
--------------------------------------------------------------------------------

Doing AMOEBA simplex on best individual
Done simplexing #iterations 601, best score  38.97

Ligand is stored in gold_soln_ligand_prepared_m1_4.mol2


--------------------------------------------------------------------------------
--- GoldScore breakdown of terms                                             ---
--------------------------------------------------------------------------------
Fitness = S(hb_ext) + 1.3750*S(vdw_ext) + S(hb_int) + 1.0000*S(int)
S(int)  = S(vdw_int) + S(tors)

Internal terms are relative to best energy found (intcor).

--------------------------------------------------------------------------------


     Fitness  S(hb_ext) S(vdw_ext)  S(hb_int)    S(int)      intcor
     38.97       1.91      27.60       0.00      -0.89      -0.77

--------------------------------------------------------------------------------
--- GoldScore analysis of protein-ligand interactions                        ---
--------------------------------------------------------------------------------

  Ligand donor    8 hydrogen   22 Protein acceptor 8455 bond energy  2.00 wt 0.69
  Ligand donor   10 hydrogen   23 Protein acceptor 5607 bond energy  6.00 wt 0.09

--------------------------------------------------------------------------------

--------------------------------------------------------------------------------
--- Rescoring solution                                                       ---
--------------------------------------------------------------------------------

     Score     S(PLP)   S(hbond)     S(cho)   S(metal)  DE(clash)   DE(tors)
     17.08     -13.83       1.90       0.00       0.00       0.00       1.22

Doing AMOEBA simplex on best individual
Done simplexing #iterations 710, best score  32.13

     Score     S(PLP)   S(hbond)     S(cho)   S(metal)  DE(clash)   DE(tors)
     32.13     -29.50       1.38       0.00       0.00       1.27       0.12

--------------------------------------------------------------------------------
--- CHEMPLP breakdown of terms                                               ---
--------------------------------------------------------------------------------
CHEMPLP = - ( 1.0000*S(PLP) + -3.0000*S(hbond) + -6.0000*S(metal) + -3.0000*S(cho) )

Score = CHEMPLP - 1.0000*DE(clash) - 2.0000*DE(tors)


--------------------------------------------------------------------------------


--------------------------------------------------------------------------------
--- PLP analysis of protein-ligand interactions                              ---
--------------------------------------------------------------------------------
hydrogen bonding        :      -3.58
metal                   :       0.00
buried (polar-nonpolar) :      -2.23
nonpolar                :     -30.73
repulsive               :       5.89
--------------------------------------------------------------------------------


--------------------------------------------------------------------------------
--- ChemScore analysis of protein-ligand interactions                        ---
--------------------------------------------------------------------------------

* Hydrogen bonds                                                                
Ligand donor    8 hydrogen   22 Protein acceptor 8455 bond energy  1.00 wt 0.85
Ligand donor   10 hydrogen   23 Protein acceptor 5607 bond energy  1.00 wt 0.53


* CH..O interactions                                                            
  CH group selection                       : activated ring CH (adjacent to hetatom)

--------------------------------------------------------------------------------


--------------------------------------------------------------------------------
--- Intra-ligand clashes                                                     ---
--------------------------------------------------------------------------------

Ligand
  7 (C7   ) -   3 (C3   ):   1.27 (dist   2.71)
--------------------------------------------------------------------------------


--------------------------------------------------------------------------------
--- Chromosome decoded                                                       ---
--------------------------------------------------------------------------------
Ligand Torsions
[   6    2    1    3]  155.24
[  12    5    1    2]  168.12
Protein Torsions
[8490 8455 8453 8450]  -66.04 
[15484 15454 15453 15451]  -82.68 
[5453 5415 5414 5412]   89.18 
[7768 7713 7712 7711] -149.55 
[7530 7488 7487 7485]  147.60 
Mapping
Ligand acceptors to protein hydrogens (mapping then atom ids)
Ligand hydrogens to protein acceptors (mapping then atom ids)
  1  12 [ 22->8455]
Ligand shape atoms to protein points (mapping then atom ids & coords)
  1  6221 [  5->( 17.500  13.500  14.250)]
  3  3944 [  7->( 14.500  14.000  11.500)]
  4  7288 [ 12->( 20.500  15.500  15.750)]
  5  4054 [ 13->( 14.750  11.750  11.000)]
  6  4210 [ 14->( 14.750  13.750  11.000)]
  7  4684 [ 16->( 15.250  12.500  11.500)]
Chromosome values
Integers:
  -1   -1   -1   11   -1 6220   -1 3943 7287 4053 4209 4683 
--------------------------------------------------------------------------------


--------------------------------------------------------------------------------
--- Diverse Solutions Stats                                                  ---
--------------------------------------------------------------------------------
  Move attempts                            :  18386
  Move failures                            :     25
  Failure rate                             :   0.001

--------------------------------------------------------------------------------

Current Ranking  1  2  4  3

--------------------------------------------------------------------------------

* GA execution time :                                                           
  total  1.0078 user  0.9312 sys  0.0766

--------------------------------------------------------------------------------
Fitness function evaluations: 18447

--------------------------------------------------------------------------------
** Docking run number  5 **
--------------------------------------------------------------------------------
  Rank fitness base is 5000.00 ; increment is 11.2233

* Initialising population(s) ...                                                
Number of constraints mappings 0
Number of constraints 0
  Population no.                           :      1
  Population size                          :    100
  Number of duplicates                     :      0
  Number of niche violations               :      0
  Number of errors                         :     71


Doing GA, no. of population(s) 1 size 100 selection pressure 1.100000

 Operation      Fitness  S(hb_ext) S(vdw_ext)  S(hb_int)    S(int)      intcor
         0      33.36       3.39      22.40       0.00      -4.16      -0.77
Reordering...
       201      30.83       3.92      20.40       0.00      -4.70      -0.77
Reordering...
       268      30.49       2.48      20.63       0.00      -1.37      -0.77
       298      32.05       0.23      23.38       0.00      -1.25      -0.77
Reordering...
       469      30.31       1.81      21.90       0.00      -5.18      -0.77
       482      32.10       2.19      22.93       0.00      -5.18      -0.77
       965      29.39       1.55      22.11       0.00      -5.18      -0.77
      1069      29.36       0.04      23.19       0.00      -4.70      -0.77
      1082      34.45       0.00      25.27       0.00      -0.54      -0.77
      1121      34.65       0.00      25.38       0.00      -0.44      -0.77
      1455      33.71       0.00      24.77       0.00      -0.44      -0.77
      1621      33.10       0.00      24.38       0.00      -0.46      -0.77
      1868      33.16       0.00      24.45       0.00      -0.46      -0.77
--------------------------------------------------------------------------------
Best docking solution after GA:
      2250      33.16       0.00      24.45       0.00      -0.46      -0.77

#ops:       2250 #mutates:   1080 #cross:     1170 #dups:       439 
#niche:     1169 #errors:      22 
--------------------------------------------------------------------------------

Doing AMOEBA simplex on best individual
Done simplexing #iterations 524, best score  39.64

Ligand is stored in gold_soln_ligand_prepared_m1_5.mol2


--------------------------------------------------------------------------------
--- GoldScore breakdown of terms                                             ---
--------------------------------------------------------------------------------
Fitness = S(hb_ext) + 1.3750*S(vdw_ext) + S(hb_int) + 1.0000*S(int)
S(int)  = S(vdw_int) + S(tors)

Internal terms are relative to best energy found (intcor).

--------------------------------------------------------------------------------


     Fitness  S(hb_ext) S(vdw_ext)  S(hb_int)    S(int)      intcor
     39.64       0.00      29.28       0.00      -0.63      -0.77

--------------------------------------------------------------------------------
--- GoldScore analysis of protein-ligand interactions                        ---
--------------------------------------------------------------------------------


--------------------------------------------------------------------------------

--------------------------------------------------------------------------------
--- Rescoring solution                                                       ---
--------------------------------------------------------------------------------

     Score     S(PLP)   S(hbond)     S(cho)   S(metal)  DE(clash)   DE(tors)
      6.68      -9.00       0.02       0.00       0.00       0.00       1.18

Doing AMOEBA simplex on best individual
Done simplexing #iterations 1013, best score  32.36

     Score     S(PLP)   S(hbond)     S(cho)   S(metal)  DE(clash)   DE(tors)
     32.36     -34.41       0.00       0.00       0.00       0.02       1.02

--------------------------------------------------------------------------------
--- CHEMPLP breakdown of terms                                               ---
--------------------------------------------------------------------------------
CHEMPLP = - ( 1.0000*S(PLP) + -3.0000*S(hbond) + -6.0000*S(metal) + -3.0000*S(cho) )

Score = CHEMPLP - 1.0000*DE(clash) - 2.0000*DE(tors)


--------------------------------------------------------------------------------


--------------------------------------------------------------------------------
--- PLP analysis of protein-ligand interactions                              ---
--------------------------------------------------------------------------------
hydrogen bonding        :      -0.49
metal                   :       0.00
buried (polar-nonpolar) :      -1.06
nonpolar                :     -35.66
repulsive               :       0.36
--------------------------------------------------------------------------------


--------------------------------------------------------------------------------
--- ChemScore analysis of protein-ligand interactions                        ---
--------------------------------------------------------------------------------

* Hydrogen bonds                                                                


* CH..O interactions                                                            
  CH group selection                       : activated ring CH (adjacent to hetatom)

--------------------------------------------------------------------------------


--------------------------------------------------------------------------------
--- Intra-ligand clashes                                                     ---
--------------------------------------------------------------------------------

Ligand
  6 (C6   ) -   3 (C3   ):   0.02 (dist   2.75)
--------------------------------------------------------------------------------


--------------------------------------------------------------------------------
--- Chromosome decoded                                                       ---
--------------------------------------------------------------------------------
Ligand Torsions
[   6    2    1    3]  -31.62
[  12    5    1    2]  171.78
Protein Torsions
[8490 8455 8453 8450]   -2.94 
[15484 15454 15453 15451]   57.94 
[5453 5415 5414 5412]   30.20 
[7768 7713 7712 7711] -145.09 
[7530 7488 7487 7485]  -33.04 
Mapping
Ligand acceptors to protein hydrogens (mapping then atom ids)
Ligand hydrogens to protein acceptors (mapping then atom ids)
Ligand shape atoms to protein points (mapping then atom ids & coords)
  1  4889 [  5->( 15.250  16.000  15.750)]
  2  4936 [  6->( 15.500  13.250  12.750)]
  3  4230 [  7->( 14.750  14.000  11.000)]
Chromosome values
Integers:
  -1   -1   -1   -1   -1 4888 4935 4229   -1   -1   -1   -1 
--------------------------------------------------------------------------------


--------------------------------------------------------------------------------
--- Diverse Solutions Stats                                                  ---
--------------------------------------------------------------------------------
  Move attempts                            :  18566
  Move failures                            :     11
  Failure rate                             :   0.001

--------------------------------------------------------------------------------

Current Ranking  1  2  5  4  3

--------------------------------------------------------------------------------

* GA execution time :                                                           
  total  1.2248 user  1.0387 sys  0.1861

--------------------------------------------------------------------------------
Fitness function evaluations: 18648

--------------------------------------------------------------------------------
** Docking run number  6 **
--------------------------------------------------------------------------------
  Rank fitness base is 5000.00 ; increment is 11.2233

* Initialising population(s) ...                                                
Number of constraints mappings 0
Number of constraints 0
  Population no.                           :      1
  Population size                          :    100
  Number of duplicates                     :      0
  Number of niche violations               :      0
  Number of errors                         :     86


Doing GA, no. of population(s) 1 size 100 selection pressure 1.100000

 Operation      Fitness  S(hb_ext) S(vdw_ext)  S(hb_int)    S(int)      intcor
         0      33.95       3.01      22.96       0.00      -3.15      -0.77
       332      37.23       1.52      26.17       0.00      -1.01      -0.77
Reordering...
      1005      29.14       2.36      20.13       0.00      -1.74      -0.77
      1060      29.16       2.00      20.11       0.00      -0.90      -0.77
      1313      29.04       2.00      20.12       0.00      -0.90      -0.77
      1345      29.05       2.00      20.57       0.00      -1.72      -0.77
      1400      29.28       2.00      20.30       0.00      -0.83      -0.77
      1465      29.78       2.42      20.42       0.00      -0.90      -0.77
      1540      29.87       2.00      20.84       0.00      -0.90      -0.77
      1653      30.30       2.00      21.21       0.00      -0.90      -0.77
      1930      30.28       2.00      21.22       0.00      -0.90      -0.77
      2242      30.29       2.00      21.22       0.00      -0.90      -0.77
--------------------------------------------------------------------------------
Best docking solution after GA:
      2250      30.29       2.00      21.22       0.00      -0.90      -0.77

#ops:       2250 #mutates:   1128 #cross:     1122 #dups:       519 
#niche:     1088 #errors:      35 
--------------------------------------------------------------------------------

Doing AMOEBA simplex on best individual
Done simplexing #iterations 652, best score  32.26

Ligand is stored in gold_soln_ligand_prepared_m1_6.mol2


--------------------------------------------------------------------------------
--- GoldScore breakdown of terms                                             ---
--------------------------------------------------------------------------------
Fitness = S(hb_ext) + 1.3750*S(vdw_ext) + S(hb_int) + 1.0000*S(int)
S(int)  = S(vdw_int) + S(tors)

Internal terms are relative to best energy found (intcor).

--------------------------------------------------------------------------------


     Fitness  S(hb_ext) S(vdw_ext)  S(hb_int)    S(int)      intcor
     32.26       2.00      22.72       0.00      -0.99      -0.77

--------------------------------------------------------------------------------
--- GoldScore analysis of protein-ligand interactions                        ---
--------------------------------------------------------------------------------

  Ligand donor   10 hydrogen   23 Protein acceptor 7865 bond energy  2.00 wt 1.00

--------------------------------------------------------------------------------

--------------------------------------------------------------------------------
--- Rescoring solution                                                       ---
--------------------------------------------------------------------------------

     Score     S(PLP)   S(hbond)     S(cho)   S(metal)  DE(clash)   DE(tors)
     22.65     -21.94       1.00       0.00       0.00       0.00       1.14

Doing AMOEBA simplex on best individual
Done simplexing #iterations 859, best score  35.66

     Score     S(PLP)   S(hbond)     S(cho)   S(metal)  DE(clash)   DE(tors)
     35.66     -35.14       1.03       0.00       0.00       1.38       0.60

--------------------------------------------------------------------------------
--- CHEMPLP breakdown of terms                                               ---
--------------------------------------------------------------------------------
CHEMPLP = - ( 1.0000*S(PLP) + -3.0000*S(hbond) + -6.0000*S(metal) + -3.0000*S(cho) )

Score = CHEMPLP - 1.0000*DE(clash) - 2.0000*DE(tors)


--------------------------------------------------------------------------------


--------------------------------------------------------------------------------
--- PLP analysis of protein-ligand interactions                              ---
--------------------------------------------------------------------------------
hydrogen bonding        :      -2.76
metal                   :       0.00
buried (polar-nonpolar) :      -1.85
nonpolar                :     -31.27
repulsive               :       0.68
--------------------------------------------------------------------------------


--------------------------------------------------------------------------------
--- ChemScore analysis of protein-ligand interactions                        ---
--------------------------------------------------------------------------------

* Hydrogen bonds                                                                
Ligand donor   10 hydrogen   23 Protein acceptor 7865 bond energy  1.00 wt 0.99
Protein donor 8455 hydrogen 8490 Ligand acceptor   11 bond energy  1.00 wt 0.04


* CH..O interactions                                                            
  CH group selection                       : activated ring CH (adjacent to hetatom)

--------------------------------------------------------------------------------


--------------------------------------------------------------------------------
--- Intra-ligand clashes                                                     ---
--------------------------------------------------------------------------------

Ligand
  7 (C7   ) -   3 (C3   ):   1.38 (dist   2.71)
--------------------------------------------------------------------------------


--------------------------------------------------------------------------------
--- Chromosome decoded                                                       ---
--------------------------------------------------------------------------------
Ligand Torsions
[   6    2    1    3]  158.06
[  12    5    1    2]  167.30
Protein Torsions
[8490 8455 8453 8450]  165.68 
[15484 15454 15453 15451]   89.46 
[5453 5415 5414 5412]  100.11 
[7768 7713 7712 7711]  -88.85 
[7530 7488 7487 7485]   53.70 
Mapping
Ligand acceptors to protein hydrogens (mapping then atom ids)
Ligand hydrogens to protein acceptors (mapping then atom ids)
  2  10 [ 23->7865]
Ligand shape atoms to protein points (mapping then atom ids & coords)
  2  5604 [  6->( 16.250  15.750  13.250)]
  3  5712 [  7->( 16.500  14.000  15.250)]
  4  3814 [ 12->( 14.500  12.500  11.500)]
  5  6526 [ 13->( 18.250  13.750  15.500)]
Chromosome values
Integers:
  -1   -1   -1   -1    9   -1 5603 5711 3813 6525   -1   -1 
--------------------------------------------------------------------------------


--------------------------------------------------------------------------------
--- Diverse Solutions Stats                                                  ---
--------------------------------------------------------------------------------
  Move attempts                            :  18527
  Move failures                            :     34
  Failure rate                             :   0.002

--------------------------------------------------------------------------------

Current Ranking  1  2  5  4  3  6

--------------------------------------------------------------------------------

* GA execution time :                                                           
  total  0.9497 user  0.9247 sys  0.0250

--------------------------------------------------------------------------------
Fitness function evaluations: 18613

--------------------------------------------------------------------------------
** Docking run number  7 **
--------------------------------------------------------------------------------
  Rank fitness base is 5000.00 ; increment is 11.2233

* Initialising population(s) ...                                                
Number of constraints mappings 0
Number of constraints 0
  Population no.                           :      1
  Population size                          :    100
  Number of duplicates                     :      0
  Number of niche violations               :      0
  Number of errors                         :    112


Doing GA, no. of population(s) 1 size 100 selection pressure 1.100000

 Operation      Fitness  S(hb_ext) S(vdw_ext)  S(hb_int)    S(int)      intcor
         0      31.51       1.44      21.99       0.00      -0.78      -0.77
        60      31.51       0.79      23.29       0.00      -6.24      -0.77
Reordering...
        66      31.50       1.44      21.99       0.00      -0.78      -0.77
Reordering...
        67      30.57       3.09      21.94       0.00     -12.62      -0.77
        76      31.91       2.13      21.96       0.00      -1.93      -0.77
Reordering...
       201      30.33       1.51      22.00       0.00      -5.93      -0.77
       327      31.44       0.05      23.93       0.00      -5.64      -0.77
       421      31.57       1.49      22.97       0.00      -5.05      -0.77
       574      31.99       2.00      24.31       0.00      -9.93      -0.77
       585      33.22       0.92      24.87       0.00      -5.50      -0.77
       618      32.41       0.87      24.38       0.00      -5.50      -0.77
Reordering...
       670      30.95       2.00      23.77       0.00      -9.93      -0.77
       678      31.37       2.00      23.87       0.00      -9.20      -0.77
       724      33.74       2.00      24.55       0.00      -5.15      -0.77
       974      31.86       2.00      23.60       0.00      -5.15      -0.77
Reordering...
      1034      31.29       0.45      22.48       0.00      -0.12      -0.77
      1073      32.86       1.17      23.09       0.00      -0.12      -0.77
      1290      32.05       1.03      22.62       0.00      -0.12      -0.77
      2050      29.40       0.72      20.95       0.00      -0.12      -0.77
      2105      31.83       1.44      22.11       0.00      -0.02      -0.77
--------------------------------------------------------------------------------
Best docking solution after GA:
      2250      31.83       1.44      22.11       0.00      -0.02      -0.77

#ops:       2250 #mutates:   1133 #cross:     1117 #dups:       417 
#niche:     1021 #errors:      54 
--------------------------------------------------------------------------------

Doing AMOEBA simplex on best individual
Done simplexing #iterations 554, best score  37.32

Ligand is stored in gold_soln_ligand_prepared_m1_7.mol2


--------------------------------------------------------------------------------
--- GoldScore breakdown of terms                                             ---
--------------------------------------------------------------------------------
Fitness = S(hb_ext) + 1.3750*S(vdw_ext) + S(hb_int) + 1.0000*S(int)
S(int)  = S(vdw_int) + S(tors)

Internal terms are relative to best energy found (intcor).

--------------------------------------------------------------------------------


     Fitness  S(hb_ext) S(vdw_ext)  S(hb_int)    S(int)      intcor
     37.32       1.69      25.96       0.00      -0.06      -0.77

--------------------------------------------------------------------------------
--- GoldScore analysis of protein-ligand interactions                        ---
--------------------------------------------------------------------------------

  Ligand donor    8 hydrogen   22 Protein acceptor 7865 bond energy  2.00 wt 0.85

--------------------------------------------------------------------------------

--------------------------------------------------------------------------------
--- Rescoring solution                                                       ---
--------------------------------------------------------------------------------

     Score     S(PLP)   S(hbond)     S(cho)   S(metal)  DE(clash)   DE(tors)
     21.99     -20.88       0.37       0.00       0.00       0.00       0.01

Doing AMOEBA simplex on best individual
Done simplexing #iterations 693, best score  42.82

     Score     S(PLP)   S(hbond)     S(cho)   S(metal)  DE(clash)   DE(tors)
     42.82     -41.04       0.94       0.00       0.00       0.00       0.52

--------------------------------------------------------------------------------
--- CHEMPLP breakdown of terms                                               ---
--------------------------------------------------------------------------------
CHEMPLP = - ( 1.0000*S(PLP) + -3.0000*S(hbond) + -6.0000*S(metal) + -3.0000*S(cho) )

Score = CHEMPLP - 1.0000*DE(clash) - 2.0000*DE(tors)


--------------------------------------------------------------------------------


--------------------------------------------------------------------------------
--- PLP analysis of protein-ligand interactions                              ---
--------------------------------------------------------------------------------
hydrogen bonding        :      -2.50
metal                   :       0.00
buried (polar-nonpolar) :      -5.21
nonpolar                :     -35.06
repulsive               :       0.59
--------------------------------------------------------------------------------


--------------------------------------------------------------------------------
--- ChemScore analysis of protein-ligand interactions                        ---
--------------------------------------------------------------------------------

* Hydrogen bonds                                                                
Ligand donor    8 hydrogen   22 Protein acceptor 7865 bond energy  1.00 wt 0.94


* CH..O interactions                                                            
  CH group selection                       : activated ring CH (adjacent to hetatom)

--------------------------------------------------------------------------------


--------------------------------------------------------------------------------
--- Intra-ligand clashes                                                     ---
--------------------------------------------------------------------------------

Ligand
--------------------------------------------------------------------------------


--------------------------------------------------------------------------------
--- Chromosome decoded                                                       ---
--------------------------------------------------------------------------------
Ligand Torsions
[   6    2    1    3]  -63.99
[  12    5    1    2] -179.56
Protein Torsions
[8490 8455 8453 8450]    9.53 
[15484 15454 15453 15451]   70.87 
[5453 5415 5414 5412]  142.17 
[7768 7713 7712 7711]   54.21 
[7530 7488 7487 7485]  -39.77 
Mapping
Ligand acceptors to protein hydrogens (mapping then atom ids)
Ligand hydrogens to protein acceptors (mapping then atom ids)
Ligand shape atoms to protein points (mapping then atom ids & coords)
  1  5588 [  5->( 16.250  15.250  13.750)]
  2  5470 [  6->( 16.000  16.750  12.250)]
  3  6301 [  7->( 17.500  16.500  13.500)]
  5  5074 [ 13->( 15.500  16.000  11.250)]
Chromosome values
Integers:
  -1   -1   -1   -1   -1 5587 5469 6300   -1 5073   -1   -1 
--------------------------------------------------------------------------------


--------------------------------------------------------------------------------
--- Diverse Solutions Stats                                                  ---
--------------------------------------------------------------------------------
  Move attempts                            :  18306
  Move failures                            :     64
  Failure rate                             :   0.003

--------------------------------------------------------------------------------

Current Ranking  1  2  5  4  7  3  6

--------------------------------------------------------------------------------

* GA execution time :                                                           
  total  0.9821 user  0.9196 sys  0.0625

--------------------------------------------------------------------------------
Fitness function evaluations: 18406

--------------------------------------------------------------------------------
** Docking run number  8 **
--------------------------------------------------------------------------------
  Rank fitness base is 5000.00 ; increment is 11.2233

* Initialising population(s) ...                                                
Number of constraints mappings 0
Number of constraints 0
  Population no.                           :      1
  Population size                          :    100
  Number of duplicates                     :      0
  Number of niche violations               :      0
  Number of errors                         :     77


Doing GA, no. of population(s) 1 size 100 selection pressure 1.100000

 Operation      Fitness  S(hb_ext) S(vdw_ext)  S(hb_int)    S(int)      intcor
         0      32.70       6.83      21.41       0.00     -17.80      -0.77
        32      34.74       1.79      26.19       0.00     -15.02      -0.77
Reordering...
       201      31.02       1.06      21.89       0.00      -0.56      -0.77
       364      33.75       3.51      22.11       0.00      -0.57      -0.77
       787      32.99       3.51      21.61       0.00      -0.57      -0.77
       882      33.18       3.58      21.72       0.00      -0.57      -0.77
Reordering...
       938      32.67       3.56      21.37       0.00      -0.56      -0.77
Reordering...
      1139      31.23       4.12      20.96       0.00      -2.93      -0.77
      1180      33.14       3.89      21.52       0.00      -0.56      -0.77
Reordering...
      1188      31.12       4.12      20.96       0.00      -2.93      -0.77
      2059      29.81       4.43      18.94       0.00      -0.66      -0.77
      2205      30.78       4.53      19.58       0.00      -0.68      -0.77
--------------------------------------------------------------------------------
Best docking solution after GA:
      2250      30.78       4.53      19.58       0.00      -0.68      -0.77

#ops:       2250 #mutates:   1132 #cross:     1118 #dups:       428 
#niche:     1234 #errors:      61 
--------------------------------------------------------------------------------

Doing AMOEBA simplex on best individual
Done simplexing #iterations 582, best score  35.84

Ligand is stored in gold_soln_ligand_prepared_m1_8.mol2


--------------------------------------------------------------------------------
--- GoldScore breakdown of terms                                             ---
--------------------------------------------------------------------------------
Fitness = S(hb_ext) + 1.3750*S(vdw_ext) + S(hb_int) + 1.0000*S(int)
S(int)  = S(vdw_int) + S(tors)

Internal terms are relative to best energy found (intcor).

--------------------------------------------------------------------------------


     Fitness  S(hb_ext) S(vdw_ext)  S(hb_int)    S(int)      intcor
     35.84       6.06      22.12       0.00      -0.63      -0.77

--------------------------------------------------------------------------------
--- GoldScore analysis of protein-ligand interactions                        ---
--------------------------------------------------------------------------------

  Ligand acceptor   17 Protein hydrogen 2837 donor 2793 bond energy  6.00 wt 1.00
  Ligand donor   10 hydrogen   23 Protein acceptor 8455 bond energy  2.00 wt 0.03

--------------------------------------------------------------------------------

--------------------------------------------------------------------------------
--- Rescoring solution                                                       ---
--------------------------------------------------------------------------------

     Score     S(PLP)   S(hbond)     S(cho)   S(metal)  DE(clash)   DE(tors)
      2.57      -1.60       0.68       0.00       0.00       0.00       0.54

Doing AMOEBA simplex on best individual
Done simplexing #iterations 902, best score  32.00

     Score     S(PLP)   S(hbond)     S(cho)   S(metal)  DE(clash)   DE(tors)
     32.00     -29.63       1.00       0.00       0.00       0.00       0.32

--------------------------------------------------------------------------------
--- CHEMPLP breakdown of terms                                               ---
--------------------------------------------------------------------------------
CHEMPLP = - ( 1.0000*S(PLP) + -3.0000*S(hbond) + -6.0000*S(metal) + -3.0000*S(cho) )

Score = CHEMPLP - 1.0000*DE(clash) - 2.0000*DE(tors)


--------------------------------------------------------------------------------


--------------------------------------------------------------------------------
--- PLP analysis of protein-ligand interactions                              ---
--------------------------------------------------------------------------------
hydrogen bonding        :      -1.66
metal                   :       0.00
buried (polar-nonpolar) :      -6.54
nonpolar                :     -23.78
repulsive               :       0.53
--------------------------------------------------------------------------------


--------------------------------------------------------------------------------
--- ChemScore analysis of protein-ligand interactions                        ---
--------------------------------------------------------------------------------

* Hydrogen bonds                                                                
Ligand donor   10 hydrogen   23 Protein acceptor 8455 bond energy  1.00 wt 1.00


* CH..O interactions                                                            
  CH group selection                       : activated ring CH (adjacent to hetatom)

--------------------------------------------------------------------------------


--------------------------------------------------------------------------------
--- Intra-ligand clashes                                                     ---
--------------------------------------------------------------------------------

Ligand
--------------------------------------------------------------------------------


--------------------------------------------------------------------------------
--- Chromosome decoded                                                       ---
--------------------------------------------------------------------------------
Ligand Torsions
[   6    2    1    3]  104.91
[  12    5    1    2] -170.33
Protein Torsions
[8490 8455 8453 8450]  -25.52 
[15484 15454 15453 15451]  173.65 
[5453 5415 5414 5412]  -90.64 
[7768 7713 7712 7711]   58.38 
[7530 7488 7487 7485]  116.00 
Mapping
Ligand acceptors to protein hydrogens (mapping then atom ids)
  3   8 [ 17->2837]
Ligand hydrogens to protein acceptors (mapping then atom ids)
  2  12 [ 23->8455]
Ligand shape atoms to protein points (mapping then atom ids & coords)
  1  4201 [  5->( 14.750  13.500  14.000)]
  2  2008 [  6->( 12.250  12.750  15.000)]
  3  1725 [  7->( 11.750  13.250  13.250)]
  5  1224 [ 13->( 10.750  12.250  14.500)]
  7  1712 [ 16->( 11.750  13.000  14.000)]
Chromosome values
Integers:
  -1   -1    7   -1   11 4200 2007 1724   -1 1223   -1 1711 
--------------------------------------------------------------------------------


--------------------------------------------------------------------------------
--- Diverse Solutions Stats                                                  ---
--------------------------------------------------------------------------------
  Move attempts                            :  18537
  Move failures                            :     67
  Failure rate                             :   0.004

--------------------------------------------------------------------------------

Current Ranking  1  2  5  4  7  8  3  6

--------------------------------------------------------------------------------

* GA execution time :                                                           
  total  0.9511 user  0.9103 sys  0.0408

--------------------------------------------------------------------------------
Fitness function evaluations: 18607

--------------------------------------------------------------------------------
** Docking run number  9 **
--------------------------------------------------------------------------------
  Rank fitness base is 5000.00 ; increment is 11.2233

* Initialising population(s) ...                                                
Number of constraints mappings 0
Number of constraints 0
  Population no.                           :      1
  Population size                          :    100
  Number of duplicates                     :      0
  Number of niche violations               :      0
  Number of errors                         :     79


Doing GA, no. of population(s) 1 size 100 selection pressure 1.100000

 Operation      Fitness  S(hb_ext) S(vdw_ext)  S(hb_int)    S(int)      intcor
         0      32.90       2.00      24.56       0.00     -14.38      -0.77
        15      35.04       2.00      24.92       0.00      -6.16      -0.77
       471      32.58       2.00      22.84       0.00      -2.66      -0.77
       727      32.76       1.83      23.65       0.00      -3.96      -0.77
       891      32.45       1.76      23.65       0.00      -3.96      -0.77
       983      32.27       1.73      23.66       0.00      -3.96      -0.77
      1064      32.72       2.40      23.62       0.00      -3.96      -0.77
      1267      32.32       1.63      24.22       0.00      -3.96      -0.77
      1331      32.18       2.18      23.84       0.00      -3.96      -0.77
      1370      32.68       2.14      24.30       0.00      -3.92      -0.77
      2047      32.26       3.64      23.95       0.00      -4.31      -0.77
--------------------------------------------------------------------------------
Best docking solution after GA:
      2250      32.26       3.64      23.95       0.00      -4.31      -0.77

#ops:       2250 #mutates:   1141 #cross:     1109 #dups:       406 
#niche:     1156 #errors:      75 
--------------------------------------------------------------------------------

Doing AMOEBA simplex on best individual
Done simplexing #iterations 553, best score  37.32

Ligand is stored in gold_soln_ligand_prepared_m1_9.mol2


--------------------------------------------------------------------------------
--- GoldScore breakdown of terms                                             ---
--------------------------------------------------------------------------------
Fitness = S(hb_ext) + 1.3750*S(vdw_ext) + S(hb_int) + 1.0000*S(int)
S(int)  = S(vdw_int) + S(tors)

Internal terms are relative to best energy found (intcor).

--------------------------------------------------------------------------------


     Fitness  S(hb_ext) S(vdw_ext)  S(hb_int)    S(int)      intcor
     37.32       6.00      25.15       0.00      -3.25      -0.77

--------------------------------------------------------------------------------
--- GoldScore analysis of protein-ligand interactions                        ---
--------------------------------------------------------------------------------

  Ligand acceptor   17 Protein hydrogen 7768 donor 7713 bond energy  6.00 wt 1.00

--------------------------------------------------------------------------------

--------------------------------------------------------------------------------
--- Rescoring solution                                                       ---
--------------------------------------------------------------------------------

     Score     S(PLP)   S(hbond)     S(cho)   S(metal)  DE(clash)   DE(tors)
      2.01      -1.67       0.67       0.00       0.00       1.23       0.22

Doing AMOEBA simplex on best individual
Done simplexing #iterations 826, best score  21.66

     Score     S(PLP)   S(hbond)     S(cho)   S(metal)  DE(clash)   DE(tors)
     21.66     -21.57       0.63       0.00       0.00       0.86       0.47

--------------------------------------------------------------------------------
--- CHEMPLP breakdown of terms                                               ---
--------------------------------------------------------------------------------
CHEMPLP = - ( 1.0000*S(PLP) + -3.0000*S(hbond) + -6.0000*S(metal) + -3.0000*S(cho) )

Score = CHEMPLP - 1.0000*DE(clash) - 2.0000*DE(tors)


--------------------------------------------------------------------------------


--------------------------------------------------------------------------------
--- PLP analysis of protein-ligand interactions                              ---
--------------------------------------------------------------------------------
hydrogen bonding        :      -0.60
metal                   :       0.00
buried (polar-nonpolar) :      -2.90
nonpolar                :     -26.86
repulsive               :       8.62
--------------------------------------------------------------------------------


--------------------------------------------------------------------------------
--- ChemScore analysis of protein-ligand interactions                        ---
--------------------------------------------------------------------------------

* Hydrogen bonds                                                                
Protein donor 7713 hydrogen 7768 Ligand acceptor   17 bond energy  1.00 wt 0.63


* CH..O interactions                                                            
  CH group selection                       : activated ring CH (adjacent to hetatom)

--------------------------------------------------------------------------------


--------------------------------------------------------------------------------
--- Intra-ligand clashes                                                     ---
--------------------------------------------------------------------------------

Ligand
  7 (C7   ) -   3 (C3   ):   0.86 (dist   2.73)
--------------------------------------------------------------------------------


--------------------------------------------------------------------------------
--- Chromosome decoded                                                       ---
--------------------------------------------------------------------------------
Ligand Torsions
[   6    2    1    3]  170.62
[  12    5    1    2]   41.70
Protein Torsions
[8490 8455 8453 8450]   46.51 
[15484 15454 15453 15451] -101.37 
[5453 5415 5414 5412]  -26.24 
[7768 7713 7712 7711] -101.65 
[7530 7488 7487 7485] -130.27 
Mapping
Ligand acceptors to protein hydrogens (mapping then atom ids)
Ligand hydrogens to protein acceptors (mapping then atom ids)
Ligand shape atoms to protein points (mapping then atom ids & coords)
  1  3437 [  5->( 14.000  14.750  14.000)]
  2  4395 [  6->( 15.000  12.250  13.000)]
  4  3446 [ 12->( 14.000  15.000  14.000)]
  6  3331 [ 14->( 14.000  13.000  11.500)]
Chromosome values
Integers:
  -1   -1   -1   -1   -1 3436 4394   -1 3445   -1 3330   -1 
--------------------------------------------------------------------------------


--------------------------------------------------------------------------------
--- Diverse Solutions Stats                                                  ---
--------------------------------------------------------------------------------
  Move attempts                            :  18449
  Move failures                            :     88
  Failure rate                             :   0.005

--------------------------------------------------------------------------------

Current Ranking  1  2  5  4  9  7  8  3  6

--------------------------------------------------------------------------------

* GA execution time :                                                           
  total  0.9764 user  0.9176 sys  0.0588

--------------------------------------------------------------------------------
Fitness function evaluations: 18515

--------------------------------------------------------------------------------
** Docking run number 10 **
--------------------------------------------------------------------------------
  Rank fitness base is 5000.00 ; increment is 11.2233

* Initialising population(s) ...                                                
Number of constraints mappings 0
Number of constraints 0
  Population no.                           :      1
  Population size                          :    100
  Number of duplicates                     :      0
  Number of niche violations               :      0
  Number of errors                         :     81


Doing GA, no. of population(s) 1 size 100 selection pressure 1.100000

 Operation      Fitness  S(hb_ext) S(vdw_ext)  S(hb_int)    S(int)      intcor
         0      33.61       4.47      21.46       0.00      -1.83      -0.77
Reordering...
       134      31.56       2.43      22.53       0.00      -8.15      -0.77
       219      31.52       2.56      21.33       0.00      -1.51      -0.77
       415      31.40       2.08      21.64       0.00      -1.51      -0.77
       432      31.78       1.29      22.88       0.00      -3.28      -0.77
       477      34.06       2.96      24.13       0.00      -6.70      -0.77
Reordering...
       737      30.72       1.23      23.29       0.00      -6.35      -0.77
       869      30.19       1.19      23.18       0.00      -6.35      -0.77
      1031      29.46       1.22      22.15       0.00      -4.22      -0.77
Reordering...
      1072      29.03       1.18      22.78       0.00      -6.35      -0.77
Reordering...
      1232      28.05       1.21      21.51       0.00      -4.22      -0.77
      1259      28.77       1.19      21.52       0.00      -3.05      -0.77
      1394      32.18       1.09      23.62       0.00      -1.85      -0.77
      1810      31.84       1.07      23.72       0.00      -1.85      -0.77
      2045      31.92       1.07      23.79       0.00      -1.85      -0.77
      2110      31.93       1.07      23.79       0.00      -1.85      -0.77
--------------------------------------------------------------------------------
Best docking solution after GA:
      2250      31.93       1.07      23.79       0.00      -1.85      -0.77

#ops:       2250 #mutates:   1182 #cross:     1068 #dups:       439 
#niche:     1084 #errors:      50 
--------------------------------------------------------------------------------

Doing AMOEBA simplex on best individual
Done simplexing #iterations 662, best score  37.75

Ligand is stored in gold_soln_ligand_prepared_m1_10.mol2


--------------------------------------------------------------------------------
--- GoldScore breakdown of terms                                             ---
--------------------------------------------------------------------------------
Fitness = S(hb_ext) + 1.3750*S(vdw_ext) + S(hb_int) + 1.0000*S(int)
S(int)  = S(vdw_int) + S(tors)

Internal terms are relative to best energy found (intcor).

--------------------------------------------------------------------------------


     Fitness  S(hb_ext) S(vdw_ext)  S(hb_int)    S(int)      intcor
     37.75       1.08      27.21       0.00      -0.75      -0.77

--------------------------------------------------------------------------------
--- GoldScore analysis of protein-ligand interactions                        ---
--------------------------------------------------------------------------------

  Ligand donor   10 hydrogen   23 Protein acceptor 7816 bond energy  2.00 wt 0.54

--------------------------------------------------------------------------------

--------------------------------------------------------------------------------
--- Rescoring solution                                                       ---
--------------------------------------------------------------------------------

     Score     S(PLP)   S(hbond)     S(cho)   S(metal)  DE(clash)   DE(tors)
     26.54     -25.01       0.82       0.00       0.00       0.00       0.46

Doing AMOEBA simplex on best individual
Done simplexing #iterations 688, best score  36.53

     Score     S(PLP)   S(hbond)     S(cho)   S(metal)  DE(clash)   DE(tors)
     36.53     -36.50       0.75       0.00       0.00       0.00       1.11

--------------------------------------------------------------------------------
--- CHEMPLP breakdown of terms                                               ---
--------------------------------------------------------------------------------
CHEMPLP = - ( 1.0000*S(PLP) + -3.0000*S(hbond) + -6.0000*S(metal) + -3.0000*S(cho) )

Score = CHEMPLP - 1.0000*DE(clash) - 2.0000*DE(tors)


--------------------------------------------------------------------------------


--------------------------------------------------------------------------------
--- PLP analysis of protein-ligand interactions                              ---
--------------------------------------------------------------------------------
hydrogen bonding        :      -2.09
metal                   :       0.00
buried (polar-nonpolar) :      -1.43
nonpolar                :     -34.18
repulsive               :       0.64
--------------------------------------------------------------------------------


--------------------------------------------------------------------------------
--- ChemScore analysis of protein-ligand interactions                        ---
--------------------------------------------------------------------------------

* Hydrogen bonds                                                                
Ligand donor   10 hydrogen   23 Protein acceptor 7816 bond energy  1.00 wt 0.75


* CH..O interactions                                                            
  CH group selection                       : activated ring CH (adjacent to hetatom)

--------------------------------------------------------------------------------


--------------------------------------------------------------------------------
--- Intra-ligand clashes                                                     ---
--------------------------------------------------------------------------------

Ligand
--------------------------------------------------------------------------------


--------------------------------------------------------------------------------
--- Chromosome decoded                                                       ---
--------------------------------------------------------------------------------
Ligand Torsions
[   6    2    1    3]  133.40
[  12    5    1    2]  169.35
Protein Torsions
[8490 8455 8453 8450] -131.19 
[15484 15454 15453 15451]   65.57 
[5453 5415 5414 5412]  -25.45 
[7768 7713 7712 7711]  145.08 
[7530 7488 7487 7485]  -40.33 
Mapping
Ligand acceptors to protein hydrogens (mapping then atom ids)
Ligand hydrogens to protein acceptors (mapping then atom ids)
  2   8 [ 23->7816]
Ligand shape atoms to protein points (mapping then atom ids & coords)
  1  3715 [  5->( 14.250  15.000  13.750)]
  3  6455 [  7->( 18.000  14.750  14.250)]
  4  4820 [ 12->( 15.250  15.250  12.250)]
  5  6974 [ 13->( 19.500  15.000  15.500)]
  7  6724 [ 16->( 18.750  14.750  14.750)]
Chromosome values
Integers:
  -1   -1   -1   -1    7 3714   -1 6454 4819 6973   -1 6723 
--------------------------------------------------------------------------------


--------------------------------------------------------------------------------
--- Diverse Solutions Stats                                                  ---
--------------------------------------------------------------------------------
  Move attempts                            :  18311
  Move failures                            :     53
  Failure rate                             :   0.003

--------------------------------------------------------------------------------

Current Ranking  1  2  5  4 10  9  7  8  3  6

--------------------------------------------------------------------------------

* GA execution time :                                                           
  total  0.9770 user  0.9187 sys  0.0583

--------------------------------------------------------------------------------
Fitness function evaluations: 18388

--------------------------------------------------------------------------------
--- Ranking analysis                                                         ---
--------------------------------------------------------------------------------


* Final ranked order of GA solutions:                                           
   1  2  5  4 10  9  7  8  3  6 

  _______________________________
  RMSD Matrix of RANKED solutions

        2    3    4    5    6    7    8    9   10  

   1 :  0.6  4.5  4.2  2.7  5.1  3.7  4.2  4.5  2.9
   2 :       4.5  4.3  2.8  5.2  3.5  4.3  4.5  3.1
   3 :            2.4  4.3  4.7  4.1  4.5  0.7  4.6
   4 :                 4.1  4.2  3.5  4.1  2.6  4.1
   5 :                      4.7  3.5  5.1  4.1  1.9
   6 :                           4.1  4.5  4.7  3.7
   7 :                                4.6  4.2  3.7
   8 :                                     4.6  4.5
   9 :                                          4.4

  Clustering method                        : complete linkage
  Structure ids in cluster table           : rank nos.
  Ordering of clusters and their members   : by rank (order if from rms_analysis)

  Distance | Clusters
   0.58    |  1  2 |  3 |  4 |  5 |  6 |  7 |  8 |  9 | 10 |
   0.74    |  1  2 |  3  9 |  4 |  5 |  6 |  7 |  8 | 10 |
   1.89    |  1  2 |  3  9 |  4 |  5 10 |  6 |  7 |  8 |
   2.61    |  1  2 |  3  4  9 |  5 10 |  6 |  7 |  8 |
   3.07    |  1  2  5 10 |  3  4  9 |  6 |  7 |  8 |
   3.71    |  1  2  5  7 10 |  3  4  9 |  6 |  8 |
   4.50    |  1  2  5  7 10 |  3  4  9 |  6  8 |
   4.62    |  1  2  3  4  5  7  9 10 |  6  8 |
   5.23    |  1  2  3  4  5  6  7  8  9 10 |
  Finished Docking Ligand                  : /mnt/c/Users/ricca/Desktop/Documents/Rimoli/Reverse_Docking_Explore_V4/3mvj/ligand_prepared.mol2
--------------------------------------------------------------------------------

  Relative_Ligand_Energy (best encountered) :  -0.769
  Relative_Ligand_Energy: fitness values have been corrected using this amount
