
--------------------------------------------------------------------------------
--- Ligand                                                                   ---
--------------------------------------------------------------------------------
  Ligand loaded from file                  : /mnt/c/Users/ricca/Desktop/Documents/Rimoli/Reverse_Docking_Explore_V4/3oog/ligand_prepared.mol2
  Ligand name                              :  
  "CT1002167954                                                             "

--------------------------------------------------------------------------------
  N.plc donors                             : 
  none found

  Acidic nitrogen acceptors                : 
  none found
  Sulfur acceptors                         :
  none found


  Donor atoms                              :      2
  8   10  
  Acceptor atoms                           :      3
  9   11  17  

  Hydrogens                                :  (n = 2)
  22   23   

  Lone pairs added to molecule             :      6
  Numbering                                : from 30 to 35

--------------------------------------------------------------------------------
--- Postprocessing of typing                                                 ---
--------------------------------------------------------------------------------
  Fragment file                            : /home/hitesit/CCDC/Discovery_2022/GOLD/gold/rotatable_bond_override.mol2
  acylurea fragment                        : 2 matches
  Ligand bond 15-8  set to flip
  Ligand bond 15-10  set to flip
  Ligand bond 15-10  set to 1
  Ligand bond 15-8  set to 1
  Ligand bond 10-4  set to flip
  Ligand bond 8-3  set to flip
  thioacylthiourea fragment                : no matches
  acylthiourea fragment                    : no matches
  thioacylurea fragment                    : no matches
  diarylamine fragment >C.ar-NH-C.ar<      : no matches
  sec-amine (1) fragment                   : no matches
  sec-amine (2) fragment                   : no matches
  sec-amine (3) fragment                   : no matches
  carboxylic ester                         : no matches

* Rotatable bonds in /mnt/c/Users/ricca/D  :
  [   1    2] [   1    5] 
  No. of rotatable bonds                   :      2


* Reading torsional distributions from file:
  /home/hitesit/CCDC/Discovery_2022/GOLD/gold/gold.tordist
  No. of bins in torsional distributions   :     36
  Minimum size of largest peak             :      0
  Removing high energy torsions            : on
  Delta E set to                           :   2.500

* Fragments found in /mnt/c/Users/ricca/D  :
  atom   2: benzene
  atom   6: benzene
  atom   7: benzene
  atom  13: benzene
  atom  14: benzene
  atom  16: benzene


* Checking torsion distributions:                                               
  No. of matched torsions                  :      0

--------------------------------------------------------------------------------
--- Shape fitting atoms selection (hydrophobic atoms)                        ---
--------------------------------------------------------------------------------
  Molecule                                 : /mnt/c/Users/ricca/Desktop/Documents/Rimoli/Reverse_Docking_Explore_V4/3oog/ligand_prepared.mol2
  Selection                                : carbons only
  Atom numbers                             :  (n = 7)
  5    6    7    12   13   14   16   

--------------------------------------------------------------------------------
--- Diverse Solutions Setup                                                  ---
--------------------------------------------------------------------------------
  Cluster size                             :      2
  RMSD                                     :   2.000
  Refinement                               :      0


--------------------------------------------------------------------------------
--- ChemScore ligand setup summary                                           ---
--------------------------------------------------------------------------------
  ChemScore ligand acceptors               :      3
  9 11 17 
  ChemScore ligand donors                  :      2
  8 ( 22  ) 10 ( 23  ) 
  ChemScore ligand CH donors               :      0
  

  ChemScore ligand lipophilic atoms        :  (n = 9)
  1    2    5    6    7    12   13   14   16   

  ChemScore ligand rotatable bonds         :      2
  1   (C1 ) - 2   (C2 ): SP3_SP2_BOND
  1   (C1 ) - 5   (C5 ): SP3_SP3_BOND

--------------------------------------------------------------------------------
--- PLP ligand setup summary                                                 ---
--------------------------------------------------------------------------------
    1    C1   C.3 NONPOLAR
    2    C2  C.ar NONPOLAR
    3    C3   C.2 NONPOLAR
    4    C4   C.2 NONPOLAR
    5    C5   C.3 NONPOLAR
    6    C6  C.ar NONPOLAR
    7    C7  C.ar NONPOLAR
    8    N8  N.am DONOR
    9    O9   O.2 ACCEPTOR
   10   N10  N.am DONOR
   11   O11   O.2 ACCEPTOR
   12   C12   C.3 NONPOLAR
   13   C13  C.ar NONPOLAR
   14   C14  C.ar NONPOLAR
   15   C15   C.2 NONPOLAR
   16   C16  C.ar NONPOLAR
   17   O17   O.2 ACCEPTOR

--------------------------------------------------------------------------------
--- Automatic parameter setting                                              ---
--------------------------------------------------------------------------------
  Contribution base                        :   2500
  Contribution per rotatable bond          :   6000
  Contribution per df                      :   4000
  Contribution per water                   :  10000
  Ligand rotatable bonds                   :      2
  Protein flexible side chain bonds        :      0
  Total rotatable bonds                    :      2
  Hydrophobic vol ratio (P/L)              :   3.671
  Base multiplier (polar)                  :   1.000
  Base multiplier (apolar)                 :   5.140
  Base contribution                        : 15000.000
  Fitting points                           :      5
  Estimated maxops needed (optimal)        :  27500
  Autoscale factor (in percent)            :     10
  Scaled maxops                            :   3000

--------------------------------------------------------------------------------

* Population settings                                                           
  maxops                                   :   3000
  popsiz                                   :    100
  select_pressure                          :   1.100
  n_islands                                :      1
  niche_siz                                :      2

* GA settings                                                                   
  pt_crosswt                               :    100
  allele_mutatewt                          :    100
  migratewt                                :      0

* Search settings                                                               
  start_vdw_linear_cutoff                  :   6.000
  initial_virtual_pt_match_max             :   3.000
  Scaling of internal VDW energy           : log scale from  0.2 to    1
                                             over 2250 ops
  Sampling interval (operations)           :     30
  Scaling of virtual pt maximum length     : linear scale from    3 to    2
                                             over  2250 ops
  Sampling interval (operations)           :     90
  Scaling of 4-8 potential cutoff          : log scale from    6 to 1.2e+02
                                             over 2250 ops
  Sampling interval (operations)           :     90

--------------------------------------------------------------------------------

* Ligand initialisation time :                                                  
  total  0.1083 user  0.0149 sys  0.0934

--------------------------------------------------------------------------------

--------------------------------------------------------------------------------
** Docking run number  1 **
--------------------------------------------------------------------------------
  Rank fitness base is 5000.00 ; increment is 11.2233

* Initialising population(s) ...                                                
Number of constraints mappings 0
Number of constraints 0
  Population no.                           :      1
  Population size                          :    100
  Number of duplicates                     :      0
  Number of niche violations               :      0
  Number of errors                         :  35790


Doing GA, no. of population(s) 1 size 100 selection pressure 1.100000

 Operation      Fitness  S(hb_ext) S(vdw_ext)  S(hb_int)    S(int)      intcor
         0      30.49       5.22      19.90       0.00     -10.49      -0.79
        52      30.57       5.22      20.47       0.00     -13.73      -0.79
       269      29.20       5.57      19.56       0.00     -13.73      -0.79
Reordering...
       360      26.77       0.42      19.93       0.00      -4.04      -0.79
       558      26.27       0.38      19.68       0.00      -3.98      -0.79
       608      26.82       4.12      17.91       0.00      -6.27      -0.79
       736      27.50       0.36      20.71       0.00      -3.98      -0.79
--------------------------------------------------------------------------------
Best docking solution after GA:
      3000      24.47       0.05      20.65       0.00      -3.98      -0.79

#ops:       3000 #mutates:   1493 #cross:     1507 #dups:       494 
#niche:     1326 #errors:     665 
--------------------------------------------------------------------------------

Doing AMOEBA simplex on best individual
Done simplexing #iterations 743, best score  28.02

Ligand is stored in gold_soln_ligand_prepared_m1_1.mol2


--------------------------------------------------------------------------------
--- GoldScore breakdown of terms                                             ---
--------------------------------------------------------------------------------
Fitness = S(hb_ext) + 1.3750*S(vdw_ext) + S(hb_int) + 1.0000*S(int)
S(int)  = S(vdw_int) + S(tors)

Internal terms are relative to best energy found (intcor).

--------------------------------------------------------------------------------


     Fitness  S(hb_ext) S(vdw_ext)  S(hb_int)    S(int)      intcor
     28.02       0.46      22.61       0.00      -3.52      -0.79

--------------------------------------------------------------------------------
--- GoldScore analysis of protein-ligand interactions                        ---
--------------------------------------------------------------------------------

  Ligand donor   10 hydrogen   23 Protein acceptor 2527 bond energy  2.00 wt 0.23

--------------------------------------------------------------------------------

--------------------------------------------------------------------------------
--- Rescoring solution                                                       ---
--------------------------------------------------------------------------------

     Score     S(PLP)   S(hbond)     S(cho)   S(metal)  DE(clash)   DE(tors)
     16.74     -18.29       0.46       0.00       0.00       1.55       0.70

Doing AMOEBA simplex on best individual
Done simplexing #iterations 1071, best score  36.72

     Score     S(PLP)   S(hbond)     S(cho)   S(metal)  DE(clash)   DE(tors)
     36.72     -36.37       0.98       0.00       0.00       0.75       0.91

--------------------------------------------------------------------------------
--- CHEMPLP breakdown of terms                                               ---
--------------------------------------------------------------------------------
CHEMPLP = - ( 1.0000*S(PLP) + -3.0000*S(hbond) + -6.0000*S(metal) + -3.0000*S(cho) )

Score = CHEMPLP - 1.0000*DE(clash) - 2.0000*DE(tors)


--------------------------------------------------------------------------------


--------------------------------------------------------------------------------
--- PLP analysis of protein-ligand interactions                              ---
--------------------------------------------------------------------------------
hydrogen bonding        :      -1.92
metal                   :       0.00
buried (polar-nonpolar) :      -5.66
nonpolar                :     -30.85
repulsive               :       0.53
--------------------------------------------------------------------------------


--------------------------------------------------------------------------------
--- ChemScore analysis of protein-ligand interactions                        ---
--------------------------------------------------------------------------------

* Hydrogen bonds                                                                
Ligand donor   10 hydrogen   23 Protein acceptor 2527 bond energy  1.00 wt 0.98


* CH..O interactions                                                            
  CH group selection                       : activated ring CH (adjacent to hetatom)

--------------------------------------------------------------------------------


--------------------------------------------------------------------------------
--- Intra-ligand clashes                                                     ---
--------------------------------------------------------------------------------

Ligand
  6 (C6   ) -   3 (C3   ):   0.75 (dist   2.73)
--------------------------------------------------------------------------------


--------------------------------------------------------------------------------
--- Chromosome decoded                                                       ---
--------------------------------------------------------------------------------
Ligand Torsions
[   6    2    1    3]  -13.14
[  12    5    1    2]   42.45
Protein Torsions
[3557 3548 3547 3545]   62.04 
[3477 3468 3467 3465]  -24.17 
[3738 3729 3728 3726]  -83.08 
[3042 3035 3033 3030]   46.91 
[4996 4987 4986 4984]  -52.62 
[2507 2496 2495 2494]   97.08 
[1848 1843 1842 1839] -126.55 
[3090 3083 3082 3080]    1.91 
[ 557  552  551  548]  -27.51 
Mapping
Ligand acceptors to protein hydrogens (mapping then atom ids)
Ligand hydrogens to protein acceptors (mapping then atom ids)
  1  41 [ 22-> 529]
Ligand shape atoms to protein points (mapping then atom ids & coords)
  1 12140 [  5->( 27.000   8.250  -2.500)]
  2 12077 [  6->( 26.750  10.250  -4.750)]
  3 13140 [  7->( 28.750   9.750  -3.750)]
  4 12607 [ 12->( 27.500   9.750  -1.000)]
  5 12599 [ 13->( 27.500   9.750  -4.250)]
Chromosome values
Integers:
  -1   -1   -1   40   -1 12139 12076 13139 12606 12598   -1   -1 
--------------------------------------------------------------------------------


--------------------------------------------------------------------------------
--- Diverse Solutions Stats                                                  ---
--------------------------------------------------------------------------------
  Move attempts                            :  17053
  Move failures                            :      0
  Failure rate                             :   0.000

--------------------------------------------------------------------------------

Current Ranking  1

--------------------------------------------------------------------------------

* GA execution time :                                                           
  total  1.1173 user  1.0739 sys  0.0433

--------------------------------------------------------------------------------
Fitness function evaluations: 53531

--------------------------------------------------------------------------------
** Docking run number  2 **
--------------------------------------------------------------------------------
  Rank fitness base is 5000.00 ; increment is 11.2233

* Initialising population(s) ...                                                
Number of constraints mappings 0
Number of constraints 0
  Population no.                           :      1
  Population size                          :    100
  Number of duplicates                     :      0
  Number of niche violations               :      0
  Number of errors                         :  36530


Doing GA, no. of population(s) 1 size 100 selection pressure 1.100000

 Operation      Fitness  S(hb_ext) S(vdw_ext)  S(hb_int)    S(int)      intcor
         0      24.35       6.49      15.44       0.00     -16.86      -0.79
        20      24.36       0.00      18.20       0.00      -3.36      -0.79
Reordering...
        90      23.56       0.35      18.35       0.00      -9.43      -0.79
       212      24.42       9.05      11.38       0.00      -1.21      -0.79
       341      23.52       0.32      20.65       0.00     -20.52      -0.79
       342      23.58       0.07      18.44       0.00      -7.26      -0.79
       534      23.26       0.06      18.39       0.00      -7.26      -0.79
       556      24.90       3.91      15.67       0.00      -1.92      -0.79
      1097      22.00       0.00      16.25       0.00      -0.80      -0.79
      1152      22.08       3.79      13.93       0.00      -1.92      -0.79
Reordering...
      1170      21.98       0.00      16.25       0.00      -0.80      -0.79
      1377      22.03       4.59      13.58       0.00      -2.37      -0.79
Reordering...
      1440      21.90       0.00      16.25       0.00      -0.80      -0.79
      2362      23.64       0.00      17.27       0.00      -0.11      -0.79
      2415      23.64       0.00      17.28       0.00      -0.11      -0.79
      2674      24.44       0.00      17.97       0.00      -0.27      -0.79
      2922      25.01       0.00      18.39       0.00      -0.27      -0.79
--------------------------------------------------------------------------------
Best docking solution after GA:
      3000      25.01       0.00      18.39       0.00      -0.27      -0.79

#ops:       3000 #mutates:   1477 #cross:     1523 #dups:       567 
#niche:     1328 #errors:     690 
--------------------------------------------------------------------------------

Doing AMOEBA simplex on best individual
Done simplexing #iterations 1108, best score  30.44

Ligand is stored in gold_soln_ligand_prepared_m1_2.mol2


--------------------------------------------------------------------------------
--- GoldScore breakdown of terms                                             ---
--------------------------------------------------------------------------------
Fitness = S(hb_ext) + 1.3750*S(vdw_ext) + S(hb_int) + 1.0000*S(int)
S(int)  = S(vdw_int) + S(tors)

Internal terms are relative to best energy found (intcor).

--------------------------------------------------------------------------------


     Fitness  S(hb_ext) S(vdw_ext)  S(hb_int)    S(int)      intcor
     30.44       3.64      19.50       0.00      -0.01      -0.79

--------------------------------------------------------------------------------
--- GoldScore analysis of protein-ligand interactions                        ---
--------------------------------------------------------------------------------

  Ligand donor   10 hydrogen   23 Protein acceptor 1794 bond energy  6.00 wt 0.61

--------------------------------------------------------------------------------

--------------------------------------------------------------------------------
--- Rescoring solution                                                       ---
--------------------------------------------------------------------------------

     Score     S(PLP)   S(hbond)     S(cho)   S(metal)  DE(clash)   DE(tors)
     14.70     -14.83       0.00       0.00       0.00       0.00       0.07

Doing AMOEBA simplex on best individual
Done simplexing #iterations 1143, best score  30.80

     Score     S(PLP)   S(hbond)     S(cho)   S(metal)  DE(clash)   DE(tors)
     30.80     -27.96       1.02       0.00       0.00       0.00       0.11

--------------------------------------------------------------------------------
--- CHEMPLP breakdown of terms                                               ---
--------------------------------------------------------------------------------
CHEMPLP = - ( 1.0000*S(PLP) + -3.0000*S(hbond) + -6.0000*S(metal) + -3.0000*S(cho) )

Score = CHEMPLP - 1.0000*DE(clash) - 2.0000*DE(tors)


--------------------------------------------------------------------------------


--------------------------------------------------------------------------------
--- PLP analysis of protein-ligand interactions                              ---
--------------------------------------------------------------------------------
hydrogen bonding        :      -3.00
metal                   :       0.00
buried (polar-nonpolar) :      -4.19
nonpolar                :     -22.23
repulsive               :       0.75
--------------------------------------------------------------------------------


--------------------------------------------------------------------------------
--- ChemScore analysis of protein-ligand interactions                        ---
--------------------------------------------------------------------------------

* Hydrogen bonds                                                                
Ligand donor    8 hydrogen   22 Protein acceptor  529 bond energy  1.00 wt 0.02
Ligand donor   10 hydrogen   23 Protein acceptor 1794 bond energy  1.00 wt 1.00


* CH..O interactions                                                            
  CH group selection                       : activated ring CH (adjacent to hetatom)

--------------------------------------------------------------------------------


--------------------------------------------------------------------------------
--- Intra-ligand clashes                                                     ---
--------------------------------------------------------------------------------

Ligand
--------------------------------------------------------------------------------


--------------------------------------------------------------------------------
--- Chromosome decoded                                                       ---
--------------------------------------------------------------------------------
Ligand Torsions
[   6    2    1    3]  -59.72
[  12    5    1    2]  179.02
Protein Torsions
[3557 3548 3547 3545]   23.51 
[3477 3468 3467 3465] -161.52 
[3738 3729 3728 3726] -139.12 
[3042 3035 3033 3030]   35.23 
[4996 4987 4986 4984] -133.01 
[2507 2496 2495 2494]  -18.50 
[1848 1843 1842 1839]   72.48 
[3090 3083 3082 3080] -130.95 
[ 557  552  551  548]   22.61 
Mapping
Ligand acceptors to protein hydrogens (mapping then atom ids)
Ligand hydrogens to protein acceptors (mapping then atom ids)
Ligand shape atoms to protein points (mapping then atom ids & coords)
  4  9115 [ 12->( 21.750   7.000  -2.500)]
  6  9623 [ 14->( 22.250  11.750   1.000)]
  7 10235 [ 16->( 23.000  13.250  -0.500)]
Chromosome values
Integers:
  -1   -1   -1   -1   -1   -1   -1   -1 9114   -1 9622 10234 
--------------------------------------------------------------------------------


--------------------------------------------------------------------------------
--- Diverse Solutions Stats                                                  ---
--------------------------------------------------------------------------------
  Move attempts                            :  17620
  Move failures                            :      0
  Failure rate                             :   0.000

--------------------------------------------------------------------------------

Current Ranking  2  1

--------------------------------------------------------------------------------

* GA execution time :                                                           
  total  1.0737 user  0.9982 sys  0.0755

--------------------------------------------------------------------------------
Fitness function evaluations: 54864

--------------------------------------------------------------------------------
** Docking run number  3 **
--------------------------------------------------------------------------------
  Rank fitness base is 5000.00 ; increment is 11.2233

* Initialising population(s) ...                                                
Number of constraints mappings 0
Number of constraints 0
  Population no.                           :      1
  Population size                          :    100
  Number of duplicates                     :      0
  Number of niche violations               :      0
  Number of errors                         :  36061


Doing GA, no. of population(s) 1 size 100 selection pressure 1.100000

 Operation      Fitness  S(hb_ext) S(vdw_ext)  S(hb_int)    S(int)      intcor
         0      27.64       0.00      22.39       0.00     -15.71      -0.79
       222      26.70       4.53      17.37       0.00      -7.40      -0.79
       289      26.53       4.91      17.03       0.00      -7.40      -0.79
       604      24.28       4.52      14.57       0.00      -0.92      -0.79
       764      23.60       4.56      14.68       0.00      -3.36      -0.79
Reordering...
       810      23.20       5.47      13.13       0.00      -0.92      -0.79
       952      24.28       3.83      15.22       0.00      -1.22      -0.79
      1306      24.22       6.48      13.94       0.00      -2.84      -0.79
      1522      24.45       6.41      13.59       0.00      -1.11      -0.79
      2861      24.94       4.14      17.40       0.00      -3.12      -0.79
      2994      24.98       4.14      17.43       0.00      -3.12      -0.79
--------------------------------------------------------------------------------
Best docking solution after GA:
      3000      24.98       4.14      17.43       0.00      -3.12      -0.79

#ops:       3000 #mutates:   1513 #cross:     1487 #dups:       602 
#niche:     1168 #errors:     782 
--------------------------------------------------------------------------------

Doing AMOEBA simplex on best individual
Done simplexing #iterations 744, best score  29.60

Ligand is stored in gold_soln_ligand_prepared_m1_3.mol2


--------------------------------------------------------------------------------
--- GoldScore breakdown of terms                                             ---
--------------------------------------------------------------------------------
Fitness = S(hb_ext) + 1.3750*S(vdw_ext) + S(hb_int) + 1.0000*S(int)
S(int)  = S(vdw_int) + S(tors)

Internal terms are relative to best energy found (intcor).

--------------------------------------------------------------------------------


     Fitness  S(hb_ext) S(vdw_ext)  S(hb_int)    S(int)      intcor
     29.60       3.79      19.14       0.00      -0.51      -0.79

--------------------------------------------------------------------------------
--- GoldScore analysis of protein-ligand interactions                        ---
--------------------------------------------------------------------------------

  Ligand acceptor   17 Protein hydrogen 2509 donor 2496 bond energy  6.00 wt 0.52
  Ligand donor    8 hydrogen   22 Protein acceptor 2546 bond energy  2.00 wt 0.35

--------------------------------------------------------------------------------

--------------------------------------------------------------------------------
--- Rescoring solution                                                       ---
--------------------------------------------------------------------------------

     Score     S(PLP)   S(hbond)     S(cho)   S(metal)  DE(clash)   DE(tors)
      8.99      -9.55       0.81       0.00       0.00       0.14       1.43

Doing AMOEBA simplex on best individual
Done simplexing #iterations 1206, best score  27.48

     Score     S(PLP)   S(hbond)     S(cho)   S(metal)  DE(clash)   DE(tors)
     27.48     -24.03       1.98       0.00       0.00       0.00       1.25

--------------------------------------------------------------------------------
--- CHEMPLP breakdown of terms                                               ---
--------------------------------------------------------------------------------
CHEMPLP = - ( 1.0000*S(PLP) + -3.0000*S(hbond) + -6.0000*S(metal) + -3.0000*S(cho) )

Score = CHEMPLP - 1.0000*DE(clash) - 2.0000*DE(tors)


--------------------------------------------------------------------------------


--------------------------------------------------------------------------------
--- PLP analysis of protein-ligand interactions                              ---
--------------------------------------------------------------------------------
hydrogen bonding        :      -2.19
metal                   :       0.00
buried (polar-nonpolar) :      -4.28
nonpolar                :     -19.86
repulsive               :       2.12
--------------------------------------------------------------------------------


--------------------------------------------------------------------------------
--- ChemScore analysis of protein-ligand interactions                        ---
--------------------------------------------------------------------------------

* Hydrogen bonds                                                                
Ligand donor    8 hydrogen   22 Protein acceptor 2546 bond energy  1.00 wt 0.99
Protein donor 2496 hydrogen 2509 Ligand acceptor   17 bond energy  1.00 wt 0.99


* CH..O interactions                                                            
  CH group selection                       : activated ring CH (adjacent to hetatom)

--------------------------------------------------------------------------------


--------------------------------------------------------------------------------
--- Intra-ligand clashes                                                     ---
--------------------------------------------------------------------------------

Ligand
--------------------------------------------------------------------------------


--------------------------------------------------------------------------------
--- Chromosome decoded                                                       ---
--------------------------------------------------------------------------------
Ligand Torsions
[   6    2    1    3]  -91.21
[  12    5    1    2] -169.97
Protein Torsions
[3557 3548 3547 3545]  159.62 
[3477 3468 3467 3465]  174.03 
[3738 3729 3728 3726]   92.64 
[3042 3035 3033 3030] -143.61 
[4996 4987 4986 4984]  -99.51 
[2507 2496 2495 2494]  -50.03 
[1848 1843 1842 1839]   96.29 
[3090 3083 3082 3080]  -34.51 
[ 557  552  551  548]  -57.48 
Mapping
Ligand acceptors to protein hydrogens (mapping then atom ids)
  3  31 [ 17->2509]
Ligand hydrogens to protein acceptors (mapping then atom ids)
  1  55 [ 22->2546]
Ligand shape atoms to protein points (mapping then atom ids & coords)
  5  9438 [ 13->( 22.000  12.000  -1.000)]
Chromosome values
Integers:
  -1   -1   30   54   -1   -1   -1   -1   -1 9437   -1   -1 
--------------------------------------------------------------------------------


--------------------------------------------------------------------------------
--- Diverse Solutions Stats                                                  ---
--------------------------------------------------------------------------------
  Move attempts                            :  17080
  Move failures                            :      0
  Failure rate                             :   0.000

--------------------------------------------------------------------------------

Current Ranking  2  3  1

--------------------------------------------------------------------------------

* GA execution time :                                                           
  total  1.0274 user  0.9640 sys  0.0634

--------------------------------------------------------------------------------
Fitness function evaluations: 53944

--------------------------------------------------------------------------------
** Docking run number  4 **
--------------------------------------------------------------------------------
  Rank fitness base is 5000.00 ; increment is 11.2233

* Initialising population(s) ...                                                
Number of constraints mappings 0
Number of constraints 0
  Population no.                           :      1
  Population size                          :    100
  Number of duplicates                     :      0
  Number of niche violations               :      0
  Number of errors                         :  36378


Doing GA, no. of population(s) 1 size 100 selection pressure 1.100000

 Operation      Fitness  S(hb_ext) S(vdw_ext)  S(hb_int)    S(int)      intcor
         0      26.18       6.62      14.35       0.00      -0.86      -0.79
        64      28.58       3.80      21.07       0.00     -20.05      -0.79
        84      28.71       3.80      21.08       0.00     -19.53      -0.79
       121      28.44       3.77      20.83       0.00     -18.17      -0.79
       510      25.48       6.18      17.09       0.00     -14.57      -0.79
       548      25.29       6.15      17.03       0.00     -14.57      -0.79
       940      26.58       3.48      17.11       0.00      -1.10      -0.77
      1408      27.04       3.49      17.62       0.00      -1.26      -0.77
      1755      26.89       3.49      17.54       0.00      -1.05      -0.77
      2007      26.76       3.49      17.55       0.00      -1.05      -0.77
      2123      26.68       3.49      17.55       0.00      -1.05      -0.77
      2159      26.76       3.49      17.62       0.00      -1.04      -0.77
      2632      27.10       2.00      21.32       0.00      -4.21      -0.77
      2797      28.15       2.00      20.95       0.00      -2.66      -0.77
      2867      30.20       2.00      20.79       0.00      -0.39      -0.77
--------------------------------------------------------------------------------
Best docking solution after GA:
      3000      30.20       2.00      20.79       0.00      -0.39      -0.77

#ops:       3000 #mutates:   1503 #cross:     1497 #dups:       589 
#niche:     1321 #errors:     659 
--------------------------------------------------------------------------------

Doing AMOEBA simplex on best individual
Done simplexing #iterations 811, best score  33.87

Ligand is stored in gold_soln_ligand_prepared_m1_4.mol2


--------------------------------------------------------------------------------
--- GoldScore breakdown of terms                                             ---
--------------------------------------------------------------------------------
Fitness = S(hb_ext) + 1.3750*S(vdw_ext) + S(hb_int) + 1.0000*S(int)
S(int)  = S(vdw_int) + S(tors)

Internal terms are relative to best energy found (intcor).

--------------------------------------------------------------------------------


     Fitness  S(hb_ext) S(vdw_ext)  S(hb_int)    S(int)      intcor
     33.87       2.00      23.25       0.00      -0.10      -0.77

--------------------------------------------------------------------------------
--- GoldScore analysis of protein-ligand interactions                        ---
--------------------------------------------------------------------------------

  Ligand donor   10 hydrogen   23 Protein acceptor 2527 bond energy  2.00 wt 1.00

--------------------------------------------------------------------------------

--------------------------------------------------------------------------------
--- Rescoring solution                                                       ---
--------------------------------------------------------------------------------

     Score     S(PLP)   S(hbond)     S(cho)   S(metal)  DE(clash)   DE(tors)
     16.02     -13.17       1.00       0.00       0.00       0.00       0.08

Doing AMOEBA simplex on best individual
Done simplexing #iterations 1201, best score  31.31

     Score     S(PLP)   S(hbond)     S(cho)   S(metal)  DE(clash)   DE(tors)
     31.31     -31.26       0.98       0.00       0.00       0.00       1.44

--------------------------------------------------------------------------------
--- CHEMPLP breakdown of terms                                               ---
--------------------------------------------------------------------------------
CHEMPLP = - ( 1.0000*S(PLP) + -3.0000*S(hbond) + -6.0000*S(metal) + -3.0000*S(cho) )

Score = CHEMPLP - 1.0000*DE(clash) - 2.0000*DE(tors)


--------------------------------------------------------------------------------


--------------------------------------------------------------------------------
--- PLP analysis of protein-ligand interactions                              ---
--------------------------------------------------------------------------------
hydrogen bonding        :      -3.90
metal                   :       0.00
buried (polar-nonpolar) :      -2.58
nonpolar                :     -28.31
repulsive               :       2.32
--------------------------------------------------------------------------------


--------------------------------------------------------------------------------
--- ChemScore analysis of protein-ligand interactions                        ---
--------------------------------------------------------------------------------

* Hydrogen bonds                                                                
Ligand donor   10 hydrogen   23 Protein acceptor 2527 bond energy  1.00 wt 0.98


* CH..O interactions                                                            
  CH group selection                       : activated ring CH (adjacent to hetatom)

--------------------------------------------------------------------------------


--------------------------------------------------------------------------------
--- Intra-ligand clashes                                                     ---
--------------------------------------------------------------------------------

Ligand
--------------------------------------------------------------------------------


--------------------------------------------------------------------------------
--- Chromosome decoded                                                       ---
--------------------------------------------------------------------------------
Ligand Torsions
[   6    2    1    3]  -58.01
[  12    5    1    2]  176.80
Protein Torsions
[3557 3548 3547 3545]  -65.83 
[3477 3468 3467 3465] -153.09 
[3738 3729 3728 3726]  -81.65 
[3042 3035 3033 3030] -138.10 
[4996 4987 4986 4984]  -54.14 
[2507 2496 2495 2494]   88.32 
[1848 1843 1842 1839]  -84.51 
[3090 3083 3082 3080]  -72.14 
[ 557  552  551  548]  163.68 
Mapping
Ligand acceptors to protein hydrogens (mapping then atom ids)
Ligand hydrogens to protein acceptors (mapping then atom ids)
  2  40 [ 23->2527]
Ligand shape atoms to protein points (mapping then atom ids & coords)
  4 12434 [ 12->( 27.250  10.000  -5.750)]
  5 10675 [ 13->( 23.750  11.250  -1.000)]
  6 10904 [ 14->( 24.250  11.250  -0.500)]
  7 10809 [ 16->( 24.000  11.500  -2.000)]
Chromosome values
Integers:
  -1   -1   -1   -1   39   -1   -1   -1 12433 10674 10903 10808 
--------------------------------------------------------------------------------


--------------------------------------------------------------------------------
--- Diverse Solutions Stats                                                  ---
--------------------------------------------------------------------------------
  Move attempts                            :  17244
  Move failures                            :      0
  Failure rate                             :   0.000

--------------------------------------------------------------------------------

Current Ranking  4  2  3  1

--------------------------------------------------------------------------------

* GA execution time :                                                           
  total  1.0173 user  0.9522 sys  0.0651

--------------------------------------------------------------------------------
Fitness function evaluations: 54302

--------------------------------------------------------------------------------
** Docking run number  5 **
--------------------------------------------------------------------------------
  Rank fitness base is 5000.00 ; increment is 11.2233

* Initialising population(s) ...                                                
Number of constraints mappings 0
Number of constraints 0
  Population no.                           :      1
  Population size                          :    100
  Number of duplicates                     :      0
  Number of niche violations               :      0
  Number of errors                         :  35342


Doing GA, no. of population(s) 1 size 100 selection pressure 1.100000

 Operation      Fitness  S(hb_ext) S(vdw_ext)  S(hb_int)    S(int)      intcor
         0      31.62       6.18      18.71       0.00      -1.44      -0.77
       276      28.67       6.05      16.71       0.00      -1.44      -0.77
       327      28.75       6.00      16.81       0.00      -1.50      -0.77
       411      28.40       5.82      16.61       0.00      -1.01      -0.77
Reordering...
       540      27.12       6.30      16.18       0.00      -4.82      -0.77
       826      27.26       3.58      17.48       0.00      -0.99      -0.77
       951      27.14       3.52      17.46       0.00      -0.99      -0.77
Reordering...
      1260      26.01       3.24      17.47       0.00      -2.54      -0.77
Reordering...
      1320      25.97       3.24      16.90       0.00      -0.99      -0.77
Reordering...
      1350      25.72       3.17      17.37       0.00      -2.54      -0.77
      1438      25.99       2.00      17.91       0.00      -1.16      -0.77
      1604      25.34       6.00      14.83       0.00      -1.69      -0.77
Reordering...
      1680      25.28       6.00      14.50       0.00      -0.99      -0.77
      1683      25.40       5.93      14.48       0.00      -0.67      -0.77
      1711      25.85       5.31      15.27       0.00      -0.67      -0.77
      2140      26.31       4.22      17.08       0.00      -1.52      -0.77
      2989      26.51       4.54      17.09       0.00      -1.53      -0.76
--------------------------------------------------------------------------------
Best docking solution after GA:
      3000      26.51       4.54      17.09       0.00      -1.53      -0.76

#ops:       3000 #mutates:   1502 #cross:     1498 #dups:       500 
#niche:     1322 #errors:     641 
--------------------------------------------------------------------------------

Doing AMOEBA simplex on best individual
Done simplexing #iterations 787, best score  28.59

Ligand is stored in gold_soln_ligand_prepared_m1_5.mol2


--------------------------------------------------------------------------------
--- GoldScore breakdown of terms                                             ---
--------------------------------------------------------------------------------
Fitness = S(hb_ext) + 1.3750*S(vdw_ext) + S(hb_int) + 1.0000*S(int)
S(int)  = S(vdw_int) + S(tors)

Internal terms are relative to best energy found (intcor).

--------------------------------------------------------------------------------


     Fitness  S(hb_ext) S(vdw_ext)  S(hb_int)    S(int)      intcor
     28.59       4.94      18.11       0.00      -1.25      -0.76

--------------------------------------------------------------------------------
--- GoldScore analysis of protein-ligand interactions                        ---
--------------------------------------------------------------------------------

  Ligand acceptor   17 Protein hydrogen 2551 donor 2545 bond energy  2.00 wt 0.45
  Ligand acceptor   11 Protein hydrogen  554 donor  547 bond energy  2.00 wt 0.70
  Ligand acceptor   11 Protein hydrogen  557 donor  552 bond energy  2.00 wt 0.43
  Ligand donor    8 hydrogen   22 Protein acceptor 2546 bond energy  2.00 wt 0.89

--------------------------------------------------------------------------------

--------------------------------------------------------------------------------
--- Rescoring solution                                                       ---
--------------------------------------------------------------------------------

     Score     S(PLP)   S(hbond)     S(cho)   S(metal)  DE(clash)   DE(tors)
      7.10      -7.71       0.37       0.00       0.00       0.77       0.48

Doing AMOEBA simplex on best individual
Done simplexing #iterations 882, best score  29.25

     Score     S(PLP)   S(hbond)     S(cho)   S(metal)  DE(clash)   DE(tors)
     29.25     -24.52       2.12       0.00       0.00       1.03       0.30

--------------------------------------------------------------------------------
--- CHEMPLP breakdown of terms                                               ---
--------------------------------------------------------------------------------
CHEMPLP = - ( 1.0000*S(PLP) + -3.0000*S(hbond) + -6.0000*S(metal) + -3.0000*S(cho) )

Score = CHEMPLP - 1.0000*DE(clash) - 2.0000*DE(tors)


--------------------------------------------------------------------------------


--------------------------------------------------------------------------------
--- PLP analysis of protein-ligand interactions                              ---
--------------------------------------------------------------------------------
hydrogen bonding        :      -3.00
metal                   :       0.00
buried (polar-nonpolar) :      -4.34
nonpolar                :     -18.16
repulsive               :       0.41
--------------------------------------------------------------------------------


--------------------------------------------------------------------------------
--- ChemScore analysis of protein-ligand interactions                        ---
--------------------------------------------------------------------------------

* Hydrogen bonds                                                                
Ligand donor    8 hydrogen   22 Protein acceptor 2756 bond energy  1.00 wt 0.24
Protein donor  547 hydrogen  554 Ligand acceptor   11 bond energy  1.00 wt 1.00
Protein donor  552 hydrogen  557 Ligand acceptor   11 bond energy  1.00 wt 0.88


* CH..O interactions                                                            
  CH group selection                       : activated ring CH (adjacent to hetatom)

--------------------------------------------------------------------------------


--------------------------------------------------------------------------------
--- Intra-ligand clashes                                                     ---
--------------------------------------------------------------------------------

Ligand
  7 (C7   ) -   4 (C4   ):   1.03 (dist   2.72)
--------------------------------------------------------------------------------


--------------------------------------------------------------------------------
--- Chromosome decoded                                                       ---
--------------------------------------------------------------------------------
Ligand Torsions
[   6    2    1    3]   75.31
[  12    5    1    2] -172.64
Protein Torsions
[3557 3548 3547 3545]  -11.98 
[3477 3468 3467 3465]  156.43 
[3738 3729 3728 3726] -103.14 
[3042 3035 3033 3030]  -16.19 
[4996 4987 4986 4984]  -58.50 
[2507 2496 2495 2494]   82.92 
[1848 1843 1842 1839]   29.74 
[3090 3083 3082 3080]  155.62 
[ 557  552  551  548]  -94.40 
Mapping
Ligand acceptors to protein hydrogens (mapping then atom ids)
Ligand hydrogens to protein acceptors (mapping then atom ids)
  1  55 [ 22->2546]
Ligand shape atoms to protein points (mapping then atom ids & coords)
  3  8700 [  7->( 21.250  11.500   0.750)]
  6  9643 [ 14->( 22.250  12.250   0.000)]
  7  9503 [ 16->( 22.000  13.250   0.750)]
Chromosome values
Integers:
  -1   -1   -1   54   -1   -1   -1 8699   -1   -1 9642 9502 
--------------------------------------------------------------------------------


--------------------------------------------------------------------------------
--- Diverse Solutions Stats                                                  ---
--------------------------------------------------------------------------------
  Move attempts                            :  16854
  Move failures                            :      0
  Failure rate                             :   0.000

--------------------------------------------------------------------------------

Current Ranking  4  2  3  5  1

--------------------------------------------------------------------------------

* GA execution time :                                                           
  total  1.0788 user  1.0355 sys  0.0433

--------------------------------------------------------------------------------
Fitness function evaluations: 52860

--------------------------------------------------------------------------------
** Docking run number  6 **
--------------------------------------------------------------------------------
  Rank fitness base is 5000.00 ; increment is 11.2233

* Initialising population(s) ...                                                
Number of constraints mappings 0
Number of constraints 0
  Population no.                           :      1
  Population size                          :    100
  Number of duplicates                     :      0
  Number of niche violations               :      0
  Number of errors                         :  37800


Doing GA, no. of population(s) 1 size 100 selection pressure 1.100000

 Operation      Fitness  S(hb_ext) S(vdw_ext)  S(hb_int)    S(int)      intcor
         0      25.07       3.72      15.78       0.00      -1.73      -0.76
       157      33.31       6.82      19.42       0.00      -1.00      -0.76
Reordering...
      1080      28.71       4.98      17.57       0.00      -1.00      -0.76
      1198      28.42       4.96      17.26       0.00      -0.57      -0.76
Reordering...
      1710      25.07       4.34      15.46       0.00      -0.78      -0.76
Reordering...
      1980      23.78       2.56      15.65       0.00      -0.36      -0.76
      2093      23.74       2.52      15.57       0.00      -0.21      -0.76
      2256      24.35       5.76      13.67       0.00      -0.21      -0.76
      2498      24.38       3.24      15.53       0.00      -0.21      -0.76
      2762      26.21       6.38      16.01       0.00      -2.17      -0.76
--------------------------------------------------------------------------------
Best docking solution after GA:
      3000      26.21       6.38      16.01       0.00      -2.17      -0.76

#ops:       3000 #mutates:   1473 #cross:     1527 #dups:       620 
#niche:     1330 #errors:     577 
--------------------------------------------------------------------------------

Doing AMOEBA simplex on best individual
Done simplexing #iterations 780, best score  27.85

Ligand is stored in gold_soln_ligand_prepared_m1_6.mol2


--------------------------------------------------------------------------------
--- GoldScore breakdown of terms                                             ---
--------------------------------------------------------------------------------
Fitness = S(hb_ext) + 1.3750*S(vdw_ext) + S(hb_int) + 1.0000*S(int)
S(int)  = S(vdw_int) + S(tors)

Internal terms are relative to best energy found (intcor).

--------------------------------------------------------------------------------


     Fitness  S(hb_ext) S(vdw_ext)  S(hb_int)    S(int)      intcor
     27.85       7.85      15.93       0.00      -1.91      -0.76

--------------------------------------------------------------------------------
--- GoldScore analysis of protein-ligand interactions                        ---
--------------------------------------------------------------------------------

  Ligand acceptor    9 Protein hydrogen 2508 donor 2496 bond energy  6.00 wt 1.00
  Ligand acceptor   11 Protein hydrogen  554 donor  547 bond energy  2.00 wt 0.93

--------------------------------------------------------------------------------

--------------------------------------------------------------------------------
--- Rescoring solution                                                       ---
--------------------------------------------------------------------------------

     Score     S(PLP)   S(hbond)     S(cho)   S(metal)  DE(clash)   DE(tors)
     13.45     -13.91       0.60       0.00       0.00       1.55       0.36

Doing AMOEBA simplex on best individual
Done simplexing #iterations 775, best score  29.45

     Score     S(PLP)   S(hbond)     S(cho)   S(metal)  DE(clash)   DE(tors)
     29.45     -25.55       1.99       0.00       0.00       2.05       0.01

--------------------------------------------------------------------------------
--- CHEMPLP breakdown of terms                                               ---
--------------------------------------------------------------------------------
CHEMPLP = - ( 1.0000*S(PLP) + -3.0000*S(hbond) + -6.0000*S(metal) + -3.0000*S(cho) )

Score = CHEMPLP - 1.0000*DE(clash) - 2.0000*DE(tors)


--------------------------------------------------------------------------------


--------------------------------------------------------------------------------
--- PLP analysis of protein-ligand interactions                              ---
--------------------------------------------------------------------------------
hydrogen bonding        :      -3.00
metal                   :       0.00
buried (polar-nonpolar) :      -4.77
nonpolar                :     -19.41
repulsive               :       0.30
--------------------------------------------------------------------------------


--------------------------------------------------------------------------------
--- ChemScore analysis of protein-ligand interactions                        ---
--------------------------------------------------------------------------------

* Hydrogen bonds                                                                
Protein donor 2496 hydrogen 2508 Ligand acceptor    9 bond energy  1.00 wt 0.99
Protein donor  547 hydrogen  554 Ligand acceptor   11 bond energy  1.00 wt 1.00


* CH..O interactions                                                            
  CH group selection                       : activated ring CH (adjacent to hetatom)

--------------------------------------------------------------------------------


--------------------------------------------------------------------------------
--- Intra-ligand clashes                                                     ---
--------------------------------------------------------------------------------

Ligand
  6 (C6   ) -   3 (C3   ):   2.05 (dist   2.69)
--------------------------------------------------------------------------------


--------------------------------------------------------------------------------
--- Chromosome decoded                                                       ---
--------------------------------------------------------------------------------
Ligand Torsions
[   6    2    1    3]  -13.33
[  12    5    1    2]  178.73
Protein Torsions
[3557 3548 3547 3545]   17.50 
[3477 3468 3467 3465]  174.86 
[3738 3729 3728 3726]   65.01 
[3042 3035 3033 3030]    8.57 
[4996 4987 4986 4984]  -62.52 
[2507 2496 2495 2494]   45.26 
[1848 1843 1842 1839]  105.61 
[3090 3083 3082 3080]    4.45 
[ 557  552  551  548]   31.00 
Mapping
Ligand acceptors to protein hydrogens (mapping then atom ids)
  1  30 [  9->2508]
  2  49 [ 11-> 554]
Ligand hydrogens to protein acceptors (mapping then atom ids)
Ligand shape atoms to protein points (mapping then atom ids & coords)
  3  8524 [  7->( 21.000  11.750   2.750)]
Chromosome values
Integers:
  29   48   -1   -1   -1   -1   -1 8523   -1   -1   -1   -1 
--------------------------------------------------------------------------------


--------------------------------------------------------------------------------
--- Diverse Solutions Stats                                                  ---
--------------------------------------------------------------------------------
  Move attempts                            :  16769
  Move failures                            :      0
  Failure rate                             :   0.000

--------------------------------------------------------------------------------

Current Ranking  4  2  3  5  1  6

--------------------------------------------------------------------------------

* GA execution time :                                                           
  total  1.0096 user  0.9790 sys  0.0306

--------------------------------------------------------------------------------
Fitness function evaluations: 55167

--------------------------------------------------------------------------------
** Docking run number  7 **
--------------------------------------------------------------------------------
  Rank fitness base is 5000.00 ; increment is 11.2233

* Initialising population(s) ...                                                
Number of constraints mappings 0
Number of constraints 0
  Population no.                           :      1
  Population size                          :    100
  Number of duplicates                     :      0
  Number of niche violations               :      0
  Number of errors                         :  35565


Doing GA, no. of population(s) 1 size 100 selection pressure 1.100000

 Operation      Fitness  S(hb_ext) S(vdw_ext)  S(hb_int)    S(int)      intcor
         0      25.88       3.66      16.70       0.00      -3.71      -0.76
         5      25.91       4.32      17.15       0.00      -9.93      -0.76
        29      26.55       4.32      17.61       0.00      -9.93      -0.76
       105      30.48       4.76      20.25       0.00      -9.93      -0.76
       231      30.14       4.68      20.20       0.00      -9.93      -0.76
       468      27.82       4.59      18.71       0.00      -9.04      -0.76
Reordering...
       630      26.64       3.82      17.72       0.00      -4.94      -0.76
       801      26.69       3.70      17.98       0.00      -4.94      -0.76
       840      26.76       3.68      17.94       0.00      -4.35      -0.76
      1663      26.49       3.45      17.65       0.00      -1.89      -0.76
      2573      25.66       7.48      13.57       0.00      -0.48      -0.76
      2650      25.69       3.21      17.73       0.00      -1.89      -0.76
--------------------------------------------------------------------------------
Best docking solution after GA:
      3000      25.69       3.21      17.73       0.00      -1.89      -0.76

#ops:       3000 #mutates:   1515 #cross:     1485 #dups:       529 
#niche:     1368 #errors:     512 
--------------------------------------------------------------------------------

Doing AMOEBA simplex on best individual
Done simplexing #iterations 812, best score  28.55

Ligand is stored in gold_soln_ligand_prepared_m1_7.mol2


--------------------------------------------------------------------------------
--- GoldScore breakdown of terms                                             ---
--------------------------------------------------------------------------------
Fitness = S(hb_ext) + 1.3750*S(vdw_ext) + S(hb_int) + 1.0000*S(int)
S(int)  = S(vdw_int) + S(tors)

Internal terms are relative to best energy found (intcor).

--------------------------------------------------------------------------------


     Fitness  S(hb_ext) S(vdw_ext)  S(hb_int)    S(int)      intcor
     28.55       4.59      18.76       0.00      -1.84      -0.76

--------------------------------------------------------------------------------
--- GoldScore analysis of protein-ligand interactions                        ---
--------------------------------------------------------------------------------

  Ligand donor   10 hydrogen   23 Protein acceptor 2464 bond energy  6.00 wt 0.77

--------------------------------------------------------------------------------

--------------------------------------------------------------------------------
--- Rescoring solution                                                       ---
--------------------------------------------------------------------------------

     Score     S(PLP)   S(hbond)     S(cho)   S(metal)  DE(clash)   DE(tors)
     12.87     -14.38       0.00       0.00       0.00       1.07       0.22

Doing AMOEBA simplex on best individual
Done simplexing #iterations 1037, best score  16.81

     Score     S(PLP)   S(hbond)     S(cho)   S(metal)  DE(clash)   DE(tors)
     16.81     -18.10       0.04       0.00       0.00       1.35       0.02

--------------------------------------------------------------------------------
--- CHEMPLP breakdown of terms                                               ---
--------------------------------------------------------------------------------
CHEMPLP = - ( 1.0000*S(PLP) + -3.0000*S(hbond) + -6.0000*S(metal) + -3.0000*S(cho) )

Score = CHEMPLP - 1.0000*DE(clash) - 2.0000*DE(tors)


--------------------------------------------------------------------------------


--------------------------------------------------------------------------------
--- PLP analysis of protein-ligand interactions                              ---
--------------------------------------------------------------------------------
hydrogen bonding        :      -1.73
metal                   :       0.00
buried (polar-nonpolar) :       4.33
nonpolar                :     -21.38
repulsive               :       0.53
--------------------------------------------------------------------------------


--------------------------------------------------------------------------------
--- ChemScore analysis of protein-ligand interactions                        ---
--------------------------------------------------------------------------------

* Hydrogen bonds                                                                
Protein donor 2496 hydrogen 2509 Ligand acceptor   17 bond energy  1.00 wt 0.04


* CH..O interactions                                                            
  CH group selection                       : activated ring CH (adjacent to hetatom)

--------------------------------------------------------------------------------


--------------------------------------------------------------------------------
--- Intra-ligand clashes                                                     ---
--------------------------------------------------------------------------------

Ligand
  7 (C7   ) -   3 (C3   ):   1.35 (dist   2.71)
--------------------------------------------------------------------------------


--------------------------------------------------------------------------------
--- Chromosome decoded                                                       ---
--------------------------------------------------------------------------------
Ligand Torsions
[   6    2    1    3]  170.17
[  12    5    1    2] -178.90
Protein Torsions
[3557 3548 3547 3545]  -34.18 
[3477 3468 3467 3465]   28.68 
[3738 3729 3728 3726]   53.24 
[3042 3035 3033 3030]   27.43 
[4996 4987 4986 4984]  -36.56 
[2507 2496 2495 2494]  -19.22 
[1848 1843 1842 1839]   31.92 
[3090 3083 3082 3080] -123.98 
[ 557  552  551  548]   80.85 
Mapping
Ligand acceptors to protein hydrogens (mapping then atom ids)
Ligand hydrogens to protein acceptors (mapping then atom ids)
  2  53 [ 23->2464]
Ligand shape atoms to protein points (mapping then atom ids & coords)
  5  8569 [ 13->( 21.000  12.750   1.750)]
  6  9651 [ 14->( 22.250  12.500  -1.000)]
Chromosome values
Integers:
  -1   -1   -1   -1   52   -1   -1   -1   -1 8568 9650   -1 
--------------------------------------------------------------------------------


--------------------------------------------------------------------------------
--- Diverse Solutions Stats                                                  ---
--------------------------------------------------------------------------------
  Move attempts                            :  17238
  Move failures                            :      0
  Failure rate                             :   0.000

--------------------------------------------------------------------------------

Current Ranking  4  2  3  5  7  1  6

--------------------------------------------------------------------------------

* GA execution time :                                                           
  total  1.0245 user  0.9466 sys  0.0779

--------------------------------------------------------------------------------
Fitness function evaluations: 53334

--------------------------------------------------------------------------------
** Docking run number  8 **
--------------------------------------------------------------------------------
  Rank fitness base is 5000.00 ; increment is 11.2233

* Initialising population(s) ...                                                
Number of constraints mappings 0
Number of constraints 0
  Population no.                           :      1
  Population size                          :    100
  Number of duplicates                     :      0
  Number of niche violations               :      0
  Number of errors                         :  36073


Doing GA, no. of population(s) 1 size 100 selection pressure 1.100000

 Operation      Fitness  S(hb_ext) S(vdw_ext)  S(hb_int)    S(int)      intcor
         0      28.42       4.63      17.38       0.00      -0.54      -0.76
        69      28.42       0.00      21.16       0.00      -3.19      -0.76
       170      26.94       6.32      15.08       0.00      -0.54      -0.76
Reordering...
       180      25.20       0.00      18.85       0.00      -3.19      -0.76
       231      26.86       4.67      18.65       0.00     -14.85      -0.76
       284      26.11       4.65      18.24       0.00     -14.85      -0.76
       331      25.96       4.65      18.24       0.00     -14.85      -0.76
Reordering...
       450      24.42       7.06      13.03       0.00      -2.03      -0.76
       479      26.21       3.08      17.09       0.00      -1.35      -0.76
       531      26.89       2.03      18.14       0.00      -0.28      -0.76
       975      26.28       0.09      20.56       0.00      -5.26      -0.76
      1025      27.64       1.86      18.83       0.00      -0.28      -0.76
      1114      28.30       2.97      18.51       0.00      -0.28      -0.76
      1134      28.31       2.97      18.52       0.00      -0.28      -0.76
      1505      27.18       2.90      17.78       0.00      -0.28      -0.76
      1706      26.88       5.52      16.65       0.00      -2.30      -0.76
      1752      26.85       5.92      16.67       0.00      -2.87      -0.76
      1988      26.83       5.21      17.11       0.00      -2.30      -0.76
      2631      26.88       4.96      17.62       0.00      -2.30      -0.76
--------------------------------------------------------------------------------
Best docking solution after GA:
      3000      26.88       4.96      17.62       0.00      -2.30      -0.76

#ops:       3000 #mutates:   1528 #cross:     1472 #dups:       518 
#niche:     1606 #errors:     459 
--------------------------------------------------------------------------------

Doing AMOEBA simplex on best individual
Done simplexing #iterations 659, best score  28.50

Ligand is stored in gold_soln_ligand_prepared_m1_8.mol2


--------------------------------------------------------------------------------
--- GoldScore breakdown of terms                                             ---
--------------------------------------------------------------------------------
Fitness = S(hb_ext) + 1.3750*S(vdw_ext) + S(hb_int) + 1.0000*S(int)
S(int)  = S(vdw_int) + S(tors)

Internal terms are relative to best energy found (intcor).

--------------------------------------------------------------------------------


     Fitness  S(hb_ext) S(vdw_ext)  S(hb_int)    S(int)      intcor
     28.50       5.68      17.59       0.00      -1.36      -0.76

--------------------------------------------------------------------------------
--- GoldScore analysis of protein-ligand interactions                        ---
--------------------------------------------------------------------------------

  Ligand acceptor   17 Protein hydrogen 2551 donor 2545 bond energy  2.00 wt 0.47
  Ligand acceptor   11 Protein hydrogen  554 donor  547 bond energy  2.00 wt 0.66
  Ligand acceptor   11 Protein hydrogen  557 donor  552 bond energy  2.00 wt 0.82
  Ligand donor    8 hydrogen   22 Protein acceptor 2546 bond energy  2.00 wt 0.89

--------------------------------------------------------------------------------

--------------------------------------------------------------------------------
--- Rescoring solution                                                       ---
--------------------------------------------------------------------------------

     Score     S(PLP)   S(hbond)     S(cho)   S(metal)  DE(clash)   DE(tors)
      4.89      -5.66       0.28       0.00       0.00       1.21       0.19

Doing AMOEBA simplex on best individual
Done simplexing #iterations 986, best score  29.73

     Score     S(PLP)   S(hbond)     S(cho)   S(metal)  DE(clash)   DE(tors)
     29.73     -24.83       2.16       0.00       0.00       1.13       0.22

--------------------------------------------------------------------------------
--- CHEMPLP breakdown of terms                                               ---
--------------------------------------------------------------------------------
CHEMPLP = - ( 1.0000*S(PLP) + -3.0000*S(hbond) + -6.0000*S(metal) + -3.0000*S(cho) )

Score = CHEMPLP - 1.0000*DE(clash) - 2.0000*DE(tors)


--------------------------------------------------------------------------------


--------------------------------------------------------------------------------
--- PLP analysis of protein-ligand interactions                              ---
--------------------------------------------------------------------------------
hydrogen bonding        :      -3.00
metal                   :       0.00
buried (polar-nonpolar) :      -5.13
nonpolar                :     -17.72
repulsive               :       0.42
--------------------------------------------------------------------------------


--------------------------------------------------------------------------------
--- ChemScore analysis of protein-ligand interactions                        ---
--------------------------------------------------------------------------------

* Hydrogen bonds                                                                
Ligand donor    8 hydrogen   22 Protein acceptor 2756 bond energy  1.00 wt 0.16
Protein donor  547 hydrogen  554 Ligand acceptor   11 bond energy  1.00 wt 1.00
Protein donor  552 hydrogen  557 Ligand acceptor   11 bond energy  1.00 wt 0.99


* CH..O interactions                                                            
  CH group selection                       : activated ring CH (adjacent to hetatom)

--------------------------------------------------------------------------------


--------------------------------------------------------------------------------
--- Intra-ligand clashes                                                     ---
--------------------------------------------------------------------------------

Ligand
  7 (C7   ) -   4 (C4   ):   1.13 (dist   2.72)
--------------------------------------------------------------------------------


--------------------------------------------------------------------------------
--- Chromosome decoded                                                       ---
--------------------------------------------------------------------------------
Ligand Torsions
[   6    2    1    3]   73.66
[  12    5    1    2] -172.37
Protein Torsions
[3557 3548 3547 3545]  104.82 
[3477 3468 3467 3465]  147.88 
[3738 3729 3728 3726]  161.90 
[3042 3035 3033 3030]  116.64 
[4996 4987 4986 4984]   14.55 
[2507 2496 2495 2494]  -58.35 
[1848 1843 1842 1839] -172.67 
[3090 3083 3082 3080] -178.18 
[ 557  552  551  548]  -80.43 
Mapping
Ligand acceptors to protein hydrogens (mapping then atom ids)
  2  49 [ 11-> 554]
Ligand hydrogens to protein acceptors (mapping then atom ids)
  1  55 [ 22->2546]
Ligand shape atoms to protein points (mapping then atom ids & coords)
  6  9614 [ 14->( 22.250  11.750  -1.250)]
  7  9676 [ 16->( 22.250  13.000  -0.250)]
Chromosome values
Integers:
  -1   48   -1   54   -1   -1   -1   -1   -1   -1 9613 9675 
--------------------------------------------------------------------------------


--------------------------------------------------------------------------------
--- Diverse Solutions Stats                                                  ---
--------------------------------------------------------------------------------
  Move attempts                            :  16774
  Move failures                            :      0
  Failure rate                             :   0.000

--------------------------------------------------------------------------------

Current Ranking  4  2  3  5  7  8  1  6

--------------------------------------------------------------------------------

* GA execution time :                                                           
  total  1.0195 user  0.9621 sys  0.0573

--------------------------------------------------------------------------------
Fitness function evaluations: 53328

--------------------------------------------------------------------------------
** Docking run number  9 **
--------------------------------------------------------------------------------
  Rank fitness base is 5000.00 ; increment is 11.2233

* Initialising population(s) ...                                                
Number of constraints mappings 0
Number of constraints 0
  Population no.                           :      1
  Population size                          :    100
  Number of duplicates                     :      0
  Number of niche violations               :      0
  Number of errors                         :  36594


Doing GA, no. of population(s) 1 size 100 selection pressure 1.100000

 Operation      Fitness  S(hb_ext) S(vdw_ext)  S(hb_int)    S(int)      intcor
         0      25.31       4.00      15.53       0.00      -0.19      -0.76
        42      25.52       4.81      17.74       0.00     -18.08      -0.76
        83      26.08       4.81      18.28       0.00     -18.51      -0.76
       158      25.88       7.18      16.05       0.00     -15.10      -0.76
       199      27.09       7.13      14.77       0.00      -1.55      -0.76
       217      30.67       1.83      24.36       0.00     -20.01      -0.76
       460      30.54       5.28      21.63       0.00     -16.25      -0.76
       587      31.06       5.23      22.34       0.00     -16.25      -0.76
Reordering...
      1230      26.79       1.72      19.70       0.00      -4.18      -0.76
      1478      26.04       1.66      18.51       0.00      -1.88      -0.76
      1542      26.55       1.84      18.06       0.00      -0.20      -0.76
      1715      27.48       1.64      20.17       0.00      -2.77      -0.76
      1930      27.07       1.82      19.33       0.00      -1.69      -0.76
      2663      27.45       1.80      18.87       0.00      -0.30      -0.76
--------------------------------------------------------------------------------
Best docking solution after GA:
      3000      27.45       1.80      18.87       0.00      -0.30      -0.76

#ops:       3000 #mutates:   1516 #cross:     1484 #dups:       538 
#niche:     1224 #errors:     793 
--------------------------------------------------------------------------------

Doing AMOEBA simplex on best individual
Done simplexing #iterations 1046, best score  35.13

Ligand is stored in gold_soln_ligand_prepared_m1_9.mol2


--------------------------------------------------------------------------------
--- GoldScore breakdown of terms                                             ---
--------------------------------------------------------------------------------
Fitness = S(hb_ext) + 1.3750*S(vdw_ext) + S(hb_int) + 1.0000*S(int)
S(int)  = S(vdw_int) + S(tors)

Internal terms are relative to best energy found (intcor).

--------------------------------------------------------------------------------


     Fitness  S(hb_ext) S(vdw_ext)  S(hb_int)    S(int)      intcor
     35.13       2.00      24.31       0.00      -0.30      -0.76

--------------------------------------------------------------------------------
--- GoldScore analysis of protein-ligand interactions                        ---
--------------------------------------------------------------------------------

  Ligand donor   10 hydrogen   23 Protein acceptor 2527 bond energy  2.00 wt 1.00

--------------------------------------------------------------------------------

--------------------------------------------------------------------------------
--- Rescoring solution                                                       ---
--------------------------------------------------------------------------------

     Score     S(PLP)   S(hbond)     S(cho)   S(metal)  DE(clash)   DE(tors)
     11.51      -9.11       0.84       0.00       0.00       0.00       0.07

Doing AMOEBA simplex on best individual
Done simplexing #iterations 1408, best score  30.65

     Score     S(PLP)   S(hbond)     S(cho)   S(metal)  DE(clash)   DE(tors)
     30.65     -30.01       1.00       0.00       0.00       0.00       1.18

--------------------------------------------------------------------------------
--- CHEMPLP breakdown of terms                                               ---
--------------------------------------------------------------------------------
CHEMPLP = - ( 1.0000*S(PLP) + -3.0000*S(hbond) + -6.0000*S(metal) + -3.0000*S(cho) )

Score = CHEMPLP - 1.0000*DE(clash) - 2.0000*DE(tors)


--------------------------------------------------------------------------------


--------------------------------------------------------------------------------
--- PLP analysis of protein-ligand interactions                              ---
--------------------------------------------------------------------------------
hydrogen bonding        :      -3.79
metal                   :       0.00
buried (polar-nonpolar) :      -2.18
nonpolar                :     -26.88
repulsive               :       1.54
--------------------------------------------------------------------------------


--------------------------------------------------------------------------------
--- ChemScore analysis of protein-ligand interactions                        ---
--------------------------------------------------------------------------------

* Hydrogen bonds                                                                
Ligand donor   10 hydrogen   23 Protein acceptor 2527 bond energy  1.00 wt 1.00


* CH..O interactions                                                            
  CH group selection                       : activated ring CH (adjacent to hetatom)

--------------------------------------------------------------------------------


--------------------------------------------------------------------------------
--- Intra-ligand clashes                                                     ---
--------------------------------------------------------------------------------

Ligand
--------------------------------------------------------------------------------


--------------------------------------------------------------------------------
--- Chromosome decoded                                                       ---
--------------------------------------------------------------------------------
Ligand Torsions
[   6    2    1    3]  -52.46
[  12    5    1    2]  171.38
Protein Torsions
[3557 3548 3547 3545] -126.81 
[3477 3468 3467 3465]  -64.79 
[3738 3729 3728 3726]  -48.43 
[3042 3035 3033 3030]  164.51 
[4996 4987 4986 4984]  147.35 
[2507 2496 2495 2494]   80.06 
[1848 1843 1842 1839]  162.50 
[3090 3083 3082 3080]   56.57 
[ 557  552  551  548] -144.74 
Mapping
Ligand acceptors to protein hydrogens (mapping then atom ids)
Ligand hydrogens to protein acceptors (mapping then atom ids)
  2  40 [ 23->2527]
Ligand shape atoms to protein points (mapping then atom ids & coords)
  1 11669 [  5->( 26.250   9.250  -4.500)]
  2 11293 [  6->( 25.500   9.500  -0.500)]
Chromosome values
Integers:
  -1   -1   -1   -1   39 11668 11292   -1   -1   -1   -1   -1 
--------------------------------------------------------------------------------


--------------------------------------------------------------------------------
--- Diverse Solutions Stats                                                  ---
--------------------------------------------------------------------------------
  Move attempts                            :  17617
  Move failures                            :     18
  Failure rate                             :   0.001

--------------------------------------------------------------------------------

Current Ranking  9  4  2  3  5  7  8  1  6

--------------------------------------------------------------------------------

* GA execution time :                                                           
  total  1.0694 user  1.0354 sys  0.0341

--------------------------------------------------------------------------------
Fitness function evaluations: 55009

--------------------------------------------------------------------------------
** Docking run number 10 **
--------------------------------------------------------------------------------
  Rank fitness base is 5000.00 ; increment is 11.2233

* Initialising population(s) ...                                                
Number of constraints mappings 0
Number of constraints 0
  Population no.                           :      1
  Population size                          :    100
  Number of duplicates                     :      0
  Number of niche violations               :      0
  Number of errors                         :  36864


Doing GA, no. of population(s) 1 size 100 selection pressure 1.100000

 Operation      Fitness  S(hb_ext) S(vdw_ext)  S(hb_int)    S(int)      intcor
         0      26.90       7.27      17.27       0.00     -20.61      -0.76
       165      27.66       5.52      19.28       0.00     -19.65      -0.76
       539      24.41       5.68      16.27       0.00     -12.63      -0.76
       623      25.25       7.80      17.08       0.00     -19.65      -0.76
       631      25.15       3.43      16.15       0.00      -1.58      -0.76
       632      27.27       5.27      16.84       0.00      -3.67      -0.76
       710      28.44       7.85      15.85       0.00      -3.67      -0.76
       797      29.12       7.79      16.86       0.00      -5.29      -0.76
Reordering...
      1080      24.54       2.45      16.56       0.00      -1.58      -0.76
      1774      25.19       5.72      20.10       0.00     -11.51      -0.76
      1793      25.22       5.71      20.12       0.00     -11.49      -0.76
      2288      21.96       5.43      20.12       0.00     -11.14      -0.76
      2555      22.27       5.75      20.11       0.00     -11.14      -0.76
--------------------------------------------------------------------------------
Best docking solution after GA:
      3000      22.27       5.75      20.11       0.00     -11.14      -0.76

#ops:       3000 #mutates:   1478 #cross:     1522 #dups:       650 
#niche:     1392 #errors:     766 
--------------------------------------------------------------------------------

Doing AMOEBA simplex on best individual
Done simplexing #iterations 1080, best score  36.48

Ligand is stored in gold_soln_ligand_prepared_m1_10.mol2


--------------------------------------------------------------------------------
--- GoldScore breakdown of terms                                             ---
--------------------------------------------------------------------------------
Fitness = S(hb_ext) + 1.3750*S(vdw_ext) + S(hb_int) + 1.0000*S(int)
S(int)  = S(vdw_int) + S(tors)

Internal terms are relative to best energy found (intcor).

--------------------------------------------------------------------------------


     Fitness  S(hb_ext) S(vdw_ext)  S(hb_int)    S(int)      intcor
     36.48       8.10      23.07       0.00      -3.34      -0.76

--------------------------------------------------------------------------------
--- GoldScore analysis of protein-ligand interactions                        ---
--------------------------------------------------------------------------------

  Ligand acceptor   17 Protein hydrogen 2507 donor 2496 bond energy  6.00 wt 0.65
  Ligand acceptor    9 Protein hydrogen  554 donor  547 bond energy  2.00 wt 0.34
  Ligand donor   10 hydrogen   23 Protein acceptor 2464 bond energy  6.00 wt 0.58

--------------------------------------------------------------------------------

--------------------------------------------------------------------------------
--- Rescoring solution                                                       ---
--------------------------------------------------------------------------------

     Score     S(PLP)   S(hbond)     S(cho)   S(metal)  DE(clash)   DE(tors)
     19.56     -16.09       1.83       0.00       0.00       0.51       0.76

Doing AMOEBA simplex on best individual
Done simplexing #iterations 851, best score  30.16

     Score     S(PLP)   S(hbond)     S(cho)   S(metal)  DE(clash)   DE(tors)
     30.16     -25.39       2.20       0.00       0.00       0.20       0.82

--------------------------------------------------------------------------------
--- CHEMPLP breakdown of terms                                               ---
--------------------------------------------------------------------------------
CHEMPLP = - ( 1.0000*S(PLP) + -3.0000*S(hbond) + -6.0000*S(metal) + -3.0000*S(cho) )

Score = CHEMPLP - 1.0000*DE(clash) - 2.0000*DE(tors)


--------------------------------------------------------------------------------


--------------------------------------------------------------------------------
--- PLP analysis of protein-ligand interactions                              ---
--------------------------------------------------------------------------------
hydrogen bonding        :      -3.84
metal                   :       0.00
buried (polar-nonpolar) :       1.56
nonpolar                :     -23.59
repulsive               :       0.46
--------------------------------------------------------------------------------


--------------------------------------------------------------------------------
--- ChemScore analysis of protein-ligand interactions                        ---
--------------------------------------------------------------------------------

* Hydrogen bonds                                                                
Ligand donor   10 hydrogen   23 Protein acceptor 2464 bond energy  1.00 wt 0.36
Protein donor 2496 hydrogen 2507 Ligand acceptor   17 bond energy  1.00 wt 0.90
Protein donor  547 hydrogen  554 Ligand acceptor    9 bond energy  1.00 wt 0.94


* CH..O interactions                                                            
  CH group selection                       : activated ring CH (adjacent to hetatom)

--------------------------------------------------------------------------------


--------------------------------------------------------------------------------
--- Intra-ligand clashes                                                     ---
--------------------------------------------------------------------------------

Ligand
  7 (C7   ) -   3 (C3   ):   0.20 (dist   2.74)
--------------------------------------------------------------------------------


--------------------------------------------------------------------------------
--- Chromosome decoded                                                       ---
--------------------------------------------------------------------------------
Ligand Torsions
[   6    2    1    3]  179.70
[  12    5    1    2]  170.61
Protein Torsions
[3557 3548 3547 3545]   -0.18 
[3477 3468 3467 3465]   72.03 
[3738 3729 3728 3726]  -54.78 
[3042 3035 3033 3030] -153.74 
[4996 4987 4986 4984]   20.27 
[2507 2496 2495 2494]  172.37 
[1848 1843 1842 1839] -165.20 
[3090 3083 3082 3080]  120.28 
[ 557  552  551  548]   62.87 
Mapping
Ligand acceptors to protein hydrogens (mapping then atom ids)
  1  49 [  9-> 554]
Ligand hydrogens to protein acceptors (mapping then atom ids)
  2  53 [ 23->2464]
Ligand shape atoms to protein points (mapping then atom ids & coords)
  7  8525 [ 16->( 21.000  11.750   3.000)]
Chromosome values
Integers:
  48   -1   -1   -1   52   -1   -1   -1   -1   -1   -1 8524 
--------------------------------------------------------------------------------


--------------------------------------------------------------------------------
--- Diverse Solutions Stats                                                  ---
--------------------------------------------------------------------------------
  Move attempts                            :  17301
  Move failures                            :      5
  Failure rate                             :   0.000

--------------------------------------------------------------------------------

Current Ranking 10  9  4  2  3  5  7  8  1  6

--------------------------------------------------------------------------------

* GA execution time :                                                           
  total  0.9858 user  0.9297 sys  0.0560

--------------------------------------------------------------------------------
Fitness function evaluations: 54947

--------------------------------------------------------------------------------
--- Ranking analysis                                                         ---
--------------------------------------------------------------------------------


* Final ranked order of GA solutions:                                           
  10  9  4  2  3  5  7  8  1  6 

  _______________________________
  RMSD Matrix of RANKED solutions

        2    3    4    5    6    7    8    9   10  

   1 :  8.9  9.0  6.4  5.8  4.1  2.1  4.1  8.9  3.1
   2 :       0.2  4.9  5.5  6.4  7.5  6.5  4.1  8.8
   3 :            5.0  5.7  6.6  7.7  6.7  4.2  8.9
   4 :                 2.9  4.0  5.0  4.1  4.6  6.2
   5 :                      2.3  4.2  2.3  5.5  5.3
   6 :                           2.5  0.2  6.5  4.1
   7 :                                2.5  7.8  3.4
   8 :                                     6.5  4.1
   9 :                                          8.9

  Clustering method                        : complete linkage
  Structure ids in cluster table           : rank nos.
  Ordering of clusters and their members   : by rank (order if from rms_analysis)

  Distance | Clusters
   0.21    |  1 |  2 |  3 |  4 |  5 |  6  8 |  7 |  9 | 10 |
   0.24    |  1 |  2  3 |  4 |  5 |  6  8 |  7 |  9 | 10 |
   2.15    |  1  7 |  2  3 |  4 |  5 |  6  8 |  9 | 10 |
   2.32    |  1  7 |  2  3 |  4 |  5  6  8 |  9 | 10 |
   3.35    |  1  7 10 |  2  3 |  4 |  5  6  8 |  9 |
   4.07    |  1  7 10 |  2  3 |  4  5  6  8 |  9 |
   4.18    |  1  7 10 |  2  3  9 |  4  5  6  8 |
   6.39    |  1  4  5  6  7  8 10 |  2  3  9 |
   9.02    |  1  2  3  4  5  6  7  8  9 10 |
  Finished Docking Ligand                  : /mnt/c/Users/ricca/Desktop/Documents/Rimoli/Reverse_Docking_Explore_V4/3oog/ligand_prepared.mol2
--------------------------------------------------------------------------------

  Relative_Ligand_Energy (best encountered) :  -0.759
  Relative_Ligand_Energy: fitness values have been corrected using this amount
