Warning message: 
atom no  288 in /mnt/c/Users/ricca/Desktop/Documents/Rimoli/Reverse_Docking_Explore_V4/4uh6/4uh6_clean.pdb is deduced as N.pl3 but this may be
in error (check bond types of connections)

Warning message: 
atom no  326 in /mnt/c/Users/ricca/Desktop/Documents/Rimoli/Reverse_Docking_Explore_V4/4uh6/4uh6_clean.pdb is deduced as N.pl3 but this may be
in error (check bond types of connections)

Warning message: 
atom no  675 in /mnt/c/Users/ricca/Desktop/Documents/Rimoli/Reverse_Docking_Explore_V4/4uh6/4uh6_clean.pdb is deduced as N.pl3 but this may be
in error (check bond types of connections)

Warning message: 
atom no 1275 in /mnt/c/Users/ricca/Desktop/Documents/Rimoli/Reverse_Docking_Explore_V4/4uh6/4uh6_clean.pdb is deduced as N.pl3 but this may be
in error (check bond types of connections)

Warning message: 
atom no 1484 in /mnt/c/Users/ricca/Desktop/Documents/Rimoli/Reverse_Docking_Explore_V4/4uh6/4uh6_clean.pdb is deduced as N.pl3 but this may be
in error (check bond types of connections)

Warning message: 
atom no 1858 in /mnt/c/Users/ricca/Desktop/Documents/Rimoli/Reverse_Docking_Explore_V4/4uh6/4uh6_clean.pdb is deduced as N.pl3 but this may be
in error (check bond types of connections)

Warning message: 
atom no 2291 in /mnt/c/Users/ricca/Desktop/Documents/Rimoli/Reverse_Docking_Explore_V4/4uh6/4uh6_clean.pdb is deduced as N.pl3 but this may be
in error (check bond types of connections)

Warning message: 
atom no 2564 in /mnt/c/Users/ricca/Desktop/Documents/Rimoli/Reverse_Docking_Explore_V4/4uh6/4uh6_clean.pdb is deduced as N.pl3 but this may be
in error (check bond types of connections)

Warning message: 
atom no 2878 in /mnt/c/Users/ricca/Desktop/Documents/Rimoli/Reverse_Docking_Explore_V4/4uh6/4uh6_clean.pdb is deduced as N.pl3 but this may be
in error (check bond types of connections)

Warning message: 
atom no 3273 in /mnt/c/Users/ricca/Desktop/Documents/Rimoli/Reverse_Docking_Explore_V4/4uh6/4uh6_clean.pdb is deduced as N.pl3 but this may be
in error (check bond types of connections)

Warning message: 
atom no 3334 in /mnt/c/Users/ricca/Desktop/Documents/Rimoli/Reverse_Docking_Explore_V4/4uh6/4uh6_clean.pdb is deduced as N.pl3 but this may be
in error (check bond types of connections)

Warning message: 
atom no 3420 in /mnt/c/Users/ricca/Desktop/Documents/Rimoli/Reverse_Docking_Explore_V4/4uh6/4uh6_clean.pdb is deduced as N.pl3 but this may be
in error (check bond types of connections)

Warning message: 
amide nitrogen 3454 in molecule /mnt/c/Users/ricca/Desktop/Documents/Rimoli/Reverse_Docking_Explore_V4/4uh6/4uh6_clean.pdb is not planar

Warning message: 
find_not_dummy_connected_atoms: Atom no 3459 has more than 8 connections.
GOLD cannot handle more than 8 connections per atom, so only the first 8 connections will be used.

Warning message: 
find_not_dummy_connected_atoms: Atom no 3468 has more than 8 connections.
GOLD cannot handle more than 8 connections per atom, so only the first 8 connections will be used.

Warning message: 
atom no 3704 in /mnt/c/Users/ricca/Desktop/Documents/Rimoli/Reverse_Docking_Explore_V4/4uh6/4uh6_clean.pdb is deduced as N.pl3 but this may be
in error (check bond types of connections)

Warning message: 
atom no 3746 in /mnt/c/Users/ricca/Desktop/Documents/Rimoli/Reverse_Docking_Explore_V4/4uh6/4uh6_clean.pdb is deduced as N.pl3 but this may be
in error (check bond types of connections)

Warning message: 
atom no 3890 in /mnt/c/Users/ricca/Desktop/Documents/Rimoli/Reverse_Docking_Explore_V4/4uh6/4uh6_clean.pdb is deduced as N.pl3 but this may be
in error (check bond types of connections)

Warning message: 
atom no 4211 in /mnt/c/Users/ricca/Desktop/Documents/Rimoli/Reverse_Docking_Explore_V4/4uh6/4uh6_clean.pdb is deduced as N.pl3 but this may be
in error (check bond types of connections)

Warning message: 
atom no 4330 in /mnt/c/Users/ricca/Desktop/Documents/Rimoli/Reverse_Docking_Explore_V4/4uh6/4uh6_clean.pdb is deduced as N.pl3 but this may be
in error (check bond types of connections)

Warning message: 
atom no 4460 in /mnt/c/Users/ricca/Desktop/Documents/Rimoli/Reverse_Docking_Explore_V4/4uh6/4uh6_clean.pdb is deduced as N.pl3 but this may be
in error (check bond types of connections)

Warning message: 
atom no 4491 in /mnt/c/Users/ricca/Desktop/Documents/Rimoli/Reverse_Docking_Explore_V4/4uh6/4uh6_clean.pdb is deduced as N.pl3 but this may be
in error (check bond types of connections)

Warning message: 
atom no 4688 in /mnt/c/Users/ricca/Desktop/Documents/Rimoli/Reverse_Docking_Explore_V4/4uh6/4uh6_clean.pdb is deduced as N.pl3 but this may be
in error (check bond types of connections)

Warning message: 
atom no 4774 in /mnt/c/Users/ricca/Desktop/Documents/Rimoli/Reverse_Docking_Explore_V4/4uh6/4uh6_clean.pdb is deduced as N.pl3 but this may be
in error (check bond types of connections)

Warning message: 
amide nitrogen 4874 in molecule /mnt/c/Users/ricca/Desktop/Documents/Rimoli/Reverse_Docking_Explore_V4/4uh6/4uh6_clean.pdb is not planar

Warning message: 
find_not_dummy_connected_atoms: Atom no 4879 has more than 8 connections.
GOLD cannot handle more than 8 connections per atom, so only the first 8 connections will be used.

Warning message: 
find_not_dummy_connected_atoms: Atom no 4880 has more than 8 connections.
GOLD cannot handle more than 8 connections per atom, so only the first 8 connections will be used.

Warning message: 
atom no 5110 in /mnt/c/Users/ricca/Desktop/Documents/Rimoli/Reverse_Docking_Explore_V4/4uh6/4uh6_clean.pdb is deduced as N.pl3 but this may be
in error (check bond types of connections)

Warning message: 
atom no 5303 in /mnt/c/Users/ricca/Desktop/Documents/Rimoli/Reverse_Docking_Explore_V4/4uh6/4uh6_clean.pdb is deduced as N.pl3 but this may be
in error (check bond types of connections)

Warning message: 
atom no 5488 in /mnt/c/Users/ricca/Desktop/Documents/Rimoli/Reverse_Docking_Explore_V4/4uh6/4uh6_clean.pdb is deduced as N.pl3 but this may be
in error (check bond types of connections)

Warning message: 
atom no 5526 in /mnt/c/Users/ricca/Desktop/Documents/Rimoli/Reverse_Docking_Explore_V4/4uh6/4uh6_clean.pdb is deduced as N.pl3 but this may be
in error (check bond types of connections)

Warning message: 
atom no 5578 in /mnt/c/Users/ricca/Desktop/Documents/Rimoli/Reverse_Docking_Explore_V4/4uh6/4uh6_clean.pdb is deduced as N.pl3 but this may be
in error (check bond types of connections)

Warning message: 
atom no 5898 in /mnt/c/Users/ricca/Desktop/Documents/Rimoli/Reverse_Docking_Explore_V4/4uh6/4uh6_clean.pdb is deduced as N.pl3 but this may be
in error (check bond types of connections)

Warning message: 
atom no 6170 in /mnt/c/Users/ricca/Desktop/Documents/Rimoli/Reverse_Docking_Explore_V4/4uh6/4uh6_clean.pdb is deduced as N.pl3 but this may be
in error (check bond types of connections)

Warning message: 
atom no 6232 in /mnt/c/Users/ricca/Desktop/Documents/Rimoli/Reverse_Docking_Explore_V4/4uh6/4uh6_clean.pdb is deduced as N.pl3 but this may be
in error (check bond types of connections)

Warning message: 
atom no 6462 in /mnt/c/Users/ricca/Desktop/Documents/Rimoli/Reverse_Docking_Explore_V4/4uh6/4uh6_clean.pdb is deduced as N.pl3 but this may be
in error (check bond types of connections)

Warning message: 
atom no 6496 in /mnt/c/Users/ricca/Desktop/Documents/Rimoli/Reverse_Docking_Explore_V4/4uh6/4uh6_clean.pdb is deduced as N.pl3 but this may be
in error (check bond types of connections)

Warning message: 
atom no 6552 in /mnt/c/Users/ricca/Desktop/Documents/Rimoli/Reverse_Docking_Explore_V4/4uh6/4uh6_clean.pdb is deduced as N.pl3 but this may be
in error (check bond types of connections)

Warning message: 
find_not_dummy_connected_atoms: Atom no 6692 has more than 8 connections.
GOLD cannot handle more than 8 connections per atom, so only the first 8 connections will be used.

Warning message: 
find_not_dummy_connected_atoms: Atom no 6693 has more than 8 connections.
GOLD cannot handle more than 8 connections per atom, so only the first 8 connections will be used.

Warning message: 
find_not_dummy_connected_atoms: Atom no 6694 has more than 8 connections.
GOLD cannot handle more than 8 connections per atom, so only the first 8 connections will be used.

Warning message: 
find_not_dummy_connected_atoms: Atom no 6695 has more than 8 connections.
GOLD cannot handle more than 8 connections per atom, so only the first 8 connections will be used.

Warning message: 
find_not_dummy_connected_atoms: Atom no 6696 has more than 8 connections.
GOLD cannot handle more than 8 connections per atom, so only the first 8 connections will be used.

Warning message: 
find_not_dummy_connected_atoms: Atom no 6697 has more than 8 connections.
GOLD cannot handle more than 8 connections per atom, so only the first 8 connections will be used.

Warning message: 
atom no 6702 in /mnt/c/Users/ricca/Desktop/Documents/Rimoli/Reverse_Docking_Explore_V4/4uh6/4uh6_clean.pdb is deduced as N.pl3 but this may be
in error (check bond types of connections)

Warning message: 
atom no 6704 in /mnt/c/Users/ricca/Desktop/Documents/Rimoli/Reverse_Docking_Explore_V4/4uh6/4uh6_clean.pdb is deduced as N.pl3 but this may be
in error (check bond types of connections)

Warning message: 
atom no 7097 in /mnt/c/Users/ricca/Desktop/Documents/Rimoli/Reverse_Docking_Explore_V4/4uh6/4uh6_clean.pdb is deduced as N.pl3 but this may be
in error (check bond types of connections)

Warning message: 
atom no 7149 in /mnt/c/Users/ricca/Desktop/Documents/Rimoli/Reverse_Docking_Explore_V4/4uh6/4uh6_clean.pdb is deduced as N.pl3 but this may be
in error (check bond types of connections)

Warning message: 
atom no 7191 in /mnt/c/Users/ricca/Desktop/Documents/Rimoli/Reverse_Docking_Explore_V4/4uh6/4uh6_clean.pdb is deduced as N.pl3 but this may be
in error (check bond types of connections)

Warning message: 
atom no 7381 in /mnt/c/Users/ricca/Desktop/Documents/Rimoli/Reverse_Docking_Explore_V4/4uh6/4uh6_clean.pdb is deduced as N.pl3 but this may be
in error (check bond types of connections)

Warning message: 
atom no 7824 in /mnt/c/Users/ricca/Desktop/Documents/Rimoli/Reverse_Docking_Explore_V4/4uh6/4uh6_clean.pdb is deduced as N.pl3 but this may be
in error (check bond types of connections)

Warning message: 
atom no 8007 in /mnt/c/Users/ricca/Desktop/Documents/Rimoli/Reverse_Docking_Explore_V4/4uh6/4uh6_clean.pdb is deduced as N.pl3 but this may be
in error (check bond types of connections)

Warning message: 
atom no 8297 in /mnt/c/Users/ricca/Desktop/Documents/Rimoli/Reverse_Docking_Explore_V4/4uh6/4uh6_clean.pdb is deduced as N.pl3 but this may be
in error (check bond types of connections)

Warning message: 
atom no 8531 in /mnt/c/Users/ricca/Desktop/Documents/Rimoli/Reverse_Docking_Explore_V4/4uh6/4uh6_clean.pdb is deduced as N.pl3 but this may be
in error (check bond types of connections)

Warning message: 
atom no 9051 in /mnt/c/Users/ricca/Desktop/Documents/Rimoli/Reverse_Docking_Explore_V4/4uh6/4uh6_clean.pdb is deduced as N.pl3 but this may be
in error (check bond types of connections)

Warning message: 
atom no 9481 in /mnt/c/Users/ricca/Desktop/Documents/Rimoli/Reverse_Docking_Explore_V4/4uh6/4uh6_clean.pdb is deduced as N.pl3 but this may be
in error (check bond types of connections)

Warning message: 
atom no 9621 in /mnt/c/Users/ricca/Desktop/Documents/Rimoli/Reverse_Docking_Explore_V4/4uh6/4uh6_clean.pdb is deduced as N.pl3 but this may be
in error (check bond types of connections)

Warning message: 
atom no 9959 in /mnt/c/Users/ricca/Desktop/Documents/Rimoli/Reverse_Docking_Explore_V4/4uh6/4uh6_clean.pdb is deduced as N.pl3 but this may be
in error (check bond types of connections)

Warning message: 
atom no 10295 in /mnt/c/Users/ricca/Desktop/Documents/Rimoli/Reverse_Docking_Explore_V4/4uh6/4uh6_clean.pdb is deduced as N.pl3 but this may be
in error (check bond types of connections)

Warning message: 
atom no 10403 in /mnt/c/Users/ricca/Desktop/Documents/Rimoli/Reverse_Docking_Explore_V4/4uh6/4uh6_clean.pdb is deduced as N.pl3 but this may be
in error (check bond types of connections)

Warning message: 
atom no 10593 in /mnt/c/Users/ricca/Desktop/Documents/Rimoli/Reverse_Docking_Explore_V4/4uh6/4uh6_clean.pdb is deduced as N.pl3 but this may be
in error (check bond types of connections)

Warning message: 
atom no 10855 in /mnt/c/Users/ricca/Desktop/Documents/Rimoli/Reverse_Docking_Explore_V4/4uh6/4uh6_clean.pdb is deduced as N.pl3 but this may be
in error (check bond types of connections)

Warning message: 
atom no 11134 in /mnt/c/Users/ricca/Desktop/Documents/Rimoli/Reverse_Docking_Explore_V4/4uh6/4uh6_clean.pdb is deduced as N.pl3 but this may be
in error (check bond types of connections)

Warning message: 
atom no 11168 in /mnt/c/Users/ricca/Desktop/Documents/Rimoli/Reverse_Docking_Explore_V4/4uh6/4uh6_clean.pdb is deduced as N.pl3 but this may be
in error (check bond types of connections)

Warning message: 
amide nitrogen 11185 in molecule /mnt/c/Users/ricca/Desktop/Documents/Rimoli/Reverse_Docking_Explore_V4/4uh6/4uh6_clean.pdb is not planar

Warning message: 
find_not_dummy_connected_atoms: Atom no 11190 has more than 8 connections.
GOLD cannot handle more than 8 connections per atom, so only the first 8 connections will be used.

Warning message: 
find_not_dummy_connected_atoms: Atom no 11191 has more than 8 connections.
GOLD cannot handle more than 8 connections per atom, so only the first 8 connections will be used.

Warning message: 
find_not_dummy_connected_atoms: Atom no 11302 has more than 8 connections.
GOLD cannot handle more than 8 connections per atom, so only the first 8 connections will be used.

Warning message: 
find_not_dummy_connected_atoms: Atom no 11303 has more than 8 connections.
GOLD cannot handle more than 8 connections per atom, so only the first 8 connections will be used.

Warning message: 
atom no 11458 in /mnt/c/Users/ricca/Desktop/Documents/Rimoli/Reverse_Docking_Explore_V4/4uh6/4uh6_clean.pdb is deduced as N.pl3 but this may be
in error (check bond types of connections)

Warning message: 
atom no 11553 in /mnt/c/Users/ricca/Desktop/Documents/Rimoli/Reverse_Docking_Explore_V4/4uh6/4uh6_clean.pdb is deduced as N.pl3 but this may be
in error (check bond types of connections)

Warning message: 
atom no 11903 in /mnt/c/Users/ricca/Desktop/Documents/Rimoli/Reverse_Docking_Explore_V4/4uh6/4uh6_clean.pdb is deduced as N.pl3 but this may be
in error (check bond types of connections)

Warning message: 
atom no 11983 in /mnt/c/Users/ricca/Desktop/Documents/Rimoli/Reverse_Docking_Explore_V4/4uh6/4uh6_clean.pdb is deduced as N.pl3 but this may be
in error (check bond types of connections)

Warning message: 
atom no 12408 in /mnt/c/Users/ricca/Desktop/Documents/Rimoli/Reverse_Docking_Explore_V4/4uh6/4uh6_clean.pdb is deduced as N.pl3 but this may be
in error (check bond types of connections)

Warning message: 
atom no 12441 in /mnt/c/Users/ricca/Desktop/Documents/Rimoli/Reverse_Docking_Explore_V4/4uh6/4uh6_clean.pdb is deduced as N.pl3 but this may be
in error (check bond types of connections)

Warning message: 
atom no 12575 in /mnt/c/Users/ricca/Desktop/Documents/Rimoli/Reverse_Docking_Explore_V4/4uh6/4uh6_clean.pdb is deduced as N.pl3 but this may be
in error (check bond types of connections)

Warning message: 
atom no 12923 in /mnt/c/Users/ricca/Desktop/Documents/Rimoli/Reverse_Docking_Explore_V4/4uh6/4uh6_clean.pdb is deduced as N.pl3 but this may be
in error (check bond types of connections)

Warning message: 
atom no 13045 in /mnt/c/Users/ricca/Desktop/Documents/Rimoli/Reverse_Docking_Explore_V4/4uh6/4uh6_clean.pdb is deduced as N.pl3 but this may be
in error (check bond types of connections)

Warning message: 
atom no 13083 in /mnt/c/Users/ricca/Desktop/Documents/Rimoli/Reverse_Docking_Explore_V4/4uh6/4uh6_clean.pdb is deduced as N.pl3 but this may be
in error (check bond types of connections)

Warning message: 
atom no 13142 in /mnt/c/Users/ricca/Desktop/Documents/Rimoli/Reverse_Docking_Explore_V4/4uh6/4uh6_clean.pdb is deduced as N.pl3 but this may be
in error (check bond types of connections)

Warning message: 
atom no 13215 in /mnt/c/Users/ricca/Desktop/Documents/Rimoli/Reverse_Docking_Explore_V4/4uh6/4uh6_clean.pdb is deduced as N.pl3 but this may be
in error (check bond types of connections)

Warning message: 
atom no 13420 in /mnt/c/Users/ricca/Desktop/Documents/Rimoli/Reverse_Docking_Explore_V4/4uh6/4uh6_clean.pdb is deduced as N.pl3 but this may be
in error (check bond types of connections)

Warning message: 
atom no 13422 in /mnt/c/Users/ricca/Desktop/Documents/Rimoli/Reverse_Docking_Explore_V4/4uh6/4uh6_clean.pdb is deduced as N.pl3 but this may be
in error (check bond types of connections)

Warning message: 
atom no 13427 in /mnt/c/Users/ricca/Desktop/Documents/Rimoli/Reverse_Docking_Explore_V4/4uh6/4uh6_clean.pdb is deduced as N.pl3 but this may be
in error (check bond types of connections)

Warning message: 
atom no 13431 in /mnt/c/Users/ricca/Desktop/Documents/Rimoli/Reverse_Docking_Explore_V4/4uh6/4uh6_clean.pdb is deduced as N.pl3 but this may be
in error (check bond types of connections)

Warning message: 
atom no 13439 in /mnt/c/Users/ricca/Desktop/Documents/Rimoli/Reverse_Docking_Explore_V4/4uh6/4uh6_clean.pdb is deduced as N.pl3 but this may be
in error (check bond types of connections)

Warning message: 
atom no 13440 in /mnt/c/Users/ricca/Desktop/Documents/Rimoli/Reverse_Docking_Explore_V4/4uh6/4uh6_clean.pdb is deduced as N.pl3 but this may be
in error (check bond types of connections)

Warning message: 
atom no 13444 in /mnt/c/Users/ricca/Desktop/Documents/Rimoli/Reverse_Docking_Explore_V4/4uh6/4uh6_clean.pdb is deduced as N.pl3 but this may be
in error (check bond types of connections)

Warning message: 
atom no 13448 in /mnt/c/Users/ricca/Desktop/Documents/Rimoli/Reverse_Docking_Explore_V4/4uh6/4uh6_clean.pdb is deduced as N.pl3 but this may be
in error (check bond types of connections)

Warning message: 
set_pdb_atom_types: can't deduce type of atom 3459 in /mnt/c/Users/ricca/Desktop/Documents/Rimoli/Reverse_Docking_Explore_V4/4uh6/4uh6_clean.pdb, replacing by Du

Warning message: 
set_pdb_atom_types: can't deduce type of atom 3460 in /mnt/c/Users/ricca/Desktop/Documents/Rimoli/Reverse_Docking_Explore_V4/4uh6/4uh6_clean.pdb, replacing by Du

Warning message: 
set_pdb_atom_types: can't deduce type of atom 3461 in /mnt/c/Users/ricca/Desktop/Documents/Rimoli/Reverse_Docking_Explore_V4/4uh6/4uh6_clean.pdb, replacing by Du

Warning message: 
set_pdb_atom_types: can't deduce type of atom 3462 in /mnt/c/Users/ricca/Desktop/Documents/Rimoli/Reverse_Docking_Explore_V4/4uh6/4uh6_clean.pdb, replacing by Du

Warning message: 
set_pdb_atom_types: can't deduce type of atom 3468 in /mnt/c/Users/ricca/Desktop/Documents/Rimoli/Reverse_Docking_Explore_V4/4uh6/4uh6_clean.pdb, replacing by Du

Warning message: 
set_pdb_atom_types: can't deduce type of atom 3469 in /mnt/c/Users/ricca/Desktop/Documents/Rimoli/Reverse_Docking_Explore_V4/4uh6/4uh6_clean.pdb, replacing by Du

Warning message: 
set_pdb_atom_types: can't deduce type of atom 3470 in /mnt/c/Users/ricca/Desktop/Documents/Rimoli/Reverse_Docking_Explore_V4/4uh6/4uh6_clean.pdb, replacing by Du

Warning message: 
set_pdb_atom_types: can't deduce type of atom 3471 in /mnt/c/Users/ricca/Desktop/Documents/Rimoli/Reverse_Docking_Explore_V4/4uh6/4uh6_clean.pdb, replacing by Du

Warning message: 
set_pdb_atom_types: can't deduce type of atom 4879 in /mnt/c/Users/ricca/Desktop/Documents/Rimoli/Reverse_Docking_Explore_V4/4uh6/4uh6_clean.pdb, replacing by Du

Warning message: 
set_pdb_atom_types: can't deduce type of atom 4880 in /mnt/c/Users/ricca/Desktop/Documents/Rimoli/Reverse_Docking_Explore_V4/4uh6/4uh6_clean.pdb, replacing by Du

Warning message: 
set_pdb_atom_types: can't deduce type of atom 4881 in /mnt/c/Users/ricca/Desktop/Documents/Rimoli/Reverse_Docking_Explore_V4/4uh6/4uh6_clean.pdb, replacing by Du

Warning message: 
set_pdb_atom_types: can't deduce type of atom 4882 in /mnt/c/Users/ricca/Desktop/Documents/Rimoli/Reverse_Docking_Explore_V4/4uh6/4uh6_clean.pdb, replacing by Du

Warning message: 
set_pdb_atom_types: can't deduce type of atom 6692 in /mnt/c/Users/ricca/Desktop/Documents/Rimoli/Reverse_Docking_Explore_V4/4uh6/4uh6_clean.pdb, replacing by Du

Warning message: 
set_pdb_atom_types: can't deduce type of atom 6693 in /mnt/c/Users/ricca/Desktop/Documents/Rimoli/Reverse_Docking_Explore_V4/4uh6/4uh6_clean.pdb, replacing by Du

Warning message: 
set_pdb_atom_types: can't deduce type of atom 6694 in /mnt/c/Users/ricca/Desktop/Documents/Rimoli/Reverse_Docking_Explore_V4/4uh6/4uh6_clean.pdb, replacing by Du

Warning message: 
set_pdb_atom_types: can't deduce type of atom 6695 in /mnt/c/Users/ricca/Desktop/Documents/Rimoli/Reverse_Docking_Explore_V4/4uh6/4uh6_clean.pdb, replacing by Du

Warning message: 
set_pdb_atom_types: can't deduce type of atom 6696 in /mnt/c/Users/ricca/Desktop/Documents/Rimoli/Reverse_Docking_Explore_V4/4uh6/4uh6_clean.pdb, replacing by Du

Warning message: 
set_pdb_atom_types: can't deduce type of atom 6697 in /mnt/c/Users/ricca/Desktop/Documents/Rimoli/Reverse_Docking_Explore_V4/4uh6/4uh6_clean.pdb, replacing by Du

Warning message: 
set_pdb_atom_types: can't deduce type of atom 6698 in /mnt/c/Users/ricca/Desktop/Documents/Rimoli/Reverse_Docking_Explore_V4/4uh6/4uh6_clean.pdb, replacing by Du

Warning message: 
set_pdb_atom_types: can't deduce type of atom 6699 in /mnt/c/Users/ricca/Desktop/Documents/Rimoli/Reverse_Docking_Explore_V4/4uh6/4uh6_clean.pdb, replacing by Du

Warning message: 
set_pdb_atom_types: can't deduce type of atom 6700 in /mnt/c/Users/ricca/Desktop/Documents/Rimoli/Reverse_Docking_Explore_V4/4uh6/4uh6_clean.pdb, replacing by Du

Warning message: 
set_pdb_atom_types: can't deduce type of atom 6701 in /mnt/c/Users/ricca/Desktop/Documents/Rimoli/Reverse_Docking_Explore_V4/4uh6/4uh6_clean.pdb, replacing by Du

Warning message: 
set_pdb_atom_types: can't deduce type of atom 11190 in /mnt/c/Users/ricca/Desktop/Documents/Rimoli/Reverse_Docking_Explore_V4/4uh6/4uh6_clean.pdb, replacing by Du

Warning message: 
set_pdb_atom_types: can't deduce type of atom 11191 in /mnt/c/Users/ricca/Desktop/Documents/Rimoli/Reverse_Docking_Explore_V4/4uh6/4uh6_clean.pdb, replacing by Du

Warning message: 
set_pdb_atom_types: can't deduce type of atom 11192 in /mnt/c/Users/ricca/Desktop/Documents/Rimoli/Reverse_Docking_Explore_V4/4uh6/4uh6_clean.pdb, replacing by Du

Warning message: 
set_pdb_atom_types: can't deduce type of atom 11193 in /mnt/c/Users/ricca/Desktop/Documents/Rimoli/Reverse_Docking_Explore_V4/4uh6/4uh6_clean.pdb, replacing by Du

Warning message: 
set_pdb_atom_types: can't deduce type of atom 11302 in /mnt/c/Users/ricca/Desktop/Documents/Rimoli/Reverse_Docking_Explore_V4/4uh6/4uh6_clean.pdb, replacing by Du

Warning message: 
set_pdb_atom_types: can't deduce type of atom 11303 in /mnt/c/Users/ricca/Desktop/Documents/Rimoli/Reverse_Docking_Explore_V4/4uh6/4uh6_clean.pdb, replacing by Du

Warning message: 
set_pdb_atom_types: can't deduce type of atom 11304 in /mnt/c/Users/ricca/Desktop/Documents/Rimoli/Reverse_Docking_Explore_V4/4uh6/4uh6_clean.pdb, replacing by Du

Warning message: 
set_pdb_atom_types: can't deduce type of atom 11305 in /mnt/c/Users/ricca/Desktop/Documents/Rimoli/Reverse_Docking_Explore_V4/4uh6/4uh6_clean.pdb, replacing by Du

Warning message: 
find_not_dummy_connected_atoms: Atom no 3459 has more than 8 connections.
GOLD cannot handle more than 8 connections per atom, so only the first 8 connections will be used.

Warning message: 
find_not_dummy_connected_atoms: Atom no 3468 has more than 8 connections.
GOLD cannot handle more than 8 connections per atom, so only the first 8 connections will be used.

Warning message: 
find_not_dummy_connected_atoms: Atom no 4879 has more than 8 connections.
GOLD cannot handle more than 8 connections per atom, so only the first 8 connections will be used.

Warning message: 
find_not_dummy_connected_atoms: Atom no 4880 has more than 8 connections.
GOLD cannot handle more than 8 connections per atom, so only the first 8 connections will be used.

Warning message: 
find_not_dummy_connected_atoms: Atom no 6692 has more than 8 connections.
GOLD cannot handle more than 8 connections per atom, so only the first 8 connections will be used.

Warning message: 
find_not_dummy_connected_atoms: Atom no 6693 has more than 8 connections.
GOLD cannot handle more than 8 connections per atom, so only the first 8 connections will be used.

Warning message: 
find_not_dummy_connected_atoms: Atom no 6694 has more than 8 connections.
GOLD cannot handle more than 8 connections per atom, so only the first 8 connections will be used.

Warning message: 
find_not_dummy_connected_atoms: Atom no 6695 has more than 8 connections.
GOLD cannot handle more than 8 connections per atom, so only the first 8 connections will be used.

Warning message: 
find_not_dummy_connected_atoms: Atom no 6696 has more than 8 connections.
GOLD cannot handle more than 8 connections per atom, so only the first 8 connections will be used.

Warning message: 
find_not_dummy_connected_atoms: Atom no 6697 has more than 8 connections.
GOLD cannot handle more than 8 connections per atom, so only the first 8 connections will be used.

Warning message: 
find_not_dummy_connected_atoms: Atom no 11190 has more than 8 connections.
GOLD cannot handle more than 8 connections per atom, so only the first 8 connections will be used.

Warning message: 
find_not_dummy_connected_atoms: Atom no 11191 has more than 8 connections.
GOLD cannot handle more than 8 connections per atom, so only the first 8 connections will be used.

Warning message: 
find_not_dummy_connected_atoms: Atom no 11302 has more than 8 connections.
GOLD cannot handle more than 8 connections per atom, so only the first 8 connections will be used.

Warning message: 
find_not_dummy_connected_atoms: Atom no 11303 has more than 8 connections.
GOLD cannot handle more than 8 connections per atom, so only the first 8 connections will be used.

Warning message: 
find_not_lp_connected_atoms: Atom no 3459 has more than 8 connections.
GOLD cannot handle more than 8 connections per atom, so only the first 8 connections will be used.

Warning message: 
find_not_lp_connected_atoms: Atom no 3468 has more than 8 connections.
GOLD cannot handle more than 8 connections per atom, so only the first 8 connections will be used.

Warning message: 
find_not_lp_connected_atoms: Atom no 4879 has more than 8 connections.
GOLD cannot handle more than 8 connections per atom, so only the first 8 connections will be used.

Warning message: 
find_not_lp_connected_atoms: Atom no 4880 has more than 8 connections.
GOLD cannot handle more than 8 connections per atom, so only the first 8 connections will be used.

Warning message: 
find_not_lp_connected_atoms: Atom no 6692 has more than 8 connections.
GOLD cannot handle more than 8 connections per atom, so only the first 8 connections will be used.

Warning message: 
find_not_lp_connected_atoms: Atom no 6693 has more than 8 connections.
GOLD cannot handle more than 8 connections per atom, so only the first 8 connections will be used.

Warning message: 
find_not_lp_connected_atoms: Atom no 6694 has more than 8 connections.
GOLD cannot handle more than 8 connections per atom, so only the first 8 connections will be used.

Warning message: 
find_not_lp_connected_atoms: Atom no 6695 has more than 8 connections.
GOLD cannot handle more than 8 connections per atom, so only the first 8 connections will be used.

Warning message: 
find_not_lp_connected_atoms: Atom no 6696 has more than 8 connections.
GOLD cannot handle more than 8 connections per atom, so only the first 8 connections will be used.

Warning message: 
find_not_lp_connected_atoms: Atom no 6697 has more than 8 connections.
GOLD cannot handle more than 8 connections per atom, so only the first 8 connections will be used.

Warning message: 
find_not_lp_connected_atoms: Atom no 11190 has more than 8 connections.
GOLD cannot handle more than 8 connections per atom, so only the first 8 connections will be used.

Warning message: 
find_not_lp_connected_atoms: Atom no 11191 has more than 8 connections.
GOLD cannot handle more than 8 connections per atom, so only the first 8 connections will be used.

Warning message: 
find_not_lp_connected_atoms: Atom no 11302 has more than 8 connections.
GOLD cannot handle more than 8 connections per atom, so only the first 8 connections will be used.

Warning message: 
find_not_lp_connected_atoms: Atom no 11303 has more than 8 connections.
GOLD cannot handle more than 8 connections per atom, so only the first 8 connections will be used.

Warning message: 
find_connected_atoms: Atom no 3459 has more than 8 connections.
GOLD cannot handle more than 8 connections per atom, so only the first 8 connections will be used.

Warning message: 
find_connected_atoms: Atom no 3468 has more than 8 connections.
GOLD cannot handle more than 8 connections per atom, so only the first 8 connections will be used.

Warning message: 
find_connected_atoms: Atom no 4879 has more than 8 connections.
GOLD cannot handle more than 8 connections per atom, so only the first 8 connections will be used.

Warning message: 
find_connected_atoms: Atom no 4880 has more than 8 connections.
GOLD cannot handle more than 8 connections per atom, so only the first 8 connections will be used.

Warning message: 
find_connected_atoms: Atom no 6692 has more than 8 connections.
GOLD cannot handle more than 8 connections per atom, so only the first 8 connections will be used.

Warning message: 
find_connected_atoms: Atom no 6693 has more than 8 connections.
GOLD cannot handle more than 8 connections per atom, so only the first 8 connections will be used.

Warning message: 
find_connected_atoms: Atom no 6694 has more than 8 connections.
GOLD cannot handle more than 8 connections per atom, so only the first 8 connections will be used.

Warning message: 
find_connected_atoms: Atom no 6695 has more than 8 connections.
GOLD cannot handle more than 8 connections per atom, so only the first 8 connections will be used.

Warning message: 
find_connected_atoms: Atom no 6696 has more than 8 connections.
GOLD cannot handle more than 8 connections per atom, so only the first 8 connections will be used.

Warning message: 
find_connected_atoms: Atom no 6697 has more than 8 connections.
GOLD cannot handle more than 8 connections per atom, so only the first 8 connections will be used.

Warning message: 
find_connected_atoms: Atom no 11190 has more than 8 connections.
GOLD cannot handle more than 8 connections per atom, so only the first 8 connections will be used.

Warning message: 
find_connected_atoms: Atom no 11191 has more than 8 connections.
GOLD cannot handle more than 8 connections per atom, so only the first 8 connections will be used.

Warning message: 
find_connected_atoms: Atom no 11302 has more than 8 connections.
GOLD cannot handle more than 8 connections per atom, so only the first 8 connections will be used.

Warning message: 
find_connected_atoms: Atom no 11303 has more than 8 connections.
GOLD cannot handle more than 8 connections per atom, so only the first 8 connections will be used.

