
--------------------------------------------------------------------------------
--- Ligand                                                                   ---
--------------------------------------------------------------------------------
  Ligand loaded from file                  : /mnt/c/Users/ricca/Desktop/Documents/Rimoli/Reverse_Docking_Explore_V4/4v3u/ligand_prepared.mol2
  Ligand name                              :  
  "CT1002167954                                                             "

--------------------------------------------------------------------------------
  N.plc donors                             : 
  none found

  Acidic nitrogen acceptors                : 
  none found
  Sulfur acceptors                         :
  none found


  Donor atoms                              :      2
  8   10  
  Acceptor atoms                           :      3
  9   11  17  

  Hydrogens                                :  (n = 2)
  22   23   

  Lone pairs added to molecule             :      6
  Numbering                                : from 30 to 35

--------------------------------------------------------------------------------
--- Postprocessing of typing                                                 ---
--------------------------------------------------------------------------------
  Fragment file                            : /home/hitesit/CCDC/Discovery_2022/GOLD/gold/rotatable_bond_override.mol2
  acylurea fragment                        : 2 matches
  Ligand bond 15-8  set to flip
  Ligand bond 15-10  set to flip
  Ligand bond 15-10  set to 1
  Ligand bond 15-8  set to 1
  Ligand bond 10-4  set to flip
  Ligand bond 8-3  set to flip
  thioacylthiourea fragment                : no matches
  acylthiourea fragment                    : no matches
  thioacylurea fragment                    : no matches
  diarylamine fragment >C.ar-NH-C.ar<      : no matches
  sec-amine (1) fragment                   : no matches
  sec-amine (2) fragment                   : no matches
  sec-amine (3) fragment                   : no matches
  carboxylic ester                         : no matches

* Rotatable bonds in /mnt/c/Users/ricca/D  :
  [   1    2] [   1    5] 
  No. of rotatable bonds                   :      2


* Reading torsional distributions from file:
  /home/hitesit/CCDC/Discovery_2022/GOLD/gold/gold.tordist
  No. of bins in torsional distributions   :     36
  Minimum size of largest peak             :      0
  Removing high energy torsions            : on
  Delta E set to                           :   2.500

* Fragments found in /mnt/c/Users/ricca/D  :
  atom   2: benzene
  atom   6: benzene
  atom   7: benzene
  atom  13: benzene
  atom  14: benzene
  atom  16: benzene


* Checking torsion distributions:                                               
  No. of matched torsions                  :      0

--------------------------------------------------------------------------------
--- Shape fitting atoms selection (hydrophobic atoms)                        ---
--------------------------------------------------------------------------------
  Molecule                                 : /mnt/c/Users/ricca/Desktop/Documents/Rimoli/Reverse_Docking_Explore_V4/4v3u/ligand_prepared.mol2
  Selection                                : carbons only
  Atom numbers                             :  (n = 7)
  5    6    7    12   13   14   16   

--------------------------------------------------------------------------------
--- Diverse Solutions Setup                                                  ---
--------------------------------------------------------------------------------
  Cluster size                             :      2
  RMSD                                     :   2.000
  Refinement                               :      0


--------------------------------------------------------------------------------
--- ChemScore ligand setup summary                                           ---
--------------------------------------------------------------------------------
  ChemScore ligand acceptors               :      3
  9 11 17 
  ChemScore ligand donors                  :      2
  8 ( 22  ) 10 ( 23  ) 
  ChemScore ligand CH donors               :      0
  

  ChemScore ligand lipophilic atoms        :  (n = 9)
  1    2    5    6    7    12   13   14   16   

  ChemScore ligand rotatable bonds         :      2
  1   (C1 ) - 2   (C2 ): SP3_SP2_BOND
  1   (C1 ) - 5   (C5 ): SP3_SP3_BOND

--------------------------------------------------------------------------------
--- PLP ligand setup summary                                                 ---
--------------------------------------------------------------------------------
    1    C1   C.3 NONPOLAR
    2    C2  C.ar NONPOLAR
    3    C3   C.2 NONPOLAR
    4    C4   C.2 NONPOLAR
    5    C5   C.3 NONPOLAR
    6    C6  C.ar NONPOLAR
    7    C7  C.ar NONPOLAR
    8    N8  N.am DONOR
    9    O9   O.2 ACCEPTOR
   10   N10  N.am DONOR
   11   O11   O.2 ACCEPTOR
   12   C12   C.3 NONPOLAR
   13   C13  C.ar NONPOLAR
   14   C14  C.ar NONPOLAR
   15   C15   C.2 NONPOLAR
   16   C16  C.ar NONPOLAR
   17   O17   O.2 ACCEPTOR

--------------------------------------------------------------------------------
--- Automatic parameter setting                                              ---
--------------------------------------------------------------------------------
  Contribution base                        :   2500
  Contribution per rotatable bond          :   6000
  Contribution per df                      :   4000
  Contribution per water                   :  10000
  Ligand rotatable bonds                   :      2
  Protein flexible side chain bonds        :      0
  Total rotatable bonds                    :      2
  Hydrophobic vol ratio (P/L)              :   1.000
  Base multiplier (polar)                  :   1.000
  Base multiplier (apolar)                 :   1.400
  Base contribution                        : 5000.000
  Fitting points                           :      5
  Estimated maxops needed (optimal)        :  17500
  Autoscale factor (in percent)            :     10
  Scaled maxops                            :   2000

--------------------------------------------------------------------------------

* Population settings                                                           
  maxops                                   :   2000
  popsiz                                   :    100
  select_pressure                          :   1.100
  n_islands                                :      1
  niche_siz                                :      2

* GA settings                                                                   
  pt_crosswt                               :    100
  allele_mutatewt                          :    100
  migratewt                                :      0

* Search settings                                                               
  start_vdw_linear_cutoff                  :   6.000
  initial_virtual_pt_match_max             :   3.000
  Scaling of internal VDW energy           : log scale from  0.2 to    1
                                             over 1500 ops
  Sampling interval (operations)           :     20
  Scaling of virtual pt maximum length     : linear scale from    3 to    2
                                             over  1500 ops
  Sampling interval (operations)           :     60
  Scaling of 4-8 potential cutoff          : log scale from    6 to 1.2e+02
                                             over 1500 ops
  Sampling interval (operations)           :     60

--------------------------------------------------------------------------------

* Ligand initialisation time :                                                  
  total  0.0141 user  0.0053 sys  0.0088

--------------------------------------------------------------------------------

--------------------------------------------------------------------------------
** Docking run number  1 **
--------------------------------------------------------------------------------
  Rank fitness base is 5000.00 ; increment is 11.2233

* Initialising population(s) ...                                                
Number of constraints mappings 0
Number of constraints 0
  Population no.                           :      1
  Population size                          :    100
  Number of duplicates                     :      0
  Number of niche violations               :      0
  Number of errors                         :   1173


Doing GA, no. of population(s) 1 size 100 selection pressure 1.100000

 Operation      Fitness  S(hb_ext) S(vdw_ext)  S(hb_int)    S(int)      intcor
         0      22.13       1.73      15.03       0.00      -1.32      -0.77
        52      22.15       1.77      15.03       0.00      -1.32      -0.77
Reordering...
       120      17.97       1.05      12.50       0.00      -1.17      -0.77
Reordering...
       300      15.46       1.00      11.12       0.00      -3.01      -0.77
       315      18.35       0.87      13.88       0.00      -5.80      -0.77
       441      17.98       3.25      10.92       0.00      -0.89      -0.77
Reordering...
       480      16.18       0.79      12.60       0.00      -5.80      -0.77
       630      14.66       0.74      11.64       0.00      -5.35      -0.77
       701      13.96       0.71      11.28       0.00      -5.32      -0.77
       722      14.90       0.44      12.20       0.00      -5.35      -0.77
      1133      12.54       0.87       8.75       0.00      -0.53      -0.77
      1465      15.25       0.26      10.91       0.00      -0.00      -0.77
      1745      20.89       3.51      13.09       0.00      -0.62      -0.77
      1985      21.12       3.51      12.81       0.00      -0.00      -0.77
--------------------------------------------------------------------------------
Best docking solution after GA:
      2000      21.12       3.51      12.81       0.00      -0.00      -0.77

#ops:       2000 #mutates:   1008 #cross:      992 #dups:       590 
#niche:      960 #errors:      96 
--------------------------------------------------------------------------------

Doing AMOEBA simplex on best individual
AMOEBA simplex failed to converge after 2000 iterations
Done simplexing #iterations 2000, best score  33.26

Ligand is stored in gold_soln_ligand_prepared_m1_1.mol2


--------------------------------------------------------------------------------
--- GoldScore breakdown of terms                                             ---
--------------------------------------------------------------------------------
Fitness = S(hb_ext) + 1.3750*S(vdw_ext) + S(hb_int) + 1.0000*S(int)
S(int)  = S(vdw_int) + S(tors)

Internal terms are relative to best energy found (intcor).

--------------------------------------------------------------------------------


     Fitness  S(hb_ext) S(vdw_ext)  S(hb_int)    S(int)      intcor
     33.26       5.96      19.89       0.00      -0.04      -0.77

--------------------------------------------------------------------------------
--- GoldScore analysis of protein-ligand interactions                        ---
--------------------------------------------------------------------------------

  Ligand donor    8 hydrogen   22 Protein acceptor 8101 bond energy  6.00 wt 0.99

--------------------------------------------------------------------------------

--------------------------------------------------------------------------------
--- Rescoring solution                                                       ---
--------------------------------------------------------------------------------

     Score     S(PLP)   S(hbond)     S(cho)   S(metal)  DE(clash)   DE(tors)
    -19.38      19.80       0.23       0.00       0.00       0.00       0.13

Doing AMOEBA simplex on best individual
AMOEBA simplex failed to converge after 2000 iterations
Done simplexing #iterations 2000, best score  29.05

     Score     S(PLP)   S(hbond)     S(cho)   S(metal)  DE(clash)   DE(tors)
     29.05     -26.47       1.00       0.00       0.00       0.00       0.21

--------------------------------------------------------------------------------
--- CHEMPLP breakdown of terms                                               ---
--------------------------------------------------------------------------------
CHEMPLP = - ( 1.0000*S(PLP) + -3.0000*S(hbond) + -6.0000*S(metal) + -3.0000*S(cho) )

Score = CHEMPLP - 1.0000*DE(clash) - 2.0000*DE(tors)


--------------------------------------------------------------------------------


--------------------------------------------------------------------------------
--- PLP analysis of protein-ligand interactions                              ---
--------------------------------------------------------------------------------
hydrogen bonding        :      -1.70
metal                   :       0.00
buried (polar-nonpolar) :      -4.22
nonpolar                :     -20.23
repulsive               :       0.31
--------------------------------------------------------------------------------


--------------------------------------------------------------------------------
--- ChemScore analysis of protein-ligand interactions                        ---
--------------------------------------------------------------------------------

* Hydrogen bonds                                                                
Ligand donor    8 hydrogen   22 Protein acceptor 8101 bond energy  1.00 wt 1.00


* CH..O interactions                                                            
  CH group selection                       : activated ring CH (adjacent to hetatom)

--------------------------------------------------------------------------------


--------------------------------------------------------------------------------
--- Intra-ligand clashes                                                     ---
--------------------------------------------------------------------------------

Ligand
--------------------------------------------------------------------------------


--------------------------------------------------------------------------------
--- Chromosome decoded                                                       ---
--------------------------------------------------------------------------------
Ligand Torsions
[   6    2    1    3]  -63.63
[  12    5    1    2] -176.90
Protein Torsions
[6579 6563 6564 6565]   39.35 
[6671 6647 6648 6649]   64.51 
[8031 8015 8016 8017]   25.17 
[8111 8093 8094 8095]  -81.67 
[8171 8157 8158 8159]   76.18 
[8251 8229 8230 8231] -146.90 
[9566 9530 9529 9527]    8.08 
[8319 8303 8304 8305]   70.94 
[10191 10175 10176 10177] -163.12 
[7948 7929 7930 7931]  -71.95 
[7895 7879 7880 7881]   -3.51 
[7899 7884 7883 7880]    8.23 
[6811 6793 6794 6795] -156.22 
[27200 6326 6325 6324] -145.31 
[27203 6566 6565 6564] -127.00 
[27206 7882 7881 7880]  -41.96 
[27208 7932 7931 7930]   78.01 
[27211 8018 8017 8016]  160.32 
[27214 8096 8095 8094]   96.71 
[27217 8160 8159 8158]  -76.74 
[27222 10090 10089 10088]   97.52 
[27224 10178 10177 10176]    2.75 
[27229 7724 7723 7722]  117.37 
[27231 7802 7801 7800]   86.82 
Mapping
Ligand acceptors to protein hydrogens (mapping then atom ids)
  3  10 [ 17->8171]
Ligand hydrogens to protein acceptors (mapping then atom ids)
  1  11 [ 22->8101]
  2   5 [ 23->7882]
Ligand shape atoms to protein points (mapping then atom ids & coords)
Chromosome values
Integers:
  -1   -1    9   10    4   -1   -1   -1   -1   -1   -1   -1 
--------------------------------------------------------------------------------


--------------------------------------------------------------------------------
--- Diverse Solutions Stats                                                  ---
--------------------------------------------------------------------------------
  Move attempts                            :  19309
  Move failures                            :      0
  Failure rate                             :   0.000

--------------------------------------------------------------------------------

Current Ranking  1

--------------------------------------------------------------------------------

* GA execution time :                                                           
  total  0.4300 user  0.4173 sys  0.0126

--------------------------------------------------------------------------------
Fitness function evaluations: 20589

--------------------------------------------------------------------------------
** Docking run number  2 **
--------------------------------------------------------------------------------
  Rank fitness base is 5000.00 ; increment is 11.2233

* Initialising population(s) ...                                                
Number of constraints mappings 0
Number of constraints 0
  Population no.                           :      1
  Population size                          :    100
  Number of duplicates                     :      0
  Number of niche violations               :      0
  Number of errors                         :   1199


Doing GA, no. of population(s) 1 size 100 selection pressure 1.100000

 Operation      Fitness  S(hb_ext) S(vdw_ext)  S(hb_int)    S(int)      intcor
         0      23.48       3.73      16.46       0.00     -14.42      -0.77
       140      27.68       1.38      19.83       0.00      -4.17      -0.77
       274      26.45       1.33      18.56       0.00      -1.51      -0.77
Reordering...
       960      14.58       3.39       9.67       0.00      -3.75      -0.77
      1388      13.22       3.37       9.56       0.00      -3.75      -0.77
      1399      17.22       3.37      10.38       0.00      -0.49      -0.77
      1935      17.44       6.00       8.68       0.00      -0.49      -0.77
--------------------------------------------------------------------------------
Best docking solution after GA:
      2000      17.44       6.00       8.68       0.00      -0.49      -0.77

#ops:       2000 #mutates:   1064 #cross:      936 #dups:       555 
#niche:      902 #errors:     124 
--------------------------------------------------------------------------------

Doing AMOEBA simplex on best individual
Done simplexing #iterations 1989, best score  24.41

Ligand is stored in gold_soln_ligand_prepared_m1_2.mol2


--------------------------------------------------------------------------------
--- GoldScore breakdown of terms                                             ---
--------------------------------------------------------------------------------
Fitness = S(hb_ext) + 1.3750*S(vdw_ext) + S(hb_int) + 1.0000*S(int)
S(int)  = S(vdw_int) + S(tors)

Internal terms are relative to best energy found (intcor).

--------------------------------------------------------------------------------


     Fitness  S(hb_ext) S(vdw_ext)  S(hb_int)    S(int)      intcor
     24.41       6.00      13.73       0.00      -0.47      -0.77

--------------------------------------------------------------------------------
--- GoldScore analysis of protein-ligand interactions                        ---
--------------------------------------------------------------------------------

  Ligand donor   10 hydrogen   23 Protein acceptor 8101 bond energy  6.00 wt 1.00

--------------------------------------------------------------------------------

--------------------------------------------------------------------------------
--- Rescoring solution                                                       ---
--------------------------------------------------------------------------------

     Score     S(PLP)   S(hbond)     S(cho)   S(metal)  DE(clash)   DE(tors)
      3.12      -2.55       1.00       0.00       0.00       0.00       1.22

Doing AMOEBA simplex on best individual
AMOEBA simplex failed to converge after 2000 iterations
Done simplexing #iterations 2000, best score  25.72

     Score     S(PLP)   S(hbond)     S(cho)   S(metal)  DE(clash)   DE(tors)
     25.72     -26.09       0.00       0.00       0.00       0.00       0.19

--------------------------------------------------------------------------------
--- CHEMPLP breakdown of terms                                               ---
--------------------------------------------------------------------------------
CHEMPLP = - ( 1.0000*S(PLP) + -3.0000*S(hbond) + -6.0000*S(metal) + -3.0000*S(cho) )

Score = CHEMPLP - 1.0000*DE(clash) - 2.0000*DE(tors)


--------------------------------------------------------------------------------


--------------------------------------------------------------------------------
--- PLP analysis of protein-ligand interactions                              ---
--------------------------------------------------------------------------------
hydrogen bonding        :      -1.45
metal                   :       0.00
buried (polar-nonpolar) :      -4.22
nonpolar                :     -20.16
repulsive               :       0.31
--------------------------------------------------------------------------------


--------------------------------------------------------------------------------
--- ChemScore analysis of protein-ligand interactions                        ---
--------------------------------------------------------------------------------

* Hydrogen bonds                                                                


* CH..O interactions                                                            
  CH group selection                       : activated ring CH (adjacent to hetatom)

--------------------------------------------------------------------------------


--------------------------------------------------------------------------------
--- Intra-ligand clashes                                                     ---
--------------------------------------------------------------------------------

Ligand
--------------------------------------------------------------------------------


--------------------------------------------------------------------------------
--- Chromosome decoded                                                       ---
--------------------------------------------------------------------------------
Ligand Torsions
[   6    2    1    3]  -86.15
[  12    5    1    2] -164.42
Protein Torsions
[6579 6563 6564 6565]   82.79 
[6671 6647 6648 6649]   43.03 
[8031 8015 8016 8017] -179.20 
[8111 8093 8094 8095] -106.85 
[8171 8157 8158 8159] -138.33 
[8251 8229 8230 8231]  125.19 
[9566 9530 9529 9527]  -87.32 
[8319 8303 8304 8305] -139.29 
[10191 10175 10176 10177]  -37.12 
[7948 7929 7930 7931]   53.81 
[7895 7879 7880 7881]  -21.78 
[7899 7884 7883 7880] -165.73 
[6811 6793 6794 6795] -158.85 
[27200 6326 6325 6324]  158.66 
[27203 6566 6565 6564]  143.02 
[27206 7882 7881 7880] -166.16 
[27208 7932 7931 7930]   94.12 
[27211 8018 8017 8016]  -81.95 
[27214 8096 8095 8094]  -33.92 
[27217 8160 8159 8158]  105.20 
[27222 10090 10089 10088]  -66.55 
[27224 10178 10177 10176]   82.46 
[27229 7724 7723 7722] -153.98 
[27231 7802 7801 7800]  -15.17 
Mapping
Ligand acceptors to protein hydrogens (mapping then atom ids)
  2  12 [ 11->9566]
  3   4 [ 17->6822]
Ligand hydrogens to protein acceptors (mapping then atom ids)
  2  11 [ 23->8101]
Ligand shape atoms to protein points (mapping then atom ids & coords)
Chromosome values
Integers:
  -1   11    3   -1   10   -1   -1   -1   -1   -1   -1   -1 
--------------------------------------------------------------------------------


--------------------------------------------------------------------------------
--- Diverse Solutions Stats                                                  ---
--------------------------------------------------------------------------------
  Move attempts                            :  19010
  Move failures                            :      0
  Failure rate                             :   0.000

--------------------------------------------------------------------------------

Current Ranking  1  2

--------------------------------------------------------------------------------

* GA execution time :                                                           
  total  0.4106 user  0.3998 sys  0.0108

--------------------------------------------------------------------------------
Fitness function evaluations: 20335

--------------------------------------------------------------------------------
** Docking run number  3 **
--------------------------------------------------------------------------------
  Rank fitness base is 5000.00 ; increment is 11.2233

* Initialising population(s) ...                                                
Number of constraints mappings 0
Number of constraints 0
  Population no.                           :      1
  Population size                          :    100
  Number of duplicates                     :      0
  Number of niche violations               :      0
  Number of errors                         :   1208


Doing GA, no. of population(s) 1 size 100 selection pressure 1.100000

 Operation      Fitness  S(hb_ext) S(vdw_ext)  S(hb_int)    S(int)      intcor
         0      19.09       0.26      15.45       0.00     -12.10      -0.76
        54      20.03       1.32      15.45       0.00     -12.10      -0.76
Reordering...
       120      17.76       1.51      13.14       0.00      -7.95      -0.76
       151      20.27       1.68      16.27       0.00     -16.27      -0.76
       153      21.89       1.55      17.40       0.00     -15.43      -0.76
       256      19.98       1.49      16.35       0.00     -15.43      -0.76
       321      18.72       1.46      15.72       0.00     -15.43      -0.76
       423      16.08       1.39      14.20       0.00     -15.43      -0.76
       445      16.07       1.39      13.94       0.00     -14.01      -0.76
Reordering...
       480      14.78       1.28      11.75       0.00      -7.95      -0.76
       493      17.37       1.83      12.41       0.00      -4.55      -0.76
Reordering...
       840      14.53       0.37      10.65       0.00      -0.99      -0.76
Reordering...
       900      14.23       0.35      10.47       0.00      -0.99      -0.76
      1136      13.02       0.31       9.72       0.00      -0.99      -0.76
Reordering...
      1140      12.72       2.99       7.69       0.00      -1.25      -0.76
      1293      16.67       1.98      13.14       0.00      -4.28      -0.76
      1478      18.83       1.81      12.81       0.00      -0.62      -0.76
      1897      19.22       1.75      14.38       0.00      -2.30      -0.76
      1962      21.06       1.75      14.16       0.00      -0.16      -0.76
--------------------------------------------------------------------------------
Best docking solution after GA:
      2000      21.06       1.75      14.16       0.00      -0.16      -0.76

#ops:       2000 #mutates:    979 #cross:     1021 #dups:       559 
#niche:      917 #errors:      95 
--------------------------------------------------------------------------------

Doing AMOEBA simplex on best individual
Done simplexing #iterations 1679, best score  33.56

Ligand is stored in gold_soln_ligand_prepared_m1_3.mol2


--------------------------------------------------------------------------------
--- GoldScore breakdown of terms                                             ---
--------------------------------------------------------------------------------
Fitness = S(hb_ext) + 1.3750*S(vdw_ext) + S(hb_int) + 1.0000*S(int)
S(int)  = S(vdw_int) + S(tors)

Internal terms are relative to best energy found (intcor).

--------------------------------------------------------------------------------


     Fitness  S(hb_ext) S(vdw_ext)  S(hb_int)    S(int)      intcor
     33.56       5.41      20.53       0.00      -0.08      -0.76

--------------------------------------------------------------------------------
--- GoldScore analysis of protein-ligand interactions                        ---
--------------------------------------------------------------------------------

  Ligand acceptor   17 Protein hydrogen 8031 donor 8015 bond energy  2.00 wt 0.09
  Ligand donor   10 hydrogen   23 Protein acceptor 8093 bond energy  6.00 wt 0.87

--------------------------------------------------------------------------------

--------------------------------------------------------------------------------
--- Rescoring solution                                                       ---
--------------------------------------------------------------------------------

     Score     S(PLP)   S(hbond)     S(cho)   S(metal)  DE(clash)   DE(tors)
     -8.08      10.84       1.50       0.00       0.00       0.00       0.87

Doing AMOEBA simplex on best individual
AMOEBA simplex failed to converge after 2000 iterations
Done simplexing #iterations 2000, best score  31.23

     Score     S(PLP)   S(hbond)     S(cho)   S(metal)  DE(clash)   DE(tors)
     31.23     -26.52       1.71       0.00       0.00       0.00       0.21

--------------------------------------------------------------------------------
--- CHEMPLP breakdown of terms                                               ---
--------------------------------------------------------------------------------
CHEMPLP = - ( 1.0000*S(PLP) + -3.0000*S(hbond) + -6.0000*S(metal) + -3.0000*S(cho) )

Score = CHEMPLP - 1.0000*DE(clash) - 2.0000*DE(tors)


--------------------------------------------------------------------------------


--------------------------------------------------------------------------------
--- PLP analysis of protein-ligand interactions                              ---
--------------------------------------------------------------------------------
hydrogen bonding        :      -1.87
metal                   :       0.00
buried (polar-nonpolar) :      -6.12
nonpolar                :     -18.88
repulsive               :       0.30
--------------------------------------------------------------------------------


--------------------------------------------------------------------------------
--- ChemScore analysis of protein-ligand interactions                        ---
--------------------------------------------------------------------------------

* Hydrogen bonds                                                                
Protein donor 8015 hydrogen 8031 Ligand acceptor   17 bond energy  1.00 wt 0.93
Protein donor 9530 hydrogen 9566 Ligand acceptor   11 bond energy  1.00 wt 0.78


* CH..O interactions                                                            
  CH group selection                       : activated ring CH (adjacent to hetatom)

--------------------------------------------------------------------------------


--------------------------------------------------------------------------------
--- Intra-ligand clashes                                                     ---
--------------------------------------------------------------------------------

Ligand
--------------------------------------------------------------------------------


--------------------------------------------------------------------------------
--- Chromosome decoded                                                       ---
--------------------------------------------------------------------------------
Ligand Torsions
[   6    2    1    3]  -47.31
[  12    5    1    2]  173.14
Protein Torsions
[6579 6563 6564 6565] -103.83 
[6671 6647 6648 6649]  145.06 
[8031 8015 8016 8017]  -10.55 
[8111 8093 8094 8095]  -22.26 
[8171 8157 8158 8159]  -12.11 
[8251 8229 8230 8231]  102.14 
[9566 9530 9529 9527] -108.21 
[8319 8303 8304 8305]  -23.49 
[10191 10175 10176 10177]   78.65 
[7948 7929 7930 7931] -152.33 
[7895 7879 7880 7881]   65.38 
[7899 7884 7883 7880] -112.78 
[6811 6793 6794 6795] -134.17 
[27200 6326 6325 6324]  -84.29 
[27203 6566 6565 6564]  -17.70 
[27206 7882 7881 7880]  -58.69 
[27208 7932 7931 7930]    7.52 
[27211 8018 8017 8016] -132.75 
[27214 8096 8095 8094]  -78.96 
[27217 8160 8159 8158]   82.01 
[27222 10090 10089 10088]   65.99 
[27224 10178 10177 10176]  -30.90 
[27229 7724 7723 7722]   11.45 
[27231 7802 7801 7800] -123.48 
Mapping
Ligand acceptors to protein hydrogens (mapping then atom ids)
  2  12 [ 11->9566]
  3   6 [ 17->8031]
Ligand hydrogens to protein acceptors (mapping then atom ids)
  2  10 [ 23->8096]
Ligand shape atoms to protein points (mapping then atom ids & coords)
Chromosome values
Integers:
  -1   11    5   -1    9   -1   -1   -1   -1   -1   -1   -1 
--------------------------------------------------------------------------------


--------------------------------------------------------------------------------
--- Diverse Solutions Stats                                                  ---
--------------------------------------------------------------------------------
  Move attempts                            :  18770
  Move failures                            :      0
  Failure rate                             :   0.000

--------------------------------------------------------------------------------

Current Ranking  3  1  2

--------------------------------------------------------------------------------

* GA execution time :                                                           
  total  0.4066 user  0.3921 sys  0.0145

--------------------------------------------------------------------------------
Fitness function evaluations: 20100

--------------------------------------------------------------------------------
** Docking run number  4 **
--------------------------------------------------------------------------------
  Rank fitness base is 5000.00 ; increment is 11.2233

* Initialising population(s) ...                                                
Number of constraints mappings 0
Number of constraints 0
  Population no.                           :      1
  Population size                          :    100
  Number of duplicates                     :      0
  Number of niche violations               :      0
  Number of errors                         :   1306


Doing GA, no. of population(s) 1 size 100 selection pressure 1.100000

 Operation      Fitness  S(hb_ext) S(vdw_ext)  S(hb_int)    S(int)      intcor
         0      23.26       3.77      15.92       0.00     -11.97      -0.76
       200      20.77       5.25      12.29       0.00      -5.56      -0.76
       354      20.76       0.26      15.46       0.00      -2.66      -0.76
       711      16.09       6.95       6.89       0.00      -0.79      -0.76
Reordering...
      1020      15.17       1.54       9.96       0.00      -0.11      -0.76
      1772      15.24       3.91       8.81       0.00      -0.79      -0.76
--------------------------------------------------------------------------------
Best docking solution after GA:
      2000      15.24       3.91       8.81       0.00      -0.79      -0.76

#ops:       2000 #mutates:   1029 #cross:      971 #dups:       570 
#niche:      970 #errors:     102 
--------------------------------------------------------------------------------

Doing AMOEBA simplex on best individual
Done simplexing #iterations 1913, best score  25.55

Ligand is stored in gold_soln_ligand_prepared_m1_4.mol2


--------------------------------------------------------------------------------
--- GoldScore breakdown of terms                                             ---
--------------------------------------------------------------------------------
Fitness = S(hb_ext) + 1.3750*S(vdw_ext) + S(hb_int) + 1.0000*S(int)
S(int)  = S(vdw_int) + S(tors)

Internal terms are relative to best energy found (intcor).

--------------------------------------------------------------------------------


     Fitness  S(hb_ext) S(vdw_ext)  S(hb_int)    S(int)      intcor
     25.55       3.10      16.72       0.00      -0.54      -0.76

--------------------------------------------------------------------------------
--- GoldScore analysis of protein-ligand interactions                        ---
--------------------------------------------------------------------------------

  Ligand acceptor    9 Protein hydrogen 8031 donor 8015 bond energy  2.00 wt 0.08
  Ligand donor    8 hydrogen   22 Protein acceptor 7932 bond energy  2.00 wt 0.81
  Ligand donor   10 hydrogen   23 Protein acceptor 9530 bond energy  2.00 wt 0.66

--------------------------------------------------------------------------------

--------------------------------------------------------------------------------
--- Rescoring solution                                                       ---
--------------------------------------------------------------------------------

     Score     S(PLP)   S(hbond)     S(cho)   S(metal)  DE(clash)   DE(tors)
    -25.09      25.88       1.01       0.00       0.00       0.00       1.13

Doing AMOEBA simplex on best individual
AMOEBA simplex failed to converge after 2000 iterations
Done simplexing #iterations 2000, best score  23.72

     Score     S(PLP)   S(hbond)     S(cho)   S(metal)  DE(clash)   DE(tors)
     23.72     -23.87       0.11       0.00       0.00       0.00       0.24

--------------------------------------------------------------------------------
--- CHEMPLP breakdown of terms                                               ---
--------------------------------------------------------------------------------
CHEMPLP = - ( 1.0000*S(PLP) + -3.0000*S(hbond) + -6.0000*S(metal) + -3.0000*S(cho) )

Score = CHEMPLP - 1.0000*DE(clash) - 2.0000*DE(tors)


--------------------------------------------------------------------------------


--------------------------------------------------------------------------------
--- PLP analysis of protein-ligand interactions                              ---
--------------------------------------------------------------------------------
hydrogen bonding        :      -2.54
metal                   :       0.00
buried (polar-nonpolar) :      -4.90
nonpolar                :     -17.76
repulsive               :       1.36
--------------------------------------------------------------------------------


--------------------------------------------------------------------------------
--- ChemScore analysis of protein-ligand interactions                        ---
--------------------------------------------------------------------------------

* Hydrogen bonds                                                                
Protein donor 6801 hydrogen 6822 Ligand acceptor    9 bond energy  1.00 wt 0.11


* CH..O interactions                                                            
  CH group selection                       : activated ring CH (adjacent to hetatom)

--------------------------------------------------------------------------------


--------------------------------------------------------------------------------
--- Intra-ligand clashes                                                     ---
--------------------------------------------------------------------------------

Ligand
--------------------------------------------------------------------------------


--------------------------------------------------------------------------------
--- Chromosome decoded                                                       ---
--------------------------------------------------------------------------------
Ligand Torsions
[   6    2    1    3]   95.32
[  12    5    1    2] -167.72
Protein Torsions
[6579 6563 6564 6565]  -84.19 
[6671 6647 6648 6649]   92.84 
[8031 8015 8016 8017]  -47.15 
[8111 8093 8094 8095]  -67.66 
[8171 8157 8158 8159]  -58.67 
[8251 8229 8230 8231]  -12.35 
[9566 9530 9529 9527]   -2.00 
[8319 8303 8304 8305]  -59.10 
[10191 10175 10176 10177]  132.66 
[7948 7929 7930 7931]  -61.66 
[7895 7879 7880 7881]  -48.50 
[7899 7884 7883 7880]  103.78 
[6811 6793 6794 6795]   31.28 
[27200 6326 6325 6324]  -30.02 
[27203 6566 6565 6564]   76.52 
[27206 7882 7881 7880]    7.48 
[27208 7932 7931 7930]   74.00 
[27211 8018 8017 8016]   31.29 
[27214 8096 8095 8094] -135.92 
[27217 8160 8159 8158]  -75.84 
[27222 10090 10089 10088]   23.77 
[27224 10178 10177 10176]   18.24 
[27229 7724 7723 7722] -153.31 
[27231 7802 7801 7800]  -99.91 
Mapping
Ligand acceptors to protein hydrogens (mapping then atom ids)
  1   6 [  9->8031]
Ligand hydrogens to protein acceptors (mapping then atom ids)
  1   6 [ 22->7932]
  2  15 [ 23->9530]
Ligand shape atoms to protein points (mapping then atom ids & coords)
Chromosome values
Integers:
   5   -1   -1    5   14   -1   -1   -1   -1   -1   -1   -1 
--------------------------------------------------------------------------------


--------------------------------------------------------------------------------
--- Diverse Solutions Stats                                                  ---
--------------------------------------------------------------------------------
  Move attempts                            :  19053
  Move failures                            :      0
  Failure rate                             :   0.000

--------------------------------------------------------------------------------

Current Ranking  3  1  4  2

--------------------------------------------------------------------------------

* GA execution time :                                                           
  total  0.4165 user  0.3954 sys  0.0211

--------------------------------------------------------------------------------
Fitness function evaluations: 20543

--------------------------------------------------------------------------------
** Docking run number  5 **
--------------------------------------------------------------------------------
  Rank fitness base is 5000.00 ; increment is 11.2233

* Initialising population(s) ...                                                
Number of constraints mappings 0
Number of constraints 0
  Population no.                           :      1
  Population size                          :    100
  Number of duplicates                     :      0
  Number of niche violations               :      0
  Number of errors                         :   1237


Doing GA, no. of population(s) 1 size 100 selection pressure 1.100000

 Operation      Fitness  S(hb_ext) S(vdw_ext)  S(hb_int)    S(int)      intcor
         0      25.46       1.65      18.73       0.00      -9.79      -0.76
       308      21.50       1.53      15.22       0.00      -3.49      -0.76
       530      19.25       1.85      13.54       0.00      -3.49      -0.76
Reordering...
       600      16.54       2.20      11.02       0.00      -2.11      -0.76
       857      16.33       1.43      10.86       0.00      -0.08      -0.76
Reordering...
       960      15.69       1.73      11.02       0.00      -2.11      -0.76
      1905      17.86       6.00       9.78       0.00      -1.59      -0.76
--------------------------------------------------------------------------------
Best docking solution after GA:
      2000      17.86       6.00       9.78       0.00      -1.59      -0.76

#ops:       2000 #mutates:   1014 #cross:      986 #dups:       522 
#niche:      898 #errors:     113 
--------------------------------------------------------------------------------

Doing AMOEBA simplex on best individual
Done simplexing #iterations 1067, best score  18.80

Ligand is stored in gold_soln_ligand_prepared_m1_5.mol2


--------------------------------------------------------------------------------
--- GoldScore breakdown of terms                                             ---
--------------------------------------------------------------------------------
Fitness = S(hb_ext) + 1.3750*S(vdw_ext) + S(hb_int) + 1.0000*S(int)
S(int)  = S(vdw_int) + S(tors)

Internal terms are relative to best energy found (intcor).

--------------------------------------------------------------------------------


     Fitness  S(hb_ext) S(vdw_ext)  S(hb_int)    S(int)      intcor
     18.80       6.00      10.37       0.00      -1.46      -0.76

--------------------------------------------------------------------------------
--- GoldScore analysis of protein-ligand interactions                        ---
--------------------------------------------------------------------------------

  Ligand donor   10 hydrogen   23 Protein acceptor 8101 bond energy  6.00 wt 1.00

--------------------------------------------------------------------------------

--------------------------------------------------------------------------------
--- Rescoring solution                                                       ---
--------------------------------------------------------------------------------

     Score     S(PLP)   S(hbond)     S(cho)   S(metal)  DE(clash)   DE(tors)
     -4.28       4.89       0.72       0.00       0.00       0.97       0.29

Doing AMOEBA simplex on best individual
Done simplexing #iterations 1828, best score  15.50

     Score     S(PLP)   S(hbond)     S(cho)   S(metal)  DE(clash)   DE(tors)
     15.50     -13.64       1.09       0.00       0.00       1.36       0.02

--------------------------------------------------------------------------------
--- CHEMPLP breakdown of terms                                               ---
--------------------------------------------------------------------------------
CHEMPLP = - ( 1.0000*S(PLP) + -3.0000*S(hbond) + -6.0000*S(metal) + -3.0000*S(cho) )

Score = CHEMPLP - 1.0000*DE(clash) - 2.0000*DE(tors)


--------------------------------------------------------------------------------


--------------------------------------------------------------------------------
--- PLP analysis of protein-ligand interactions                              ---
--------------------------------------------------------------------------------
hydrogen bonding        :      -2.00
metal                   :       0.00
buried (polar-nonpolar) :      -3.98
nonpolar                :      -7.72
repulsive               :       0.25
--------------------------------------------------------------------------------


--------------------------------------------------------------------------------
--- ChemScore analysis of protein-ligand interactions                        ---
--------------------------------------------------------------------------------

* Hydrogen bonds                                                                
Ligand donor   10 hydrogen   23 Protein acceptor 8101 bond energy  1.00 wt 1.00
Protein donor 9530 hydrogen 9566 Ligand acceptor   11 bond energy  1.00 wt 0.09


* CH..O interactions                                                            
  CH group selection                       : activated ring CH (adjacent to hetatom)

--------------------------------------------------------------------------------


--------------------------------------------------------------------------------
--- Intra-ligand clashes                                                     ---
--------------------------------------------------------------------------------

Ligand
  7 (C7   ) -   3 (C3   ):   1.36 (dist   2.71)
--------------------------------------------------------------------------------


--------------------------------------------------------------------------------
--- Chromosome decoded                                                       ---
--------------------------------------------------------------------------------
Ligand Torsions
[   6    2    1    3]  167.26
[  12    5    1    2]  176.41
Protein Torsions
[6579 6563 6564 6565]  127.88 
[6671 6647 6648 6649]  169.50 
[8031 8015 8016 8017]  -76.42 
[8111 8093 8094 8095]   64.34 
[8171 8157 8158 8159]  109.32 
[8251 8229 8230 8231]   40.56 
[9566 9530 9529 9527]    4.19 
[8319 8303 8304 8305]  -44.33 
[10191 10175 10176 10177]  -41.52 
[7948 7929 7930 7931]  127.88 
[7895 7879 7880 7881]   48.56 
[7899 7884 7883 7880]  112.95 
[6811 6793 6794 6795] -138.50 
[27200 6326 6325 6324]  -55.33 
[27203 6566 6565 6564]   58.91 
[27206 7882 7881 7880] -102.56 
[27208 7932 7931 7930]   26.50 
[27211 8018 8017 8016]  -35.51 
[27214 8096 8095 8094] -150.70 
[27217 8160 8159 8158]  168.36 
[27222 10090 10089 10088]   96.54 
[27224 10178 10177 10176] -166.38 
[27229 7724 7723 7722]   61.45 
[27231 7802 7801 7800]  136.97 
Mapping
Ligand acceptors to protein hydrogens (mapping then atom ids)
  2  12 [ 11->9566]
Ligand hydrogens to protein acceptors (mapping then atom ids)
  1   5 [ 22->7882]
  2  11 [ 23->8101]
Ligand shape atoms to protein points (mapping then atom ids & coords)
Chromosome values
Integers:
  -1   11   -1    4   10   -1   -1   -1   -1   -1   -1   -1 
--------------------------------------------------------------------------------


--------------------------------------------------------------------------------
--- Diverse Solutions Stats                                                  ---
--------------------------------------------------------------------------------
  Move attempts                            :  17899
  Move failures                            :      0
  Failure rate                             :   0.000

--------------------------------------------------------------------------------

Current Ranking  3  1  4  2  5

--------------------------------------------------------------------------------

* GA execution time :                                                           
  total  0.3792 user  0.3665 sys  0.0128

--------------------------------------------------------------------------------
Fitness function evaluations: 19265

--------------------------------------------------------------------------------
** Docking run number  6 **
--------------------------------------------------------------------------------
  Rank fitness base is 5000.00 ; increment is 11.2233

* Initialising population(s) ...                                                
Number of constraints mappings 0
Number of constraints 0
  Population no.                           :      1
  Population size                          :    100
  Number of duplicates                     :      0
  Number of niche violations               :      0
  Number of errors                         :   1180


Doing GA, no. of population(s) 1 size 100 selection pressure 1.100000

 Operation      Fitness  S(hb_ext) S(vdw_ext)  S(hb_int)    S(int)      intcor
         0      22.20       1.95      17.49       0.00     -18.99      -0.76
Reordering...
       180      17.07       2.04      11.68       0.00      -4.27      -0.76
       210      17.17       0.27      14.39       0.00     -11.66      -0.76
Reordering...
       240      16.73       2.03      11.49       0.00      -4.27      -0.76
       290      16.83       0.69      14.02       0.00     -11.66      -0.76
Reordering...
       300      16.40       2.02      11.32       0.00      -4.27      -0.76
       310      17.19       1.55      13.72       0.00     -11.66      -0.76
       348      17.19       1.55      13.52       0.00     -10.22      -0.76
Reordering...
       360      16.52       1.53      13.40       0.00     -11.66      -0.76
       440      15.97       0.98      12.47       0.00      -6.73      -0.76
Reordering...
       480      15.20       1.98      10.65       0.00      -4.27      -0.76
       503      15.81       0.97      11.86       0.00      -4.27      -0.76
Reordering...
       600      14.17       1.95      10.07       0.00      -4.27      -0.76
       688      15.03       0.64      12.38       0.00      -6.34      -0.76
       884      28.37       4.17      17.85       0.00      -0.68      -0.76
--------------------------------------------------------------------------------
Best docking solution after GA:
      2000      22.32       3.67      14.06       0.00      -0.68      -0.76

#ops:       2000 #mutates:   1009 #cross:      991 #dups:       630 
#niche:      989 #errors:      94 
--------------------------------------------------------------------------------

Doing AMOEBA simplex on best individual
Done simplexing #iterations 1583, best score  31.32

Ligand is stored in gold_soln_ligand_prepared_m1_6.mol2


--------------------------------------------------------------------------------
--- GoldScore breakdown of terms                                             ---
--------------------------------------------------------------------------------
Fitness = S(hb_ext) + 1.3750*S(vdw_ext) + S(hb_int) + 1.0000*S(int)
S(int)  = S(vdw_int) + S(tors)

Internal terms are relative to best energy found (intcor).

--------------------------------------------------------------------------------


     Fitness  S(hb_ext) S(vdw_ext)  S(hb_int)    S(int)      intcor
     31.32       5.53      19.33       0.00      -0.79      -0.76

--------------------------------------------------------------------------------
--- GoldScore analysis of protein-ligand interactions                        ---
--------------------------------------------------------------------------------

  Ligand donor    8 hydrogen   22 Protein acceptor 8101 bond energy  6.00 wt 0.92

--------------------------------------------------------------------------------

--------------------------------------------------------------------------------
--- Rescoring solution                                                       ---
--------------------------------------------------------------------------------

     Score     S(PLP)   S(hbond)     S(cho)   S(metal)  DE(clash)   DE(tors)
    -16.76      17.40       0.57       0.00       0.00       0.00       0.54

Doing AMOEBA simplex on best individual
Done simplexing #iterations 1986, best score  26.35

     Score     S(PLP)   S(hbond)     S(cho)   S(metal)  DE(clash)   DE(tors)
     26.35     -25.73       0.62       0.00       0.00       0.00       0.63

--------------------------------------------------------------------------------
--- CHEMPLP breakdown of terms                                               ---
--------------------------------------------------------------------------------
CHEMPLP = - ( 1.0000*S(PLP) + -3.0000*S(hbond) + -6.0000*S(metal) + -3.0000*S(cho) )

Score = CHEMPLP - 1.0000*DE(clash) - 2.0000*DE(tors)


--------------------------------------------------------------------------------


--------------------------------------------------------------------------------
--- PLP analysis of protein-ligand interactions                              ---
--------------------------------------------------------------------------------
hydrogen bonding        :      -1.00
metal                   :       0.00
buried (polar-nonpolar) :      -2.91
nonpolar                :     -22.71
repulsive               :       0.44
--------------------------------------------------------------------------------


--------------------------------------------------------------------------------
--- ChemScore analysis of protein-ligand interactions                        ---
--------------------------------------------------------------------------------

* Hydrogen bonds                                                                
Ligand donor    8 hydrogen   22 Protein acceptor 8101 bond energy  1.00 wt 0.62


* CH..O interactions                                                            
  CH group selection                       : activated ring CH (adjacent to hetatom)

--------------------------------------------------------------------------------


--------------------------------------------------------------------------------
--- Intra-ligand clashes                                                     ---
--------------------------------------------------------------------------------

Ligand
--------------------------------------------------------------------------------


--------------------------------------------------------------------------------
--- Chromosome decoded                                                       ---
--------------------------------------------------------------------------------
Ligand Torsions
[   6    2    1    3]  108.11
[  12    5    1    2] -170.10
Protein Torsions
[6579 6563 6564 6565]   55.86 
[6671 6647 6648 6649]  -71.19 
[8031 8015 8016 8017]   69.70 
[8111 8093 8094 8095]    8.03 
[8171 8157 8158 8159]   79.94 
[8251 8229 8230 8231]  -44.89 
[9566 9530 9529 9527]   56.20 
[8319 8303 8304 8305]  168.72 
[10191 10175 10176 10177] -106.08 
[7948 7929 7930 7931] -121.91 
[7895 7879 7880 7881]   35.45 
[7899 7884 7883 7880] -117.63 
[6811 6793 6794 6795] -179.98 
[27200 6326 6325 6324] -115.07 
[27203 6566 6565 6564] -148.38 
[27206 7882 7881 7880]  -70.03 
[27208 7932 7931 7930] -163.44 
[27211 8018 8017 8016]  174.53 
[27214 8096 8095 8094]  105.32 
[27217 8160 8159 8158]  -83.94 
[27222 10090 10089 10088] -108.69 
[27224 10178 10177 10176]  -32.82 
[27229 7724 7723 7722]   85.89 
[27231 7802 7801 7800] -161.31 
Mapping
Ligand acceptors to protein hydrogens (mapping then atom ids)
  3  10 [ 17->8171]
Ligand hydrogens to protein acceptors (mapping then atom ids)
  1  11 [ 22->8101]
  2   5 [ 23->7882]
Ligand shape atoms to protein points (mapping then atom ids & coords)
Chromosome values
Integers:
  -1   -1    9   10    4   -1   -1   -1   -1   -1   -1   -1 
--------------------------------------------------------------------------------


--------------------------------------------------------------------------------
--- Diverse Solutions Stats                                                  ---
--------------------------------------------------------------------------------
  Move attempts                            :  19014
  Move failures                            :      1
  Failure rate                             :   0.000

--------------------------------------------------------------------------------

Current Ranking  3  1  6  4  2  5

--------------------------------------------------------------------------------

* GA execution time :                                                           
  total  0.4220 user  0.4017 sys  0.0203

--------------------------------------------------------------------------------
Fitness function evaluations: 20294

--------------------------------------------------------------------------------
** Docking run number  7 **
--------------------------------------------------------------------------------
  Rank fitness base is 5000.00 ; increment is 11.2233

* Initialising population(s) ...                                                
Number of constraints mappings 0
Number of constraints 0
  Population no.                           :      1
  Population size                          :    100
  Number of duplicates                     :      0
  Number of niche violations               :      0
  Number of errors                         :   1199


Doing GA, no. of population(s) 1 size 100 selection pressure 1.100000

 Operation      Fitness  S(hb_ext) S(vdw_ext)  S(hb_int)    S(int)      intcor
         0      20.78       1.34      15.29       0.00      -7.94      -0.76
       229      21.20       0.85      16.85       0.00     -11.13      -0.76
       467      17.22       1.76      11.84       0.00      -2.48      -0.76
      1190      15.37       1.28      11.18       0.00      -1.80      -0.76
      1983      15.71       1.00      11.18       0.00      -0.66      -0.76
--------------------------------------------------------------------------------
Best docking solution after GA:
      2000      15.71       1.00      11.18       0.00      -0.66      -0.76

#ops:       2000 #mutates:   1011 #cross:      989 #dups:       572 
#niche:      958 #errors:      90 
--------------------------------------------------------------------------------

Doing AMOEBA simplex on best individual
Done simplexing #iterations 1588, best score  19.51

Ligand is stored in gold_soln_ligand_prepared_m1_7.mol2


--------------------------------------------------------------------------------
--- GoldScore breakdown of terms                                             ---
--------------------------------------------------------------------------------
Fitness = S(hb_ext) + 1.3750*S(vdw_ext) + S(hb_int) + 1.0000*S(int)
S(int)  = S(vdw_int) + S(tors)

Internal terms are relative to best energy found (intcor).

--------------------------------------------------------------------------------


     Fitness  S(hb_ext) S(vdw_ext)  S(hb_int)    S(int)      intcor
     19.51       1.17      13.75       0.00      -0.56      -0.76

--------------------------------------------------------------------------------
--- GoldScore analysis of protein-ligand interactions                        ---
--------------------------------------------------------------------------------

  Ligand acceptor   17 Protein hydrogen 8111 donor 8093 bond energy  2.00 wt 0.35
  Ligand acceptor    9 Protein hydrogen 9566 donor 9530 bond energy  2.00 wt 0.22
  Ligand donor    8 hydrogen   22 Protein acceptor 9530 bond energy  2.00 wt 0.01

--------------------------------------------------------------------------------

--------------------------------------------------------------------------------
--- Rescoring solution                                                       ---
--------------------------------------------------------------------------------

     Score     S(PLP)   S(hbond)     S(cho)   S(metal)  DE(clash)   DE(tors)
     14.05     -12.89       0.99       0.00       0.00       0.00       0.91

Doing AMOEBA simplex on best individual
Done simplexing #iterations 1646, best score  25.36

     Score     S(PLP)   S(hbond)     S(cho)   S(metal)  DE(clash)   DE(tors)
     25.36     -21.17       2.17       0.00       0.00       0.00       1.16

--------------------------------------------------------------------------------
--- CHEMPLP breakdown of terms                                               ---
--------------------------------------------------------------------------------
CHEMPLP = - ( 1.0000*S(PLP) + -3.0000*S(hbond) + -6.0000*S(metal) + -3.0000*S(cho) )

Score = CHEMPLP - 1.0000*DE(clash) - 2.0000*DE(tors)


--------------------------------------------------------------------------------


--------------------------------------------------------------------------------
--- PLP analysis of protein-ligand interactions                              ---
--------------------------------------------------------------------------------
hydrogen bonding        :      -3.23
metal                   :       0.00
buried (polar-nonpolar) :      -2.42
nonpolar                :     -16.33
repulsive               :       0.25
--------------------------------------------------------------------------------


--------------------------------------------------------------------------------
--- ChemScore analysis of protein-ligand interactions                        ---
--------------------------------------------------------------------------------

* Hydrogen bonds                                                                
Ligand donor    8 hydrogen   22 Protein acceptor 9530 bond energy  1.00 wt 0.55
Protein donor 8093 hydrogen 8111 Ligand acceptor   17 bond energy  1.00 wt 1.00
Protein donor 9530 hydrogen 9566 Ligand acceptor    9 bond energy  1.00 wt 0.62


* CH..O interactions                                                            
  CH group selection                       : activated ring CH (adjacent to hetatom)

--------------------------------------------------------------------------------


--------------------------------------------------------------------------------
--- Intra-ligand clashes                                                     ---
--------------------------------------------------------------------------------

Ligand
--------------------------------------------------------------------------------


--------------------------------------------------------------------------------
--- Chromosome decoded                                                       ---
--------------------------------------------------------------------------------
Ligand Torsions
[   6    2    1    3]   97.62
[  12    5    1    2] -169.65
Protein Torsions
[6579 6563 6564 6565]   94.04 
[6671 6647 6648 6649]  -51.85 
[8031 8015 8016 8017]   65.57 
[8111 8093 8094 8095] -172.04 
[8171 8157 8158 8159] -147.72 
[8251 8229 8230 8231]  -57.95 
[9566 9530 9529 9527]  -43.57 
[8319 8303 8304 8305]   18.36 
[10191 10175 10176 10177]  156.13 
[7948 7929 7930 7931]  -33.89 
[7895 7879 7880 7881] -145.54 
[7899 7884 7883 7880]    6.63 
[6811 6793 6794 6795]   58.14 
[27200 6326 6325 6324]   48.67 
[27203 6566 6565 6564] -161.52 
[27206 7882 7881 7880]    1.47 
[27208 7932 7931 7930] -103.95 
[27211 8018 8017 8016] -105.88 
[27214 8096 8095 8094]  -41.03 
[27217 8160 8159 8158]   -7.09 
[27222 10090 10089 10088]  118.60 
[27224 10178 10177 10176]    7.18 
[27229 7724 7723 7722]  -32.10 
[27231 7802 7801 7800]  -36.16 
Mapping
Ligand acceptors to protein hydrogens (mapping then atom ids)
  1  12 [  9->9566]
  3   7 [ 17->8111]
Ligand hydrogens to protein acceptors (mapping then atom ids)
  1  15 [ 22->9530]
Ligand shape atoms to protein points (mapping then atom ids & coords)
Chromosome values
Integers:
  11   -1    6   14   -1   -1   -1   -1   -1   -1   -1   -1 
--------------------------------------------------------------------------------


--------------------------------------------------------------------------------
--- Diverse Solutions Stats                                                  ---
--------------------------------------------------------------------------------
  Move attempts                            :  18674
  Move failures                            :      4
  Failure rate                             :   0.000

--------------------------------------------------------------------------------

Current Ranking  3  1  6  4  2  7  5

--------------------------------------------------------------------------------

* GA execution time :                                                           
  total  0.4013 user  0.4011 sys  0.0002

--------------------------------------------------------------------------------
Fitness function evaluations: 20044

--------------------------------------------------------------------------------
** Docking run number  8 **
--------------------------------------------------------------------------------
  Rank fitness base is 5000.00 ; increment is 11.2233

* Initialising population(s) ...                                                
Number of constraints mappings 0
Number of constraints 0
  Population no.                           :      1
  Population size                          :    100
  Number of duplicates                     :      0
  Number of niche violations               :      0
  Number of errors                         :   1230


Doing GA, no. of population(s) 1 size 100 selection pressure 1.100000

 Operation      Fitness  S(hb_ext) S(vdw_ext)  S(hb_int)    S(int)      intcor
         0      19.35       1.61      14.94       0.00     -13.97      -0.76
       120      19.36       1.59      14.82       0.00     -11.47      -0.76
       162      20.39       1.59      14.81       0.00      -6.56      -0.76
       326      18.55       3.36      11.17       0.00      -0.57      -0.76
       633      17.33       2.69      11.52       0.00      -3.06      -0.76
       937      16.95       1.38      12.10       0.00      -2.00      -0.76
Reordering...
      1140      14.27       3.69       7.93       0.00      -0.49      -0.76
      1325      15.24       2.23      11.79       0.00      -3.88      -0.76
      1655      15.15       1.98      10.09       0.00      -0.70      -0.76
      1691      15.62       0.67      11.72       0.00      -1.17      -0.76
      1861      15.74       0.79      11.72       0.00      -1.17      -0.76
--------------------------------------------------------------------------------
Best docking solution after GA:
      2000      15.74       0.79      11.72       0.00      -1.17      -0.76

#ops:       2000 #mutates:    980 #cross:     1020 #dups:       535 
#niche:     1030 #errors:      88 
--------------------------------------------------------------------------------

Doing AMOEBA simplex on best individual
Done simplexing #iterations 1393, best score  19.67

Ligand is stored in gold_soln_ligand_prepared_m1_8.mol2


--------------------------------------------------------------------------------
--- GoldScore breakdown of terms                                             ---
--------------------------------------------------------------------------------
Fitness = S(hb_ext) + 1.3750*S(vdw_ext) + S(hb_int) + 1.0000*S(int)
S(int)  = S(vdw_int) + S(tors)

Internal terms are relative to best energy found (intcor).

--------------------------------------------------------------------------------


     Fitness  S(hb_ext) S(vdw_ext)  S(hb_int)    S(int)      intcor
     19.67       0.45      14.69       0.00      -0.97      -0.76

--------------------------------------------------------------------------------
--- GoldScore analysis of protein-ligand interactions                        ---
--------------------------------------------------------------------------------

  Ligand acceptor    9 Protein hydrogen 8117 donor 8100 bond energy  2.00 wt 0.07
  Ligand donor    8 hydrogen   22 Protein acceptor 8160 bond energy  2.00 wt 0.15

--------------------------------------------------------------------------------

--------------------------------------------------------------------------------
--- Rescoring solution                                                       ---
--------------------------------------------------------------------------------

     Score     S(PLP)   S(hbond)     S(cho)   S(metal)  DE(clash)   DE(tors)
    -25.58      27.45       1.23       0.00       0.00       0.30       0.76

Doing AMOEBA simplex on best individual
AMOEBA simplex failed to converge after 2000 iterations
Done simplexing #iterations 2000, best score  12.23

     Score     S(PLP)   S(hbond)     S(cho)   S(metal)  DE(clash)   DE(tors)
     12.23      -9.83       1.38       0.00       0.00       1.04       0.35

--------------------------------------------------------------------------------
--- CHEMPLP breakdown of terms                                               ---
--------------------------------------------------------------------------------
CHEMPLP = - ( 1.0000*S(PLP) + -3.0000*S(hbond) + -6.0000*S(metal) + -3.0000*S(cho) )

Score = CHEMPLP - 1.0000*DE(clash) - 2.0000*DE(tors)


--------------------------------------------------------------------------------


--------------------------------------------------------------------------------
--- PLP analysis of protein-ligand interactions                              ---
--------------------------------------------------------------------------------
hydrogen bonding        :      -1.55
metal                   :       0.00
buried (polar-nonpolar) :      -3.84
nonpolar                :      -6.33
repulsive               :       0.97
--------------------------------------------------------------------------------


--------------------------------------------------------------------------------
--- ChemScore analysis of protein-ligand interactions                        ---
--------------------------------------------------------------------------------

* Hydrogen bonds                                                                
Protein donor 8100 hydrogen 8117 Ligand acceptor    9 bond energy  1.00 wt 0.84
Protein donor 8157 hydrogen 8171 Ligand acceptor   17 bond energy  1.00 wt 0.54


* CH..O interactions                                                            
  CH group selection                       : activated ring CH (adjacent to hetatom)

--------------------------------------------------------------------------------


--------------------------------------------------------------------------------
--- Intra-ligand clashes                                                     ---
--------------------------------------------------------------------------------

Ligand
  7 (C7   ) -   4 (C4   ):   1.04 (dist   2.72)
--------------------------------------------------------------------------------


--------------------------------------------------------------------------------
--- Chromosome decoded                                                       ---
--------------------------------------------------------------------------------
Ligand Torsions
[   6    2    1    3]   79.42
[  12    5    1    2] -169.75
Protein Torsions
[6579 6563 6564 6565]    0.10 
[6671 6647 6648 6649]   57.28 
[8031 8015 8016 8017] -174.03 
[8111 8093 8094 8095] -154.34 
[8171 8157 8158 8159]   88.88 
[8251 8229 8230 8231]  135.07 
[9566 9530 9529 9527]   28.53 
[8319 8303 8304 8305]   56.43 
[10191 10175 10176 10177]  -21.28 
[7948 7929 7930 7931]  -46.06 
[7895 7879 7880 7881]   53.87 
[7899 7884 7883 7880]  131.79 
[6811 6793 6794 6795]   83.65 
[27200 6326 6325 6324]  117.24 
[27203 6566 6565 6564]   88.62 
[27206 7882 7881 7880]   86.53 
[27208 7932 7931 7930]  -98.93 
[27211 8018 8017 8016] -103.96 
[27214 8096 8095 8094] -153.41 
[27217 8160 8159 8158]  -32.89 
[27222 10090 10089 10088]   51.66 
[27224 10178 10177 10176]   84.48 
[27229 7724 7723 7722]  109.04 
[27231 7802 7801 7800] -178.00 
Mapping
Ligand acceptors to protein hydrogens (mapping then atom ids)
  1   8 [  9->8117]
  2   4 [ 11->6822]
  3  10 [ 17->8171]
Ligand hydrogens to protein acceptors (mapping then atom ids)
  1  13 [ 22->8160]
Ligand shape atoms to protein points (mapping then atom ids & coords)
Chromosome values
Integers:
   7    3    9   12   -1   -1   -1   -1   -1   -1   -1   -1 
--------------------------------------------------------------------------------


--------------------------------------------------------------------------------
--- Diverse Solutions Stats                                                  ---
--------------------------------------------------------------------------------
  Move attempts                            :  18834
  Move failures                            :      3
  Failure rate                             :   0.000

--------------------------------------------------------------------------------

Current Ranking  3  1  6  4  2  8  7  5

--------------------------------------------------------------------------------

* GA execution time :                                                           
  total  0.4061 user  0.3942 sys  0.0119

--------------------------------------------------------------------------------
Fitness function evaluations: 20154

--------------------------------------------------------------------------------
** Docking run number  9 **
--------------------------------------------------------------------------------
  Rank fitness base is 5000.00 ; increment is 11.2233

* Initialising population(s) ...                                                
Number of constraints mappings 0
Number of constraints 0
  Population no.                           :      1
  Population size                          :    100
  Number of duplicates                     :      0
  Number of niche violations               :      0
  Number of errors                         :   1251


Doing GA, no. of population(s) 1 size 100 selection pressure 1.100000

 Operation      Fitness  S(hb_ext) S(vdw_ext)  S(hb_int)    S(int)      intcor
         0      21.77       2.13      17.39       0.00     -21.38      -0.76
Reordering...
        60      21.05       1.66      15.07       0.00      -6.24      -0.76
Reordering...
       220      19.85       2.07      13.27       0.00      -1.85      -0.76
Reordering...
       480      17.72       1.64      13.21       0.00      -6.24      -0.76
       917      15.89       1.45      11.35       0.00      -2.23      -0.76
      1136      14.40       7.45       5.45       0.00      -0.82      -0.76
Reordering...
      1320      12.26       1.77       8.10       0.00      -0.78      -0.76
      1399      12.51       1.74       8.43       0.00      -0.94      -0.76
      1567      14.78       6.77       7.65       0.00      -2.51      -0.76
--------------------------------------------------------------------------------
Best docking solution after GA:
      2000      14.78       6.77       7.65       0.00      -2.51      -0.76

#ops:       2000 #mutates:    988 #cross:     1012 #dups:       624 
#niche:      895 #errors:     128 
--------------------------------------------------------------------------------

Doing AMOEBA simplex on best individual
Done simplexing #iterations 1864, best score  20.85

Ligand is stored in gold_soln_ligand_prepared_m1_9.mol2


--------------------------------------------------------------------------------
--- GoldScore breakdown of terms                                             ---
--------------------------------------------------------------------------------
Fitness = S(hb_ext) + 1.3750*S(vdw_ext) + S(hb_int) + 1.0000*S(int)
S(int)  = S(vdw_int) + S(tors)

Internal terms are relative to best energy found (intcor).

--------------------------------------------------------------------------------


     Fitness  S(hb_ext) S(vdw_ext)  S(hb_int)    S(int)      intcor
     20.85       7.90       9.62       0.00      -0.28      -0.76

--------------------------------------------------------------------------------
--- GoldScore analysis of protein-ligand interactions                        ---
--------------------------------------------------------------------------------

  Ligand acceptor   17 Protein hydrogen 8031 donor 8015 bond energy  2.00 wt 0.22
  Ligand acceptor   17 Protein hydrogen 8111 donor 8093 bond energy  2.00 wt 0.37
  Ligand donor    8 hydrogen   22 Protein acceptor 7882 bond energy  2.00 wt 0.36
  Ligand donor   10 hydrogen   23 Protein acceptor 8101 bond energy  6.00 wt 1.00

--------------------------------------------------------------------------------

--------------------------------------------------------------------------------
--- Rescoring solution                                                       ---
--------------------------------------------------------------------------------

     Score     S(PLP)   S(hbond)     S(cho)   S(metal)  DE(clash)   DE(tors)
    -10.43      14.61       2.01       0.00       0.00       0.00       0.93

Doing AMOEBA simplex on best individual
AMOEBA simplex failed to converge after 2000 iterations
Done simplexing #iterations 2000, best score -80.80


--------------------------------------------------------------------------------
--- CHEMPLP breakdown of terms                                               ---
--------------------------------------------------------------------------------
CHEMPLP = - ( 1.0000*S(PLP) + -3.0000*S(hbond) + -6.0000*S(metal) + -3.0000*S(cho) )

Score = CHEMPLP - 1.0000*DE(clash) - 2.0000*DE(tors)


--------------------------------------------------------------------------------


--------------------------------------------------------------------------------
--- PLP analysis of protein-ligand interactions                              ---
--------------------------------------------------------------------------------
hydrogen bonding        :      -1.36
metal                   :       0.00
buried (polar-nonpolar) :      13.15
nonpolar                :      -7.29
repulsive               :       8.34
--------------------------------------------------------------------------------


--------------------------------------------------------------------------------
--- ChemScore analysis of protein-ligand interactions                        ---
--------------------------------------------------------------------------------

* Hydrogen bonds                                                                
Ligand donor    8 hydrogen   22 Protein acceptor 7882 bond energy  1.00 wt 0.71
Protein donor 8015 hydrogen 8031 Ligand acceptor   17 bond energy  1.00 wt 0.35
Protein donor 8093 hydrogen 8111 Ligand acceptor   17 bond energy  1.00 wt 0.94


* CH..O interactions                                                            
  CH group selection                       : activated ring CH (adjacent to hetatom)

--------------------------------------------------------------------------------


--------------------------------------------------------------------------------
--- Intra-ligand clashes                                                     ---
--------------------------------------------------------------------------------

Ligand
--------------------------------------------------------------------------------


--------------------------------------------------------------------------------
--- Chromosome decoded                                                       ---
--------------------------------------------------------------------------------
Ligand Torsions
[   6    2    1    3]  -86.06
[  12    5    1    2] -169.96
Protein Torsions
[6579 6563 6564 6565]  123.80 
[6671 6647 6648 6649]  131.92 
[8031 8015 8016 8017]   -9.10 
[8111 8093 8094 8095] -129.26 
[8171 8157 8158 8159]  107.54 
[8251 8229 8230 8231]  -48.69 
[9566 9530 9529 9527]   57.63 
[8319 8303 8304 8305]  168.28 
[10191 10175 10176 10177]  177.71 
[7948 7929 7930 7931]  -91.33 
[7895 7879 7880 7881]  -49.83 
[7899 7884 7883 7880] -121.23 
[6811 6793 6794 6795]  -93.29 
[27200 6326 6325 6324] -100.90 
[27203 6566 6565 6564]   59.54 
[27206 7882 7881 7880] -143.29 
[27208 7932 7931 7930]  -58.53 
[27211 8018 8017 8016]    6.09 
[27214 8096 8095 8094]  -40.07 
[27217 8160 8159 8158]  -68.48 
[27222 10090 10089 10088] -179.40 
[27224 10178 10177 10176]    4.44 
[27229 7724 7723 7722]  -91.65 
[27231 7802 7801 7800]  131.50 
Mapping
Ligand acceptors to protein hydrogens (mapping then atom ids)
  3   7 [ 17->8111]
Ligand hydrogens to protein acceptors (mapping then atom ids)
  1   5 [ 22->7882]
  2  11 [ 23->8101]
Ligand shape atoms to protein points (mapping then atom ids & coords)
Chromosome values
Integers:
  -1   -1    6    4   10   -1   -1   -1   -1   -1   -1   -1 
--------------------------------------------------------------------------------


--------------------------------------------------------------------------------
--- Diverse Solutions Stats                                                  ---
--------------------------------------------------------------------------------
  Move attempts                            :  18890
  Move failures                            :     13
  Failure rate                             :   0.001

--------------------------------------------------------------------------------

Current Ranking  3  1  6  4  2  9  8  7  5

--------------------------------------------------------------------------------

* GA execution time :                                                           
  total  0.4006 user  0.3972 sys  0.0034

--------------------------------------------------------------------------------
Fitness function evaluations: 20270

--------------------------------------------------------------------------------
** Docking run number 10 **
--------------------------------------------------------------------------------
  Rank fitness base is 5000.00 ; increment is 11.2233

* Initialising population(s) ...                                                
Number of constraints mappings 0
Number of constraints 0
  Population no.                           :      1
  Population size                          :    100
  Number of duplicates                     :      0
  Number of niche violations               :      0
  Number of errors                         :   1187


Doing GA, no. of population(s) 1 size 100 selection pressure 1.100000

 Operation      Fitness  S(hb_ext) S(vdw_ext)  S(hb_int)    S(int)      intcor
         0      19.27       3.20      12.78       0.00      -7.55      -0.76
Reordering...
        60      17.02       5.44       9.07       0.00      -4.20      -0.76
       206      18.14       1.63      13.44       0.00      -7.97      -0.76
       313      18.13       0.76      15.69       0.00     -15.22      -0.76
Reordering...
       420      16.39       2.60      10.77       0.00      -3.26      -0.76
       551      15.72       1.49      14.28       0.00     -15.13      -0.76
       581      18.52       0.70      13.72       0.00      -2.80      -0.76
Reordering...
       900      12.73       2.18       8.92       0.00      -3.26      -0.76
       927      17.27       2.83      10.79       0.00      -0.72      -0.76
      1143      15.02       2.54       9.19       0.00      -0.23      -0.76
      1292      13.88       2.38       8.49       0.00      -0.23      -0.76
      1452      11.92       1.18       8.59       0.00      -1.14      -0.76
      1750      13.10       1.21       9.94       0.00      -1.77      -0.76
      1788      13.37       1.47       9.94       0.00      -1.77      -0.76
--------------------------------------------------------------------------------
Best docking solution after GA:
      2000      13.37       1.47       9.94       0.00      -1.77      -0.76

#ops:       2000 #mutates:   1018 #cross:      982 #dups:       559 
#niche:      975 #errors:     139 
--------------------------------------------------------------------------------

Doing AMOEBA simplex on best individual
Done simplexing #iterations 1677, best score  23.90

Ligand is stored in gold_soln_ligand_prepared_m1_10.mol2


--------------------------------------------------------------------------------
--- GoldScore breakdown of terms                                             ---
--------------------------------------------------------------------------------
Fitness = S(hb_ext) + 1.3750*S(vdw_ext) + S(hb_int) + 1.0000*S(int)
S(int)  = S(vdw_int) + S(tors)

Internal terms are relative to best energy found (intcor).

--------------------------------------------------------------------------------


     Fitness  S(hb_ext) S(vdw_ext)  S(hb_int)    S(int)      intcor
     23.90       0.25      17.90       0.00      -0.97      -0.76

--------------------------------------------------------------------------------
--- GoldScore analysis of protein-ligand interactions                        ---
--------------------------------------------------------------------------------

  Ligand acceptor    9 Protein hydrogen 8117 donor 8100 bond energy  2.00 wt 0.01
  Ligand acceptor   17 Protein hydrogen 8171 donor 8157 bond energy  2.00 wt 0.02
  Ligand donor    8 hydrogen   22 Protein acceptor 8160 bond energy  2.00 wt 0.09

--------------------------------------------------------------------------------

--------------------------------------------------------------------------------
--- Rescoring solution                                                       ---
--------------------------------------------------------------------------------

     Score     S(PLP)   S(hbond)     S(cho)   S(metal)  DE(clash)   DE(tors)
    -23.83      27.18       1.68       0.00       0.00       0.00       0.84

Doing AMOEBA simplex on best individual
AMOEBA simplex failed to converge after 2000 iterations
Done simplexing #iterations 2000, best score  12.71

     Score     S(PLP)   S(hbond)     S(cho)   S(metal)  DE(clash)   DE(tors)
     12.71      -9.76       1.51       0.00       0.00       1.03       0.28

--------------------------------------------------------------------------------
--- CHEMPLP breakdown of terms                                               ---
--------------------------------------------------------------------------------
CHEMPLP = - ( 1.0000*S(PLP) + -3.0000*S(hbond) + -6.0000*S(metal) + -3.0000*S(cho) )

Score = CHEMPLP - 1.0000*DE(clash) - 2.0000*DE(tors)


--------------------------------------------------------------------------------


--------------------------------------------------------------------------------
--- PLP analysis of protein-ligand interactions                              ---
--------------------------------------------------------------------------------
hydrogen bonding        :      -1.58
metal                   :       0.00
buried (polar-nonpolar) :      -3.47
nonpolar                :      -6.36
repulsive               :       0.47
--------------------------------------------------------------------------------


--------------------------------------------------------------------------------
--- ChemScore analysis of protein-ligand interactions                        ---
--------------------------------------------------------------------------------

* Hydrogen bonds                                                                
Protein donor 8100 hydrogen 8117 Ligand acceptor    9 bond energy  1.00 wt 0.91
Protein donor 8157 hydrogen 8171 Ligand acceptor   17 bond energy  1.00 wt 0.60


* CH..O interactions                                                            
  CH group selection                       : activated ring CH (adjacent to hetatom)

--------------------------------------------------------------------------------


--------------------------------------------------------------------------------
--- Intra-ligand clashes                                                     ---
--------------------------------------------------------------------------------

Ligand
  7 (C7   ) -   4 (C4   ):   1.03 (dist   2.72)
--------------------------------------------------------------------------------


--------------------------------------------------------------------------------
--- Chromosome decoded                                                       ---
--------------------------------------------------------------------------------
Ligand Torsions
[   6    2    1    3]   79.99
[  12    5    1    2] -170.85
Protein Torsions
[6579 6563 6564 6565]  145.15 
[6671 6647 6648 6649] -144.76 
[8031 8015 8016 8017]  -70.88 
[8111 8093 8094 8095]   35.02 
[8171 8157 8158 8159]  121.21 
[8251 8229 8230 8231]   62.66 
[9566 9530 9529 9527]  107.96 
[8319 8303 8304 8305]   -3.97 
[10191 10175 10176 10177]  -47.36 
[7948 7929 7930 7931] -144.84 
[7895 7879 7880 7881]  138.25 
[7899 7884 7883 7880] -112.35 
[6811 6793 6794 6795]   66.42 
[27200 6326 6325 6324] -174.82 
[27203 6566 6565 6564]  161.59 
[27206 7882 7881 7880]   29.67 
[27208 7932 7931 7930]  140.66 
[27211 8018 8017 8016]  -80.55 
[27214 8096 8095 8094]   57.72 
[27217 8160 8159 8158]   19.39 
[27222 10090 10089 10088]  -84.88 
[27224 10178 10177 10176]   -0.77 
[27229 7724 7723 7722]   26.97 
[27231 7802 7801 7800]  -91.95 
Mapping
Ligand acceptors to protein hydrogens (mapping then atom ids)
  1   8 [  9->8117]
  2   4 [ 11->6822]
  3  10 [ 17->8171]
Ligand hydrogens to protein acceptors (mapping then atom ids)
  1  13 [ 22->8160]
Ligand shape atoms to protein points (mapping then atom ids & coords)
Chromosome values
Integers:
   7    3    9   12   -1   -1   -1   -1   -1   -1   -1   -1 
--------------------------------------------------------------------------------


--------------------------------------------------------------------------------
--- Diverse Solutions Stats                                                  ---
--------------------------------------------------------------------------------
  Move attempts                            :  19029
  Move failures                            :     23
  Failure rate                             :   0.001

--------------------------------------------------------------------------------

Current Ranking  3  1  6  4  2 10  9  8  7  5

--------------------------------------------------------------------------------

* GA execution time :                                                           
  total  0.4008 user  0.3775 sys  0.0233

--------------------------------------------------------------------------------
Fitness function evaluations: 20412

--------------------------------------------------------------------------------
--- Ranking analysis                                                         ---
--------------------------------------------------------------------------------


* Final ranked order of GA solutions:                                           
   3  1  6  4  2 10  9  8  7  5 

  _______________________________
  RMSD Matrix of RANKED solutions

        2    3    4    5    6    7    8    9   10  

   1 :  3.7  3.8  5.0  2.4  6.5  7.6  7.1  3.8  2.8
   2 :       0.2  4.4  3.3  4.7  6.5  5.7  3.9  3.8
   3 :            4.4  3.3  4.6  6.4  5.6  4.0  3.9
   4 :                 4.5  5.1  3.7  5.6  6.7  4.3
   5 :                      5.3  6.4  5.9  4.8  1.4
   6 :                           4.8  1.1  8.0  5.5
   7 :                                4.9  9.6  6.1
   8 :                                     8.7  6.1
   9 :                                          4.9

  Clustering method                        : complete linkage
  Structure ids in cluster table           : rank nos.
  Ordering of clusters and their members   : by rank (order if from rms_analysis)

  Distance | Clusters
   0.16    |  1 |  2  3 |  4 |  5 |  6 |  7 |  8 |  9 | 10 |
   1.15    |  1 |  2  3 |  4 |  5 |  6  8 |  7 |  9 | 10 |
   1.38    |  1 |  2  3 |  4 |  5 10 |  6  8 |  7 |  9 |
   2.81    |  1  5 10 |  2  3 |  4 |  6  8 |  7 |  9 |
   3.67    |  1  5 10 |  2  3 |  4  7 |  6  8 |  9 |
   3.86    |  1  2  3  5 10 |  4  7 |  6  8 |  9 |
   4.94    |  1  2  3  5  9 10 |  4  7 |  6  8 |
   5.57    |  1  2  3  5  9 10 |  4  6  7  8 |
   9.56    |  1  2  3  4  5  6  7  8  9 10 |
  Finished Docking Ligand                  : /mnt/c/Users/ricca/Desktop/Documents/Rimoli/Reverse_Docking_Explore_V4/4v3u/ligand_prepared.mol2
--------------------------------------------------------------------------------

  Relative_Ligand_Energy (best encountered) :  -0.765
  Relative_Ligand_Energy: fitness values have been corrected using this amount
