
--------------------------------------------------------------------------------
--- Ligand                                                                   ---
--------------------------------------------------------------------------------
  Ligand loaded from file                  : /mnt/c/Users/ricca/Desktop/Documents/Rimoli/Reverse_Docking_Explore_V4/4v3u/ligand_prepared.mol2
  Ligand name                              :  
  "CT1002167954                                                             "

--------------------------------------------------------------------------------
  N.plc donors                             : 
  none found

  Acidic nitrogen acceptors                : 
  none found
  Sulfur acceptors                         :
  none found


  Donor atoms                              :      2
  8   10  
  Acceptor atoms                           :      3
  9   11  17  

  Hydrogens                                :  (n = 2)
  22   23   

  Lone pairs added to molecule             :      6
  Numbering                                : from 30 to 35

--------------------------------------------------------------------------------
--- Postprocessing of typing                                                 ---
--------------------------------------------------------------------------------
  Fragment file                            : /home/hitesit/CCDC/Discovery_2022/GOLD/gold/rotatable_bond_override.mol2
  acylurea fragment                        : 2 matches
  Ligand bond 15-8  set to flip
  Ligand bond 15-10  set to flip
  Ligand bond 15-10  set to 1
  Ligand bond 15-8  set to 1
  Ligand bond 10-4  set to flip
  Ligand bond 8-3  set to flip
  thioacylthiourea fragment                : no matches
  acylthiourea fragment                    : no matches
  thioacylurea fragment                    : no matches
  diarylamine fragment >C.ar-NH-C.ar<      : no matches
  sec-amine (1) fragment                   : no matches
  sec-amine (2) fragment                   : no matches
  sec-amine (3) fragment                   : no matches
  carboxylic ester                         : no matches

* Rotatable bonds in /mnt/c/Users/ricca/D  :
  [   1    2] [   1    5] 
  No. of rotatable bonds                   :      2


* Reading torsional distributions from file:
  /home/hitesit/CCDC/Discovery_2022/GOLD/gold/gold.tordist
  No. of bins in torsional distributions   :     36
  Minimum size of largest peak             :      0
  Removing high energy torsions            : on
  Delta E set to                           :   2.500

* Fragments found in /mnt/c/Users/ricca/D  :
  atom   2: benzene
  atom   6: benzene
  atom   7: benzene
  atom  13: benzene
  atom  14: benzene
  atom  16: benzene


* Checking torsion distributions:                                               
  No. of matched torsions                  :      0

--------------------------------------------------------------------------------
--- Shape fitting atoms selection (hydrophobic atoms)                        ---
--------------------------------------------------------------------------------
  Molecule                                 : /mnt/c/Users/ricca/Desktop/Documents/Rimoli/Reverse_Docking_Explore_V4/4v3u/ligand_prepared.mol2
  Selection                                : carbons only
  Atom numbers                             :  (n = 7)
  5    6    7    12   13   14   16   

--------------------------------------------------------------------------------
--- Diverse Solutions Setup                                                  ---
--------------------------------------------------------------------------------
  Cluster size                             :      2
  RMSD                                     :   2.000
  Refinement                               :      0


--------------------------------------------------------------------------------
--- ChemScore ligand setup summary                                           ---
--------------------------------------------------------------------------------
  ChemScore ligand acceptors               :      3
  9 11 17 
  ChemScore ligand donors                  :      2
  8 ( 22  ) 10 ( 23  ) 
  ChemScore ligand CH donors               :      0
  

  ChemScore ligand lipophilic atoms        :  (n = 9)
  1    2    5    6    7    12   13   14   16   

  ChemScore ligand rotatable bonds         :      2
  1   (C1 ) - 2   (C2 ): SP3_SP2_BOND
  1   (C1 ) - 5   (C5 ): SP3_SP3_BOND

--------------------------------------------------------------------------------
--- PLP ligand setup summary                                                 ---
--------------------------------------------------------------------------------
    1    C1   C.3 NONPOLAR
    2    C2  C.ar NONPOLAR
    3    C3   C.2 NONPOLAR
    4    C4   C.2 NONPOLAR
    5    C5   C.3 NONPOLAR
    6    C6  C.ar NONPOLAR
    7    C7  C.ar NONPOLAR
    8    N8  N.am DONOR
    9    O9   O.2 ACCEPTOR
   10   N10  N.am DONOR
   11   O11   O.2 ACCEPTOR
   12   C12   C.3 NONPOLAR
   13   C13  C.ar NONPOLAR
   14   C14  C.ar NONPOLAR
   15   C15   C.2 NONPOLAR
   16   C16  C.ar NONPOLAR
   17   O17   O.2 ACCEPTOR

--------------------------------------------------------------------------------
--- Automatic parameter setting                                              ---
--------------------------------------------------------------------------------
  Contribution base                        :   2500
  Contribution per rotatable bond          :   6000
  Contribution per df                      :   4000
  Contribution per water                   :  10000
  Ligand rotatable bonds                   :      2
  Protein flexible side chain bonds        :      0
  Total rotatable bonds                    :      2
  Hydrophobic vol ratio (P/L)              :   0.364
  Base multiplier (polar)                  :   1.000
  Base multiplier (apolar)                 :   0.509
  Base contribution                        : 2500.000
  Fitting points                           :      5
  Estimated maxops needed (optimal)        :  15000
  Autoscale factor (in percent)            :     10
  Scaled maxops                            :   1750

--------------------------------------------------------------------------------

* Population settings                                                           
  maxops                                   :   1750
  popsiz                                   :    100
  select_pressure                          :   1.100
  n_islands                                :      1
  niche_siz                                :      2

* GA settings                                                                   
  pt_crosswt                               :    100
  allele_mutatewt                          :    100
  migratewt                                :      0

* Search settings                                                               
  start_vdw_linear_cutoff                  :   6.000
  initial_virtual_pt_match_max             :   3.000
  Scaling of internal VDW energy           : log scale from  0.2 to    1
                                             over 1312 ops
  Sampling interval (operations)           :     17
  Scaling of virtual pt maximum length     : linear scale from    3 to    2
                                             over  1312 ops
  Sampling interval (operations)           :     52
  Scaling of 4-8 potential cutoff          : log scale from    6 to 1.2e+02
                                             over 1312 ops
  Sampling interval (operations)           :     52

--------------------------------------------------------------------------------

* Ligand initialisation time :                                                  
  total  0.0115 user  0.0000 sys  0.0115

--------------------------------------------------------------------------------

--------------------------------------------------------------------------------
** Docking run number  1 **
--------------------------------------------------------------------------------
  Rank fitness base is 5000.00 ; increment is 11.2233

* Initialising population(s) ...                                                
Number of constraints mappings 0
Number of constraints 0
  Population no.                           :      1
  Population size                          :    100
  Number of duplicates                     :      0
  Number of niche violations               :      0
  Number of errors                         :     33


Doing GA, no. of population(s) 1 size 100 selection pressure 1.100000

 Operation      Fitness  S(hb_ext) S(vdw_ext)  S(hb_int)    S(int)      intcor
         0      25.61       1.01      18.85       0.00      -6.59      -0.79
       156      24.52       0.00      18.47       0.00      -3.64      -0.79
       420      24.44       0.00      18.39       0.00      -2.57      -0.79
       778      23.49       0.00      17.38       0.00      -0.80      -0.79
      1016      22.70       0.00      17.36       0.00      -1.70      -0.79
Reordering...
      1144      21.70       0.00      16.32       0.00      -0.91      -0.79
      1149      21.91       0.00      17.45       0.00      -2.57      -0.79
Reordering...
      1258      21.58       0.00      16.32       0.00      -0.91      -0.79
      1342      25.30       0.00      19.64       0.00      -1.70      -0.79
      1442      25.67       0.00      19.72       0.00      -1.45      -0.79
--------------------------------------------------------------------------------
Best docking solution after GA:
      1750      25.67       0.00      19.72       0.00      -1.45      -0.79

#ops:       1750 #mutates:    886 #cross:      864 #dups:       524 
#niche:      755 #errors:      12 
--------------------------------------------------------------------------------

Doing AMOEBA simplex on best individual
Done simplexing #iterations 1066, best score  28.33

Ligand is stored in gold_soln_ligand_prepared_m1_1.mol2


--------------------------------------------------------------------------------
--- GoldScore breakdown of terms                                             ---
--------------------------------------------------------------------------------
Fitness = S(hb_ext) + 1.3750*S(vdw_ext) + S(hb_int) + 1.0000*S(int)
S(int)  = S(vdw_int) + S(tors)

Internal terms are relative to best energy found (intcor).

--------------------------------------------------------------------------------


     Fitness  S(hb_ext) S(vdw_ext)  S(hb_int)    S(int)      intcor
     28.33       0.00      21.41       0.00      -1.11      -0.79

--------------------------------------------------------------------------------
--- GoldScore analysis of protein-ligand interactions                        ---
--------------------------------------------------------------------------------


--------------------------------------------------------------------------------

--------------------------------------------------------------------------------
--- Rescoring solution                                                       ---
--------------------------------------------------------------------------------

     Score     S(PLP)   S(hbond)     S(cho)   S(metal)  DE(clash)   DE(tors)
      3.07      -5.43       0.00       0.00       0.00       0.96       0.70

Doing AMOEBA simplex on best individual
Done simplexing #iterations 1218, best score  24.00

     Score     S(PLP)   S(hbond)     S(cho)   S(metal)  DE(clash)   DE(tors)
     24.00     -26.03       0.00       0.00       0.00       0.00       1.02

--------------------------------------------------------------------------------
--- CHEMPLP breakdown of terms                                               ---
--------------------------------------------------------------------------------
CHEMPLP = - ( 1.0000*S(PLP) + -3.0000*S(hbond) + -6.0000*S(metal) + -3.0000*S(cho) )

Score = CHEMPLP - 1.0000*DE(clash) - 2.0000*DE(tors)


--------------------------------------------------------------------------------


--------------------------------------------------------------------------------
--- PLP analysis of protein-ligand interactions                              ---
--------------------------------------------------------------------------------
hydrogen bonding        :      -1.00
metal                   :       0.00
buried (polar-nonpolar) :      -4.35
nonpolar                :     -20.65
repulsive               :       0.21
--------------------------------------------------------------------------------


--------------------------------------------------------------------------------
--- ChemScore analysis of protein-ligand interactions                        ---
--------------------------------------------------------------------------------

* Hydrogen bonds                                                                


* CH..O interactions                                                            
  CH group selection                       : activated ring CH (adjacent to hetatom)

--------------------------------------------------------------------------------


--------------------------------------------------------------------------------
--- Intra-ligand clashes                                                     ---
--------------------------------------------------------------------------------

Ligand
  6 (C6   ) -   3 (C3   ):   0.00 (dist   2.75)
--------------------------------------------------------------------------------


--------------------------------------------------------------------------------
--- Chromosome decoded                                                       ---
--------------------------------------------------------------------------------
Ligand Torsions
[   6    2    1    3]  -21.01
[  12    5    1    2]  171.79
Protein Torsions
[8319 8303 8304 8305]  -87.72 
[8355 8345 8346 8347]    3.16 
[8419 8397 8398 8399]  172.62 
[8503 8487 8488 8489]   25.47 
[9071 9050 9049 9047]  -54.16 
[8251 8229 8230 8231]   57.72 
[8543 8531 8532 8533] -148.19 
[10323 10307 10308 10309]  -44.39 
[27205 8306 8305 8304] -163.39 
[27220 8348 8347 8346]  -27.69 
[27222 8400 8399 8398]  146.08 
[27224 8160 8159 8158]  -11.08 
[27226 8232 8231 8230]  -75.36 
[27230 10310 10309 10308]  -26.38 
Mapping
Ligand acceptors to protein hydrogens (mapping then atom ids)
Ligand hydrogens to protein acceptors (mapping then atom ids)
Ligand shape atoms to protein points (mapping then atom ids & coords)
  2   680 [  6->(210.250  43.250  10.750)]
  3   589 [  7->(210.000  41.750  10.500)]
  5   824 [ 13->(211.500  43.000   9.500)]
  7   764 [ 16->(211.000  42.000   9.500)]
Chromosome values
Integers:
  -1   -1   -1   -1   -1   -1  679  588   -1  823   -1  763 
--------------------------------------------------------------------------------


--------------------------------------------------------------------------------
--- Diverse Solutions Stats                                                  ---
--------------------------------------------------------------------------------
  Move attempts                            :  19382
  Move failures                            :      0
  Failure rate                             :   0.000

--------------------------------------------------------------------------------

Current Ranking  1

--------------------------------------------------------------------------------

* GA execution time :                                                           
  total  0.3466 user  0.3108 sys  0.0358

--------------------------------------------------------------------------------
Fitness function evaluations: 19425

--------------------------------------------------------------------------------
** Docking run number  2 **
--------------------------------------------------------------------------------
  Rank fitness base is 5000.00 ; increment is 11.2233

* Initialising population(s) ...                                                
Number of constraints mappings 0
Number of constraints 0
  Population no.                           :      1
  Population size                          :    100
  Number of duplicates                     :      0
  Number of niche violations               :      0
  Number of errors                         :     26


Doing GA, no. of population(s) 1 size 100 selection pressure 1.100000

 Operation      Fitness  S(hb_ext) S(vdw_ext)  S(hb_int)    S(int)      intcor
         0      26.38       0.00      20.28       0.00      -7.52      -0.79
        25      27.18       0.00      20.52       0.00      -5.09      -0.79
       221      25.00       0.00      19.15       0.00      -5.09      -0.79
Reordering...
       312      23.86       0.08      17.57       0.00      -1.30      -0.79
       315      23.87       0.08      17.46       0.00      -0.73      -0.79
       355      24.02       0.00      17.87       0.00      -1.82      -0.79
       380      23.93       0.00      17.64       0.00      -1.00      -0.79
       562      24.55       0.00      18.14       0.00      -1.00      -0.79
       620      25.19       0.43      18.43       0.00      -1.37      -0.79
Reordering...
       832      23.62       0.00      17.57       0.00      -1.00      -0.79
       915      23.41       0.35      17.38       0.00      -1.37      -0.79
Reordering...
       988      22.86       0.00      17.11       0.00      -1.00      -0.79
Reordering...
      1092      22.41       0.00      16.86       0.00      -1.02      -0.79
      1173      22.33       0.87      16.44       0.00      -1.37      -0.79
      1182      22.34       0.00      17.34       0.00      -1.79      -0.79
Reordering...
      1190      22.31       0.00      16.86       0.00      -1.02      -0.79
      1220      22.40       0.00      16.98       0.00      -1.08      -0.79
      1226      22.58       0.06      16.39       0.00      -0.01      -0.79
      1259      24.19       0.00      18.27       0.00      -1.00      -0.79
      1718      25.81       0.00      19.47       0.00      -0.97      -0.79
--------------------------------------------------------------------------------
Best docking solution after GA:
      1750      25.81       0.00      19.47       0.00      -0.97      -0.79

#ops:       1750 #mutates:    860 #cross:      890 #dups:       378 
#niche:      871 #errors:      18 
--------------------------------------------------------------------------------

Doing AMOEBA simplex on best individual
Done simplexing #iterations 931, best score  30.34

Ligand is stored in gold_soln_ligand_prepared_m1_2.mol2


--------------------------------------------------------------------------------
--- GoldScore breakdown of terms                                             ---
--------------------------------------------------------------------------------
Fitness = S(hb_ext) + 1.3750*S(vdw_ext) + S(hb_int) + 1.0000*S(int)
S(int)  = S(vdw_int) + S(tors)

Internal terms are relative to best energy found (intcor).

--------------------------------------------------------------------------------


     Fitness  S(hb_ext) S(vdw_ext)  S(hb_int)    S(int)      intcor
     30.34       0.00      22.58       0.00      -0.70      -0.79

--------------------------------------------------------------------------------
--- GoldScore analysis of protein-ligand interactions                        ---
--------------------------------------------------------------------------------


--------------------------------------------------------------------------------

--------------------------------------------------------------------------------
--- Rescoring solution                                                       ---
--------------------------------------------------------------------------------

     Score     S(PLP)   S(hbond)     S(cho)   S(metal)  DE(clash)   DE(tors)
     -4.09       1.61       0.00       0.00       0.00       0.00       1.24

Doing AMOEBA simplex on best individual
Done simplexing #iterations 1811, best score  27.38

     Score     S(PLP)   S(hbond)     S(cho)   S(metal)  DE(clash)   DE(tors)
     27.38     -26.30       0.47       0.00       0.00       0.00       0.16

--------------------------------------------------------------------------------
--- CHEMPLP breakdown of terms                                               ---
--------------------------------------------------------------------------------
CHEMPLP = - ( 1.0000*S(PLP) + -3.0000*S(hbond) + -6.0000*S(metal) + -3.0000*S(cho) )

Score = CHEMPLP - 1.0000*DE(clash) - 2.0000*DE(tors)


--------------------------------------------------------------------------------


--------------------------------------------------------------------------------
--- PLP analysis of protein-ligand interactions                              ---
--------------------------------------------------------------------------------
hydrogen bonding        :      -1.53
metal                   :       0.00
buried (polar-nonpolar) :      -5.50
nonpolar                :     -19.76
repulsive               :       0.85
--------------------------------------------------------------------------------


--------------------------------------------------------------------------------
--- ChemScore analysis of protein-ligand interactions                        ---
--------------------------------------------------------------------------------

* Hydrogen bonds                                                                
Ligand donor    8 hydrogen   22 Protein acceptor 8400 bond energy  1.00 wt 0.47


* CH..O interactions                                                            
  CH group selection                       : activated ring CH (adjacent to hetatom)

--------------------------------------------------------------------------------


--------------------------------------------------------------------------------
--- Intra-ligand clashes                                                     ---
--------------------------------------------------------------------------------

Ligand
--------------------------------------------------------------------------------


--------------------------------------------------------------------------------
--- Chromosome decoded                                                       ---
--------------------------------------------------------------------------------
Ligand Torsions
[   6    2    1    3]  148.89
[  12    5    1    2]  166.86
Protein Torsions
[8319 8303 8304 8305]   58.91 
[8355 8345 8346 8347] -146.26 
[8419 8397 8398 8399]  118.49 
[8503 8487 8488 8489]  -72.79 
[9071 9050 9049 9047]  112.18 
[8251 8229 8230 8231] -131.59 
[8543 8531 8532 8533] -170.40 
[10323 10307 10308 10309] -132.81 
[27205 8306 8305 8304]  178.90 
[27220 8348 8347 8346]  -45.12 
[27222 8400 8399 8398] -124.16 
[27224 8160 8159 8158] -166.34 
[27226 8232 8231 8230]  144.57 
[27230 10310 10309 10308]  -35.62 
Mapping
Ligand acceptors to protein hydrogens (mapping then atom ids)
Ligand hydrogens to protein acceptors (mapping then atom ids)
Ligand shape atoms to protein points (mapping then atom ids & coords)
  2   366 [  6->(208.750  43.000  13.000)]
  3   378 [  7->(209.000  42.000  11.250)]
  7   769 [ 16->(211.000  42.250   9.750)]
Chromosome values
Integers:
  -1   -1   -1   -1   -1   -1  365  377   -1   -1   -1  768 
--------------------------------------------------------------------------------


--------------------------------------------------------------------------------
--- Diverse Solutions Stats                                                  ---
--------------------------------------------------------------------------------
  Move attempts                            :  19918
  Move failures                            :      0
  Failure rate                             :   0.000

--------------------------------------------------------------------------------

Current Ranking  2  1

--------------------------------------------------------------------------------

* GA execution time :                                                           
  total  0.3504 user  0.3373 sys  0.0130

--------------------------------------------------------------------------------
Fitness function evaluations: 19961

--------------------------------------------------------------------------------
** Docking run number  3 **
--------------------------------------------------------------------------------
  Rank fitness base is 5000.00 ; increment is 11.2233

* Initialising population(s) ...                                                
Number of constraints mappings 0
Number of constraints 0
  Population no.                           :      1
  Population size                          :    100
  Number of duplicates                     :      0
  Number of niche violations               :      0
  Number of errors                         :     29


Doing GA, no. of population(s) 1 size 100 selection pressure 1.100000

 Operation      Fitness  S(hb_ext) S(vdw_ext)  S(hb_int)    S(int)      intcor
         0      24.69       0.04      19.89       0.00     -13.51      -0.79
Reordering...
       156      20.95       1.04      14.87       0.00      -2.21      -0.79
       185      20.94       0.00      15.97       0.00      -4.14      -0.79
Reordering...
       187      20.93       1.04      14.87       0.00      -2.21      -0.79
       192      21.35       2.24      14.60       0.00      -3.87      -0.79
Reordering...
       208      20.16       0.00      15.43       0.00      -4.14      -0.79
       282      20.10       0.00      14.76       0.00      -0.70      -0.79
       302      25.29       0.00      18.96       0.00      -2.73      -0.79
Reordering...
       468      23.86       0.06      17.90       0.00      -2.29      -0.79
       606      24.20       0.00      18.20       0.00      -1.99      -0.77
Reordering...
       728      23.54       0.04      17.90       0.00      -2.31      -0.77
       768      24.24       0.00      18.37       0.00      -1.99      -0.77
       890      23.78       0.00      18.15       0.00      -1.99      -0.77
       952      24.40       0.00      18.68       0.00      -1.99      -0.77
      1036      24.31       0.00      18.69       0.00      -1.99      -0.77
      1251      23.90       0.00      18.67       0.00      -1.93      -0.77
      1471      23.82       0.00      18.72       0.00      -1.93      -0.77
      1547      23.84       0.00      18.12       0.00      -1.07      -0.77
      1688      24.40       0.00      18.39       0.00      -0.90      -0.77
--------------------------------------------------------------------------------
Best docking solution after GA:
      1750      24.40       0.00      18.39       0.00      -0.90      -0.77

#ops:       1750 #mutates:    882 #cross:      868 #dups:       494 
#niche:      779 #errors:      13 
--------------------------------------------------------------------------------

Doing AMOEBA simplex on best individual
Done simplexing #iterations 811, best score  25.65

Ligand is stored in gold_soln_ligand_prepared_m1_3.mol2


--------------------------------------------------------------------------------
--- GoldScore breakdown of terms                                             ---
--------------------------------------------------------------------------------
Fitness = S(hb_ext) + 1.3750*S(vdw_ext) + S(hb_int) + 1.0000*S(int)
S(int)  = S(vdw_int) + S(tors)

Internal terms are relative to best energy found (intcor).

--------------------------------------------------------------------------------


     Fitness  S(hb_ext) S(vdw_ext)  S(hb_int)    S(int)      intcor
     25.65       0.00      19.23       0.00      -0.78      -0.77

--------------------------------------------------------------------------------
--- GoldScore analysis of protein-ligand interactions                        ---
--------------------------------------------------------------------------------


--------------------------------------------------------------------------------

--------------------------------------------------------------------------------
--- Rescoring solution                                                       ---
--------------------------------------------------------------------------------

     Score     S(PLP)   S(hbond)     S(cho)   S(metal)  DE(clash)   DE(tors)
      1.21      -3.81       0.00       0.00       0.00       0.00       1.30

Doing AMOEBA simplex on best individual
Done simplexing #iterations 1197, best score  20.38

     Score     S(PLP)   S(hbond)     S(cho)   S(metal)  DE(clash)   DE(tors)
     20.38     -22.14       0.27       0.00       0.00       0.00       1.29

--------------------------------------------------------------------------------
--- CHEMPLP breakdown of terms                                               ---
--------------------------------------------------------------------------------
CHEMPLP = - ( 1.0000*S(PLP) + -3.0000*S(hbond) + -6.0000*S(metal) + -3.0000*S(cho) )

Score = CHEMPLP - 1.0000*DE(clash) - 2.0000*DE(tors)


--------------------------------------------------------------------------------


--------------------------------------------------------------------------------
--- PLP analysis of protein-ligand interactions                              ---
--------------------------------------------------------------------------------
hydrogen bonding        :      -4.26
metal                   :       0.00
buried (polar-nonpolar) :       2.74
nonpolar                :     -22.43
repulsive               :       0.72
--------------------------------------------------------------------------------


--------------------------------------------------------------------------------
--- ChemScore analysis of protein-ligand interactions                        ---
--------------------------------------------------------------------------------

* Hydrogen bonds                                                                
Protein donor 9050 hydrogen 9071 Ligand acceptor   11 bond energy  1.00 wt 0.27


* CH..O interactions                                                            
  CH group selection                       : activated ring CH (adjacent to hetatom)

--------------------------------------------------------------------------------


--------------------------------------------------------------------------------
--- Intra-ligand clashes                                                     ---
--------------------------------------------------------------------------------

Ligand
--------------------------------------------------------------------------------


--------------------------------------------------------------------------------
--- Chromosome decoded                                                       ---
--------------------------------------------------------------------------------
Ligand Torsions
[   6    2    1    3]   85.90
[  12    5    1    2] -165.16
Protein Torsions
[8319 8303 8304 8305]  -37.40 
[8355 8345 8346 8347]  -86.43 
[8419 8397 8398 8399] -154.67 
[8503 8487 8488 8489]  -97.80 
[9071 9050 9049 9047]   49.25 
[8251 8229 8230 8231]  150.65 
[8543 8531 8532 8533]  -89.76 
[10323 10307 10308 10309] -163.45 
[27205 8306 8305 8304]   12.28 
[27220 8348 8347 8346]   45.08 
[27222 8400 8399 8398]  -74.78 
[27224 8160 8159 8158] -172.38 
[27226 8232 8231 8230]   83.81 
[27230 10310 10309 10308]   26.90 
Mapping
Ligand acceptors to protein hydrogens (mapping then atom ids)
Ligand hydrogens to protein acceptors (mapping then atom ids)
Ligand shape atoms to protein points (mapping then atom ids & coords)
  2   830 [  6->(211.500  43.250  10.000)]
  3   768 [  7->(211.000  42.250   9.500)]
  5   601 [ 13->(210.000  42.250  10.750)]
  6   728 [ 14->(210.750  41.750   9.750)]
  7   693 [ 16->(210.500  42.000  10.250)]
Chromosome values
Integers:
  -1   -1   -1   -1   -1   -1  829  767   -1  600  727  692 
--------------------------------------------------------------------------------


--------------------------------------------------------------------------------
--- Diverse Solutions Stats                                                  ---
--------------------------------------------------------------------------------
  Move attempts                            :  18935
  Move failures                            :      0
  Failure rate                             :   0.000

--------------------------------------------------------------------------------

Current Ranking  2  1  3

--------------------------------------------------------------------------------

* GA execution time :                                                           
  total  0.3389 user  0.3275 sys  0.0114

--------------------------------------------------------------------------------
Fitness function evaluations: 18975

--------------------------------------------------------------------------------
** Docking run number  4 **
--------------------------------------------------------------------------------
  Rank fitness base is 5000.00 ; increment is 11.2233

* Initialising population(s) ...                                                
Number of constraints mappings 0
Number of constraints 0
  Population no.                           :      1
  Population size                          :    100
  Number of duplicates                     :      0
  Number of niche violations               :      0
  Number of errors                         :     33


Doing GA, no. of population(s) 1 size 100 selection pressure 1.100000

 Operation      Fitness  S(hb_ext) S(vdw_ext)  S(hb_int)    S(int)      intcor
         0      24.14       0.00      20.34       0.00     -19.13      -0.77
        68      26.22       0.00      19.97       0.00      -5.74      -0.77
       218      27.42       0.00      20.93       0.00      -5.32      -0.77
       226      27.56       0.00      21.06       0.00      -5.32      -0.77
       418      25.68       0.00      20.03       0.00      -5.65      -0.77
Reordering...
       572      23.99       0.53      18.07       0.00      -3.49      -0.77
       637      25.69       0.13      19.19       0.00      -1.93      -0.77
      1305      24.66       0.00      19.22       0.00      -1.81      -0.77
      1481      24.69       0.00      18.67       0.00      -0.97      -0.77
--------------------------------------------------------------------------------
Best docking solution after GA:
      1750      24.69       0.00      18.67       0.00      -0.97      -0.77

#ops:       1750 #mutates:    865 #cross:      885 #dups:       483 
#niche:      858 #errors:      14 
--------------------------------------------------------------------------------

Doing AMOEBA simplex on best individual
Done simplexing #iterations 1163, best score  27.79

Ligand is stored in gold_soln_ligand_prepared_m1_4.mol2


--------------------------------------------------------------------------------
--- GoldScore breakdown of terms                                             ---
--------------------------------------------------------------------------------
Fitness = S(hb_ext) + 1.3750*S(vdw_ext) + S(hb_int) + 1.0000*S(int)
S(int)  = S(vdw_int) + S(tors)

Internal terms are relative to best energy found (intcor).

--------------------------------------------------------------------------------


     Fitness  S(hb_ext) S(vdw_ext)  S(hb_int)    S(int)      intcor
     27.79       0.00      20.91       0.00      -0.96      -0.77

--------------------------------------------------------------------------------
--- GoldScore analysis of protein-ligand interactions                        ---
--------------------------------------------------------------------------------


--------------------------------------------------------------------------------

--------------------------------------------------------------------------------
--- Rescoring solution                                                       ---
--------------------------------------------------------------------------------

     Score     S(PLP)   S(hbond)     S(cho)   S(metal)  DE(clash)   DE(tors)
     12.92     -15.01       0.00       0.00       0.00       0.00       1.05

Doing AMOEBA simplex on best individual
Done simplexing #iterations 1151, best score  24.72

     Score     S(PLP)   S(hbond)     S(cho)   S(metal)  DE(clash)   DE(tors)
     24.72     -26.80       0.00       0.00       0.00       0.00       1.04

--------------------------------------------------------------------------------
--- CHEMPLP breakdown of terms                                               ---
--------------------------------------------------------------------------------
CHEMPLP = - ( 1.0000*S(PLP) + -3.0000*S(hbond) + -6.0000*S(metal) + -3.0000*S(cho) )

Score = CHEMPLP - 1.0000*DE(clash) - 2.0000*DE(tors)


--------------------------------------------------------------------------------


--------------------------------------------------------------------------------
--- PLP analysis of protein-ligand interactions                              ---
--------------------------------------------------------------------------------
hydrogen bonding        :      -1.00
metal                   :       0.00
buried (polar-nonpolar) :      -4.48
nonpolar                :     -21.39
repulsive               :       0.71
--------------------------------------------------------------------------------


--------------------------------------------------------------------------------
--- ChemScore analysis of protein-ligand interactions                        ---
--------------------------------------------------------------------------------

* Hydrogen bonds                                                                


* CH..O interactions                                                            
  CH group selection                       : activated ring CH (adjacent to hetatom)

--------------------------------------------------------------------------------


--------------------------------------------------------------------------------
--- Intra-ligand clashes                                                     ---
--------------------------------------------------------------------------------

Ligand
--------------------------------------------------------------------------------


--------------------------------------------------------------------------------
--- Chromosome decoded                                                       ---
--------------------------------------------------------------------------------
Ligand Torsions
[   6    2    1    3]  157.15
[  12    5    1    2]  169.26
Protein Torsions
[8319 8303 8304 8305]  159.56 
[8355 8345 8346 8347]  -79.17 
[8419 8397 8398 8399] -174.53 
[8503 8487 8488 8489]  -88.98 
[9071 9050 9049 9047] -173.10 
[8251 8229 8230 8231]   37.63 
[8543 8531 8532 8533] -163.56 
[10323 10307 10308 10309] -176.73 
[27205 8306 8305 8304] -109.21 
[27220 8348 8347 8346]  116.08 
[27222 8400 8399 8398]    4.26 
[27224 8160 8159 8158]   -4.49 
[27226 8232 8231 8230]  -90.57 
[27230 10310 10309 10308]  -83.02 
Mapping
Ligand acceptors to protein hydrogens (mapping then atom ids)
Ligand hydrogens to protein acceptors (mapping then atom ids)
Ligand shape atoms to protein points (mapping then atom ids & coords)
  2   364 [  6->(208.750  43.000  12.500)]
  4    47 [ 12->(207.250  41.500  14.000)]
  5   589 [ 13->(210.000  41.750  10.500)]
  6   758 [ 14->(210.750  43.250  10.000)]
  7   642 [ 16->(210.250  41.750  10.500)]
Chromosome values
Integers:
  -1   -1   -1   -1   -1   -1  363   -1   46  588  757  641 
--------------------------------------------------------------------------------


--------------------------------------------------------------------------------
--- Diverse Solutions Stats                                                  ---
--------------------------------------------------------------------------------
  Move attempts                            :  19584
  Move failures                            :      0
  Failure rate                             :   0.000

--------------------------------------------------------------------------------

Current Ranking  2  1  4  3

--------------------------------------------------------------------------------

* GA execution time :                                                           
  total  0.3437 user  0.3308 sys  0.0130

--------------------------------------------------------------------------------
Fitness function evaluations: 19629

--------------------------------------------------------------------------------
** Docking run number  5 **
--------------------------------------------------------------------------------
  Rank fitness base is 5000.00 ; increment is 11.2233

* Initialising population(s) ...                                                
Number of constraints mappings 0
Number of constraints 0
  Population no.                           :      1
  Population size                          :    100
  Number of duplicates                     :      0
  Number of niche violations               :      0
  Number of errors                         :     38


Doing GA, no. of population(s) 1 size 100 selection pressure 1.100000

 Operation      Fitness  S(hb_ext) S(vdw_ext)  S(hb_int)    S(int)      intcor
         0      22.07       0.00      19.43       0.00     -23.25      -0.76
Reordering...
        68      21.07       0.00      16.23       0.00      -5.72      -0.76
        74      26.50       0.00      19.60       0.00      -2.04      -0.76
       257      24.76       0.00      18.42       0.00      -2.04      -0.76
Reordering...
       676      19.36       0.15      14.91       0.00      -2.88      -0.76
Reordering...
       697      19.31       0.00      14.74       0.00      -2.04      -0.76
       697      22.36       0.00      16.74       0.00      -1.41      -0.76
Reordering...
       780      22.11       0.00      16.50       0.00      -1.14      -0.76
      1234      21.75       0.00      16.50       0.00      -1.04      -0.76
      1674      21.67       0.00      16.44       0.00      -0.94      -0.76
--------------------------------------------------------------------------------
Best docking solution after GA:
      1750      21.67       0.00      16.44       0.00      -0.94      -0.76

#ops:       1750 #mutates:    888 #cross:      862 #dups:       522 
#niche:      756 #errors:      45 
--------------------------------------------------------------------------------

Doing AMOEBA simplex on best individual
Done simplexing #iterations 1200, best score  28.56

Ligand is stored in gold_soln_ligand_prepared_m1_5.mol2


--------------------------------------------------------------------------------
--- GoldScore breakdown of terms                                             ---
--------------------------------------------------------------------------------
Fitness = S(hb_ext) + 1.3750*S(vdw_ext) + S(hb_int) + 1.0000*S(int)
S(int)  = S(vdw_int) + S(tors)

Internal terms are relative to best energy found (intcor).

--------------------------------------------------------------------------------


     Fitness  S(hb_ext) S(vdw_ext)  S(hb_int)    S(int)      intcor
     28.56       0.00      21.22       0.00      -0.62      -0.76

--------------------------------------------------------------------------------
--- GoldScore analysis of protein-ligand interactions                        ---
--------------------------------------------------------------------------------


--------------------------------------------------------------------------------

--------------------------------------------------------------------------------
--- Rescoring solution                                                       ---
--------------------------------------------------------------------------------

     Score     S(PLP)   S(hbond)     S(cho)   S(metal)  DE(clash)   DE(tors)
      9.84     -12.03       0.00       0.00       0.00       0.00       1.09

Doing AMOEBA simplex on best individual
Done simplexing #iterations 956, best score  23.33

     Score     S(PLP)   S(hbond)     S(cho)   S(metal)  DE(clash)   DE(tors)
     23.33     -24.94       0.00       0.00       0.00       0.03       0.79

--------------------------------------------------------------------------------
--- CHEMPLP breakdown of terms                                               ---
--------------------------------------------------------------------------------
CHEMPLP = - ( 1.0000*S(PLP) + -3.0000*S(hbond) + -6.0000*S(metal) + -3.0000*S(cho) )

Score = CHEMPLP - 1.0000*DE(clash) - 2.0000*DE(tors)


--------------------------------------------------------------------------------


--------------------------------------------------------------------------------
--- PLP analysis of protein-ligand interactions                              ---
--------------------------------------------------------------------------------
hydrogen bonding        :      -1.00
metal                   :       0.00
buried (polar-nonpolar) :      -4.73
nonpolar                :     -20.37
repulsive               :       1.13
--------------------------------------------------------------------------------


--------------------------------------------------------------------------------
--- ChemScore analysis of protein-ligand interactions                        ---
--------------------------------------------------------------------------------

* Hydrogen bonds                                                                


* CH..O interactions                                                            
  CH group selection                       : activated ring CH (adjacent to hetatom)

--------------------------------------------------------------------------------


--------------------------------------------------------------------------------
--- Intra-ligand clashes                                                     ---
--------------------------------------------------------------------------------

Ligand
  7 (C7   ) -   3 (C3   ):   0.03 (dist   2.75)
--------------------------------------------------------------------------------


--------------------------------------------------------------------------------
--- Chromosome decoded                                                       ---
--------------------------------------------------------------------------------
Ligand Torsions
[   6    2    1    3]  138.63
[  12    5    1    2]  169.22
Protein Torsions
[8319 8303 8304 8305] -133.41 
[8355 8345 8346 8347] -151.03 
[8419 8397 8398 8399]  -42.76 
[8503 8487 8488 8489]   46.06 
[9071 9050 9049 9047]  113.54 
[8251 8229 8230 8231]  159.82 
[8543 8531 8532 8533]   26.09 
[10323 10307 10308 10309]   16.36 
[27205 8306 8305 8304]   74.36 
[27220 8348 8347 8346]  -95.48 
[27222 8400 8399 8398] -127.24 
[27224 8160 8159 8158]  144.33 
[27226 8232 8231 8230]   40.30 
[27230 10310 10309 10308] -122.74 
Mapping
Ligand acceptors to protein hydrogens (mapping then atom ids)
Ligand hydrogens to protein acceptors (mapping then atom ids)
Ligand shape atoms to protein points (mapping then atom ids & coords)
  3    87 [  7->(207.500  41.750  12.500)]
  6   437 [ 14->(209.250  42.250  12.000)]
  7   288 [ 16->(208.500  42.250  12.750)]
Chromosome values
Integers:
  -1   -1   -1   -1   -1   -1   -1   86   -1   -1  436  287 
--------------------------------------------------------------------------------


--------------------------------------------------------------------------------
--- Diverse Solutions Stats                                                  ---
--------------------------------------------------------------------------------
  Move attempts                            :  19048
  Move failures                            :     41
  Failure rate                             :   0.002

--------------------------------------------------------------------------------

Current Ranking  2  5  1  4  3

--------------------------------------------------------------------------------

* GA execution time :                                                           
  total  0.3658 user  0.3658 sys  0.0000

--------------------------------------------------------------------------------
Fitness function evaluations: 19089

--------------------------------------------------------------------------------
** Docking run number  6 **
--------------------------------------------------------------------------------
  Rank fitness base is 5000.00 ; increment is 11.2233

* Initialising population(s) ...                                                
Number of constraints mappings 0
Number of constraints 0
  Population no.                           :      1
  Population size                          :    100
  Number of duplicates                     :      0
  Number of niche violations               :      0
  Number of errors                         :     44


Doing GA, no. of population(s) 1 size 100 selection pressure 1.100000

 Operation      Fitness  S(hb_ext) S(vdw_ext)  S(hb_int)    S(int)      intcor
         0      22.42       0.08      17.15       0.00      -6.20      -0.76
        28      23.39       1.60      17.42       0.00     -10.57      -0.76
Reordering...
       156      21.55       0.07      16.71       0.00      -6.20      -0.76
       221      21.19       0.08      16.53       0.00      -6.20      -0.76
       298      20.91       0.08      16.43       0.00      -6.20      -0.76
       313      20.78       0.07      16.37       0.00      -6.20      -0.76
       329      21.24       1.47      14.61       0.00      -1.07      -0.76
       347      22.02       0.50      17.35       0.00      -7.70      -0.76
       362      22.03       0.15      16.37       0.00      -2.02      -0.76
       448      21.85       1.70      14.92       0.00      -1.07      -0.76
Reordering...
       468      21.60       0.12      16.14       0.00      -2.02      -0.76
       617      21.81       0.10      15.95       0.00      -0.51      -0.76
       757      21.96       0.00      17.54       0.00      -4.32      -0.76
Reordering...
       901      21.55       0.00      15.81       0.00      -0.30      -0.76
      1000      22.39       0.00      16.74       0.00      -0.93      -0.76
      1082      22.34       0.00      16.74       0.00      -0.91      -0.76
      1086      22.54       0.00      16.89       0.00      -0.93      -0.76
      1242      22.42       0.00      16.92       0.00      -0.93      -0.76
      1447      27.26       0.00      20.43       0.00      -0.83      -0.76
      1687      27.32       0.00      20.59       0.00      -0.99      -0.76
--------------------------------------------------------------------------------
Best docking solution after GA:
      1750      27.32       0.00      20.59       0.00      -0.99      -0.76

#ops:       1750 #mutates:    899 #cross:      851 #dups:       378 
#niche:      771 #errors:      39 
--------------------------------------------------------------------------------

Doing AMOEBA simplex on best individual
Done simplexing #iterations 995, best score  32.26

Ligand is stored in gold_soln_ligand_prepared_m1_6.mol2


--------------------------------------------------------------------------------
--- GoldScore breakdown of terms                                             ---
--------------------------------------------------------------------------------
Fitness = S(hb_ext) + 1.3750*S(vdw_ext) + S(hb_int) + 1.0000*S(int)
S(int)  = S(vdw_int) + S(tors)

Internal terms are relative to best energy found (intcor).

--------------------------------------------------------------------------------


     Fitness  S(hb_ext) S(vdw_ext)  S(hb_int)    S(int)      intcor
     32.26       0.00      24.12       0.00      -0.91      -0.76

--------------------------------------------------------------------------------
--- GoldScore analysis of protein-ligand interactions                        ---
--------------------------------------------------------------------------------


--------------------------------------------------------------------------------

--------------------------------------------------------------------------------
--- Rescoring solution                                                       ---
--------------------------------------------------------------------------------

     Score     S(PLP)   S(hbond)     S(cho)   S(metal)  DE(clash)   DE(tors)
      4.65      -7.14       0.00       0.00       0.00       0.00       1.24

Doing AMOEBA simplex on best individual
Done simplexing #iterations 1993, best score  26.46

     Score     S(PLP)   S(hbond)     S(cho)   S(metal)  DE(clash)   DE(tors)
     26.46     -26.53       0.51       0.00       0.00       0.02       0.79

--------------------------------------------------------------------------------
--- CHEMPLP breakdown of terms                                               ---
--------------------------------------------------------------------------------
CHEMPLP = - ( 1.0000*S(PLP) + -3.0000*S(hbond) + -6.0000*S(metal) + -3.0000*S(cho) )

Score = CHEMPLP - 1.0000*DE(clash) - 2.0000*DE(tors)


--------------------------------------------------------------------------------


--------------------------------------------------------------------------------
--- PLP analysis of protein-ligand interactions                              ---
--------------------------------------------------------------------------------
hydrogen bonding        :      -2.87
metal                   :       0.00
buried (polar-nonpolar) :      -4.08
nonpolar                :     -20.50
repulsive               :       0.58
--------------------------------------------------------------------------------


--------------------------------------------------------------------------------
--- ChemScore analysis of protein-ligand interactions                        ---
--------------------------------------------------------------------------------

* Hydrogen bonds                                                                
Ligand donor    8 hydrogen   22 Protein acceptor 8400 bond energy  1.00 wt 0.51


* CH..O interactions                                                            
  CH group selection                       : activated ring CH (adjacent to hetatom)

--------------------------------------------------------------------------------


--------------------------------------------------------------------------------
--- Intra-ligand clashes                                                     ---
--------------------------------------------------------------------------------

Ligand
  7 (C7   ) -   3 (C3   ):   0.02 (dist   2.75)
--------------------------------------------------------------------------------


--------------------------------------------------------------------------------
--- Chromosome decoded                                                       ---
--------------------------------------------------------------------------------
Ligand Torsions
[   6    2    1    3]  155.39
[  12    5    1    2]  167.30
Protein Torsions
[8319 8303 8304 8305]   85.59 
[8355 8345 8346 8347] -113.89 
[8419 8397 8398 8399] -177.17 
[8503 8487 8488 8489]  -12.44 
[9071 9050 9049 9047] -134.40 
[8251 8229 8230 8231]  -43.94 
[8543 8531 8532 8533]  168.25 
[10323 10307 10308 10309]  -11.24 
[27205 8306 8305 8304]  128.60 
[27220 8348 8347 8346]   74.06 
[27222 8400 8399 8398]  -12.24 
[27224 8160 8159 8158] -128.39 
[27226 8232 8231 8230] -130.09 
[27230 10310 10309 10308]  -12.78 
Mapping
Ligand acceptors to protein hydrogens (mapping then atom ids)
Ligand hydrogens to protein acceptors (mapping then atom ids)
Ligand shape atoms to protein points (mapping then atom ids & coords)
  2   376 [  6->(208.750  43.250  13.250)]
  5   522 [ 13->(209.500  43.250  12.500)]
  7   732 [ 16->(210.750  42.000   9.750)]
Chromosome values
Integers:
  -1   -1   -1   -1   -1   -1  375   -1   -1  521   -1  731 
--------------------------------------------------------------------------------


--------------------------------------------------------------------------------
--- Diverse Solutions Stats                                                  ---
--------------------------------------------------------------------------------
  Move attempts                            :  20162
  Move failures                            :     29
  Failure rate                             :   0.001

--------------------------------------------------------------------------------

Current Ranking  6  2  5  1  4  3

--------------------------------------------------------------------------------

* GA execution time :                                                           
  total  0.3657 user  0.3580 sys  0.0077

--------------------------------------------------------------------------------
Fitness function evaluations: 20214

--------------------------------------------------------------------------------
** Docking run number  7 **
--------------------------------------------------------------------------------
  Rank fitness base is 5000.00 ; increment is 11.2233

* Initialising population(s) ...                                                
Number of constraints mappings 0
Number of constraints 0
  Population no.                           :      1
  Population size                          :    100
  Number of duplicates                     :      0
  Number of niche violations               :      0
  Number of errors                         :     52


Doing GA, no. of population(s) 1 size 100 selection pressure 1.100000

 Operation      Fitness  S(hb_ext) S(vdw_ext)  S(hb_int)    S(int)      intcor
         0      22.87       0.00      17.11       0.00      -3.28      -0.76
        34      23.94       1.35      17.62       0.00      -7.89      -0.76
        42      24.01       1.39      17.64       0.00      -7.89      -0.76
        54      23.51       0.00      18.95       0.00     -11.96      -0.76
Reordering...
        68      23.45       1.38      17.30       0.00      -7.89      -0.76
Reordering...
       104      23.18       0.00      18.83       0.00     -11.96      -0.76
Reordering...
       510      20.83       5.47      11.71       0.00      -1.99      -0.76
Reordering...
       520      20.79       0.00      18.37       0.00     -11.96      -0.76
Reordering...
       527      20.72       5.46      11.65       0.00      -1.99      -0.76
       552      20.85       5.52      11.72       0.00      -1.99      -0.76
       666      20.73       5.44      11.44       0.00      -0.97      -0.76
       735      23.77       0.04      18.05       0.00      -2.21      -0.76
      1150      22.77       0.00      17.86       0.00      -2.21      -0.76
--------------------------------------------------------------------------------
Best docking solution after GA:
      1750      22.35       0.00      17.86       0.00      -2.21      -0.76

#ops:       1750 #mutates:    892 #cross:      858 #dups:       534 
#niche:      797 #errors:      57 
--------------------------------------------------------------------------------

Doing AMOEBA simplex on best individual
Done simplexing #iterations 830, best score  28.80

Ligand is stored in gold_soln_ligand_prepared_m1_7.mol2


--------------------------------------------------------------------------------
--- GoldScore breakdown of terms                                             ---
--------------------------------------------------------------------------------
Fitness = S(hb_ext) + 1.3750*S(vdw_ext) + S(hb_int) + 1.0000*S(int)
S(int)  = S(vdw_int) + S(tors)

Internal terms are relative to best energy found (intcor).

--------------------------------------------------------------------------------


     Fitness  S(hb_ext) S(vdw_ext)  S(hb_int)    S(int)      intcor
     28.80       0.00      21.84       0.00      -1.23      -0.76

--------------------------------------------------------------------------------
--- GoldScore analysis of protein-ligand interactions                        ---
--------------------------------------------------------------------------------


--------------------------------------------------------------------------------

--------------------------------------------------------------------------------
--- Rescoring solution                                                       ---
--------------------------------------------------------------------------------

     Score     S(PLP)   S(hbond)     S(cho)   S(metal)  DE(clash)   DE(tors)
      6.86      -8.52       0.00       0.00       0.00       0.12       0.77

Doing AMOEBA simplex on best individual
Done simplexing #iterations 1330, best score  19.14

     Score     S(PLP)   S(hbond)     S(cho)   S(metal)  DE(clash)   DE(tors)
     19.14     -21.08       0.00       0.00       0.00       0.75       0.60

--------------------------------------------------------------------------------
--- CHEMPLP breakdown of terms                                               ---
--------------------------------------------------------------------------------
CHEMPLP = - ( 1.0000*S(PLP) + -3.0000*S(hbond) + -6.0000*S(metal) + -3.0000*S(cho) )

Score = CHEMPLP - 1.0000*DE(clash) - 2.0000*DE(tors)


--------------------------------------------------------------------------------


--------------------------------------------------------------------------------
--- PLP analysis of protein-ligand interactions                              ---
--------------------------------------------------------------------------------
hydrogen bonding        :       0.00
metal                   :       0.00
buried (polar-nonpolar) :      -3.95
nonpolar                :     -17.71
repulsive               :       0.44
--------------------------------------------------------------------------------


--------------------------------------------------------------------------------
--- ChemScore analysis of protein-ligand interactions                        ---
--------------------------------------------------------------------------------

* Hydrogen bonds                                                                


* CH..O interactions                                                            
  CH group selection                       : activated ring CH (adjacent to hetatom)

--------------------------------------------------------------------------------


--------------------------------------------------------------------------------
--- Intra-ligand clashes                                                     ---
--------------------------------------------------------------------------------

Ligand
  7 (C7   ) -   4 (C4   ):   0.75 (dist   2.73)
--------------------------------------------------------------------------------


--------------------------------------------------------------------------------
--- Chromosome decoded                                                       ---
--------------------------------------------------------------------------------
Ligand Torsions
[   6    2    1    3]   76.36
[  12    5    1    2] -173.46
Protein Torsions
[8319 8303 8304 8305]  178.69 
[8355 8345 8346 8347] -127.36 
[8419 8397 8398 8399]  114.16 
[8503 8487 8488 8489] -117.95 
[9071 9050 9049 9047] -119.88 
[8251 8229 8230 8231]  -64.38 
[8543 8531 8532 8533] -121.15 
[10323 10307 10308 10309]  178.62 
[27205 8306 8305 8304]   37.14 
[27220 8348 8347 8346] -104.96 
[27222 8400 8399 8398]  163.95 
[27224 8160 8159 8158]    9.23 
[27226 8232 8231 8230]  -87.90 
[27230 10310 10309 10308]   91.17 
Mapping
Ligand acceptors to protein hydrogens (mapping then atom ids)
Ligand hydrogens to protein acceptors (mapping then atom ids)
Ligand shape atoms to protein points (mapping then atom ids & coords)
  3   520 [  7->(209.500  43.250  12.000)]
  5   480 [ 13->(209.500  42.250  10.750)]
  7   754 [ 16->(210.750  43.000  10.500)]
Chromosome values
Integers:
  -1   -1   -1   -1   -1   -1   -1  519   -1  479   -1  753 
--------------------------------------------------------------------------------


--------------------------------------------------------------------------------
--- Diverse Solutions Stats                                                  ---
--------------------------------------------------------------------------------
  Move attempts                            :  19032
  Move failures                            :     70
  Failure rate                             :   0.004

--------------------------------------------------------------------------------

Current Ranking  6  2  7  5  1  4  3

--------------------------------------------------------------------------------

* GA execution time :                                                           
  total  0.3626 user  0.3511 sys  0.0115

--------------------------------------------------------------------------------
Fitness function evaluations: 19077

--------------------------------------------------------------------------------
** Docking run number  8 **
--------------------------------------------------------------------------------
  Rank fitness base is 5000.00 ; increment is 11.2233

* Initialising population(s) ...                                                
Number of constraints mappings 0
Number of constraints 0
  Population no.                           :      1
  Population size                          :    100
  Number of duplicates                     :      0
  Number of niche violations               :      0
  Number of errors                         :     55


Doing GA, no. of population(s) 1 size 100 selection pressure 1.100000

 Operation      Fitness  S(hb_ext) S(vdw_ext)  S(hb_int)    S(int)      intcor
         0      23.71       0.44      17.06       0.00      -0.91      -0.76
       189      23.20       0.00      17.46       0.00      -3.20      -0.76
       385      22.69       0.00      17.09       0.00      -2.53      -0.76
Reordering...
       676      21.35       0.00      16.38       0.00      -2.60      -0.76
Reordering...
       832      20.76       0.00      16.65       0.00      -3.91      -0.76
       848      21.34       0.00      16.44       0.00      -2.28      -0.76
      1446      21.48       0.00      17.28       0.00      -2.28      -0.76
--------------------------------------------------------------------------------
Best docking solution after GA:
      1750      21.48       0.00      17.28       0.00      -2.28      -0.76

#ops:       1750 #mutates:    902 #cross:      848 #dups:       438 
#niche:      813 #errors:      43 
--------------------------------------------------------------------------------

Doing AMOEBA simplex on best individual
Done simplexing #iterations 979, best score  24.47

Ligand is stored in gold_soln_ligand_prepared_m1_8.mol2


--------------------------------------------------------------------------------
--- GoldScore breakdown of terms                                             ---
--------------------------------------------------------------------------------
Fitness = S(hb_ext) + 1.3750*S(vdw_ext) + S(hb_int) + 1.0000*S(int)
S(int)  = S(vdw_int) + S(tors)

Internal terms are relative to best energy found (intcor).

--------------------------------------------------------------------------------


     Fitness  S(hb_ext) S(vdw_ext)  S(hb_int)    S(int)      intcor
     24.47       0.00      19.11       0.00      -1.81      -0.76

--------------------------------------------------------------------------------
--- GoldScore analysis of protein-ligand interactions                        ---
--------------------------------------------------------------------------------


--------------------------------------------------------------------------------

--------------------------------------------------------------------------------
--- Rescoring solution                                                       ---
--------------------------------------------------------------------------------

     Score     S(PLP)   S(hbond)     S(cho)   S(metal)  DE(clash)   DE(tors)
     10.94     -12.48       0.00       0.00       0.00       1.21       0.16

Doing AMOEBA simplex on best individual
Done simplexing #iterations 1028, best score  21.89

     Score     S(PLP)   S(hbond)     S(cho)   S(metal)  DE(clash)   DE(tors)
     21.89     -23.49       0.00       0.00       0.00       0.99       0.30

--------------------------------------------------------------------------------
--- CHEMPLP breakdown of terms                                               ---
--------------------------------------------------------------------------------
CHEMPLP = - ( 1.0000*S(PLP) + -3.0000*S(hbond) + -6.0000*S(metal) + -3.0000*S(cho) )

Score = CHEMPLP - 1.0000*DE(clash) - 2.0000*DE(tors)


--------------------------------------------------------------------------------


--------------------------------------------------------------------------------
--- PLP analysis of protein-ligand interactions                              ---
--------------------------------------------------------------------------------
hydrogen bonding        :      -1.87
metal                   :       0.00
buried (polar-nonpolar) :      -2.95
nonpolar                :     -19.25
repulsive               :       0.48
--------------------------------------------------------------------------------


--------------------------------------------------------------------------------
--- ChemScore analysis of protein-ligand interactions                        ---
--------------------------------------------------------------------------------

* Hydrogen bonds                                                                


* CH..O interactions                                                            
  CH group selection                       : activated ring CH (adjacent to hetatom)

--------------------------------------------------------------------------------


--------------------------------------------------------------------------------
--- Intra-ligand clashes                                                     ---
--------------------------------------------------------------------------------

Ligand
  7 (C7   ) -   4 (C4   ):   0.99 (dist   2.72)
--------------------------------------------------------------------------------


--------------------------------------------------------------------------------
--- Chromosome decoded                                                       ---
--------------------------------------------------------------------------------
Ligand Torsions
[   6    2    1    3]   69.69
[  12    5    1    2] -175.77
Protein Torsions
[8319 8303 8304 8305]   16.00 
[8355 8345 8346 8347] -158.81 
[8419 8397 8398 8399]  171.90 
[8503 8487 8488 8489] -112.86 
[9071 9050 9049 9047]  -11.17 
[8251 8229 8230 8231] -175.50 
[8543 8531 8532 8533] -179.72 
[10323 10307 10308 10309]  155.01 
[27205 8306 8305 8304] -120.42 
[27220 8348 8347 8346]  -14.54 
[27222 8400 8399 8398]   -6.03 
[27224 8160 8159 8158]  125.94 
[27226 8232 8231 8230] -101.82 
[27230 10310 10309 10308]  132.73 
Mapping
Ligand acceptors to protein hydrogens (mapping then atom ids)
Ligand hydrogens to protein acceptors (mapping then atom ids)
Ligand shape atoms to protein points (mapping then atom ids & coords)
  2   668 [  6->(210.250  42.750  11.250)]
  3   832 [  7->(211.750  43.000   9.250)]
  5   719 [ 13->(210.500  43.000  11.000)]
  6   728 [ 14->(210.750  41.750   9.750)]
  7   511 [ 16->(209.500  43.000  12.250)]
Chromosome values
Integers:
  -1   -1   -1   -1   -1   -1  667  831   -1  718  727  510 
--------------------------------------------------------------------------------


--------------------------------------------------------------------------------
--- Diverse Solutions Stats                                                  ---
--------------------------------------------------------------------------------
  Move attempts                            :  18846
  Move failures                            :     48
  Failure rate                             :   0.003

--------------------------------------------------------------------------------

Current Ranking  6  2  7  5  1  4  3  8

--------------------------------------------------------------------------------

* GA execution time :                                                           
  total  0.3673 user  0.3564 sys  0.0109

--------------------------------------------------------------------------------
Fitness function evaluations: 18895

--------------------------------------------------------------------------------
** Docking run number  9 **
--------------------------------------------------------------------------------
  Rank fitness base is 5000.00 ; increment is 11.2233

* Initialising population(s) ...                                                
Number of constraints mappings 0
Number of constraints 0
  Population no.                           :      1
  Population size                          :    100
  Number of duplicates                     :      0
  Number of niche violations               :      0
  Number of errors                         :     68


Doing GA, no. of population(s) 1 size 100 selection pressure 1.100000

 Operation      Fitness  S(hb_ext) S(vdw_ext)  S(hb_int)    S(int)      intcor
         0      28.95       0.00      21.62       0.00      -3.89      -0.76
        66      28.77       0.00      21.52       0.00      -3.89      -0.76
--------------------------------------------------------------------------------
Best docking solution after GA:
      1750      23.32       0.00      19.79       0.00      -3.89      -0.76

#ops:       1750 #mutates:    895 #cross:      855 #dups:       392 
#niche:      763 #errors:     110 
--------------------------------------------------------------------------------

Doing AMOEBA simplex on best individual
Done simplexing #iterations 974, best score  28.45

Ligand is stored in gold_soln_ligand_prepared_m1_9.mol2


--------------------------------------------------------------------------------
--- GoldScore breakdown of terms                                             ---
--------------------------------------------------------------------------------
Fitness = S(hb_ext) + 1.3750*S(vdw_ext) + S(hb_int) + 1.0000*S(int)
S(int)  = S(vdw_int) + S(tors)

Internal terms are relative to best energy found (intcor).

--------------------------------------------------------------------------------


     Fitness  S(hb_ext) S(vdw_ext)  S(hb_int)    S(int)      intcor
     28.45       0.00      21.15       0.00      -0.62      -0.76

--------------------------------------------------------------------------------
--- GoldScore analysis of protein-ligand interactions                        ---
--------------------------------------------------------------------------------


--------------------------------------------------------------------------------

--------------------------------------------------------------------------------
--- Rescoring solution                                                       ---
--------------------------------------------------------------------------------

     Score     S(PLP)   S(hbond)     S(cho)   S(metal)  DE(clash)   DE(tors)
      6.42      -8.41       0.00       0.00       0.00       0.00       0.99

Doing AMOEBA simplex on best individual
AMOEBA simplex failed to converge after 2000 iterations
Done simplexing #iterations 2000, best score  21.82

     Score     S(PLP)   S(hbond)     S(cho)   S(metal)  DE(clash)   DE(tors)
     21.82     -23.98       0.00       0.00       0.00       0.00       1.08

--------------------------------------------------------------------------------
--- CHEMPLP breakdown of terms                                               ---
--------------------------------------------------------------------------------
CHEMPLP = - ( 1.0000*S(PLP) + -3.0000*S(hbond) + -6.0000*S(metal) + -3.0000*S(cho) )

Score = CHEMPLP - 1.0000*DE(clash) - 2.0000*DE(tors)


--------------------------------------------------------------------------------


--------------------------------------------------------------------------------
--- PLP analysis of protein-ligand interactions                              ---
--------------------------------------------------------------------------------
hydrogen bonding        :      -1.00
metal                   :       0.00
buried (polar-nonpolar) :      -3.24
nonpolar                :     -19.70
repulsive               :       0.16
--------------------------------------------------------------------------------


--------------------------------------------------------------------------------
--- ChemScore analysis of protein-ligand interactions                        ---
--------------------------------------------------------------------------------

* Hydrogen bonds                                                                


* CH..O interactions                                                            
  CH group selection                       : activated ring CH (adjacent to hetatom)

--------------------------------------------------------------------------------


--------------------------------------------------------------------------------
--- Intra-ligand clashes                                                     ---
--------------------------------------------------------------------------------

Ligand
--------------------------------------------------------------------------------


--------------------------------------------------------------------------------
--- Chromosome decoded                                                       ---
--------------------------------------------------------------------------------
Ligand Torsions
[   6    2    1    3]  138.82
[  12    5    1    2]  169.06
Protein Torsions
[8319 8303 8304 8305]   81.00 
[8355 8345 8346 8347]   27.70 
[8419 8397 8398 8399]   40.82 
[8503 8487 8488 8489]  -48.88 
[9071 9050 9049 9047]   64.62 
[8251 8229 8230 8231]  -48.19 
[8543 8531 8532 8533]  130.55 
[10323 10307 10308 10309]  141.69 
[27205 8306 8305 8304] -110.72 
[27220 8348 8347 8346]  -27.46 
[27222 8400 8399 8398]  125.36 
[27224 8160 8159 8158] -109.31 
[27226 8232 8231 8230]   57.42 
[27230 10310 10309 10308]  131.62 
Mapping
Ligand acceptors to protein hydrogens (mapping then atom ids)
Ligand hydrogens to protein acceptors (mapping then atom ids)
Ligand shape atoms to protein points (mapping then atom ids & coords)
  3   299 [  7->(208.500  42.500  13.500)]
  5   380 [ 13->(209.000  42.000  11.750)]
  7   653 [ 16->(210.250  42.250  10.500)]
Chromosome values
Integers:
  -1   -1   -1   -1   -1   -1   -1  298   -1  379   -1  652 
--------------------------------------------------------------------------------


--------------------------------------------------------------------------------
--- Diverse Solutions Stats                                                  ---
--------------------------------------------------------------------------------
  Move attempts                            :  19927
  Move failures                            :    127
  Failure rate                             :   0.006

--------------------------------------------------------------------------------

Current Ranking  6  2  7  5  9  1  4  3  8

--------------------------------------------------------------------------------

* GA execution time :                                                           
  total  0.3679 user  0.3561 sys  0.0118

--------------------------------------------------------------------------------
Fitness function evaluations: 19983

--------------------------------------------------------------------------------
** Docking run number 10 **
--------------------------------------------------------------------------------
  Rank fitness base is 5000.00 ; increment is 11.2233

* Initialising population(s) ...                                                
Number of constraints mappings 0
Number of constraints 0
  Population no.                           :      1
  Population size                          :    100
  Number of duplicates                     :      0
  Number of niche violations               :      0
  Number of errors                         :     58


Doing GA, no. of population(s) 1 size 100 selection pressure 1.100000

 Operation      Fitness  S(hb_ext) S(vdw_ext)  S(hb_int)    S(int)      intcor
         0      21.44       0.69      15.23       0.00      -0.94      -0.76
        15      21.64       0.00      16.59       0.00      -5.88      -0.76
Reordering...
        17      21.43       0.69      15.23       0.00      -0.94      -0.76
       132      19.93       0.65      14.18       0.00      -0.94      -0.76
       149      19.95       1.03      13.89       0.00      -0.74      -0.76
       255      21.99       4.62      15.02       0.00     -12.04      -0.76
       423      21.13       0.00      15.86       0.00      -2.04      -0.76
       631      20.36       0.74      15.18       0.00      -2.91      -0.76
       682      21.29       3.62      13.67       0.00      -2.44      -0.76
Reordering...
       780      20.51       3.78      12.48       0.00      -0.83      -0.76
       890      20.29       3.76      12.33       0.00      -0.72      -0.76
       915      21.34       0.05      16.63       0.00      -2.62      -0.76
       999      22.11       3.93      13.57       0.00      -0.72      -0.76
      1054      22.46       3.96      13.83       0.00      -0.72      -0.76
      1319      23.04       0.00      18.66       0.00      -2.62      -0.76
      1485      23.04       0.00      18.66       0.00      -2.62      -0.76
      1545      23.09       0.00      18.69       0.00      -2.62      -0.76
--------------------------------------------------------------------------------
Best docking solution after GA:
      1750      23.09       0.00      18.69       0.00      -2.62      -0.76

#ops:       1750 #mutates:    867 #cross:      883 #dups:       398 
#niche:      741 #errors:      88 
--------------------------------------------------------------------------------

Doing AMOEBA simplex on best individual
Done simplexing #iterations 1185, best score  27.34

Ligand is stored in gold_soln_ligand_prepared_m1_10.mol2


--------------------------------------------------------------------------------
--- GoldScore breakdown of terms                                             ---
--------------------------------------------------------------------------------
Fitness = S(hb_ext) + 1.3750*S(vdw_ext) + S(hb_int) + 1.0000*S(int)
S(int)  = S(vdw_int) + S(tors)

Internal terms are relative to best energy found (intcor).

--------------------------------------------------------------------------------


     Fitness  S(hb_ext) S(vdw_ext)  S(hb_int)    S(int)      intcor
     27.34       0.00      21.87       0.00      -2.73      -0.76

--------------------------------------------------------------------------------
--- GoldScore analysis of protein-ligand interactions                        ---
--------------------------------------------------------------------------------


--------------------------------------------------------------------------------

--------------------------------------------------------------------------------
--- Rescoring solution                                                       ---
--------------------------------------------------------------------------------

     Score     S(PLP)   S(hbond)     S(cho)   S(metal)  DE(clash)   DE(tors)
      9.24     -11.37       0.00       0.00       0.00       1.91       0.11

Doing AMOEBA simplex on best individual
Done simplexing #iterations 1399, best score  20.44

     Score     S(PLP)   S(hbond)     S(cho)   S(metal)  DE(clash)   DE(tors)
     20.44     -22.51       0.00       0.00       0.00       2.06       0.01

--------------------------------------------------------------------------------
--- CHEMPLP breakdown of terms                                               ---
--------------------------------------------------------------------------------
CHEMPLP = - ( 1.0000*S(PLP) + -3.0000*S(hbond) + -6.0000*S(metal) + -3.0000*S(cho) )

Score = CHEMPLP - 1.0000*DE(clash) - 2.0000*DE(tors)


--------------------------------------------------------------------------------


--------------------------------------------------------------------------------
--- PLP analysis of protein-ligand interactions                              ---
--------------------------------------------------------------------------------
hydrogen bonding        :       0.00
metal                   :       0.00
buried (polar-nonpolar) :      -1.24
nonpolar                :     -21.54
repulsive               :       0.14
--------------------------------------------------------------------------------


--------------------------------------------------------------------------------
--- ChemScore analysis of protein-ligand interactions                        ---
--------------------------------------------------------------------------------

* Hydrogen bonds                                                                


* CH..O interactions                                                            
  CH group selection                       : activated ring CH (adjacent to hetatom)

--------------------------------------------------------------------------------


--------------------------------------------------------------------------------
--- Intra-ligand clashes                                                     ---
--------------------------------------------------------------------------------

Ligand
  6 (C6   ) -   3 (C3   ):   2.06 (dist   2.69)
--------------------------------------------------------------------------------


--------------------------------------------------------------------------------
--- Chromosome decoded                                                       ---
--------------------------------------------------------------------------------
Ligand Torsions
[   6    2    1    3]   -5.85
[  12    5    1    2]  174.50
Protein Torsions
[8319 8303 8304 8305]    5.77 
[8355 8345 8346 8347]   29.92 
[8419 8397 8398 8399]   26.92 
[8503 8487 8488 8489]   22.59 
[9071 9050 9049 9047]  -53.45 
[8251 8229 8230 8231]  -16.40 
[8543 8531 8532 8533]   54.18 
[10323 10307 10308 10309]   53.54 
[27205 8306 8305 8304]  110.08 
[27220 8348 8347 8346]  135.94 
[27222 8400 8399 8398]  -50.36 
[27224 8160 8159 8158]  153.46 
[27226 8232 8231 8230]   80.28 
[27230 10310 10309 10308] -142.31 
Mapping
Ligand acceptors to protein hydrogens (mapping then atom ids)
Ligand hydrogens to protein acceptors (mapping then atom ids)
Ligand shape atoms to protein points (mapping then atom ids & coords)
  1   512 [  5->(209.500  43.000  12.500)]
  2   257 [  6->(208.250  42.500  13.250)]
  4   495 [ 12->(209.500  42.750  10.500)]
Chromosome values
Integers:
  -1   -1   -1   -1   -1  511  256   -1  494   -1   -1   -1 
--------------------------------------------------------------------------------


--------------------------------------------------------------------------------
--- Diverse Solutions Stats                                                  ---
--------------------------------------------------------------------------------
  Move attempts                            :  19713
  Move failures                            :     90
  Failure rate                             :   0.005

--------------------------------------------------------------------------------

Current Ranking  6  2  7  5  9  1  4 10  3  8

--------------------------------------------------------------------------------

* GA execution time :                                                           
  total  0.3817 user  0.3453 sys  0.0364

--------------------------------------------------------------------------------
Fitness function evaluations: 19767

--------------------------------------------------------------------------------
--- Ranking analysis                                                         ---
--------------------------------------------------------------------------------


* Final ranked order of GA solutions:                                           
   6  2  7  5  9  1  4 10  3  8 

  _______________________________
  RMSD Matrix of RANKED solutions

        2    3    4    5    6    7    8    9   10  

   1 :  0.9  3.0  2.7  2.8  4.3  3.8  4.6  8.6  8.4
   2 :       2.8  3.1  2.7  3.7  3.3  4.3  8.0  7.8
   3 :            4.6  1.7  3.2  2.6  4.4  8.2  7.7
   4 :                 3.9  5.6  5.1  4.8  9.7  9.6
   5 :                      3.4  2.5  4.4  9.0  8.6
   6 :                           1.1  4.1  6.7  6.3
   7 :                                4.0  7.4  7.0
   8 :                                     7.2  7.0
   9 :                                          1.0

  Clustering method                        : complete linkage
  Structure ids in cluster table           : rank nos.
  Ordering of clusters and their members   : by rank (order if from rms_analysis)

  Distance | Clusters
   0.91    |  1  2 |  3 |  4 |  5 |  6 |  7 |  8 |  9 | 10 |
   1.03    |  1  2 |  3 |  4 |  5 |  6 |  7 |  8 |  9 10 |
   1.11    |  1  2 |  3 |  4 |  5 |  6  7 |  8 |  9 10 |
   1.67    |  1  2 |  3  5 |  4 |  6  7 |  8 |  9 10 |
   3.03    |  1  2  3  5 |  4 |  6  7 |  8 |  9 10 |
   4.13    |  1  2  3  5 |  4 |  6  7  8 |  9 10 |
   4.62    |  1  2  3  4  5 |  6  7  8 |  9 10 |
   5.59    |  1  2  3  4  5  6  7  8 |  9 10 |
   9.67    |  1  2  3  4  5  6  7  8  9 10 |
  Finished Docking Ligand                  : /mnt/c/Users/ricca/Desktop/Documents/Rimoli/Reverse_Docking_Explore_V4/4v3u/ligand_prepared.mol2
--------------------------------------------------------------------------------

  Relative_Ligand_Energy (best encountered) :  -0.765
  Relative_Ligand_Energy: fitness values have been corrected using this amount
