
--------------------------------------------------------------------------------
--- Ligand                                                                   ---
--------------------------------------------------------------------------------
  Ligand loaded from file                  : /mnt/c/Users/ricca/Desktop/Documents/Rimoli/Reverse_Docking_Explore_V4/4d1n/ligand_prepared.mol2
  Ligand name                              :  
  "CT1002167954                                                             "

--------------------------------------------------------------------------------
  N.plc donors                             : 
  none found

  Acidic nitrogen acceptors                : 
  none found
  Sulfur acceptors                         :
  none found


  Donor atoms                              :      2
  8   10  
  Acceptor atoms                           :      3
  9   11  17  

  Hydrogens                                :  (n = 2)
  22   23   

  Lone pairs added to molecule             :      6
  Numbering                                : from 30 to 35

--------------------------------------------------------------------------------
--- Postprocessing of typing                                                 ---
--------------------------------------------------------------------------------
  Fragment file                            : /home/hitesit/CCDC/Discovery_2022/GOLD/gold/rotatable_bond_override.mol2
  acylurea fragment                        : 2 matches
  Ligand bond 15-8  set to flip
  Ligand bond 15-10  set to flip
  Ligand bond 15-10  set to 1
  Ligand bond 15-8  set to 1
  Ligand bond 10-4  set to flip
  Ligand bond 8-3  set to flip
  thioacylthiourea fragment                : no matches
  acylthiourea fragment                    : no matches
  thioacylurea fragment                    : no matches
  diarylamine fragment >C.ar-NH-C.ar<      : no matches
  sec-amine (1) fragment                   : no matches
  sec-amine (2) fragment                   : no matches
  sec-amine (3) fragment                   : no matches
  carboxylic ester                         : no matches

* Rotatable bonds in /mnt/c/Users/ricca/D  :
  [   1    2] [   1    5] 
  No. of rotatable bonds                   :      2


* Reading torsional distributions from file:
  /home/hitesit/CCDC/Discovery_2022/GOLD/gold/gold.tordist
  No. of bins in torsional distributions   :     36
  Minimum size of largest peak             :      0
  Removing high energy torsions            : on
  Delta E set to                           :   2.500

* Fragments found in /mnt/c/Users/ricca/D  :
  atom   2: benzene
  atom   6: benzene
  atom   7: benzene
  atom  13: benzene
  atom  14: benzene
  atom  16: benzene


* Checking torsion distributions:                                               
  No. of matched torsions                  :      0

--------------------------------------------------------------------------------
--- Shape fitting atoms selection (hydrophobic atoms)                        ---
--------------------------------------------------------------------------------
  Molecule                                 : /mnt/c/Users/ricca/Desktop/Documents/Rimoli/Reverse_Docking_Explore_V4/4d1n/ligand_prepared.mol2
  Selection                                : carbons only
  Atom numbers                             :  (n = 7)
  5    6    7    12   13   14   16   

--------------------------------------------------------------------------------
--- Diverse Solutions Setup                                                  ---
--------------------------------------------------------------------------------
  Cluster size                             :      2
  RMSD                                     :   2.000
  Refinement                               :      0


--------------------------------------------------------------------------------
--- ChemScore ligand setup summary                                           ---
--------------------------------------------------------------------------------
  ChemScore ligand acceptors               :      3
  9 11 17 
  ChemScore ligand donors                  :      2
  8 ( 22  ) 10 ( 23  ) 
  ChemScore ligand CH donors               :      0
  

  ChemScore ligand lipophilic atoms        :  (n = 9)
  1    2    5    6    7    12   13   14   16   

  ChemScore ligand rotatable bonds         :      2
  1   (C1 ) - 2   (C2 ): SP3_SP2_BOND
  1   (C1 ) - 5   (C5 ): SP3_SP3_BOND

--------------------------------------------------------------------------------
--- PLP ligand setup summary                                                 ---
--------------------------------------------------------------------------------
    1    C1   C.3 NONPOLAR
    2    C2  C.ar NONPOLAR
    3    C3   C.2 NONPOLAR
    4    C4   C.2 NONPOLAR
    5    C5   C.3 NONPOLAR
    6    C6  C.ar NONPOLAR
    7    C7  C.ar NONPOLAR
    8    N8  N.am DONOR
    9    O9   O.2 ACCEPTOR
   10   N10  N.am DONOR
   11   O11   O.2 ACCEPTOR
   12   C12   C.3 NONPOLAR
   13   C13  C.ar NONPOLAR
   14   C14  C.ar NONPOLAR
   15   C15   C.2 NONPOLAR
   16   C16  C.ar NONPOLAR
   17   O17   O.2 ACCEPTOR

--------------------------------------------------------------------------------
--- Automatic parameter setting                                              ---
--------------------------------------------------------------------------------
  Contribution base                        :   2500
  Contribution per rotatable bond          :   6000
  Contribution per df                      :   4000
  Contribution per water                   :  10000
  Ligand rotatable bonds                   :      2
  Protein flexible side chain bonds        :      0
  Total rotatable bonds                    :      2
  Hydrophobic vol ratio (P/L)              :   1.000
  Base multiplier (polar)                  :   1.000
  Base multiplier (apolar)                 :   1.400
  Base contribution                        : 5000.000
  Fitting points                           :      5
  Estimated maxops needed (optimal)        :  17500
  Autoscale factor (in percent)            :     10
  Scaled maxops                            :   2000

--------------------------------------------------------------------------------

* Population settings                                                           
  maxops                                   :   2000
  popsiz                                   :    100
  select_pressure                          :   1.100
  n_islands                                :      1
  niche_siz                                :      2

* GA settings                                                                   
  pt_crosswt                               :    100
  allele_mutatewt                          :    100
  migratewt                                :      0

* Search settings                                                               
  start_vdw_linear_cutoff                  :   6.000
  initial_virtual_pt_match_max             :   3.000
  Scaling of internal VDW energy           : log scale from  0.2 to    1
                                             over 1500 ops
  Sampling interval (operations)           :     20
  Scaling of virtual pt maximum length     : linear scale from    3 to    2
                                             over  1500 ops
  Sampling interval (operations)           :     60
  Scaling of 4-8 potential cutoff          : log scale from    6 to 1.2e+02
                                             over 1500 ops
  Sampling interval (operations)           :     60

--------------------------------------------------------------------------------

* Ligand initialisation time :                                                  
  total  0.0218 user  0.0030 sys  0.0188

--------------------------------------------------------------------------------

--------------------------------------------------------------------------------
** Docking run number  1 **
--------------------------------------------------------------------------------
  Rank fitness base is 5000.00 ; increment is 11.2233

* Initialising population(s) ...                                                
Number of constraints mappings 0
Number of constraints 0
  Population no.                           :      1
  Population size                          :    100
  Number of duplicates                     :      0
  Number of niche violations               :      0
  Number of errors                         :   1361


Doing GA, no. of population(s) 1 size 100 selection pressure 1.100000

 Operation      Fitness  S(hb_ext) S(vdw_ext)  S(hb_int)    S(int)      intcor
         0      22.89       0.88      19.91       0.00     -26.81      -0.79
       124      21.46       3.06      16.16       0.00     -16.78      -0.79
Reordering...
       180      20.06       0.87      18.69       0.00     -26.81      -0.79
       369      17.26       1.88      15.41       0.00     -19.75      -0.79
       461      17.98       2.35      15.91       0.00     -19.04      -0.79
       525      18.00       0.84      16.58       0.00     -16.15      -0.79
       598      18.35       0.84      17.36       0.00     -17.07      -0.79
       652      18.35       0.73      13.65       0.00      -2.89      -0.79
       815      20.37       0.82      14.95       0.00      -2.11      -0.79
      1733      17.78       0.73      12.40       0.00       0.00      -0.79
--------------------------------------------------------------------------------
Best docking solution after GA:
      2000      17.78       0.73      12.40       0.00       0.00      -0.79

#ops:       2000 #mutates:   1003 #cross:      997 #dups:       650 
#niche:      800 #errors:     125 
--------------------------------------------------------------------------------

Doing AMOEBA simplex on best individual
Done simplexing #iterations 554, best score  29.89

Ligand is stored in gold_soln_ligand_prepared_m1_1.mol2


--------------------------------------------------------------------------------
--- GoldScore breakdown of terms                                             ---
--------------------------------------------------------------------------------
Fitness = S(hb_ext) + 1.3750*S(vdw_ext) + S(hb_int) + 1.0000*S(int)
S(int)  = S(vdw_int) + S(tors)

Internal terms are relative to best energy found (intcor).

--------------------------------------------------------------------------------


     Fitness  S(hb_ext) S(vdw_ext)  S(hb_int)    S(int)      intcor
     29.89       0.86      21.57       0.00      -0.63      -0.78

--------------------------------------------------------------------------------
--- GoldScore analysis of protein-ligand interactions                        ---
--------------------------------------------------------------------------------

  Ligand acceptor   17 Protein hydrogen 8055 donor 8001 bond energy  2.00 wt 0.11
  Ligand acceptor    9 Protein hydrogen 8134 donor 8084 bond energy  2.00 wt 0.31
  Ligand donor    8 hydrogen   22 Protein acceptor 8004 bond energy  2.00 wt 0.01

--------------------------------------------------------------------------------

--------------------------------------------------------------------------------
--- Rescoring solution                                                       ---
--------------------------------------------------------------------------------

     Score     S(PLP)   S(hbond)     S(cho)   S(metal)  DE(clash)   DE(tors)
      8.88      -5.05       1.30       0.00       0.00       0.00       0.04

Doing AMOEBA simplex on best individual
Done simplexing #iterations 547, best score  32.25

     Score     S(PLP)   S(hbond)     S(cho)   S(metal)  DE(clash)   DE(tors)
     32.25     -26.84       1.87       0.00       0.00       0.00       0.10

--------------------------------------------------------------------------------
--- CHEMPLP breakdown of terms                                               ---
--------------------------------------------------------------------------------
CHEMPLP = - ( 1.0000*S(PLP) + -3.0000*S(hbond) + -6.0000*S(metal) + -3.0000*S(cho) )

Score = CHEMPLP - 1.0000*DE(clash) - 2.0000*DE(tors)


--------------------------------------------------------------------------------


--------------------------------------------------------------------------------
--- PLP analysis of protein-ligand interactions                              ---
--------------------------------------------------------------------------------
hydrogen bonding        :      -3.23
metal                   :       0.00
buried (polar-nonpolar) :      -1.78
nonpolar                :     -22.51
repulsive               :       1.00
--------------------------------------------------------------------------------


--------------------------------------------------------------------------------
--- ChemScore analysis of protein-ligand interactions                        ---
--------------------------------------------------------------------------------

* Hydrogen bonds                                                                
Protein donor 8001 hydrogen 8055 Ligand acceptor   17 bond energy  1.00 wt 0.87
Protein donor 8084 hydrogen 8134 Ligand acceptor    9 bond energy  1.00 wt 1.00


* CH..O interactions                                                            
  CH group selection                       : activated ring CH (adjacent to hetatom)

--------------------------------------------------------------------------------


--------------------------------------------------------------------------------
--- Intra-ligand clashes                                                     ---
--------------------------------------------------------------------------------

Ligand
--------------------------------------------------------------------------------


--------------------------------------------------------------------------------
--- Chromosome decoded                                                       ---
--------------------------------------------------------------------------------
Ligand Torsions
[   6    2    1    3]  -50.31
[  12    5    1    2]  179.58
Protein Torsions
[9571 9508 9507 9505] -151.20 
[7907 7874 7873 7870]  150.79 
Mapping
Ligand acceptors to protein hydrogens (mapping then atom ids)
  1  10 [  9->8134]
  3   7 [ 17->8055]
Ligand hydrogens to protein acceptors (mapping then atom ids)
  1   4 [ 22->8004]
Ligand shape atoms to protein points (mapping then atom ids & coords)
Chromosome values
Integers:
   9   -1    6    3   -1   -1   -1   -1   -1   -1   -1   -1 
--------------------------------------------------------------------------------


--------------------------------------------------------------------------------
--- Diverse Solutions Stats                                                  ---
--------------------------------------------------------------------------------
  Move attempts                            :  14873
  Move failures                            :      0
  Failure rate                             :   0.000

--------------------------------------------------------------------------------

Current Ranking  1

--------------------------------------------------------------------------------

* GA execution time :                                                           
  total  0.4439 user  0.4247 sys  0.0192

--------------------------------------------------------------------------------
Fitness function evaluations: 16364

--------------------------------------------------------------------------------
** Docking run number  2 **
--------------------------------------------------------------------------------
  Rank fitness base is 5000.00 ; increment is 11.2233

* Initialising population(s) ...                                                
Number of constraints mappings 0
Number of constraints 0
  Population no.                           :      1
  Population size                          :    100
  Number of duplicates                     :      0
  Number of niche violations               :      0
  Number of errors                         :   1372


Doing GA, no. of population(s) 1 size 100 selection pressure 1.100000

 Operation      Fitness  S(hb_ext) S(vdw_ext)  S(hb_int)    S(int)      intcor
         0      25.23       0.88      20.85       0.00     -21.63      -0.78
       360      20.11       1.46      18.20       0.00     -21.63      -0.78
       460      18.76       0.11      13.87       0.00      -1.28      -0.78
Reordering...
       780      14.99       0.46      11.00       0.00      -1.28      -0.78
       803      22.61       1.29      16.01       0.00      -1.48      -0.78
       924      23.66       1.24      18.71       0.00      -6.15      -0.78
       980      24.51       1.21      18.29       0.00      -3.23      -0.78
      1056      25.57       1.18      18.41       0.00      -1.52      -0.78
      1377      25.66       0.76      18.56       0.00      -0.72      -0.78
      1477      25.72       0.74      18.67       0.00      -0.72      -0.78
      1613      25.68       0.73      18.56       0.00      -0.57      -0.78
--------------------------------------------------------------------------------
Best docking solution after GA:
      2000      25.68       0.73      18.56       0.00      -0.57      -0.78

#ops:       2000 #mutates:   1047 #cross:      953 #dups:       575 
#niche:      831 #errors:     136 
--------------------------------------------------------------------------------

Doing AMOEBA simplex on best individual
Done simplexing #iterations 593, best score  31.35

Ligand is stored in gold_soln_ligand_prepared_m1_2.mol2


--------------------------------------------------------------------------------
--- GoldScore breakdown of terms                                             ---
--------------------------------------------------------------------------------
Fitness = S(hb_ext) + 1.3750*S(vdw_ext) + S(hb_int) + 1.0000*S(int)
S(int)  = S(vdw_int) + S(tors)

Internal terms are relative to best energy found (intcor).

--------------------------------------------------------------------------------


     Fitness  S(hb_ext) S(vdw_ext)  S(hb_int)    S(int)      intcor
     31.35       0.76      22.52       0.00      -0.37      -0.78

--------------------------------------------------------------------------------
--- GoldScore analysis of protein-ligand interactions                        ---
--------------------------------------------------------------------------------

  Ligand acceptor   17 Protein hydrogen 8055 donor 8001 bond energy  2.00 wt 0.11
  Ligand acceptor    9 Protein hydrogen 8134 donor 8084 bond energy  2.00 wt 0.25
  Ligand donor    8 hydrogen   22 Protein acceptor 8004 bond energy  2.00 wt 0.02

--------------------------------------------------------------------------------

--------------------------------------------------------------------------------
--- Rescoring solution                                                       ---
--------------------------------------------------------------------------------

     Score     S(PLP)   S(hbond)     S(cho)   S(metal)  DE(clash)   DE(tors)
     12.89     -10.90       1.30       0.00       0.00       0.00       0.96

Doing AMOEBA simplex on best individual
Done simplexing #iterations 504, best score  33.55

     Score     S(PLP)   S(hbond)     S(cho)   S(metal)  DE(clash)   DE(tors)
     33.55     -29.47       2.03       0.00       0.00       0.00       1.01

--------------------------------------------------------------------------------
--- CHEMPLP breakdown of terms                                               ---
--------------------------------------------------------------------------------
CHEMPLP = - ( 1.0000*S(PLP) + -3.0000*S(hbond) + -6.0000*S(metal) + -3.0000*S(cho) )

Score = CHEMPLP - 1.0000*DE(clash) - 2.0000*DE(tors)


--------------------------------------------------------------------------------


--------------------------------------------------------------------------------
--- PLP analysis of protein-ligand interactions                              ---
--------------------------------------------------------------------------------
hydrogen bonding        :      -3.23
metal                   :       0.00
buried (polar-nonpolar) :      -0.07
nonpolar                :     -27.61
repulsive               :       0.55
--------------------------------------------------------------------------------


--------------------------------------------------------------------------------
--- ChemScore analysis of protein-ligand interactions                        ---
--------------------------------------------------------------------------------

* Hydrogen bonds                                                                
Protein donor 8001 hydrogen 8055 Ligand acceptor   17 bond energy  1.00 wt 0.51
Protein donor 8084 hydrogen 8134 Ligand acceptor    9 bond energy  1.00 wt 0.99
Protein donor 9508 hydrogen 9571 Ligand acceptor    9 bond energy  1.00 wt 0.53


* CH..O interactions                                                            
  CH group selection                       : activated ring CH (adjacent to hetatom)

--------------------------------------------------------------------------------


--------------------------------------------------------------------------------
--- Intra-ligand clashes                                                     ---
--------------------------------------------------------------------------------

Ligand
--------------------------------------------------------------------------------


--------------------------------------------------------------------------------
--- Chromosome decoded                                                       ---
--------------------------------------------------------------------------------
Ligand Torsions
[   6    2    1    3]  -37.27
[  12    5    1    2]  171.86
Protein Torsions
[9571 9508 9507 9505]  176.51 
[7907 7874 7873 7870]   92.80 
Mapping
Ligand acceptors to protein hydrogens (mapping then atom ids)
  1  10 [  9->8134]
  3   7 [ 17->8055]
Ligand hydrogens to protein acceptors (mapping then atom ids)
  1   4 [ 22->8004]
Ligand shape atoms to protein points (mapping then atom ids & coords)
Chromosome values
Integers:
   9   -1    6    3   -1   -1   -1   -1   -1   -1   -1   -1 
--------------------------------------------------------------------------------


--------------------------------------------------------------------------------
--- Diverse Solutions Stats                                                  ---
--------------------------------------------------------------------------------
  Move attempts                            :  14837
  Move failures                            :      0
  Failure rate                             :   0.000

--------------------------------------------------------------------------------

Current Ranking  2  1

--------------------------------------------------------------------------------

* GA execution time :                                                           
  total  0.4095 user  0.3908 sys  0.0187

--------------------------------------------------------------------------------
Fitness function evaluations: 16355

--------------------------------------------------------------------------------
** Docking run number  3 **
--------------------------------------------------------------------------------
  Rank fitness base is 5000.00 ; increment is 11.2233

* Initialising population(s) ...                                                
Number of constraints mappings 0
Number of constraints 0
  Population no.                           :      1
  Population size                          :    100
  Number of duplicates                     :      0
  Number of niche violations               :      0
  Number of errors                         :   1305


Doing GA, no. of population(s) 1 size 100 selection pressure 1.100000

 Operation      Fitness  S(hb_ext) S(vdw_ext)  S(hb_int)    S(int)      intcor
         0      28.41       3.16      21.03       0.00     -18.34      -0.78
       357      22.69       1.18      16.08       0.00      -2.05      -0.78
       487      21.89       1.13      15.60       0.00      -2.05      -0.78
       701      20.87       1.09      15.02       0.00      -2.05      -0.78
       873      21.69       0.15      16.15       0.00      -1.35      -0.78
      1282      21.59       0.03      16.19       0.00      -0.89      -0.78
      1778      21.32       0.00      15.70       0.00      -0.27      -0.78
--------------------------------------------------------------------------------
Best docking solution after GA:
      2000      21.32       0.00      15.70       0.00      -0.27      -0.78

#ops:       2000 #mutates:    962 #cross:     1038 #dups:       629 
#niche:     1039 #errors:      97 
--------------------------------------------------------------------------------

Doing AMOEBA simplex on best individual
Done simplexing #iterations 707, best score  31.56

Ligand is stored in gold_soln_ligand_prepared_m1_3.mol2


--------------------------------------------------------------------------------
--- GoldScore breakdown of terms                                             ---
--------------------------------------------------------------------------------
Fitness = S(hb_ext) + 1.3750*S(vdw_ext) + S(hb_int) + 1.0000*S(int)
S(int)  = S(vdw_int) + S(tors)

Internal terms are relative to best energy found (intcor).

--------------------------------------------------------------------------------


     Fitness  S(hb_ext) S(vdw_ext)  S(hb_int)    S(int)      intcor
     31.56       0.27      22.93       0.00      -0.24      -0.77

--------------------------------------------------------------------------------
--- GoldScore analysis of protein-ligand interactions                        ---
--------------------------------------------------------------------------------

  Ligand acceptor   11 Protein hydrogen 8055 donor 8001 bond energy  2.00 wt 0.11
  Ligand acceptor   17 Protein hydrogen 8191 donor 8145 bond energy  2.00 wt 0.03

--------------------------------------------------------------------------------

--------------------------------------------------------------------------------
--- Rescoring solution                                                       ---
--------------------------------------------------------------------------------

     Score     S(PLP)   S(hbond)     S(cho)   S(metal)  DE(clash)   DE(tors)
      8.20      -6.46       0.61       0.00       0.00       0.00       0.04

Doing AMOEBA simplex on best individual
Done simplexing #iterations 680, best score  36.00

     Score     S(PLP)   S(hbond)     S(cho)   S(metal)  DE(clash)   DE(tors)
     36.00     -32.65       1.14       0.00       0.00       0.00       0.04

--------------------------------------------------------------------------------
--- CHEMPLP breakdown of terms                                               ---
--------------------------------------------------------------------------------
CHEMPLP = - ( 1.0000*S(PLP) + -3.0000*S(hbond) + -6.0000*S(metal) + -3.0000*S(cho) )

Score = CHEMPLP - 1.0000*DE(clash) - 2.0000*DE(tors)


--------------------------------------------------------------------------------


--------------------------------------------------------------------------------
--- PLP analysis of protein-ligand interactions                              ---
--------------------------------------------------------------------------------
hydrogen bonding        :      -2.00
metal                   :       0.00
buried (polar-nonpolar) :      -0.15
nonpolar                :     -31.83
repulsive               :       0.48
--------------------------------------------------------------------------------


--------------------------------------------------------------------------------
--- ChemScore analysis of protein-ligand interactions                        ---
--------------------------------------------------------------------------------

* Hydrogen bonds                                                                
Protein donor 8001 hydrogen 8055 Ligand acceptor   11 bond energy  1.00 wt 0.65
Protein donor 8084 hydrogen 8133 Ligand acceptor   17 bond energy  1.00 wt 0.49


* CH..O interactions                                                            
  CH group selection                       : activated ring CH (adjacent to hetatom)

--------------------------------------------------------------------------------


--------------------------------------------------------------------------------
--- Intra-ligand clashes                                                     ---
--------------------------------------------------------------------------------

Ligand
--------------------------------------------------------------------------------


--------------------------------------------------------------------------------
--- Chromosome decoded                                                       ---
--------------------------------------------------------------------------------
Ligand Torsions
[   6    2    1    3]  -60.87
[  12    5    1    2] -176.39
Protein Torsions
[9571 9508 9507 9505]  -86.99 
[7907 7874 7873 7870]   74.50 
Mapping
Ligand acceptors to protein hydrogens (mapping then atom ids)
  2   7 [ 11->8055]
  3  11 [ 17->8191]
Ligand hydrogens to protein acceptors (mapping then atom ids)
  2   3 [ 23->7872]
Ligand shape atoms to protein points (mapping then atom ids & coords)
Chromosome values
Integers:
  -1    6   10   -1    2   -1   -1   -1   -1   -1   -1   -1 
--------------------------------------------------------------------------------


--------------------------------------------------------------------------------
--- Diverse Solutions Stats                                                  ---
--------------------------------------------------------------------------------
  Move attempts                            :  15270
  Move failures                            :      6
  Failure rate                             :   0.000

--------------------------------------------------------------------------------

Current Ranking  3  2  1

--------------------------------------------------------------------------------

* GA execution time :                                                           
  total  0.4190 user  0.4114 sys  0.0076

--------------------------------------------------------------------------------
Fitness function evaluations: 16672

--------------------------------------------------------------------------------
** Docking run number  4 **
--------------------------------------------------------------------------------
  Rank fitness base is 5000.00 ; increment is 11.2233

* Initialising population(s) ...                                                
Number of constraints mappings 0
Number of constraints 0
  Population no.                           :      1
  Population size                          :    100
  Number of duplicates                     :      0
  Number of niche violations               :      0
  Number of errors                         :   1317


Doing GA, no. of population(s) 1 size 100 selection pressure 1.100000

 Operation      Fitness  S(hb_ext) S(vdw_ext)  S(hb_int)    S(int)      intcor
         0      20.62       2.08      16.10       0.00     -17.96      -0.77
Reordering...
        60      19.58       1.94      16.82       0.00     -25.70      -0.77
        71      21.43       2.20      16.62       0.00     -17.00      -0.77
        73      22.08       2.24      17.07       0.00     -17.00      -0.77
       176      23.99       1.63      17.75       0.00      -8.64      -0.77
       338      23.69       1.46      16.93       0.00      -3.74      -0.77
Reordering...
       540      19.84       1.85      14.83       0.00      -6.71      -0.77
       563      20.40       1.23      14.40       0.00      -1.72      -0.77
Reordering...
       600      19.22       1.84      14.50       0.00      -6.71      -0.77
Reordering...
       620      19.17       1.18      13.57       0.00      -1.72      -0.77
Reordering...
       660      18.53       1.83      14.13       0.00      -6.71      -0.77
Reordering...
      1080      12.29       0.62       9.40       0.00      -1.98      -0.77
      1113      12.26       0.62       9.40       0.00      -1.98      -0.77
      1114      15.58       1.78      10.51       0.00      -0.99      -0.77
      1133      19.37       0.97      14.59       0.00      -2.49      -0.77
      1966      18.96       0.84      14.59       0.00      -1.93      -0.77
--------------------------------------------------------------------------------
Best docking solution after GA:
      2000      18.96       0.84      14.59       0.00      -1.93      -0.77

#ops:       2000 #mutates:   1011 #cross:      989 #dups:       580 
#niche:      888 #errors:     124 
--------------------------------------------------------------------------------

Doing AMOEBA simplex on best individual
Done simplexing #iterations 419, best score  25.58

Ligand is stored in gold_soln_ligand_prepared_m1_4.mol2


--------------------------------------------------------------------------------
--- GoldScore breakdown of terms                                             ---
--------------------------------------------------------------------------------
Fitness = S(hb_ext) + 1.3750*S(vdw_ext) + S(hb_int) + 1.0000*S(int)
S(int)  = S(vdw_int) + S(tors)

Internal terms are relative to best energy found (intcor).

--------------------------------------------------------------------------------


     Fitness  S(hb_ext) S(vdw_ext)  S(hb_int)    S(int)      intcor
     25.58       0.28      19.36       0.00      -1.33      -0.77

--------------------------------------------------------------------------------
--- GoldScore analysis of protein-ligand interactions                        ---
--------------------------------------------------------------------------------

  Ligand acceptor   11 Protein hydrogen 8055 donor 8001 bond energy  2.00 wt 0.02
  Ligand acceptor    9 Protein hydrogen 8133 donor 8084 bond energy  2.00 wt 0.08
  Ligand acceptor   17 Protein hydrogen 8191 donor 8145 bond energy  2.00 wt 0.05

--------------------------------------------------------------------------------

--------------------------------------------------------------------------------
--- Rescoring solution                                                       ---
--------------------------------------------------------------------------------

     Score     S(PLP)   S(hbond)     S(cho)   S(metal)  DE(clash)   DE(tors)
     13.57     -12.62       0.90       0.00       0.00       1.02       0.36

Doing AMOEBA simplex on best individual
Done simplexing #iterations 607, best score  24.89

     Score     S(PLP)   S(hbond)     S(cho)   S(metal)  DE(clash)   DE(tors)
     24.89     -20.76       2.00       0.00       0.00       1.26       0.31

--------------------------------------------------------------------------------
--- CHEMPLP breakdown of terms                                               ---
--------------------------------------------------------------------------------
CHEMPLP = - ( 1.0000*S(PLP) + -3.0000*S(hbond) + -6.0000*S(metal) + -3.0000*S(cho) )

Score = CHEMPLP - 1.0000*DE(clash) - 2.0000*DE(tors)


--------------------------------------------------------------------------------


--------------------------------------------------------------------------------
--- PLP analysis of protein-ligand interactions                              ---
--------------------------------------------------------------------------------
hydrogen bonding        :      -4.00
metal                   :       0.00
buried (polar-nonpolar) :      -1.41
nonpolar                :     -17.57
repulsive               :       2.11
--------------------------------------------------------------------------------


--------------------------------------------------------------------------------
--- ChemScore analysis of protein-ligand interactions                        ---
--------------------------------------------------------------------------------

* Hydrogen bonds                                                                
Protein donor 6785 hydrogen 6850 Ligand acceptor   11 bond energy  1.00 wt 0.41
Protein donor 8084 hydrogen 8133 Ligand acceptor    9 bond energy  1.00 wt 0.75
Protein donor 8145 hydrogen 8191 Ligand acceptor   17 bond energy  1.00 wt 0.84


* CH..O interactions                                                            
  CH group selection                       : activated ring CH (adjacent to hetatom)

--------------------------------------------------------------------------------


--------------------------------------------------------------------------------
--- Intra-ligand clashes                                                     ---
--------------------------------------------------------------------------------

Ligand
  7 (C7   ) -   4 (C4   ):   1.26 (dist   2.72)
--------------------------------------------------------------------------------


--------------------------------------------------------------------------------
--- Chromosome decoded                                                       ---
--------------------------------------------------------------------------------
Ligand Torsions
[   6    2    1    3]   74.09
[  12    5    1    2] -171.15
Protein Torsions
[9571 9508 9507 9505]  127.96 
[7907 7874 7873 7870]  167.20 
Mapping
Ligand acceptors to protein hydrogens (mapping then atom ids)
  1   9 [  9->8133]
  2   7 [ 11->8055]
  3  11 [ 17->8191]
Ligand hydrogens to protein acceptors (mapping then atom ids)
Ligand shape atoms to protein points (mapping then atom ids & coords)
Chromosome values
Integers:
   8    6   10   -1   -1   -1   -1   -1   -1   -1   -1   -1 
--------------------------------------------------------------------------------


--------------------------------------------------------------------------------
--- Diverse Solutions Stats                                                  ---
--------------------------------------------------------------------------------
  Move attempts                            :  14768
  Move failures                            :      2
  Failure rate                             :   0.000

--------------------------------------------------------------------------------

Current Ranking  3  2  1  4

--------------------------------------------------------------------------------

* GA execution time :                                                           
  total  0.3458 user  0.3337 sys  0.0121

--------------------------------------------------------------------------------
Fitness function evaluations: 16212

--------------------------------------------------------------------------------
** Docking run number  5 **
--------------------------------------------------------------------------------
  Rank fitness base is 5000.00 ; increment is 11.2233

* Initialising population(s) ...                                                
Number of constraints mappings 0
Number of constraints 0
  Population no.                           :      1
  Population size                          :    100
  Number of duplicates                     :      0
  Number of niche violations               :      0
  Number of errors                         :   1241


Doing GA, no. of population(s) 1 size 100 selection pressure 1.100000

 Operation      Fitness  S(hb_ext) S(vdw_ext)  S(hb_int)    S(int)      intcor
         0      23.44       3.33      16.65       0.00     -13.88      -0.77
Reordering...
       180      19.05       2.54      13.76       0.00      -9.97      -0.77
       204      19.04       3.18      13.92       0.00     -13.23      -0.77
Reordering...
       240      17.93       2.50      13.10       0.00      -9.97      -0.77
Reordering...
       360      15.39       1.92      11.12       0.00      -6.16      -0.77
       438      19.49       1.89      13.81       0.00      -4.41      -0.77
Reordering...
       660      15.84       1.09      11.10       0.00      -1.29      -0.77
       807      15.32       1.06      10.81       0.00      -1.29      -0.77
      1161      17.44       0.37      12.75       0.00      -0.65      -0.77
--------------------------------------------------------------------------------
Best docking solution after GA:
      2000      17.21       0.34      12.75       0.00      -0.65      -0.77

#ops:       2000 #mutates:   1015 #cross:      985 #dups:       551 
#niche:      833 #errors:     139 
--------------------------------------------------------------------------------

Doing AMOEBA simplex on best individual
Done simplexing #iterations 515, best score  19.71

Ligand is stored in gold_soln_ligand_prepared_m1_5.mol2


--------------------------------------------------------------------------------
--- GoldScore breakdown of terms                                             ---
--------------------------------------------------------------------------------
Fitness = S(hb_ext) + 1.3750*S(vdw_ext) + S(hb_int) + 1.0000*S(int)
S(int)  = S(vdw_int) + S(tors)

Internal terms are relative to best energy found (intcor).

--------------------------------------------------------------------------------


     Fitness  S(hb_ext) S(vdw_ext)  S(hb_int)    S(int)      intcor
     19.71       0.17      14.72       0.00      -0.70      -0.77

--------------------------------------------------------------------------------
--- GoldScore analysis of protein-ligand interactions                        ---
--------------------------------------------------------------------------------

  Ligand acceptor   11 Protein hydrogen 8134 donor 8084 bond energy  2.00 wt 0.08

--------------------------------------------------------------------------------

--------------------------------------------------------------------------------
--- Rescoring solution                                                       ---
--------------------------------------------------------------------------------

     Score     S(PLP)   S(hbond)     S(cho)   S(metal)  DE(clash)   DE(tors)
      8.99     -11.31       0.00       0.00       0.00       0.00       1.16

Doing AMOEBA simplex on best individual
Done simplexing #iterations 538, best score  12.27

     Score     S(PLP)   S(hbond)     S(cho)   S(metal)  DE(clash)   DE(tors)
     12.27     -14.42       0.00       0.00       0.00       0.00       1.08

--------------------------------------------------------------------------------
--- CHEMPLP breakdown of terms                                               ---
--------------------------------------------------------------------------------
CHEMPLP = - ( 1.0000*S(PLP) + -3.0000*S(hbond) + -6.0000*S(metal) + -3.0000*S(cho) )

Score = CHEMPLP - 1.0000*DE(clash) - 2.0000*DE(tors)


--------------------------------------------------------------------------------


--------------------------------------------------------------------------------
--- PLP analysis of protein-ligand interactions                              ---
--------------------------------------------------------------------------------
hydrogen bonding        :      -1.00
metal                   :       0.00
buried (polar-nonpolar) :      -1.54
nonpolar                :     -12.56
repulsive               :       0.38
--------------------------------------------------------------------------------


--------------------------------------------------------------------------------
--- ChemScore analysis of protein-ligand interactions                        ---
--------------------------------------------------------------------------------

* Hydrogen bonds                                                                


* CH..O interactions                                                            
  CH group selection                       : activated ring CH (adjacent to hetatom)

--------------------------------------------------------------------------------


--------------------------------------------------------------------------------
--- Intra-ligand clashes                                                     ---
--------------------------------------------------------------------------------

Ligand
--------------------------------------------------------------------------------


--------------------------------------------------------------------------------
--- Chromosome decoded                                                       ---
--------------------------------------------------------------------------------
Ligand Torsions
[   6    2    1    3]  145.97
[  12    5    1    2]  168.83
Protein Torsions
[9571 9508 9507 9505] -108.19 
[7907 7874 7873 7870]   72.00 
Mapping
Ligand acceptors to protein hydrogens (mapping then atom ids)
  2  13 [ 11->9571]
  3   4 [ 17->6850]
Ligand hydrogens to protein acceptors (mapping then atom ids)
  2   4 [ 23->8004]
Ligand shape atoms to protein points (mapping then atom ids & coords)
Chromosome values
Integers:
  -1   12    3   -1    3   -1   -1   -1   -1   -1   -1   -1 
--------------------------------------------------------------------------------


--------------------------------------------------------------------------------
--- Diverse Solutions Stats                                                  ---
--------------------------------------------------------------------------------
  Move attempts                            :  14855
  Move failures                            :     17
  Failure rate                             :   0.001

--------------------------------------------------------------------------------

Current Ranking  3  2  1  4  5

--------------------------------------------------------------------------------

* GA execution time :                                                           
  total  0.3482 user  0.3260 sys  0.0222

--------------------------------------------------------------------------------
Fitness function evaluations: 16223

--------------------------------------------------------------------------------
** Docking run number  6 **
--------------------------------------------------------------------------------
  Rank fitness base is 5000.00 ; increment is 11.2233

* Initialising population(s) ...                                                
Number of constraints mappings 0
Number of constraints 0
  Population no.                           :      1
  Population size                          :    100
  Number of duplicates                     :      0
  Number of niche violations               :      0
  Number of errors                         :   1289


Doing GA, no. of population(s) 1 size 100 selection pressure 1.100000

 Operation      Fitness  S(hb_ext) S(vdw_ext)  S(hb_int)    S(int)      intcor
         0      27.15       1.20      19.38       0.00      -3.46      -0.77
        14      29.81       2.54      20.35       0.00      -3.57      -0.77
Reordering...
       240      24.67       1.10      17.71       0.00      -3.02      -0.77
Reordering...
       360      23.24       1.05      16.88       0.00      -3.46      -0.77
Reordering...
       540      21.29       0.96      15.58       0.00      -3.02      -0.77
       907      17.83       0.84      12.95       0.00      -1.55      -0.77
      1126      16.49       0.73      11.71       0.00      -0.52      -0.77
      1264      14.58       0.65      10.43       0.00      -0.52      -0.77
--------------------------------------------------------------------------------
Best docking solution after GA:
      2000      11.09       0.55       8.04       0.00      -0.52      -0.77

#ops:       2000 #mutates:   1024 #cross:      976 #dups:       599 
#niche:      877 #errors:     143 
--------------------------------------------------------------------------------

Doing AMOEBA simplex on best individual
Done simplexing #iterations 625, best score  25.14

Ligand is stored in gold_soln_ligand_prepared_m1_6.mol2


--------------------------------------------------------------------------------
--- GoldScore breakdown of terms                                             ---
--------------------------------------------------------------------------------
Fitness = S(hb_ext) + 1.3750*S(vdw_ext) + S(hb_int) + 1.0000*S(int)
S(int)  = S(vdw_int) + S(tors)

Internal terms are relative to best energy found (intcor).

--------------------------------------------------------------------------------


     Fitness  S(hb_ext) S(vdw_ext)  S(hb_int)    S(int)      intcor
     25.14       1.30      17.64       0.00      -0.42      -0.77

--------------------------------------------------------------------------------
--- GoldScore analysis of protein-ligand interactions                        ---
--------------------------------------------------------------------------------

  Ligand acceptor   11 Protein hydrogen 8134 donor 8084 bond energy  2.00 wt 0.01
  Ligand donor    8 hydrogen   22 Protein acceptor 7916 bond energy  2.00 wt 0.15
  Ligand donor   10 hydrogen   23 Protein acceptor 9508 bond energy  2.00 wt 0.49

--------------------------------------------------------------------------------

--------------------------------------------------------------------------------
--- Rescoring solution                                                       ---
--------------------------------------------------------------------------------

     Score     S(PLP)   S(hbond)     S(cho)   S(metal)  DE(clash)   DE(tors)
      3.34      -1.19       1.57       0.00       0.00       0.00       1.27

Doing AMOEBA simplex on best individual
Done simplexing #iterations 667, best score  20.10

     Score     S(PLP)   S(hbond)     S(cho)   S(metal)  DE(clash)   DE(tors)
     20.10     -17.50       1.73       0.00       0.00       0.00       1.30

--------------------------------------------------------------------------------
--- CHEMPLP breakdown of terms                                               ---
--------------------------------------------------------------------------------
CHEMPLP = - ( 1.0000*S(PLP) + -3.0000*S(hbond) + -6.0000*S(metal) + -3.0000*S(cho) )

Score = CHEMPLP - 1.0000*DE(clash) - 2.0000*DE(tors)


--------------------------------------------------------------------------------


--------------------------------------------------------------------------------
--- PLP analysis of protein-ligand interactions                              ---
--------------------------------------------------------------------------------
hydrogen bonding        :      -3.00
metal                   :       0.00
buried (polar-nonpolar) :       0.66
nonpolar                :     -15.44
repulsive               :       0.44
--------------------------------------------------------------------------------


--------------------------------------------------------------------------------
--- ChemScore analysis of protein-ligand interactions                        ---
--------------------------------------------------------------------------------

* Hydrogen bonds                                                                
Ligand donor   10 hydrogen   23 Protein acceptor 9508 bond energy  1.00 wt 0.99
Protein donor 8084 hydrogen 8134 Ligand acceptor   11 bond energy  1.00 wt 0.43
Protein donor 9508 hydrogen 9571 Ligand acceptor   11 bond energy  1.00 wt 0.32


* CH..O interactions                                                            
  CH group selection                       : activated ring CH (adjacent to hetatom)

--------------------------------------------------------------------------------


--------------------------------------------------------------------------------
--- Intra-ligand clashes                                                     ---
--------------------------------------------------------------------------------

Ligand
--------------------------------------------------------------------------------


--------------------------------------------------------------------------------
--- Chromosome decoded                                                       ---
--------------------------------------------------------------------------------
Ligand Torsions
[   6    2    1    3]  -89.79
[  12    5    1    2] -168.59
Protein Torsions
[9571 9508 9507 9505]   12.80 
[7907 7874 7873 7870]    5.64 
Mapping
Ligand acceptors to protein hydrogens (mapping then atom ids)
  2  13 [ 11->9571]
Ligand hydrogens to protein acceptors (mapping then atom ids)
  1  12 [ 22->7708]
  2   8 [ 23->9508]
Ligand shape atoms to protein points (mapping then atom ids & coords)
Chromosome values
Integers:
  -1   12   -1   11    7   -1   -1   -1   -1   -1   -1   -1 
--------------------------------------------------------------------------------


--------------------------------------------------------------------------------
--- Diverse Solutions Stats                                                  ---
--------------------------------------------------------------------------------
  Move attempts                            :  15252
  Move failures                            :     23
  Failure rate                             :   0.002

--------------------------------------------------------------------------------

Current Ranking  3  2  1  4  6  5

--------------------------------------------------------------------------------

* GA execution time :                                                           
  total  0.3625 user  0.3500 sys  0.0126

--------------------------------------------------------------------------------
Fitness function evaluations: 16669

--------------------------------------------------------------------------------
** Docking run number  7 **
--------------------------------------------------------------------------------
  Rank fitness base is 5000.00 ; increment is 11.2233

* Initialising population(s) ...                                                
Number of constraints mappings 0
Number of constraints 0
  Population no.                           :      1
  Population size                          :    100
  Number of duplicates                     :      0
  Number of niche violations               :      0
  Number of errors                         :   1361


Doing GA, no. of population(s) 1 size 100 selection pressure 1.100000

 Operation      Fitness  S(hb_ext) S(vdw_ext)  S(hb_int)    S(int)      intcor
         0      25.32       1.41      18.54       0.00      -7.92      -0.77
       106      24.30       1.66      16.83       0.00      -2.29      -0.77
       153      23.42       1.61      16.28       0.00      -2.47      -0.77
       521      18.15       1.28      12.74       0.00      -1.88      -0.77
Reordering...
       660      15.26       1.09      11.25       0.00      -3.23      -0.77
       957      13.77       1.03      10.56       0.00      -3.23      -0.77
       986      13.58       1.01      10.49       0.00      -3.23      -0.77
      1014      13.78       3.36       8.38       0.00      -1.88      -0.77
      1900      13.36       0.84      10.38       0.00      -1.76      -0.77
--------------------------------------------------------------------------------
Best docking solution after GA:
      2000      13.36       0.84      10.38       0.00      -1.76      -0.77

#ops:       2000 #mutates:    947 #cross:     1053 #dups:       618 
#niche:      919 #errors:     142 
--------------------------------------------------------------------------------

Doing AMOEBA simplex on best individual
Done simplexing #iterations 525, best score  19.09

Ligand is stored in gold_soln_ligand_prepared_m1_7.mol2


--------------------------------------------------------------------------------
--- GoldScore breakdown of terms                                             ---
--------------------------------------------------------------------------------
Fitness = S(hb_ext) + 1.3750*S(vdw_ext) + S(hb_int) + 1.0000*S(int)
S(int)  = S(vdw_int) + S(tors)

Internal terms are relative to best energy found (intcor).

--------------------------------------------------------------------------------


     Fitness  S(hb_ext) S(vdw_ext)  S(hb_int)    S(int)      intcor
     19.09       0.29      14.76       0.00      -1.50      -0.77

--------------------------------------------------------------------------------
--- GoldScore analysis of protein-ligand interactions                        ---
--------------------------------------------------------------------------------

  Ligand acceptor    9 Protein hydrogen 8055 donor 8001 bond energy  2.00 wt 0.03
  Ligand acceptor   11 Protein hydrogen 8133 donor 8084 bond energy  2.00 wt 0.03
  Ligand acceptor   17 Protein hydrogen 8191 donor 8145 bond energy  2.00 wt 0.08

--------------------------------------------------------------------------------

--------------------------------------------------------------------------------
--- Rescoring solution                                                       ---
--------------------------------------------------------------------------------

     Score     S(PLP)   S(hbond)     S(cho)   S(metal)  DE(clash)   DE(tors)
      7.45      -7.73       0.86       0.00       0.00       0.00       1.43

Doing AMOEBA simplex on best individual
Done simplexing #iterations 697, best score  17.58

     Score     S(PLP)   S(hbond)     S(cho)   S(metal)  DE(clash)   DE(tors)
     17.58     -13.97       2.07       0.00       0.00       0.40       1.10

--------------------------------------------------------------------------------
--- CHEMPLP breakdown of terms                                               ---
--------------------------------------------------------------------------------
CHEMPLP = - ( 1.0000*S(PLP) + -3.0000*S(hbond) + -6.0000*S(metal) + -3.0000*S(cho) )

Score = CHEMPLP - 1.0000*DE(clash) - 2.0000*DE(tors)


--------------------------------------------------------------------------------


--------------------------------------------------------------------------------
--- PLP analysis of protein-ligand interactions                              ---
--------------------------------------------------------------------------------
hydrogen bonding        :      -3.97
metal                   :       0.00
buried (polar-nonpolar) :      -0.50
nonpolar                :     -11.25
repulsive               :       1.85
--------------------------------------------------------------------------------


--------------------------------------------------------------------------------
--- ChemScore analysis of protein-ligand interactions                        ---
--------------------------------------------------------------------------------

* Hydrogen bonds                                                                
Protein donor 6785 hydrogen 6850 Ligand acceptor    9 bond energy  1.00 wt 0.29
Protein donor 8084 hydrogen 8133 Ligand acceptor   11 bond energy  1.00 wt 0.95
Protein donor 8145 hydrogen 8191 Ligand acceptor   17 bond energy  1.00 wt 0.83


* CH..O interactions                                                            
  CH group selection                       : activated ring CH (adjacent to hetatom)

--------------------------------------------------------------------------------


--------------------------------------------------------------------------------
--- Intra-ligand clashes                                                     ---
--------------------------------------------------------------------------------

Ligand
  6 (C6   ) -   3 (C3   ):   0.40 (dist   2.74)
--------------------------------------------------------------------------------


--------------------------------------------------------------------------------
--- Chromosome decoded                                                       ---
--------------------------------------------------------------------------------
Ligand Torsions
[   6    2    1    3]  -28.95
[  12    5    1    2]  160.24
Protein Torsions
[9571 9508 9507 9505] -153.13 
[7907 7874 7873 7870]   45.16 
Mapping
Ligand acceptors to protein hydrogens (mapping then atom ids)
  1   7 [  9->8055]
  2   9 [ 11->8133]
  3  11 [ 17->8191]
Ligand hydrogens to protein acceptors (mapping then atom ids)
Ligand shape atoms to protein points (mapping then atom ids & coords)
Chromosome values
Integers:
   6    8   10   -1   -1   -1   -1   -1   -1   -1   -1   -1 
--------------------------------------------------------------------------------


--------------------------------------------------------------------------------
--- Diverse Solutions Stats                                                  ---
--------------------------------------------------------------------------------
  Move attempts                            :  15095
  Move failures                            :     27
  Failure rate                             :   0.002

--------------------------------------------------------------------------------

Current Ranking  3  2  1  4  6  5  7

--------------------------------------------------------------------------------

* GA execution time :                                                           
  total  0.3444 user  0.3150 sys  0.0294

--------------------------------------------------------------------------------
Fitness function evaluations: 16581

--------------------------------------------------------------------------------
** Docking run number  8 **
--------------------------------------------------------------------------------
  Rank fitness base is 5000.00 ; increment is 11.2233

* Initialising population(s) ...                                                
Number of constraints mappings 0
Number of constraints 0
  Population no.                           :      1
  Population size                          :    100
  Number of duplicates                     :      0
  Number of niche violations               :      0
  Number of errors                         :   1292


Doing GA, no. of population(s) 1 size 100 selection pressure 1.100000

 Operation      Fitness  S(hb_ext) S(vdw_ext)  S(hb_int)    S(int)      intcor
         0      30.43       2.71      20.87       0.00      -4.87      -0.77
       288      24.92       2.91      16.96       0.00      -4.87      -0.77
       417      23.30       1.36      15.97       0.00      -0.09      -0.77
       465      22.45       1.39      15.34       0.00      -0.09      -0.77
       846      15.08       0.53      11.36       0.00      -2.16      -0.77
       855      15.33       0.32      11.37       0.00      -1.27      -0.77
      1104      14.79       0.28      11.15       0.00      -1.27      -0.77
      1174      15.32       0.57      11.26       0.00      -1.05      -0.77
      1236      15.13       0.63      12.47       0.00      -3.58      -0.77
      1402      15.34       0.25      12.21       0.00      -1.90      -0.77
      1599      14.90       0.21      12.06       0.00      -1.90      -0.77
      1866      15.73       0.60      12.38       0.00      -1.90      -0.77
--------------------------------------------------------------------------------
Best docking solution after GA:
      2000      15.73       0.60      12.38       0.00      -1.90      -0.77

#ops:       2000 #mutates:   1002 #cross:      998 #dups:       676 
#niche:      899 #errors:     120 
--------------------------------------------------------------------------------

Doing AMOEBA simplex on best individual
Done simplexing #iterations 626, best score  25.27

Ligand is stored in gold_soln_ligand_prepared_m1_8.mol2


--------------------------------------------------------------------------------
--- GoldScore breakdown of terms                                             ---
--------------------------------------------------------------------------------
Fitness = S(hb_ext) + 1.3750*S(vdw_ext) + S(hb_int) + 1.0000*S(int)
S(int)  = S(vdw_int) + S(tors)

Internal terms are relative to best energy found (intcor).

--------------------------------------------------------------------------------


     Fitness  S(hb_ext) S(vdw_ext)  S(hb_int)    S(int)      intcor
     25.27       0.16      18.89       0.00      -0.87      -0.77

--------------------------------------------------------------------------------
--- GoldScore analysis of protein-ligand interactions                        ---
--------------------------------------------------------------------------------

  Ligand acceptor   17 Protein hydrogen 8055 donor 8001 bond energy  2.00 wt 0.05
  Ligand acceptor   11 Protein hydrogen 8134 donor 8084 bond energy  2.00 wt 0.01
  Ligand donor   10 hydrogen   23 Protein acceptor 8004 bond energy  2.00 wt 0.02

--------------------------------------------------------------------------------

--------------------------------------------------------------------------------
--- Rescoring solution                                                       ---
--------------------------------------------------------------------------------

     Score     S(PLP)   S(hbond)     S(cho)   S(metal)  DE(clash)   DE(tors)
      8.10      -5.85       1.47       0.00       0.00       0.47       0.84

Doing AMOEBA simplex on best individual
Done simplexing #iterations 566, best score  20.96

     Score     S(PLP)   S(hbond)     S(cho)   S(metal)  DE(clash)   DE(tors)
     20.96     -18.89       1.43       0.00       0.00       0.00       1.10

--------------------------------------------------------------------------------
--- CHEMPLP breakdown of terms                                               ---
--------------------------------------------------------------------------------
CHEMPLP = - ( 1.0000*S(PLP) + -3.0000*S(hbond) + -6.0000*S(metal) + -3.0000*S(cho) )

Score = CHEMPLP - 1.0000*DE(clash) - 2.0000*DE(tors)


--------------------------------------------------------------------------------


--------------------------------------------------------------------------------
--- PLP analysis of protein-ligand interactions                              ---
--------------------------------------------------------------------------------
hydrogen bonding        :      -3.95
metal                   :       0.00
buried (polar-nonpolar) :      -3.48
nonpolar                :     -12.58
repulsive               :       0.94
--------------------------------------------------------------------------------


--------------------------------------------------------------------------------
--- ChemScore analysis of protein-ligand interactions                        ---
--------------------------------------------------------------------------------

* Hydrogen bonds                                                                
Ligand donor   10 hydrogen   23 Protein acceptor 8004 bond energy  1.00 wt 0.18
Protein donor 6785 hydrogen 6850 Ligand acceptor   17 bond energy  1.00 wt 0.18
Protein donor 8084 hydrogen 8134 Ligand acceptor   11 bond energy  1.00 wt 1.00
Protein donor 9508 hydrogen 9571 Ligand acceptor   11 bond energy  1.00 wt 0.07


* CH..O interactions                                                            
  CH group selection                       : activated ring CH (adjacent to hetatom)

--------------------------------------------------------------------------------


--------------------------------------------------------------------------------
--- Intra-ligand clashes                                                     ---
--------------------------------------------------------------------------------

Ligand
--------------------------------------------------------------------------------


--------------------------------------------------------------------------------
--- Chromosome decoded                                                       ---
--------------------------------------------------------------------------------
Ligand Torsions
[   6    2    1    3]   91.49
[  12    5    1    2] -162.29
Protein Torsions
[9571 9508 9507 9505]   73.13 
[7907 7874 7873 7870]  -99.85 
Mapping
Ligand acceptors to protein hydrogens (mapping then atom ids)
  2  10 [ 11->8134]
  3   7 [ 17->8055]
Ligand hydrogens to protein acceptors (mapping then atom ids)
  2   4 [ 23->8004]
Ligand shape atoms to protein points (mapping then atom ids & coords)
Chromosome values
Integers:
  -1    9    6   -1    3   -1   -1   -1   -1   -1   -1   -1 
--------------------------------------------------------------------------------


--------------------------------------------------------------------------------
--- Diverse Solutions Stats                                                  ---
--------------------------------------------------------------------------------
  Move attempts                            :  14983
  Move failures                            :     15
  Failure rate                             :   0.001

--------------------------------------------------------------------------------

Current Ranking  3  2  1  4  8  6  5  7

--------------------------------------------------------------------------------

* GA execution time :                                                           
  total  0.3643 user  0.3560 sys  0.0083

--------------------------------------------------------------------------------
Fitness function evaluations: 16386

--------------------------------------------------------------------------------
** Docking run number  9 **
--------------------------------------------------------------------------------
  Rank fitness base is 5000.00 ; increment is 11.2233

* Initialising population(s) ...                                                
Number of constraints mappings 0
Number of constraints 0
  Population no.                           :      1
  Population size                          :    100
  Number of duplicates                     :      0
  Number of niche violations               :      0
  Number of errors                         :   1292


Doing GA, no. of population(s) 1 size 100 selection pressure 1.100000

 Operation      Fitness  S(hb_ext) S(vdw_ext)  S(hb_int)    S(int)      intcor
         0      24.52       1.49      19.14       0.00     -16.47      -0.77
Reordering...
       180      20.28       3.14      12.70       0.00      -1.37      -0.77
       197      21.17       1.54      16.21       0.00     -10.93      -0.77
       373      19.40       0.72      14.10       0.00      -2.39      -0.77
Reordering...
       420      18.86       0.68      14.40       0.00      -5.18      -0.77
       748      16.51       0.58      12.14       0.00      -1.72      -0.77
Reordering...
       900      14.40       0.65      11.98       0.00      -5.18      -0.77
       913      15.72       0.65      12.25       0.00      -3.38      -0.77
       996      17.28       0.65      12.56       0.00      -1.11      -0.77
      1217      16.75       0.63      12.07       0.00      -0.65      -0.77
      1231      17.23       0.63      12.09       0.00      -0.04      -0.77
      1405      17.09       0.61      12.51       0.00      -0.81      -0.77
      1467      17.06       0.63      12.52       0.00      -0.81      -0.77
Reordering...
      1500      16.99       0.60      12.51       0.00      -0.81      -0.77
      1684      17.01       0.60      12.52       0.00      -0.81      -0.77
      1924      17.36       0.60      13.17       0.00      -1.34      -0.77
--------------------------------------------------------------------------------
Best docking solution after GA:
      2000      17.36       0.60      13.17       0.00      -1.34      -0.77

#ops:       2000 #mutates:   1008 #cross:      992 #dups:       571 
#niche:      888 #errors:     132 
--------------------------------------------------------------------------------

Doing AMOEBA simplex on best individual
Done simplexing #iterations 716, best score  23.94

Ligand is stored in gold_soln_ligand_prepared_m1_9.mol2


--------------------------------------------------------------------------------
--- GoldScore breakdown of terms                                             ---
--------------------------------------------------------------------------------
Fitness = S(hb_ext) + 1.3750*S(vdw_ext) + S(hb_int) + 1.0000*S(int)
S(int)  = S(vdw_int) + S(tors)

Internal terms are relative to best energy found (intcor).

--------------------------------------------------------------------------------


     Fitness  S(hb_ext) S(vdw_ext)  S(hb_int)    S(int)      intcor
     23.94       1.41      17.30       0.00      -1.24      -0.77

--------------------------------------------------------------------------------
--- GoldScore analysis of protein-ligand interactions                        ---
--------------------------------------------------------------------------------

  Ligand acceptor   17 Protein hydrogen 8055 donor 8001 bond energy  2.00 wt 0.02
  Ligand acceptor   11 Protein hydrogen 8134 donor 8084 bond energy  2.00 wt 0.68

--------------------------------------------------------------------------------

--------------------------------------------------------------------------------
--- Rescoring solution                                                       ---
--------------------------------------------------------------------------------

     Score     S(PLP)   S(hbond)     S(cho)   S(metal)  DE(clash)   DE(tors)
      8.09      -6.49       1.47       0.00       0.00       0.00       1.41

Doing AMOEBA simplex on best individual
Done simplexing #iterations 538, best score  20.84

     Score     S(PLP)   S(hbond)     S(cho)   S(metal)  DE(clash)   DE(tors)
     20.84     -17.26       1.95       0.00       0.00       0.00       1.13

--------------------------------------------------------------------------------
--- CHEMPLP breakdown of terms                                               ---
--------------------------------------------------------------------------------
CHEMPLP = - ( 1.0000*S(PLP) + -3.0000*S(hbond) + -6.0000*S(metal) + -3.0000*S(cho) )

Score = CHEMPLP - 1.0000*DE(clash) - 2.0000*DE(tors)


--------------------------------------------------------------------------------


--------------------------------------------------------------------------------
--- PLP analysis of protein-ligand interactions                              ---
--------------------------------------------------------------------------------
hydrogen bonding        :      -3.27
metal                   :       0.00
buried (polar-nonpolar) :      -3.37
nonpolar                :     -12.37
repulsive               :       0.49
--------------------------------------------------------------------------------


--------------------------------------------------------------------------------
--- ChemScore analysis of protein-ligand interactions                        ---
--------------------------------------------------------------------------------

* Hydrogen bonds                                                                
Ligand donor   10 hydrogen   23 Protein acceptor 8004 bond energy  1.00 wt 0.78
Protein donor 6785 hydrogen 6850 Ligand acceptor   17 bond energy  1.00 wt 0.22
Protein donor 8084 hydrogen 8134 Ligand acceptor   11 bond energy  1.00 wt 0.94


* CH..O interactions                                                            
  CH group selection                       : activated ring CH (adjacent to hetatom)

--------------------------------------------------------------------------------


--------------------------------------------------------------------------------
--- Intra-ligand clashes                                                     ---
--------------------------------------------------------------------------------

Ligand
--------------------------------------------------------------------------------


--------------------------------------------------------------------------------
--- Chromosome decoded                                                       ---
--------------------------------------------------------------------------------
Ligand Torsions
[   6    2    1    3]  -87.29
[  12    5    1    2] -159.36
Protein Torsions
[9571 9508 9507 9505]  179.49 
[7907 7874 7873 7870]  161.61 
Mapping
Ligand acceptors to protein hydrogens (mapping then atom ids)
  2  10 [ 11->8134]
  3   7 [ 17->8055]
Ligand hydrogens to protein acceptors (mapping then atom ids)
  2   4 [ 23->8004]
Ligand shape atoms to protein points (mapping then atom ids & coords)
Chromosome values
Integers:
  -1    9    6   -1    3   -1   -1   -1   -1   -1   -1   -1 
--------------------------------------------------------------------------------


--------------------------------------------------------------------------------
--- Diverse Solutions Stats                                                  ---
--------------------------------------------------------------------------------
  Move attempts                            :  15133
  Move failures                            :     30
  Failure rate                             :   0.002

--------------------------------------------------------------------------------

Current Ranking  3  2  1  4  8  6  9  5  7

--------------------------------------------------------------------------------

* GA execution time :                                                           
  total  0.3744 user  0.3550 sys  0.0194

--------------------------------------------------------------------------------
Fitness function evaluations: 16537

--------------------------------------------------------------------------------
** Docking run number 10 **
--------------------------------------------------------------------------------
  Rank fitness base is 5000.00 ; increment is 11.2233

* Initialising population(s) ...                                                
Number of constraints mappings 0
Number of constraints 0
  Population no.                           :      1
  Population size                          :    100
  Number of duplicates                     :      0
  Number of niche violations               :      0
  Number of errors                         :   1283


Doing GA, no. of population(s) 1 size 100 selection pressure 1.100000

 Operation      Fitness  S(hb_ext) S(vdw_ext)  S(hb_int)    S(int)      intcor
         0      23.74       3.08      17.63       0.00     -17.90      -0.77
       109      23.82       3.03      18.38       0.00     -20.14      -0.77
       276      19.17       2.28      12.57       0.00      -1.53      -0.77
Reordering...
       300      17.23       2.85      14.50       0.00     -20.14      -0.77
       344      17.16       2.25      11.23       0.00      -1.84      -0.77
Reordering...
       360      15.78       1.23      11.48       0.00      -4.20      -0.77
       448      15.75       0.90      10.87       0.00      -0.30      -0.77
Reordering...
       480      15.14       1.13      11.21       0.00      -4.20      -0.77
       760      14.24       0.12      10.37       0.00      -0.31      -0.77
       895      14.04       0.07      10.28       0.00      -0.31      -0.77
      1283      12.47       0.04       9.22       0.00      -0.31      -0.77
Reordering...
      1380      12.00       2.69       6.99       0.00      -0.33      -0.77
      1406      12.43       2.69       7.28       0.00      -0.30      -0.77
      1985      12.48       2.56       7.69       0.00      -0.66      -0.77
--------------------------------------------------------------------------------
Best docking solution after GA:
      2000      12.48       2.56       7.69       0.00      -0.66      -0.77

#ops:       2000 #mutates:   1014 #cross:      986 #dups:       595 
#niche:     1017 #errors:     134 
--------------------------------------------------------------------------------

Doing AMOEBA simplex on best individual
Done simplexing #iterations 584, best score  14.86

Ligand is stored in gold_soln_ligand_prepared_m1_10.mol2


--------------------------------------------------------------------------------
--- GoldScore breakdown of terms                                             ---
--------------------------------------------------------------------------------
Fitness = S(hb_ext) + 1.3750*S(vdw_ext) + S(hb_int) + 1.0000*S(int)
S(int)  = S(vdw_int) + S(tors)

Internal terms are relative to best energy found (intcor).

--------------------------------------------------------------------------------


     Fitness  S(hb_ext) S(vdw_ext)  S(hb_int)    S(int)      intcor
     14.86       1.82       9.90       0.00      -0.58      -0.77

--------------------------------------------------------------------------------
--- GoldScore analysis of protein-ligand interactions                        ---
--------------------------------------------------------------------------------

  Ligand acceptor   17 Protein hydrogen 8191 donor 8145 bond energy  2.00 wt 0.46
  Ligand acceptor    9 Protein hydrogen 8329 donor 8289 bond energy  2.00 wt 0.11
  Ligand donor    8 hydrogen   22 Protein acceptor 8148 bond energy  2.00 wt 0.34

--------------------------------------------------------------------------------

--------------------------------------------------------------------------------
--- Rescoring solution                                                       ---
--------------------------------------------------------------------------------

     Score     S(PLP)   S(hbond)     S(cho)   S(metal)  DE(clash)   DE(tors)
      2.10      -2.39       0.71       0.00       0.00       0.00       1.22

Doing AMOEBA simplex on best individual
Done simplexing #iterations 521, best score  14.97

     Score     S(PLP)   S(hbond)     S(cho)   S(metal)  DE(clash)   DE(tors)
     14.97     -14.32       1.00       0.00       0.00       0.00       1.18

--------------------------------------------------------------------------------
--- CHEMPLP breakdown of terms                                               ---
--------------------------------------------------------------------------------
CHEMPLP = - ( 1.0000*S(PLP) + -3.0000*S(hbond) + -6.0000*S(metal) + -3.0000*S(cho) )

Score = CHEMPLP - 1.0000*DE(clash) - 2.0000*DE(tors)


--------------------------------------------------------------------------------


--------------------------------------------------------------------------------
--- PLP analysis of protein-ligand interactions                              ---
--------------------------------------------------------------------------------
hydrogen bonding        :      -1.22
metal                   :       0.00
buried (polar-nonpolar) :      -1.94
nonpolar                :     -11.53
repulsive               :       0.31
--------------------------------------------------------------------------------


--------------------------------------------------------------------------------
--- ChemScore analysis of protein-ligand interactions                        ---
--------------------------------------------------------------------------------

* Hydrogen bonds                                                                
Ligand donor    8 hydrogen   22 Protein acceptor 8148 bond energy  1.00 wt 1.00


* CH..O interactions                                                            
  CH group selection                       : activated ring CH (adjacent to hetatom)

--------------------------------------------------------------------------------


--------------------------------------------------------------------------------
--- Intra-ligand clashes                                                     ---
--------------------------------------------------------------------------------

Ligand
--------------------------------------------------------------------------------


--------------------------------------------------------------------------------
--- Chromosome decoded                                                       ---
--------------------------------------------------------------------------------
Ligand Torsions
[   6    2    1    3]   90.90
[  12    5    1    2] -167.49
Protein Torsions
[9571 9508 9507 9505] -130.09 
[7907 7874 7873 7870]   54.39 
Mapping
Ligand acceptors to protein hydrogens (mapping then atom ids)
  1  14 [  9->8329]
  3  11 [ 17->8191]
Ligand hydrogens to protein acceptors (mapping then atom ids)
  1   7 [ 22->8148]
Ligand shape atoms to protein points (mapping then atom ids & coords)
Chromosome values
Integers:
  13   -1   10    6   -1   -1   -1   -1   -1   -1   -1   -1 
--------------------------------------------------------------------------------


--------------------------------------------------------------------------------
--- Diverse Solutions Stats                                                  ---
--------------------------------------------------------------------------------
  Move attempts                            :  14892
  Move failures                            :     34
  Failure rate                             :   0.002

--------------------------------------------------------------------------------

Current Ranking  3  2  1  4  8  6  9  5  7 10

--------------------------------------------------------------------------------

* GA execution time :                                                           
  total  0.4044 user  0.3849 sys  0.0195

--------------------------------------------------------------------------------
Fitness function evaluations: 16285

--------------------------------------------------------------------------------
--- Ranking analysis                                                         ---
--------------------------------------------------------------------------------


* Final ranked order of GA solutions:                                           
   3  2  1  4  8  6  9  5  7 10 

  _______________________________
  RMSD Matrix of RANKED solutions

        2    3    4    5    6    7    8    9   10  

   1 :  3.1  3.1  1.9  4.2  4.6  4.1  4.1  4.4  9.1
   2 :       0.2  4.0  3.7  4.4  3.4  3.8  6.0 10.3
   3 :            4.0  3.7  4.4  3.4  3.8  6.0 10.3
   4 :                 4.2  4.9  4.2  4.1  3.7  7.7
   5 :                      3.7  1.4  2.2  4.6  9.3
   6 :                           3.8  4.3  4.4 10.2
   7 :                                2.6  4.9  9.8
   8 :                                     5.4  8.7
   9 :                                          8.6

  Clustering method                        : complete linkage
  Structure ids in cluster table           : rank nos.
  Ordering of clusters and their members   : by rank (order if from rms_analysis)

  Distance | Clusters
   0.15    |  1 |  2  3 |  4 |  5 |  6 |  7 |  8 |  9 | 10 |
   1.38    |  1 |  2  3 |  4 |  5  7 |  6 |  8 |  9 | 10 |
   1.94    |  1  4 |  2  3 |  5  7 |  6 |  8 |  9 | 10 |
   2.59    |  1  4 |  2  3 |  5  7  8 |  6 |  9 | 10 |
   3.84    |  1  4 |  2  3  5  7  8 |  6 |  9 | 10 |
   4.24    |  1  2  3  4  5  7  8 |  6 |  9 | 10 |
   4.43    |  1  2  3  4  5  7  8 |  6  9 | 10 |
   6.04    |  1  2  3  4  5  6  7  8  9 | 10 |
  10.31    |  1  2  3  4  5  6  7  8  9 10 |
  Finished Docking Ligand                  : /mnt/c/Users/ricca/Desktop/Documents/Rimoli/Reverse_Docking_Explore_V4/4d1n/ligand_prepared.mol2
--------------------------------------------------------------------------------

  Relative_Ligand_Energy (best encountered) :  -0.765
  Relative_Ligand_Energy: fitness values have been corrected using this amount
