Warning message: 
amide nitrogen 374 in molecule /mnt/c/Users/ricca/Desktop/Documents/Rimoli/Reverse_Docking_Explore_V4/3ovv/3ovv_clean.pdb is not planar

Warning message: 
find_not_dummy_connected_atoms: Atom no 380 has more than 8 connections.
GOLD cannot handle more than 8 connections per atom, so only the first 8 connections will be used.

Warning message: 
atom no  386 in /mnt/c/Users/ricca/Desktop/Documents/Rimoli/Reverse_Docking_Explore_V4/3ovv/3ovv_clean.pdb is deduced as N.pl3 but this may be
in error (check bond types of connections)

Warning message: 
amide nitrogen 674 in molecule /mnt/c/Users/ricca/Desktop/Documents/Rimoli/Reverse_Docking_Explore_V4/3ovv/3ovv_clean.pdb is not planar

Warning message: 
find_not_dummy_connected_atoms: Atom no 679 has more than 8 connections.
GOLD cannot handle more than 8 connections per atom, so only the first 8 connections will be used.

Warning message: 
find_not_dummy_connected_atoms: Atom no 680 has more than 8 connections.
GOLD cannot handle more than 8 connections per atom, so only the first 8 connections will be used.

Warning message: 
find_not_dummy_connected_atoms: Atom no 681 has more than 8 connections.
GOLD cannot handle more than 8 connections per atom, so only the first 8 connections will be used.

Warning message: 
amide nitrogen 1220 in molecule /mnt/c/Users/ricca/Desktop/Documents/Rimoli/Reverse_Docking_Explore_V4/3ovv/3ovv_clean.pdb is not planar

Warning message: 
find_not_dummy_connected_atoms: Atom no 1225 has more than 8 connections.
GOLD cannot handle more than 8 connections per atom, so only the first 8 connections will be used.

Warning message: 
find_not_dummy_connected_atoms: Atom no 1226 has more than 8 connections.
GOLD cannot handle more than 8 connections per atom, so only the first 8 connections will be used.

Warning message: 
amide nitrogen 1505 in molecule /mnt/c/Users/ricca/Desktop/Documents/Rimoli/Reverse_Docking_Explore_V4/3ovv/3ovv_clean.pdb is not planar

Warning message: 
find_not_dummy_connected_atoms: Atom no 1510 has more than 8 connections.
GOLD cannot handle more than 8 connections per atom, so only the first 8 connections will be used.

Warning message: 
find_not_dummy_connected_atoms: Atom no 1511 has more than 8 connections.
GOLD cannot handle more than 8 connections per atom, so only the first 8 connections will be used.

Warning message: 
find_not_dummy_connected_atoms: Atom no 2031 has more than 8 connections.
GOLD cannot handle more than 8 connections per atom, so only the first 8 connections will be used.

Warning message: 
find_not_dummy_connected_atoms: Atom no 2032 has more than 8 connections.
GOLD cannot handle more than 8 connections per atom, so only the first 8 connections will be used.

Warning message: 
find_not_dummy_connected_atoms: Atom no 2031 has more than 8 connections.
GOLD cannot handle more than 8 connections per atom, so only the first 8 connections will be used.

Warning message: 
find_not_dummy_connected_atoms: Atom no 2032 has more than 8 connections.
GOLD cannot handle more than 8 connections per atom, so only the first 8 connections will be used.

Warning message: 
find_not_dummy_connected_atoms: Atom no 2037 has more than 8 connections.
GOLD cannot handle more than 8 connections per atom, so only the first 8 connections will be used.

Warning message: 
find_not_dummy_connected_atoms: Atom no 2038 has more than 8 connections.
GOLD cannot handle more than 8 connections per atom, so only the first 8 connections will be used.

Warning message: 
find_not_dummy_connected_atoms: Atom no 2041 has more than 8 connections.
GOLD cannot handle more than 8 connections per atom, so only the first 8 connections will be used.

Warning message: 
amide nitrogen 2507 in molecule /mnt/c/Users/ricca/Desktop/Documents/Rimoli/Reverse_Docking_Explore_V4/3ovv/3ovv_clean.pdb is not planar

Warning message: 
find_not_dummy_connected_atoms: Atom no 2512 has more than 8 connections.
GOLD cannot handle more than 8 connections per atom, so only the first 8 connections will be used.

Warning message: 
find_not_dummy_connected_atoms: Atom no 2513 has more than 8 connections.
GOLD cannot handle more than 8 connections per atom, so only the first 8 connections will be used.

Warning message: 
find_not_dummy_connected_atoms: Atom no 2514 has more than 8 connections.
GOLD cannot handle more than 8 connections per atom, so only the first 8 connections will be used.

Warning message: 
amide nitrogen 2700 in molecule /mnt/c/Users/ricca/Desktop/Documents/Rimoli/Reverse_Docking_Explore_V4/3ovv/3ovv_clean.pdb is not planar

Warning message: 
find_not_dummy_connected_atoms: Atom no 2705 has more than 8 connections.
GOLD cannot handle more than 8 connections per atom, so only the first 8 connections will be used.

Warning message: 
find_not_dummy_connected_atoms: Atom no 2706 has more than 8 connections.
GOLD cannot handle more than 8 connections per atom, so only the first 8 connections will be used.

Warning message: 
find_not_dummy_connected_atoms: Atom no 2707 has more than 8 connections.
GOLD cannot handle more than 8 connections per atom, so only the first 8 connections will be used.

Warning message: 
find_not_dummy_connected_atoms: Atom no 2708 has more than 8 connections.
GOLD cannot handle more than 8 connections per atom, so only the first 8 connections will be used.

Warning message: 
amide nitrogen 2871 in molecule /mnt/c/Users/ricca/Desktop/Documents/Rimoli/Reverse_Docking_Explore_V4/3ovv/3ovv_clean.pdb is not planar

Warning message: 
find_not_dummy_connected_atoms: Atom no 2876 has more than 8 connections.
GOLD cannot handle more than 8 connections per atom, so only the first 8 connections will be used.

Warning message: 
find_not_dummy_connected_atoms: Atom no 2877 has more than 8 connections.
GOLD cannot handle more than 8 connections per atom, so only the first 8 connections will be used.

Warning message: 
find_not_dummy_connected_atoms: Atom no 5060 has more than 8 connections.
GOLD cannot handle more than 8 connections per atom, so only the first 8 connections will be used.

Warning message: 
find_not_dummy_connected_atoms: Atom no 5069 has more than 8 connections.
GOLD cannot handle more than 8 connections per atom, so only the first 8 connections will be used.

Warning message: 
find_not_dummy_connected_atoms: Atom no 5070 has more than 8 connections.
GOLD cannot handle more than 8 connections per atom, so only the first 8 connections will be used.

Warning message: 
find_not_dummy_connected_atoms: Atom no 5060 has more than 8 connections.
GOLD cannot handle more than 8 connections per atom, so only the first 8 connections will be used.

Warning message: 
find_not_dummy_connected_atoms: Atom no 5069 has more than 8 connections.
GOLD cannot handle more than 8 connections per atom, so only the first 8 connections will be used.

Warning message: 
find_not_dummy_connected_atoms: Atom no 5070 has more than 8 connections.
GOLD cannot handle more than 8 connections per atom, so only the first 8 connections will be used.

Warning message: 
find_not_dummy_connected_atoms: Atom no 5066 has more than 8 connections.
GOLD cannot handle more than 8 connections per atom, so only the first 8 connections will be used.

Warning message: 
find_not_dummy_connected_atoms: Atom no 5067 has more than 8 connections.
GOLD cannot handle more than 8 connections per atom, so only the first 8 connections will be used.

Warning message: 
find_not_dummy_connected_atoms: Atom no 5069 has more than 8 connections.
GOLD cannot handle more than 8 connections per atom, so only the first 8 connections will be used.

Warning message: 
find_not_dummy_connected_atoms: Atom no 5070 has more than 8 connections.
GOLD cannot handle more than 8 connections per atom, so only the first 8 connections will be used.

Warning message: 
find_not_dummy_connected_atoms: Atom no 5060 has more than 8 connections.
GOLD cannot handle more than 8 connections per atom, so only the first 8 connections will be used.

Warning message: 
amide nitrogen 5117 in molecule /mnt/c/Users/ricca/Desktop/Documents/Rimoli/Reverse_Docking_Explore_V4/3ovv/3ovv_clean.pdb is not planar

Warning message: 
find_not_dummy_connected_atoms: Atom no 5122 has more than 8 connections.
GOLD cannot handle more than 8 connections per atom, so only the first 8 connections will be used.

Warning message: 
find_not_dummy_connected_atoms: Atom no 5123 has more than 8 connections.
GOLD cannot handle more than 8 connections per atom, so only the first 8 connections will be used.

Warning message: 
set_pdb_atom_types: can't deduce type of atom  379 in /mnt/c/Users/ricca/Desktop/Documents/Rimoli/Reverse_Docking_Explore_V4/3ovv/3ovv_clean.pdb, replacing by Du

Warning message: 
set_pdb_atom_types: can't deduce type of atom  380 in /mnt/c/Users/ricca/Desktop/Documents/Rimoli/Reverse_Docking_Explore_V4/3ovv/3ovv_clean.pdb, replacing by Du

Warning message: 
set_pdb_atom_types: can't deduce type of atom  381 in /mnt/c/Users/ricca/Desktop/Documents/Rimoli/Reverse_Docking_Explore_V4/3ovv/3ovv_clean.pdb, replacing by Du

Warning message: 
set_pdb_atom_types: can't deduce type of atom  382 in /mnt/c/Users/ricca/Desktop/Documents/Rimoli/Reverse_Docking_Explore_V4/3ovv/3ovv_clean.pdb, replacing by Du

Warning message: 
set_pdb_atom_types: can't deduce type of atom  679 in /mnt/c/Users/ricca/Desktop/Documents/Rimoli/Reverse_Docking_Explore_V4/3ovv/3ovv_clean.pdb, replacing by Du

Warning message: 
set_pdb_atom_types: can't deduce type of atom  680 in /mnt/c/Users/ricca/Desktop/Documents/Rimoli/Reverse_Docking_Explore_V4/3ovv/3ovv_clean.pdb, replacing by Du

Warning message: 
set_pdb_atom_types: can't deduce type of atom  681 in /mnt/c/Users/ricca/Desktop/Documents/Rimoli/Reverse_Docking_Explore_V4/3ovv/3ovv_clean.pdb, replacing by Du

Warning message: 
set_pdb_atom_types: can't deduce type of atom  682 in /mnt/c/Users/ricca/Desktop/Documents/Rimoli/Reverse_Docking_Explore_V4/3ovv/3ovv_clean.pdb, replacing by Du

Warning message: 
set_pdb_atom_types: can't deduce type of atom  683 in /mnt/c/Users/ricca/Desktop/Documents/Rimoli/Reverse_Docking_Explore_V4/3ovv/3ovv_clean.pdb, replacing by Du

Warning message: 
set_pdb_atom_types: can't deduce type of atom  684 in /mnt/c/Users/ricca/Desktop/Documents/Rimoli/Reverse_Docking_Explore_V4/3ovv/3ovv_clean.pdb, replacing by Du

Warning message: 
set_pdb_atom_types: can't deduce type of atom 1225 in /mnt/c/Users/ricca/Desktop/Documents/Rimoli/Reverse_Docking_Explore_V4/3ovv/3ovv_clean.pdb, replacing by Du

Warning message: 
set_pdb_atom_types: can't deduce type of atom 1226 in /mnt/c/Users/ricca/Desktop/Documents/Rimoli/Reverse_Docking_Explore_V4/3ovv/3ovv_clean.pdb, replacing by Du

Warning message: 
set_pdb_atom_types: can't deduce type of atom 1227 in /mnt/c/Users/ricca/Desktop/Documents/Rimoli/Reverse_Docking_Explore_V4/3ovv/3ovv_clean.pdb, replacing by Du

Warning message: 
set_pdb_atom_types: can't deduce type of atom 1228 in /mnt/c/Users/ricca/Desktop/Documents/Rimoli/Reverse_Docking_Explore_V4/3ovv/3ovv_clean.pdb, replacing by Du

Warning message: 
set_pdb_atom_types: can't deduce type of atom 1229 in /mnt/c/Users/ricca/Desktop/Documents/Rimoli/Reverse_Docking_Explore_V4/3ovv/3ovv_clean.pdb, replacing by Du

Warning message: 
set_pdb_atom_types: can't deduce type of atom 1230 in /mnt/c/Users/ricca/Desktop/Documents/Rimoli/Reverse_Docking_Explore_V4/3ovv/3ovv_clean.pdb, replacing by Du

Warning message: 
set_pdb_atom_types: can't deduce type of atom 1510 in /mnt/c/Users/ricca/Desktop/Documents/Rimoli/Reverse_Docking_Explore_V4/3ovv/3ovv_clean.pdb, replacing by Du

Warning message: 
set_pdb_atom_types: can't deduce type of atom 1511 in /mnt/c/Users/ricca/Desktop/Documents/Rimoli/Reverse_Docking_Explore_V4/3ovv/3ovv_clean.pdb, replacing by Du

Warning message: 
set_pdb_atom_types: can't deduce type of atom 1512 in /mnt/c/Users/ricca/Desktop/Documents/Rimoli/Reverse_Docking_Explore_V4/3ovv/3ovv_clean.pdb, replacing by Du

Warning message: 
set_pdb_atom_types: can't deduce type of atom 1513 in /mnt/c/Users/ricca/Desktop/Documents/Rimoli/Reverse_Docking_Explore_V4/3ovv/3ovv_clean.pdb, replacing by Du

Warning message: 
set_pdb_atom_types: can't deduce type of atom 1514 in /mnt/c/Users/ricca/Desktop/Documents/Rimoli/Reverse_Docking_Explore_V4/3ovv/3ovv_clean.pdb, replacing by Du

Warning message: 
set_pdb_atom_types: can't deduce type of atom 1515 in /mnt/c/Users/ricca/Desktop/Documents/Rimoli/Reverse_Docking_Explore_V4/3ovv/3ovv_clean.pdb, replacing by Du

Warning message: 
set_pdb_atom_types: can't deduce type of atom 2029 in /mnt/c/Users/ricca/Desktop/Documents/Rimoli/Reverse_Docking_Explore_V4/3ovv/3ovv_clean.pdb, replacing by Du

Warning message: 
set_pdb_atom_types: can't deduce type of atom 2030 in /mnt/c/Users/ricca/Desktop/Documents/Rimoli/Reverse_Docking_Explore_V4/3ovv/3ovv_clean.pdb, replacing by Du

Warning message: 
set_pdb_atom_types: can't deduce type of atom 2037 in /mnt/c/Users/ricca/Desktop/Documents/Rimoli/Reverse_Docking_Explore_V4/3ovv/3ovv_clean.pdb, replacing by Du

Warning message: 
set_pdb_atom_types: can't deduce type of atom 2038 in /mnt/c/Users/ricca/Desktop/Documents/Rimoli/Reverse_Docking_Explore_V4/3ovv/3ovv_clean.pdb, replacing by Du

Warning message: 
set_pdb_atom_types: can't deduce type of atom 2039 in /mnt/c/Users/ricca/Desktop/Documents/Rimoli/Reverse_Docking_Explore_V4/3ovv/3ovv_clean.pdb, replacing by Du

Warning message: 
set_pdb_atom_types: can't deduce type of atom 2040 in /mnt/c/Users/ricca/Desktop/Documents/Rimoli/Reverse_Docking_Explore_V4/3ovv/3ovv_clean.pdb, replacing by Du

Warning message: 
set_pdb_atom_types: can't deduce type of atom 2041 in /mnt/c/Users/ricca/Desktop/Documents/Rimoli/Reverse_Docking_Explore_V4/3ovv/3ovv_clean.pdb, replacing by Du

Warning message: 
set_pdb_atom_types: can't deduce type of atom 2042 in /mnt/c/Users/ricca/Desktop/Documents/Rimoli/Reverse_Docking_Explore_V4/3ovv/3ovv_clean.pdb, replacing by Du

Warning message: 
set_pdb_atom_types: can't deduce type of atom 2044 in /mnt/c/Users/ricca/Desktop/Documents/Rimoli/Reverse_Docking_Explore_V4/3ovv/3ovv_clean.pdb, replacing by Du

Warning message: 
set_pdb_atom_types: can't deduce type of atom 2512 in /mnt/c/Users/ricca/Desktop/Documents/Rimoli/Reverse_Docking_Explore_V4/3ovv/3ovv_clean.pdb, replacing by Du

Warning message: 
set_pdb_atom_types: can't deduce type of atom 2513 in /mnt/c/Users/ricca/Desktop/Documents/Rimoli/Reverse_Docking_Explore_V4/3ovv/3ovv_clean.pdb, replacing by Du

Warning message: 
set_pdb_atom_types: can't deduce type of atom 2514 in /mnt/c/Users/ricca/Desktop/Documents/Rimoli/Reverse_Docking_Explore_V4/3ovv/3ovv_clean.pdb, replacing by Du

Warning message: 
set_pdb_atom_types: can't deduce type of atom 2515 in /mnt/c/Users/ricca/Desktop/Documents/Rimoli/Reverse_Docking_Explore_V4/3ovv/3ovv_clean.pdb, replacing by Du

Warning message: 
set_pdb_atom_types: can't deduce type of atom 2516 in /mnt/c/Users/ricca/Desktop/Documents/Rimoli/Reverse_Docking_Explore_V4/3ovv/3ovv_clean.pdb, replacing by Du

Warning message: 
set_pdb_atom_types: can't deduce type of atom 2517 in /mnt/c/Users/ricca/Desktop/Documents/Rimoli/Reverse_Docking_Explore_V4/3ovv/3ovv_clean.pdb, replacing by Du

Warning message: 
set_pdb_atom_types: can't deduce type of atom 2518 in /mnt/c/Users/ricca/Desktop/Documents/Rimoli/Reverse_Docking_Explore_V4/3ovv/3ovv_clean.pdb, replacing by Du

Warning message: 
set_pdb_atom_types: can't deduce type of atom 2519 in /mnt/c/Users/ricca/Desktop/Documents/Rimoli/Reverse_Docking_Explore_V4/3ovv/3ovv_clean.pdb, replacing by Du

Warning message: 
set_pdb_atom_types: can't deduce type of atom 2705 in /mnt/c/Users/ricca/Desktop/Documents/Rimoli/Reverse_Docking_Explore_V4/3ovv/3ovv_clean.pdb, replacing by Du

Warning message: 
set_pdb_atom_types: can't deduce type of atom 2706 in /mnt/c/Users/ricca/Desktop/Documents/Rimoli/Reverse_Docking_Explore_V4/3ovv/3ovv_clean.pdb, replacing by Du

Warning message: 
set_pdb_atom_types: can't deduce type of atom 2707 in /mnt/c/Users/ricca/Desktop/Documents/Rimoli/Reverse_Docking_Explore_V4/3ovv/3ovv_clean.pdb, replacing by Du

Warning message: 
set_pdb_atom_types: can't deduce type of atom 2708 in /mnt/c/Users/ricca/Desktop/Documents/Rimoli/Reverse_Docking_Explore_V4/3ovv/3ovv_clean.pdb, replacing by Du

Warning message: 
set_pdb_atom_types: can't deduce type of atom 2709 in /mnt/c/Users/ricca/Desktop/Documents/Rimoli/Reverse_Docking_Explore_V4/3ovv/3ovv_clean.pdb, replacing by Du

Warning message: 
set_pdb_atom_types: can't deduce type of atom 2710 in /mnt/c/Users/ricca/Desktop/Documents/Rimoli/Reverse_Docking_Explore_V4/3ovv/3ovv_clean.pdb, replacing by Du

Warning message: 
set_pdb_atom_types: can't deduce type of atom 2711 in /mnt/c/Users/ricca/Desktop/Documents/Rimoli/Reverse_Docking_Explore_V4/3ovv/3ovv_clean.pdb, replacing by Du

Warning message: 
set_pdb_atom_types: can't deduce type of atom 2712 in /mnt/c/Users/ricca/Desktop/Documents/Rimoli/Reverse_Docking_Explore_V4/3ovv/3ovv_clean.pdb, replacing by Du

Warning message: 
set_pdb_atom_types: can't deduce type of atom 2876 in /mnt/c/Users/ricca/Desktop/Documents/Rimoli/Reverse_Docking_Explore_V4/3ovv/3ovv_clean.pdb, replacing by Du

Warning message: 
set_pdb_atom_types: can't deduce type of atom 2877 in /mnt/c/Users/ricca/Desktop/Documents/Rimoli/Reverse_Docking_Explore_V4/3ovv/3ovv_clean.pdb, replacing by Du

Warning message: 
set_pdb_atom_types: can't deduce type of atom 2878 in /mnt/c/Users/ricca/Desktop/Documents/Rimoli/Reverse_Docking_Explore_V4/3ovv/3ovv_clean.pdb, replacing by Du

Warning message: 
set_pdb_atom_types: can't deduce type of atom 2879 in /mnt/c/Users/ricca/Desktop/Documents/Rimoli/Reverse_Docking_Explore_V4/3ovv/3ovv_clean.pdb, replacing by Du

Warning message: 
set_pdb_atom_types: can't deduce type of atom 2880 in /mnt/c/Users/ricca/Desktop/Documents/Rimoli/Reverse_Docking_Explore_V4/3ovv/3ovv_clean.pdb, replacing by Du

Warning message: 
set_pdb_atom_types: can't deduce type of atom 2881 in /mnt/c/Users/ricca/Desktop/Documents/Rimoli/Reverse_Docking_Explore_V4/3ovv/3ovv_clean.pdb, replacing by Du

Warning message: 
set_pdb_atom_types: can't deduce type of atom 5057 in /mnt/c/Users/ricca/Desktop/Documents/Rimoli/Reverse_Docking_Explore_V4/3ovv/3ovv_clean.pdb, replacing by Du

Warning message: 
set_pdb_atom_types: can't deduce type of atom 5058 in /mnt/c/Users/ricca/Desktop/Documents/Rimoli/Reverse_Docking_Explore_V4/3ovv/3ovv_clean.pdb, replacing by Du

Warning message: 
set_pdb_atom_types: can't deduce type of atom 5065 in /mnt/c/Users/ricca/Desktop/Documents/Rimoli/Reverse_Docking_Explore_V4/3ovv/3ovv_clean.pdb, replacing by Du

Warning message: 
set_pdb_atom_types: can't deduce type of atom 5066 in /mnt/c/Users/ricca/Desktop/Documents/Rimoli/Reverse_Docking_Explore_V4/3ovv/3ovv_clean.pdb, replacing by Du

Warning message: 
set_pdb_atom_types: can't deduce type of atom 5067 in /mnt/c/Users/ricca/Desktop/Documents/Rimoli/Reverse_Docking_Explore_V4/3ovv/3ovv_clean.pdb, replacing by Du

Warning message: 
set_pdb_atom_types: can't deduce type of atom 5068 in /mnt/c/Users/ricca/Desktop/Documents/Rimoli/Reverse_Docking_Explore_V4/3ovv/3ovv_clean.pdb, replacing by Du

Warning message: 
set_pdb_atom_types: can't deduce type of atom 5069 in /mnt/c/Users/ricca/Desktop/Documents/Rimoli/Reverse_Docking_Explore_V4/3ovv/3ovv_clean.pdb, replacing by Du

Warning message: 
set_pdb_atom_types: can't deduce type of atom 5070 in /mnt/c/Users/ricca/Desktop/Documents/Rimoli/Reverse_Docking_Explore_V4/3ovv/3ovv_clean.pdb, replacing by Du

Warning message: 
set_pdb_atom_types: can't deduce type of atom 5122 in /mnt/c/Users/ricca/Desktop/Documents/Rimoli/Reverse_Docking_Explore_V4/3ovv/3ovv_clean.pdb, replacing by Du

Warning message: 
set_pdb_atom_types: can't deduce type of atom 5123 in /mnt/c/Users/ricca/Desktop/Documents/Rimoli/Reverse_Docking_Explore_V4/3ovv/3ovv_clean.pdb, replacing by Du

Warning message: 
set_pdb_atom_types: can't deduce type of atom 5124 in /mnt/c/Users/ricca/Desktop/Documents/Rimoli/Reverse_Docking_Explore_V4/3ovv/3ovv_clean.pdb, replacing by Du

Warning message: 
set_pdb_atom_types: can't deduce type of atom 5125 in /mnt/c/Users/ricca/Desktop/Documents/Rimoli/Reverse_Docking_Explore_V4/3ovv/3ovv_clean.pdb, replacing by Du

Warning message: 
check_atom_types: atom   37 in /mnt/c/Users/ricca/Desktop/Documents/Rimoli/Reverse_Docking_Explore_V4/3ovv/cavity_B_THR5.mol2 is type  C.ar but should be   C.2

Warning message: 
check_atom_types: can't deduce type of atom   81 in /mnt/c/Users/ricca/Desktop/Documents/Rimoli/Reverse_Docking_Explore_V4/3ovv/cavity_B_THR5.mol2

Warning message: 
check_atom_types: can't deduce type of atom   83 in /mnt/c/Users/ricca/Desktop/Documents/Rimoli/Reverse_Docking_Explore_V4/3ovv/cavity_B_THR5.mol2

Warning message: 
check_atom_types: can't deduce type of atom   84 in /mnt/c/Users/ricca/Desktop/Documents/Rimoli/Reverse_Docking_Explore_V4/3ovv/cavity_B_THR5.mol2

Warning message: 
check_atom_types: can't deduce type of atom  103 in /mnt/c/Users/ricca/Desktop/Documents/Rimoli/Reverse_Docking_Explore_V4/3ovv/cavity_B_THR5.mol2

Warning message: 
check_atom_types: can't deduce type of atom  105 in /mnt/c/Users/ricca/Desktop/Documents/Rimoli/Reverse_Docking_Explore_V4/3ovv/cavity_B_THR5.mol2

Warning message: 
check_atom_types: can't deduce type of atom  106 in /mnt/c/Users/ricca/Desktop/Documents/Rimoli/Reverse_Docking_Explore_V4/3ovv/cavity_B_THR5.mol2

Warning message: 
check_atom_types: can't deduce type of atom  114 in /mnt/c/Users/ricca/Desktop/Documents/Rimoli/Reverse_Docking_Explore_V4/3ovv/cavity_B_THR5.mol2

Warning message: 
check_atom_types: can't deduce type of atom  116 in /mnt/c/Users/ricca/Desktop/Documents/Rimoli/Reverse_Docking_Explore_V4/3ovv/cavity_B_THR5.mol2

Warning message: 
check_atom_types: can't deduce type of atom  117 in /mnt/c/Users/ricca/Desktop/Documents/Rimoli/Reverse_Docking_Explore_V4/3ovv/cavity_B_THR5.mol2

Warning message: 
find_not_dummy_connected_atoms: Atom no 380 has more than 8 connections.
GOLD cannot handle more than 8 connections per atom, so only the first 8 connections will be used.

Warning message: 
find_not_dummy_connected_atoms: Atom no 679 has more than 8 connections.
GOLD cannot handle more than 8 connections per atom, so only the first 8 connections will be used.

Warning message: 
find_not_dummy_connected_atoms: Atom no 680 has more than 8 connections.
GOLD cannot handle more than 8 connections per atom, so only the first 8 connections will be used.

Warning message: 
find_not_dummy_connected_atoms: Atom no 681 has more than 8 connections.
GOLD cannot handle more than 8 connections per atom, so only the first 8 connections will be used.

Warning message: 
find_not_dummy_connected_atoms: Atom no 1225 has more than 8 connections.
GOLD cannot handle more than 8 connections per atom, so only the first 8 connections will be used.

Warning message: 
find_not_dummy_connected_atoms: Atom no 1226 has more than 8 connections.
GOLD cannot handle more than 8 connections per atom, so only the first 8 connections will be used.

Warning message: 
find_not_dummy_connected_atoms: Atom no 1510 has more than 8 connections.
GOLD cannot handle more than 8 connections per atom, so only the first 8 connections will be used.

Warning message: 
find_not_dummy_connected_atoms: Atom no 1511 has more than 8 connections.
GOLD cannot handle more than 8 connections per atom, so only the first 8 connections will be used.

Warning message: 
find_not_dummy_connected_atoms: Atom no 2031 has more than 8 connections.
GOLD cannot handle more than 8 connections per atom, so only the first 8 connections will be used.

Warning message: 
find_not_dummy_connected_atoms: Atom no 2032 has more than 8 connections.
GOLD cannot handle more than 8 connections per atom, so only the first 8 connections will be used.

Warning message: 
find_not_dummy_connected_atoms: Atom no 2037 has more than 8 connections.
GOLD cannot handle more than 8 connections per atom, so only the first 8 connections will be used.

Warning message: 
find_not_dummy_connected_atoms: Atom no 2038 has more than 8 connections.
GOLD cannot handle more than 8 connections per atom, so only the first 8 connections will be used.

Warning message: 
find_not_dummy_connected_atoms: Atom no 2041 has more than 8 connections.
GOLD cannot handle more than 8 connections per atom, so only the first 8 connections will be used.

Warning message: 
find_not_dummy_connected_atoms: Atom no 2512 has more than 8 connections.
GOLD cannot handle more than 8 connections per atom, so only the first 8 connections will be used.

Warning message: 
find_not_dummy_connected_atoms: Atom no 2513 has more than 8 connections.
GOLD cannot handle more than 8 connections per atom, so only the first 8 connections will be used.

Warning message: 
find_not_dummy_connected_atoms: Atom no 2514 has more than 8 connections.
GOLD cannot handle more than 8 connections per atom, so only the first 8 connections will be used.

Warning message: 
find_not_dummy_connected_atoms: Atom no 2705 has more than 8 connections.
GOLD cannot handle more than 8 connections per atom, so only the first 8 connections will be used.

Warning message: 
find_not_dummy_connected_atoms: Atom no 2706 has more than 8 connections.
GOLD cannot handle more than 8 connections per atom, so only the first 8 connections will be used.

Warning message: 
find_not_dummy_connected_atoms: Atom no 2707 has more than 8 connections.
GOLD cannot handle more than 8 connections per atom, so only the first 8 connections will be used.

Warning message: 
find_not_dummy_connected_atoms: Atom no 2708 has more than 8 connections.
GOLD cannot handle more than 8 connections per atom, so only the first 8 connections will be used.

Warning message: 
find_not_dummy_connected_atoms: Atom no 2876 has more than 8 connections.
GOLD cannot handle more than 8 connections per atom, so only the first 8 connections will be used.

Warning message: 
find_not_dummy_connected_atoms: Atom no 2877 has more than 8 connections.
GOLD cannot handle more than 8 connections per atom, so only the first 8 connections will be used.

Warning message: 
find_not_dummy_connected_atoms: Atom no 5060 has more than 8 connections.
GOLD cannot handle more than 8 connections per atom, so only the first 8 connections will be used.

Warning message: 
find_not_dummy_connected_atoms: Atom no 5066 has more than 8 connections.
GOLD cannot handle more than 8 connections per atom, so only the first 8 connections will be used.

Warning message: 
find_not_dummy_connected_atoms: Atom no 5067 has more than 8 connections.
GOLD cannot handle more than 8 connections per atom, so only the first 8 connections will be used.

Warning message: 
find_not_dummy_connected_atoms: Atom no 5069 has more than 8 connections.
GOLD cannot handle more than 8 connections per atom, so only the first 8 connections will be used.

Warning message: 
find_not_dummy_connected_atoms: Atom no 5070 has more than 8 connections.
GOLD cannot handle more than 8 connections per atom, so only the first 8 connections will be used.

Warning message: 
find_not_dummy_connected_atoms: Atom no 5122 has more than 8 connections.
GOLD cannot handle more than 8 connections per atom, so only the first 8 connections will be used.

Warning message: 
find_not_dummy_connected_atoms: Atom no 5123 has more than 8 connections.
GOLD cannot handle more than 8 connections per atom, so only the first 8 connections will be used.

Warning message: 
check_o2n_acceptor: o2 atom 2035 in molecule /mnt/c/Users/ricca/Desktop/Documents/Rimoli/Reverse_Docking_Explore_V4/3ovv/3ovv_clean.pdb has 3 connections

Warning message: 
check_soco2_acceptor: oco2 atom has 3 connections

Warning message: 
check_o2n_acceptor: o2 atom 2036 in molecule /mnt/c/Users/ricca/Desktop/Documents/Rimoli/Reverse_Docking_Explore_V4/3ovv/3ovv_clean.pdb has 3 connections

Warning message: 
check_soco2_acceptor: oco2 atom has 3 connections

Warning message: 
find_not_dummy_connected_atoms: Atom no 2707 has more than 8 connections.
GOLD cannot handle more than 8 connections per atom, so only the first 8 connections will be used.

Warning message: 
find_not_dummy_connected_atoms: Atom no 2708 has more than 8 connections.
GOLD cannot handle more than 8 connections per atom, so only the first 8 connections will be used.

Warning message: 
find_not_dummy_connected_atoms: Atom no 2707 has more than 8 connections.
GOLD cannot handle more than 8 connections per atom, so only the first 8 connections will be used.

Warning message: 
find_not_dummy_connected_atoms: Atom no 2707 has more than 8 connections.
GOLD cannot handle more than 8 connections per atom, so only the first 8 connections will be used.

Warning message: 
find_not_dummy_connected_atoms: Atom no 2708 has more than 8 connections.
GOLD cannot handle more than 8 connections per atom, so only the first 8 connections will be used.

Warning message: 
find_not_dummy_connected_atoms: Atom no 2707 has more than 8 connections.
GOLD cannot handle more than 8 connections per atom, so only the first 8 connections will be used.

Warning message: 
find_not_dummy_connected_atoms: Atom no 2876 has more than 8 connections.
GOLD cannot handle more than 8 connections per atom, so only the first 8 connections will be used.

Warning message: 
find_not_dummy_connected_atoms: Atom no 2877 has more than 8 connections.
GOLD cannot handle more than 8 connections per atom, so only the first 8 connections will be used.

Warning message: 
find_not_dummy_connected_atoms: Atom no 2876 has more than 8 connections.
GOLD cannot handle more than 8 connections per atom, so only the first 8 connections will be used.

Warning message: 
find_not_dummy_connected_atoms: Atom no 2877 has more than 8 connections.
GOLD cannot handle more than 8 connections per atom, so only the first 8 connections will be used.

Warning message: 
find_not_lp_connected_atoms: Atom no 380 has more than 8 connections.
GOLD cannot handle more than 8 connections per atom, so only the first 8 connections will be used.

Warning message: 
find_not_lp_connected_atoms: Atom no 679 has more than 8 connections.
GOLD cannot handle more than 8 connections per atom, so only the first 8 connections will be used.

Warning message: 
find_not_lp_connected_atoms: Atom no 680 has more than 8 connections.
GOLD cannot handle more than 8 connections per atom, so only the first 8 connections will be used.

Warning message: 
find_not_lp_connected_atoms: Atom no 681 has more than 8 connections.
GOLD cannot handle more than 8 connections per atom, so only the first 8 connections will be used.

Warning message: 
find_not_lp_connected_atoms: Atom no 1225 has more than 8 connections.
GOLD cannot handle more than 8 connections per atom, so only the first 8 connections will be used.

Warning message: 
find_not_lp_connected_atoms: Atom no 1226 has more than 8 connections.
GOLD cannot handle more than 8 connections per atom, so only the first 8 connections will be used.

Warning message: 
find_not_lp_connected_atoms: Atom no 1510 has more than 8 connections.
GOLD cannot handle more than 8 connections per atom, so only the first 8 connections will be used.

Warning message: 
find_not_lp_connected_atoms: Atom no 1511 has more than 8 connections.
GOLD cannot handle more than 8 connections per atom, so only the first 8 connections will be used.

Warning message: 
find_not_lp_connected_atoms: Atom no 2031 has more than 8 connections.
GOLD cannot handle more than 8 connections per atom, so only the first 8 connections will be used.

Warning message: 
find_not_lp_connected_atoms: Atom no 2032 has more than 8 connections.
GOLD cannot handle more than 8 connections per atom, so only the first 8 connections will be used.

Warning message: 
find_not_lp_connected_atoms: Atom no 2037 has more than 8 connections.
GOLD cannot handle more than 8 connections per atom, so only the first 8 connections will be used.

Warning message: 
find_not_lp_connected_atoms: Atom no 2038 has more than 8 connections.
GOLD cannot handle more than 8 connections per atom, so only the first 8 connections will be used.

Warning message: 
find_not_lp_connected_atoms: Atom no 2041 has more than 8 connections.
GOLD cannot handle more than 8 connections per atom, so only the first 8 connections will be used.

Warning message: 
find_not_lp_connected_atoms: Atom no 2512 has more than 8 connections.
GOLD cannot handle more than 8 connections per atom, so only the first 8 connections will be used.

Warning message: 
find_not_lp_connected_atoms: Atom no 2513 has more than 8 connections.
GOLD cannot handle more than 8 connections per atom, so only the first 8 connections will be used.

Warning message: 
find_not_lp_connected_atoms: Atom no 2514 has more than 8 connections.
GOLD cannot handle more than 8 connections per atom, so only the first 8 connections will be used.

Warning message: 
find_not_lp_connected_atoms: Atom no 2705 has more than 8 connections.
GOLD cannot handle more than 8 connections per atom, so only the first 8 connections will be used.

Warning message: 
find_not_lp_connected_atoms: Atom no 2706 has more than 8 connections.
GOLD cannot handle more than 8 connections per atom, so only the first 8 connections will be used.

Warning message: 
find_not_lp_connected_atoms: Atom no 2707 has more than 8 connections.
GOLD cannot handle more than 8 connections per atom, so only the first 8 connections will be used.

Warning message: 
find_not_lp_connected_atoms: Atom no 2708 has more than 8 connections.
GOLD cannot handle more than 8 connections per atom, so only the first 8 connections will be used.

Warning message: 
find_not_lp_connected_atoms: Atom no 2876 has more than 8 connections.
GOLD cannot handle more than 8 connections per atom, so only the first 8 connections will be used.

Warning message: 
find_not_lp_connected_atoms: Atom no 2877 has more than 8 connections.
GOLD cannot handle more than 8 connections per atom, so only the first 8 connections will be used.

Warning message: 
find_not_lp_connected_atoms: Atom no 5060 has more than 8 connections.
GOLD cannot handle more than 8 connections per atom, so only the first 8 connections will be used.

Warning message: 
find_not_lp_connected_atoms: Atom no 5066 has more than 8 connections.
GOLD cannot handle more than 8 connections per atom, so only the first 8 connections will be used.

Warning message: 
find_not_lp_connected_atoms: Atom no 5067 has more than 8 connections.
GOLD cannot handle more than 8 connections per atom, so only the first 8 connections will be used.

Warning message: 
find_not_lp_connected_atoms: Atom no 5069 has more than 8 connections.
GOLD cannot handle more than 8 connections per atom, so only the first 8 connections will be used.

Warning message: 
find_not_lp_connected_atoms: Atom no 5070 has more than 8 connections.
GOLD cannot handle more than 8 connections per atom, so only the first 8 connections will be used.

Warning message: 
find_not_lp_connected_atoms: Atom no 5122 has more than 8 connections.
GOLD cannot handle more than 8 connections per atom, so only the first 8 connections will be used.

Warning message: 
find_not_lp_connected_atoms: Atom no 5123 has more than 8 connections.
GOLD cannot handle more than 8 connections per atom, so only the first 8 connections will be used.

Warning message: 
Protein hydrogen 1230 is connected to 2 atoms.
Warning message: 
Protein hydrogen 1235 is connected to 2 atoms.
Warning message: 
find_connected_atoms: Atom no 380 has more than 8 connections.
GOLD cannot handle more than 8 connections per atom, so only the first 8 connections will be used.

Warning message: 
find_connected_atoms: Atom no 679 has more than 8 connections.
GOLD cannot handle more than 8 connections per atom, so only the first 8 connections will be used.

Warning message: 
find_connected_atoms: Atom no 680 has more than 8 connections.
GOLD cannot handle more than 8 connections per atom, so only the first 8 connections will be used.

Warning message: 
find_connected_atoms: Atom no 681 has more than 8 connections.
GOLD cannot handle more than 8 connections per atom, so only the first 8 connections will be used.

Warning message: 
find_connected_atoms: Atom no 1225 has more than 8 connections.
GOLD cannot handle more than 8 connections per atom, so only the first 8 connections will be used.

Warning message: 
find_connected_atoms: Atom no 1226 has more than 8 connections.
GOLD cannot handle more than 8 connections per atom, so only the first 8 connections will be used.

Warning message: 
find_connected_atoms: Atom no 1510 has more than 8 connections.
GOLD cannot handle more than 8 connections per atom, so only the first 8 connections will be used.

Warning message: 
find_connected_atoms: Atom no 1511 has more than 8 connections.
GOLD cannot handle more than 8 connections per atom, so only the first 8 connections will be used.

Warning message: 
find_connected_atoms: Atom no 2031 has more than 8 connections.
GOLD cannot handle more than 8 connections per atom, so only the first 8 connections will be used.

Warning message: 
find_connected_atoms: Atom no 2032 has more than 8 connections.
GOLD cannot handle more than 8 connections per atom, so only the first 8 connections will be used.

Warning message: 
find_connected_atoms: Atom no 2037 has more than 8 connections.
GOLD cannot handle more than 8 connections per atom, so only the first 8 connections will be used.

Warning message: 
find_connected_atoms: Atom no 2038 has more than 8 connections.
GOLD cannot handle more than 8 connections per atom, so only the first 8 connections will be used.

Warning message: 
find_connected_atoms: Atom no 2041 has more than 8 connections.
GOLD cannot handle more than 8 connections per atom, so only the first 8 connections will be used.

Warning message: 
find_connected_atoms: Atom no 2512 has more than 8 connections.
GOLD cannot handle more than 8 connections per atom, so only the first 8 connections will be used.

Warning message: 
find_connected_atoms: Atom no 2513 has more than 8 connections.
GOLD cannot handle more than 8 connections per atom, so only the first 8 connections will be used.

Warning message: 
find_connected_atoms: Atom no 2514 has more than 8 connections.
GOLD cannot handle more than 8 connections per atom, so only the first 8 connections will be used.

Warning message: 
find_connected_atoms: Atom no 2705 has more than 8 connections.
GOLD cannot handle more than 8 connections per atom, so only the first 8 connections will be used.

Warning message: 
find_connected_atoms: Atom no 2706 has more than 8 connections.
GOLD cannot handle more than 8 connections per atom, so only the first 8 connections will be used.

Warning message: 
find_connected_atoms: Atom no 2707 has more than 8 connections.
GOLD cannot handle more than 8 connections per atom, so only the first 8 connections will be used.

Warning message: 
find_connected_atoms: Atom no 2708 has more than 8 connections.
GOLD cannot handle more than 8 connections per atom, so only the first 8 connections will be used.

Warning message: 
find_connected_atoms: Atom no 2876 has more than 8 connections.
GOLD cannot handle more than 8 connections per atom, so only the first 8 connections will be used.

Warning message: 
find_connected_atoms: Atom no 2877 has more than 8 connections.
GOLD cannot handle more than 8 connections per atom, so only the first 8 connections will be used.

Warning message: 
find_connected_atoms: Atom no 5060 has more than 8 connections.
GOLD cannot handle more than 8 connections per atom, so only the first 8 connections will be used.

Warning message: 
find_connected_atoms: Atom no 5069 has more than 8 connections.
GOLD cannot handle more than 8 connections per atom, so only the first 8 connections will be used.

Warning message: 
find_connected_atoms: Atom no 5070 has more than 8 connections.
GOLD cannot handle more than 8 connections per atom, so only the first 8 connections will be used.

Warning message: 
find_connected_atoms: Atom no 5066 has more than 8 connections.
GOLD cannot handle more than 8 connections per atom, so only the first 8 connections will be used.

Warning message: 
find_connected_atoms: Atom no 5067 has more than 8 connections.
GOLD cannot handle more than 8 connections per atom, so only the first 8 connections will be used.

Warning message: 
find_connected_atoms: Atom no 5122 has more than 8 connections.
GOLD cannot handle more than 8 connections per atom, so only the first 8 connections will be used.

Warning message: 
find_connected_atoms: Atom no 5123 has more than 8 connections.
GOLD cannot handle more than 8 connections per atom, so only the first 8 connections will be used.

