
--------------------------------------------------------------------------------
--- Ligand                                                                   ---
--------------------------------------------------------------------------------
  Ligand loaded from file                  : /mnt/c/Users/ricca/Desktop/Documents/Rimoli/Reverse_Docking_Explore_V4/4v3u/ligand_prepared.mol2
  Ligand name                              :  
  "CT1002167954                                                             "

--------------------------------------------------------------------------------
  N.plc donors                             : 
  none found

  Acidic nitrogen acceptors                : 
  none found
  Sulfur acceptors                         :
  none found


  Donor atoms                              :      2
  8   10  
  Acceptor atoms                           :      3
  9   11  17  

  Hydrogens                                :  (n = 2)
  22   23   

  Lone pairs added to molecule             :      6
  Numbering                                : from 30 to 35

--------------------------------------------------------------------------------
--- Postprocessing of typing                                                 ---
--------------------------------------------------------------------------------
  Fragment file                            : /home/hitesit/CCDC/Discovery_2022/GOLD/gold/rotatable_bond_override.mol2
  acylurea fragment                        : 2 matches
  Ligand bond 15-8  set to flip
  Ligand bond 15-10  set to flip
  Ligand bond 15-10  set to 1
  Ligand bond 15-8  set to 1
  Ligand bond 10-4  set to flip
  Ligand bond 8-3  set to flip
  thioacylthiourea fragment                : no matches
  acylthiourea fragment                    : no matches
  thioacylurea fragment                    : no matches
  diarylamine fragment >C.ar-NH-C.ar<      : no matches
  sec-amine (1) fragment                   : no matches
  sec-amine (2) fragment                   : no matches
  sec-amine (3) fragment                   : no matches
  carboxylic ester                         : no matches

* Rotatable bonds in /mnt/c/Users/ricca/D  :
  [   1    2] [   1    5] 
  No. of rotatable bonds                   :      2


* Reading torsional distributions from file:
  /home/hitesit/CCDC/Discovery_2022/GOLD/gold/gold.tordist
  No. of bins in torsional distributions   :     36
  Minimum size of largest peak             :      0
  Removing high energy torsions            : on
  Delta E set to                           :   2.500

* Fragments found in /mnt/c/Users/ricca/D  :
  atom   2: benzene
  atom   6: benzene
  atom   7: benzene
  atom  13: benzene
  atom  14: benzene
  atom  16: benzene


* Checking torsion distributions:                                               
  No. of matched torsions                  :      0

--------------------------------------------------------------------------------
--- Shape fitting atoms selection (hydrophobic atoms)                        ---
--------------------------------------------------------------------------------
  Molecule                                 : /mnt/c/Users/ricca/Desktop/Documents/Rimoli/Reverse_Docking_Explore_V4/4v3u/ligand_prepared.mol2
  Selection                                : carbons only
  Atom numbers                             :  (n = 7)
  5    6    7    12   13   14   16   

--------------------------------------------------------------------------------
--- Diverse Solutions Setup                                                  ---
--------------------------------------------------------------------------------
  Cluster size                             :      2
  RMSD                                     :   2.000
  Refinement                               :      0


--------------------------------------------------------------------------------
--- ChemScore ligand setup summary                                           ---
--------------------------------------------------------------------------------
  ChemScore ligand acceptors               :      3
  9 11 17 
  ChemScore ligand donors                  :      2
  8 ( 22  ) 10 ( 23  ) 
  ChemScore ligand CH donors               :      0
  

  ChemScore ligand lipophilic atoms        :  (n = 9)
  1    2    5    6    7    12   13   14   16   

  ChemScore ligand rotatable bonds         :      2
  1   (C1 ) - 2   (C2 ): SP3_SP2_BOND
  1   (C1 ) - 5   (C5 ): SP3_SP3_BOND

--------------------------------------------------------------------------------
--- PLP ligand setup summary                                                 ---
--------------------------------------------------------------------------------
    1    C1   C.3 NONPOLAR
    2    C2  C.ar NONPOLAR
    3    C3   C.2 NONPOLAR
    4    C4   C.2 NONPOLAR
    5    C5   C.3 NONPOLAR
    6    C6  C.ar NONPOLAR
    7    C7  C.ar NONPOLAR
    8    N8  N.am DONOR
    9    O9   O.2 ACCEPTOR
   10   N10  N.am DONOR
   11   O11   O.2 ACCEPTOR
   12   C12   C.3 NONPOLAR
   13   C13  C.ar NONPOLAR
   14   C14  C.ar NONPOLAR
   15   C15   C.2 NONPOLAR
   16   C16  C.ar NONPOLAR
   17   O17   O.2 ACCEPTOR

--------------------------------------------------------------------------------
--- Automatic parameter setting                                              ---
--------------------------------------------------------------------------------
  Contribution base                        :   2500
  Contribution per rotatable bond          :   6000
  Contribution per df                      :   4000
  Contribution per water                   :  10000
  Ligand rotatable bonds                   :      2
  Protein flexible side chain bonds        :      0
  Total rotatable bonds                    :      2
  Hydrophobic vol ratio (P/L)              :   2.917
  Base multiplier (polar)                  :   1.000
  Base multiplier (apolar)                 :   4.084
  Base contribution                        : 12500.000
  Fitting points                           :      5
  Estimated maxops needed (optimal)        :  25000
  Autoscale factor (in percent)            :     10
  Scaled maxops                            :   2750

--------------------------------------------------------------------------------

* Population settings                                                           
  maxops                                   :   2750
  popsiz                                   :    100
  select_pressure                          :   1.100
  n_islands                                :      1
  niche_siz                                :      2

* GA settings                                                                   
  pt_crosswt                               :    100
  allele_mutatewt                          :    100
  migratewt                                :      0

* Search settings                                                               
  start_vdw_linear_cutoff                  :   6.000
  initial_virtual_pt_match_max             :   3.000
  Scaling of internal VDW energy           : log scale from  0.2 to    1
                                             over 2062 ops
  Sampling interval (operations)           :     27
  Scaling of virtual pt maximum length     : linear scale from    3 to    2
                                             over  2062 ops
  Sampling interval (operations)           :     82
  Scaling of 4-8 potential cutoff          : log scale from    6 to 1.2e+02
                                             over 2062 ops
  Sampling interval (operations)           :     82

--------------------------------------------------------------------------------

* Ligand initialisation time :                                                  
  total  0.0173 user  0.0074 sys  0.0098

--------------------------------------------------------------------------------

--------------------------------------------------------------------------------
** Docking run number  1 **
--------------------------------------------------------------------------------
  Rank fitness base is 5000.00 ; increment is 11.2233

* Initialising population(s) ...                                                
Number of constraints mappings 0
Number of constraints 0
  Population no.                           :      1
  Population size                          :    100
  Number of duplicates                     :      0
  Number of niche violations               :      0
  Number of errors                         :   2062


Doing GA, no. of population(s) 1 size 100 selection pressure 1.100000

 Operation      Fitness  S(hb_ext) S(vdw_ext)  S(hb_int)    S(int)      intcor
         0      35.23       3.68      23.35       0.00      -2.73      -0.76
       162      38.20       6.43      24.22       0.00      -6.76      -0.76
       517      35.19       6.39      22.41       0.00      -6.76      -0.76
       675      34.24       6.38      21.71       0.00      -5.88      -0.76
       928      33.91       6.22      20.95       0.00      -2.73      -0.76
Reordering...
      1476      30.87       6.29      20.54       0.00      -5.88      -0.76
      1593      30.47       6.28      20.56       0.00      -5.88      -0.76
Reordering...
      1674      30.23       6.44      18.19       0.00      -1.65      -0.76
      1865      31.06       6.35      18.99       0.00      -1.65      -0.76
      2173      31.45       6.35      20.23       0.00      -2.73      -0.76
      2591      31.90       6.38      20.01       0.00      -1.99      -0.76
--------------------------------------------------------------------------------
Best docking solution after GA:
      2750      31.90       6.38      20.01       0.00      -1.99      -0.76

#ops:       2750 #mutates:   1311 #cross:     1439 #dups:       504 
#niche:     1403 #errors:     163 
--------------------------------------------------------------------------------

Doing AMOEBA simplex on best individual
Done simplexing #iterations 1101, best score  39.39

Ligand is stored in gold_soln_ligand_prepared_m1_1.mol2


--------------------------------------------------------------------------------
--- GoldScore breakdown of terms                                             ---
--------------------------------------------------------------------------------
Fitness = S(hb_ext) + 1.3750*S(vdw_ext) + S(hb_int) + 1.0000*S(int)
S(int)  = S(vdw_int) + S(tors)

Internal terms are relative to best energy found (intcor).

--------------------------------------------------------------------------------


     Fitness  S(hb_ext) S(vdw_ext)  S(hb_int)    S(int)      intcor
     39.39       6.00      25.03       0.00      -1.02      -0.76

--------------------------------------------------------------------------------
--- GoldScore analysis of protein-ligand interactions                        ---
--------------------------------------------------------------------------------

  Ligand donor    8 hydrogen   22 Protein acceptor 26790 bond energy  6.00 wt 1.00

--------------------------------------------------------------------------------

--------------------------------------------------------------------------------
--- Rescoring solution                                                       ---
--------------------------------------------------------------------------------

     Score     S(PLP)   S(hbond)     S(cho)   S(metal)  DE(clash)   DE(tors)
     10.24      -9.27       1.00       0.00       0.00       0.73       0.65

Doing AMOEBA simplex on best individual
Done simplexing #iterations 1528, best score  19.61

     Score     S(PLP)   S(hbond)     S(cho)   S(metal)  DE(clash)   DE(tors)
     19.61     -18.47       0.93       0.00       0.00       0.49       0.57

--------------------------------------------------------------------------------
--- CHEMPLP breakdown of terms                                               ---
--------------------------------------------------------------------------------
CHEMPLP = - ( 1.0000*S(PLP) + -3.0000*S(hbond) + -6.0000*S(metal) + -3.0000*S(cho) )

Score = CHEMPLP - 1.0000*DE(clash) - 2.0000*DE(tors)


--------------------------------------------------------------------------------


--------------------------------------------------------------------------------
--- PLP analysis of protein-ligand interactions                              ---
--------------------------------------------------------------------------------
hydrogen bonding        :      -2.00
metal                   :       0.00
buried (polar-nonpolar) :       5.09
nonpolar                :     -30.40
repulsive               :       7.29
--------------------------------------------------------------------------------


--------------------------------------------------------------------------------
--- ChemScore analysis of protein-ligand interactions                        ---
--------------------------------------------------------------------------------

* Hydrogen bonds                                                                
Ligand donor    8 hydrogen   22 Protein acceptor 26790 bond energy  1.00 wt 0.93


* CH..O interactions                                                            
  CH group selection                       : activated ring CH (adjacent to hetatom)

--------------------------------------------------------------------------------


--------------------------------------------------------------------------------
--- Intra-ligand clashes                                                     ---
--------------------------------------------------------------------------------

Ligand
  7 (C7   ) -   3 (C3   ):   0.49 (dist   2.74)
--------------------------------------------------------------------------------


--------------------------------------------------------------------------------
--- Chromosome decoded                                                       ---
--------------------------------------------------------------------------------
Ligand Torsions
[   6    2    1    3]  159.15
[  12    5    1    2]  170.75
Protein Torsions
[ 563  526  525  524]   90.71 
[ 717  667  668  669]  -33.36 
[26073 26019 26018 26016] -139.25 
[27142 27085 27084 27080]   65.21 
[ 795  758  759  760] -166.08 
[18483 18438 18437 18435]   29.80 
[18292 18264 18263 18260]  129.75 
[10113 10080 10079 10076]  -54.05 
[16984 16930 16929 16927]  170.64 
[11433 11400 11399 11396]  158.82 
[27144 27087 27086 27084]  144.65 
[27201  670  669  668]  -93.95 
Mapping
Ligand acceptors to protein hydrogens (mapping then atom ids)
Ligand hydrogens to protein acceptors (mapping then atom ids)
  1   7 [ 22->26790]
  2  33 [ 23->11398]
Ligand shape atoms to protein points (mapping then atom ids & coords)
  1  2804 [  5->(207.250  24.500  71.000)]
  2  5190 [  6->(208.500  27.000  70.750)]
  7  4929 [ 16->(208.250  29.750  69.000)]
Chromosome values
Integers:
  -1   -1   -1    6   32 2803 5189   -1   -1   -1   -1 4928 
--------------------------------------------------------------------------------


--------------------------------------------------------------------------------
--- Diverse Solutions Stats                                                  ---
--------------------------------------------------------------------------------
  Move attempts                            :  21253
  Move failures                            :      0
  Failure rate                             :   0.000

--------------------------------------------------------------------------------

Current Ranking  1

--------------------------------------------------------------------------------

* GA execution time :                                                           
  total  0.7124 user  0.7124 sys  0.0000

--------------------------------------------------------------------------------
Fitness function evaluations: 23489

--------------------------------------------------------------------------------
** Docking run number  2 **
--------------------------------------------------------------------------------
  Rank fitness base is 5000.00 ; increment is 11.2233

* Initialising population(s) ...                                                
Number of constraints mappings 0
Number of constraints 0
  Population no.                           :      1
  Population size                          :    100
  Number of duplicates                     :      0
  Number of niche violations               :      0
  Number of errors                         :   2151


Doing GA, no. of population(s) 1 size 100 selection pressure 1.100000

 Operation      Fitness  S(hb_ext) S(vdw_ext)  S(hb_int)    S(int)      intcor
         0      41.63       5.85      28.11       0.00     -14.32      -0.76
       238      38.52       2.33      28.00       0.00      -9.79      -0.76
       263      39.88      10.00      23.45       0.00      -9.79      -0.76
       270      41.61       8.99      27.87       0.00     -23.11      -0.76
Reordering...
       378      38.30      10.00      22.49       0.00      -9.79      -0.76
       439      36.78      10.10      22.95       0.00     -17.39      -0.76
Reordering...
       459      36.64      10.00      21.41       0.00      -9.79      -0.76
Reordering...
       492      35.35      10.12      22.05       0.00     -17.39      -0.76
       569      35.96       6.74      23.47       0.00      -9.79      -0.76
Reordering...
       574      34.62       2.34      25.87       0.00     -10.58      -0.76
      1025      30.94       1.97      24.42       0.00     -10.58      -0.76
      1044      31.17       3.79      21.42       0.00      -4.65      -0.76
      1068      31.87       3.24      21.78       0.00      -2.92      -0.76
      1166      36.49       1.97      26.77       0.00      -4.62      -0.76
      1260      36.88       1.81      26.40       0.00      -2.33      -0.76
      1402      36.36       1.65      26.31       0.00      -2.51      -0.76
Reordering...
      1886      33.57       6.19      21.61       0.00      -2.71      -0.76
      2292      33.98       0.00      26.26       0.00      -2.13      -0.76
      2636      34.25       0.00      26.18       0.00      -1.75      -0.76
--------------------------------------------------------------------------------
Best docking solution after GA:
      2750      34.25       0.00      26.18       0.00      -1.75      -0.76

#ops:       2750 #mutates:   1351 #cross:     1399 #dups:       479 
#niche:     1324 #errors:     137 
--------------------------------------------------------------------------------

Doing AMOEBA simplex on best individual
Done simplexing #iterations 748, best score  38.84

Ligand is stored in gold_soln_ligand_prepared_m1_2.mol2


--------------------------------------------------------------------------------
--- GoldScore breakdown of terms                                             ---
--------------------------------------------------------------------------------
Fitness = S(hb_ext) + 1.3750*S(vdw_ext) + S(hb_int) + 1.0000*S(int)
S(int)  = S(vdw_int) + S(tors)

Internal terms are relative to best energy found (intcor).

--------------------------------------------------------------------------------


     Fitness  S(hb_ext) S(vdw_ext)  S(hb_int)    S(int)      intcor
     38.84       0.00      29.10       0.00      -1.17      -0.76

--------------------------------------------------------------------------------
--- GoldScore analysis of protein-ligand interactions                        ---
--------------------------------------------------------------------------------


--------------------------------------------------------------------------------

--------------------------------------------------------------------------------
--- Rescoring solution                                                       ---
--------------------------------------------------------------------------------

     Score     S(PLP)   S(hbond)     S(cho)   S(metal)  DE(clash)   DE(tors)
    -10.16       7.75       0.00       0.00       0.00       1.42       0.49

Doing AMOEBA simplex on best individual
AMOEBA simplex failed to converge after 2000 iterations
Done simplexing #iterations 2000, best score  26.09

     Score     S(PLP)   S(hbond)     S(cho)   S(metal)  DE(clash)   DE(tors)
     26.09     -29.38       0.00       0.00       0.00       0.07       1.61

--------------------------------------------------------------------------------
--- CHEMPLP breakdown of terms                                               ---
--------------------------------------------------------------------------------
CHEMPLP = - ( 1.0000*S(PLP) + -3.0000*S(hbond) + -6.0000*S(metal) + -3.0000*S(cho) )

Score = CHEMPLP - 1.0000*DE(clash) - 2.0000*DE(tors)


--------------------------------------------------------------------------------


--------------------------------------------------------------------------------
--- PLP analysis of protein-ligand interactions                              ---
--------------------------------------------------------------------------------
hydrogen bonding        :       0.00
metal                   :       0.00
buried (polar-nonpolar) :      -6.94
nonpolar                :     -27.33
repulsive               :       3.12
--------------------------------------------------------------------------------


--------------------------------------------------------------------------------
--- ChemScore analysis of protein-ligand interactions                        ---
--------------------------------------------------------------------------------

* Hydrogen bonds                                                                


* CH..O interactions                                                            
  CH group selection                       : activated ring CH (adjacent to hetatom)

--------------------------------------------------------------------------------


--------------------------------------------------------------------------------
--- Intra-ligand clashes                                                     ---
--------------------------------------------------------------------------------

Ligand
 11 (O11  ) -   7 (C7   ):   0.07 (dist   2.75)
--------------------------------------------------------------------------------


--------------------------------------------------------------------------------
--- Chromosome decoded                                                       ---
--------------------------------------------------------------------------------
Ligand Torsions
[   6    2    1    3]  -21.48
[  12    5    1    2]  173.52
Protein Torsions
[ 563  526  525  524]  -70.16 
[ 717  667  668  669]   52.34 
[26073 26019 26018 26016]   46.87 
[27142 27085 27084 27080] -125.02 
[ 795  758  759  760]   89.64 
[18483 18438 18437 18435] -127.50 
[18292 18264 18263 18260]  120.08 
[10113 10080 10079 10076] -104.51 
[16984 16930 16929 16927] -126.77 
[11433 11400 11399 11396] -171.99 
[27144 27087 27086 27084]  152.92 
[27201  670  669  668] -179.34 
Mapping
Ligand acceptors to protein hydrogens (mapping then atom ids)
  3  64 [ 17->27273]
Ligand hydrogens to protein acceptors (mapping then atom ids)
Ligand shape atoms to protein points (mapping then atom ids & coords)
  1  5457 [  5->(208.750  27.500  72.250)]
  2  2327 [  6->(207.000  23.750  71.500)]
  4  4361 [ 12->(208.000  27.000  72.500)]
  7   966 [ 16->(206.000  22.000  72.000)]
Chromosome values
Integers:
  -1   -1   63   -1   -1 5456 2326   -1 4360   -1   -1  965 
--------------------------------------------------------------------------------


--------------------------------------------------------------------------------
--- Diverse Solutions Stats                                                  ---
--------------------------------------------------------------------------------
  Move attempts                            :  20947
  Move failures                            :      0
  Failure rate                             :   0.000

--------------------------------------------------------------------------------

Current Ranking  1  2

--------------------------------------------------------------------------------

* GA execution time :                                                           
  total  0.6922 user  0.6556 sys  0.0365

--------------------------------------------------------------------------------
Fitness function evaluations: 23245

--------------------------------------------------------------------------------
** Docking run number  3 **
--------------------------------------------------------------------------------
  Rank fitness base is 5000.00 ; increment is 11.2233

* Initialising population(s) ...                                                
Number of constraints mappings 0
Number of constraints 0
  Population no.                           :      1
  Population size                          :    100
  Number of duplicates                     :      0
  Number of niche violations               :      0
  Number of errors                         :   2055


Doing GA, no. of population(s) 1 size 100 selection pressure 1.100000

 Operation      Fitness  S(hb_ext) S(vdw_ext)  S(hb_int)    S(int)      intcor
         0      40.70       0.90      30.01       0.00      -7.34      -0.76
       322      37.60       1.92      26.85       0.00      -4.95      -0.76
       357      40.70       6.39      25.90       0.00      -4.95      -0.76
       552      38.03       6.22      24.23       0.00      -4.95      -0.76
       623      39.28       9.39      22.90       0.00      -4.95      -0.76
Reordering...
       902      33.81       4.84      21.50       0.00      -1.47      -0.76
      1106      34.03       8.60      19.48       0.00      -2.93      -0.76
Reordering...
      1148      33.07       3.15      23.02       0.00      -3.60      -0.76
      1225      39.19       9.32      23.58       0.00      -4.95      -0.76
      1531      35.58       9.09      21.60       0.00      -4.95      -0.76
Reordering...
      1722      32.75       2.83      22.53       0.00      -1.41      -0.76
      2037      32.41       2.68      22.35       0.00      -1.02      -0.76
      2491      32.20       2.61      22.27       0.00      -1.02      -0.76
      2559      32.23       2.61      22.29       0.00      -1.02      -0.76
      2605      32.24       2.61      22.30       0.00      -1.02      -0.76
      2706      32.26       2.66      22.44       0.00      -1.26      -0.76
--------------------------------------------------------------------------------
Best docking solution after GA:
      2750      32.26       2.66      22.44       0.00      -1.26      -0.76

#ops:       2750 #mutates:   1355 #cross:     1395 #dups:       619 
#niche:     1519 #errors:      94 
--------------------------------------------------------------------------------

Doing AMOEBA simplex on best individual
Done simplexing #iterations 822, best score  33.98

Ligand is stored in gold_soln_ligand_prepared_m1_3.mol2


--------------------------------------------------------------------------------
--- GoldScore breakdown of terms                                             ---
--------------------------------------------------------------------------------
Fitness = S(hb_ext) + 1.3750*S(vdw_ext) + S(hb_int) + 1.0000*S(int)
S(int)  = S(vdw_int) + S(tors)

Internal terms are relative to best energy found (intcor).

--------------------------------------------------------------------------------


     Fitness  S(hb_ext) S(vdw_ext)  S(hb_int)    S(int)      intcor
     33.98       3.57      22.95       0.00      -1.14      -0.76

--------------------------------------------------------------------------------
--- GoldScore analysis of protein-ligand interactions                        ---
--------------------------------------------------------------------------------

  Ligand acceptor   17 Protein hydrogen 11497 donor 11446 bond energy  2.00 wt 0.15
  Ligand acceptor   17 Protein hydrogen 19379 donor 19321 bond energy  6.00 wt 0.54

--------------------------------------------------------------------------------

--------------------------------------------------------------------------------
--- Rescoring solution                                                       ---
--------------------------------------------------------------------------------

     Score     S(PLP)   S(hbond)     S(cho)   S(metal)  DE(clash)   DE(tors)
      0.71       0.15       0.88       0.00       0.00       0.47       0.66

Doing AMOEBA simplex on best individual
Done simplexing #iterations 1244, best score  21.73

     Score     S(PLP)   S(hbond)     S(cho)   S(metal)  DE(clash)   DE(tors)
     21.73     -20.11       1.10       0.00       0.00       1.44       0.13

--------------------------------------------------------------------------------
--- CHEMPLP breakdown of terms                                               ---
--------------------------------------------------------------------------------
CHEMPLP = - ( 1.0000*S(PLP) + -3.0000*S(hbond) + -6.0000*S(metal) + -3.0000*S(cho) )

Score = CHEMPLP - 1.0000*DE(clash) - 2.0000*DE(tors)


--------------------------------------------------------------------------------


--------------------------------------------------------------------------------
--- PLP analysis of protein-ligand interactions                              ---
--------------------------------------------------------------------------------
hydrogen bonding        :      -4.10
metal                   :       0.00
buried (polar-nonpolar) :      -0.95
nonpolar                :     -19.87
repulsive               :       4.43
--------------------------------------------------------------------------------


--------------------------------------------------------------------------------
--- ChemScore analysis of protein-ligand interactions                        ---
--------------------------------------------------------------------------------

* Hydrogen bonds                                                                
Protein donor 19320 hydrogen 19377 Ligand acceptor    9 bond energy  1.00 wt 0.34
Protein donor 18438 hydrogen 18483 Ligand acceptor   17 bond energy  1.00 wt 0.19
Protein donor 16930 hydrogen 16984 Ligand acceptor   17 bond energy  1.00 wt 0.57


* CH..O interactions                                                            
  CH group selection                       : activated ring CH (adjacent to hetatom)

--------------------------------------------------------------------------------


--------------------------------------------------------------------------------
--- Intra-ligand clashes                                                     ---
--------------------------------------------------------------------------------

Ligand
  7 (C7   ) -   4 (C4   ):   1.44 (dist   2.71)
--------------------------------------------------------------------------------


--------------------------------------------------------------------------------
--- Chromosome decoded                                                       ---
--------------------------------------------------------------------------------
Ligand Torsions
[   6    2    1    3]   76.79
[  12    5    1    2] -169.62
Protein Torsions
[ 563  526  525  524]  129.95 
[ 717  667  668  669] -139.09 
[26073 26019 26018 26016] -155.39 
[27142 27085 27084 27080]    7.11 
[ 795  758  759  760]  141.99 
[18483 18438 18437 18435]  -49.91 
[18292 18264 18263 18260]  -85.35 
[10113 10080 10079 10076] -155.99 
[16984 16930 16929 16927]  120.62 
[11433 11400 11399 11396]   31.87 
[27144 27087 27086 27084] -117.18 
[27201  670  669  668] -132.30 
Mapping
Ligand acceptors to protein hydrogens (mapping then atom ids)
  3  40 [ 17->11497]
Ligand hydrogens to protein acceptors (mapping then atom ids)
Ligand shape atoms to protein points (mapping then atom ids & coords)
  1  1510 [  5->(206.500  20.500  71.250)]
  4   935 [ 12->(206.000  21.250  70.250)]
  6  4314 [ 14->(208.000  26.250  71.000)]
  7  5807 [ 16->(209.500  25.000  69.000)]
Chromosome values
Integers:
  -1   -1   39   -1   -1 1509   -1   -1  934   -1 4313 5806 
--------------------------------------------------------------------------------


--------------------------------------------------------------------------------
--- Diverse Solutions Stats                                                  ---
--------------------------------------------------------------------------------
  Move attempts                            :  20491
  Move failures                            :      0
  Failure rate                             :   0.000

--------------------------------------------------------------------------------

Current Ranking  1  2  3

--------------------------------------------------------------------------------

* GA execution time :                                                           
  total  0.6722 user  0.6527 sys  0.0195

--------------------------------------------------------------------------------
Fitness function evaluations: 22645

--------------------------------------------------------------------------------
** Docking run number  4 **
--------------------------------------------------------------------------------
  Rank fitness base is 5000.00 ; increment is 11.2233

* Initialising population(s) ...                                                
Number of constraints mappings 0
Number of constraints 0
  Population no.                           :      1
  Population size                          :    100
  Number of duplicates                     :      0
  Number of niche violations               :      0
  Number of errors                         :   2070


Doing GA, no. of population(s) 1 size 100 selection pressure 1.100000

 Operation      Fitness  S(hb_ext) S(vdw_ext)  S(hb_int)    S(int)      intcor
         0      35.41       0.31      28.17       0.00     -18.21      -0.76
        26      38.90       0.31      28.53       0.00      -3.18      -0.76
       265      36.66       0.24      27.05       0.00      -3.18      -0.76
       798      34.07       8.07      19.76       0.00      -3.18      -0.76
      1023      32.32       7.95      18.74       0.00      -3.18      -0.76
Reordering...
      1230      30.09       6.10      18.64       0.00      -3.19      -0.76
      1538      28.21       5.98      17.67       0.00      -3.19      -0.76
      1593      27.80       7.58      15.13       0.00      -0.85      -0.76
Reordering...
      1722      26.73       5.85      16.94       0.00      -3.19      -0.76
      1743      27.23       7.81      15.66       0.00      -2.73      -0.76
      1753      27.23       7.81      15.66       0.00      -2.73      -0.76
Reordering...
      1886      25.60       4.14      17.01       0.00      -2.25      -0.76
Reordering...
      1944      25.48       7.52      13.62       0.00      -0.85      -0.76
Reordering...
      1968      25.44       5.75      15.72       0.00      -2.10      -0.76
      2043      26.27       5.91      16.58       0.00      -2.51      -0.76
      2093      27.35       7.33      15.45       0.00      -1.22      -0.76
      2147      28.85       5.64      21.07       0.00      -5.76      -0.76
      2291      30.25       3.43      21.16       0.00      -2.28      -0.76
      2548      30.40       3.37      21.18       0.00      -2.09      -0.76
      2613      30.78       7.72      18.76       0.00      -2.73      -0.76
--------------------------------------------------------------------------------
Best docking solution after GA:
      2750      30.78       7.72      18.76       0.00      -2.73      -0.76

#ops:       2750 #mutates:   1366 #cross:     1384 #dups:       577 
#niche:     1408 #errors:     148 
--------------------------------------------------------------------------------

Doing AMOEBA simplex on best individual
Done simplexing #iterations 891, best score  37.33

Ligand is stored in gold_soln_ligand_prepared_m1_4.mol2


--------------------------------------------------------------------------------
--- GoldScore breakdown of terms                                             ---
--------------------------------------------------------------------------------
Fitness = S(hb_ext) + 1.3750*S(vdw_ext) + S(hb_int) + 1.0000*S(int)
S(int)  = S(vdw_int) + S(tors)

Internal terms are relative to best energy found (intcor).

--------------------------------------------------------------------------------


     Fitness  S(hb_ext) S(vdw_ext)  S(hb_int)    S(int)      intcor
     37.33       6.99      23.50       0.00      -1.98      -0.76

--------------------------------------------------------------------------------
--- GoldScore analysis of protein-ligand interactions                        ---
--------------------------------------------------------------------------------

  Ligand acceptor   17 Protein hydrogen 11497 donor 11446 bond energy  2.00 wt 0.03
  Ligand acceptor   17 Protein hydrogen 19379 donor 19321 bond energy  6.00 wt 1.00
  Ligand donor   10 hydrogen   23 Protein acceptor 18438 bond energy  2.00 wt 0.47

--------------------------------------------------------------------------------

--------------------------------------------------------------------------------
--- Rescoring solution                                                       ---
--------------------------------------------------------------------------------

     Score     S(PLP)   S(hbond)     S(cho)   S(metal)  DE(clash)   DE(tors)
     11.24      -9.03       1.20       0.00       0.00       1.36       0.02

Doing AMOEBA simplex on best individual
Done simplexing #iterations 1135, best score  25.02

     Score     S(PLP)   S(hbond)     S(cho)   S(metal)  DE(clash)   DE(tors)
     25.02     -23.13       1.13       0.00       0.00       1.31       0.09

--------------------------------------------------------------------------------
--- CHEMPLP breakdown of terms                                               ---
--------------------------------------------------------------------------------
CHEMPLP = - ( 1.0000*S(PLP) + -3.0000*S(hbond) + -6.0000*S(metal) + -3.0000*S(cho) )

Score = CHEMPLP - 1.0000*DE(clash) - 2.0000*DE(tors)


--------------------------------------------------------------------------------


--------------------------------------------------------------------------------
--- PLP analysis of protein-ligand interactions                              ---
--------------------------------------------------------------------------------
hydrogen bonding        :      -3.52
metal                   :       0.00
buried (polar-nonpolar) :      -0.96
nonpolar                :     -21.35
repulsive               :       2.19
--------------------------------------------------------------------------------


--------------------------------------------------------------------------------
--- ChemScore analysis of protein-ligand interactions                        ---
--------------------------------------------------------------------------------

* Hydrogen bonds                                                                
Ligand donor   10 hydrogen   23 Protein acceptor 18438 bond energy  1.00 wt 1.00
Protein donor 19320 hydrogen 19377 Ligand acceptor    9 bond energy  1.00 wt 0.13


* CH..O interactions                                                            
  CH group selection                       : activated ring CH (adjacent to hetatom)

--------------------------------------------------------------------------------


--------------------------------------------------------------------------------
--- Intra-ligand clashes                                                     ---
--------------------------------------------------------------------------------

Ligand
  7 (C7   ) -   3 (C3   ):   1.31 (dist   2.71)
--------------------------------------------------------------------------------


--------------------------------------------------------------------------------
--- Chromosome decoded                                                       ---
--------------------------------------------------------------------------------
Ligand Torsions
[   6    2    1    3]  173.21
[  12    5    1    2]  179.91
Protein Torsions
[ 563  526  525  524]  168.93 
[ 717  667  668  669]  136.67 
[26073 26019 26018 26016]   -9.92 
[27142 27085 27084 27080]  -13.69 
[ 795  758  759  760]   67.85 
[18483 18438 18437 18435] -118.76 
[18292 18264 18263 18260]  165.90 
[10113 10080 10079 10076]  179.96 
[16984 16930 16929 16927]  175.05 
[11433 11400 11399 11396]  103.28 
[27144 27087 27086 27084]    0.62 
[27201  670  669  668]  130.00 
Mapping
Ligand acceptors to protein hydrogens (mapping then atom ids)
  3  54 [ 17->19379]
Ligand hydrogens to protein acceptors (mapping then atom ids)
  2  29 [ 23->18438]
Ligand shape atoms to protein points (mapping then atom ids & coords)
  1  1263 [  5->(206.250  22.750  71.000)]
  5  5982 [ 13->(210.250  24.750  68.750)]
  7  6297 [ 16->(211.500  24.750  71.250)]
Chromosome values
Integers:
  -1   -1   53   -1   28 1262   -1   -1   -1 5981   -1 6296 
--------------------------------------------------------------------------------


--------------------------------------------------------------------------------
--- Diverse Solutions Stats                                                  ---
--------------------------------------------------------------------------------
  Move attempts                            :  20173
  Move failures                            :      0
  Failure rate                             :   0.000

--------------------------------------------------------------------------------

Current Ranking  1  2  4  3

--------------------------------------------------------------------------------

* GA execution time :                                                           
  total  0.6926 user  0.6870 sys  0.0056

--------------------------------------------------------------------------------
Fitness function evaluations: 22397

--------------------------------------------------------------------------------
** Docking run number  5 **
--------------------------------------------------------------------------------
  Rank fitness base is 5000.00 ; increment is 11.2233

* Initialising population(s) ...                                                
Number of constraints mappings 0
Number of constraints 0
  Population no.                           :      1
  Population size                          :    100
  Number of duplicates                     :      0
  Number of niche violations               :      0
  Number of errors                         :   2069


Doing GA, no. of population(s) 1 size 100 selection pressure 1.100000

 Operation      Fitness  S(hb_ext) S(vdw_ext)  S(hb_int)    S(int)      intcor
         0      35.17       1.32      24.74       0.00      -0.78      -0.76
Reordering...
        82      33.54       0.00      25.29       0.00      -5.79      -0.76
Reordering...
       108      33.52       1.23      23.61       0.00      -0.78      -0.76
       114      37.50       0.41      28.92       0.00     -12.26      -0.76
       151      44.82       0.41      32.74       0.00      -2.67      -0.76
       540      40.34       0.18      29.90       0.00      -3.12      -0.76
       857      36.23       0.13      27.13       0.00      -3.12      -0.76
      1010      34.39       0.10      25.19       0.00      -0.82      -0.76
      1024      38.36       1.59      28.16       0.00      -4.45      -0.76
Reordering...
      1558      25.84       6.34      14.97       0.00      -1.63      -0.76
      1997      27.63       0.88      19.60       0.00      -0.21      -0.76
      2083      26.88       3.05      17.57       0.00      -0.32      -0.76
      2359      27.09       1.22      19.56       0.00      -1.03      -0.76
      2467      27.52       4.57      16.74       0.00      -0.07      -0.76
      2685      28.98       0.07      21.13       0.00      -0.14      -0.76
--------------------------------------------------------------------------------
Best docking solution after GA:
      2750      28.98       0.07      21.13       0.00      -0.14      -0.76

#ops:       2750 #mutates:   1386 #cross:     1364 #dups:       518 
#niche:     1430 #errors:     134 
--------------------------------------------------------------------------------

Doing AMOEBA simplex on best individual
Done simplexing #iterations 1191, best score  38.58

Ligand is stored in gold_soln_ligand_prepared_m1_5.mol2


--------------------------------------------------------------------------------
--- GoldScore breakdown of terms                                             ---
--------------------------------------------------------------------------------
Fitness = S(hb_ext) + 1.3750*S(vdw_ext) + S(hb_int) + 1.0000*S(int)
S(int)  = S(vdw_int) + S(tors)

Internal terms are relative to best energy found (intcor).

--------------------------------------------------------------------------------


     Fitness  S(hb_ext) S(vdw_ext)  S(hb_int)    S(int)      intcor
     38.58       0.19      28.00       0.00      -0.11      -0.76

--------------------------------------------------------------------------------
--- GoldScore analysis of protein-ligand interactions                        ---
--------------------------------------------------------------------------------

  Ligand donor    8 hydrogen   22 Protein acceptor 26795 bond energy  6.00 wt 0.03

--------------------------------------------------------------------------------

--------------------------------------------------------------------------------
--- Rescoring solution                                                       ---
--------------------------------------------------------------------------------

     Score     S(PLP)   S(hbond)     S(cho)   S(metal)  DE(clash)   DE(tors)
      1.46      -0.08       0.49       0.00       0.00       0.00       0.04

Doing AMOEBA simplex on best individual
Done simplexing #iterations 1302, best score  35.70

     Score     S(PLP)   S(hbond)     S(cho)   S(metal)  DE(clash)   DE(tors)
     35.70     -34.90       0.67       0.00       0.00       0.00       0.60

--------------------------------------------------------------------------------
--- CHEMPLP breakdown of terms                                               ---
--------------------------------------------------------------------------------
CHEMPLP = - ( 1.0000*S(PLP) + -3.0000*S(hbond) + -6.0000*S(metal) + -3.0000*S(cho) )

Score = CHEMPLP - 1.0000*DE(clash) - 2.0000*DE(tors)


--------------------------------------------------------------------------------


--------------------------------------------------------------------------------
--- PLP analysis of protein-ligand interactions                              ---
--------------------------------------------------------------------------------
hydrogen bonding        :      -0.68
metal                   :       0.00
buried (polar-nonpolar) :       2.48
nonpolar                :     -41.54
repulsive               :       5.11
--------------------------------------------------------------------------------


--------------------------------------------------------------------------------
--- ChemScore analysis of protein-ligand interactions                        ---
--------------------------------------------------------------------------------

* Hydrogen bonds                                                                
Ligand donor    8 hydrogen   22 Protein acceptor 26795 bond energy  1.00 wt 0.67


* CH..O interactions                                                            
  CH group selection                       : activated ring CH (adjacent to hetatom)

--------------------------------------------------------------------------------


--------------------------------------------------------------------------------
--- Intra-ligand clashes                                                     ---
--------------------------------------------------------------------------------

Ligand
--------------------------------------------------------------------------------


--------------------------------------------------------------------------------
--- Chromosome decoded                                                       ---
--------------------------------------------------------------------------------
Ligand Torsions
[   6    2    1    3]  -55.83
[  12    5    1    2]  175.52
Protein Torsions
[ 563  526  525  524]  130.89 
[ 717  667  668  669]  -59.76 
[26073 26019 26018 26016]   21.85 
[27142 27085 27084 27080]   63.97 
[ 795  758  759  760]  112.25 
[18483 18438 18437 18435]   87.94 
[18292 18264 18263 18260]   51.16 
[10113 10080 10079 10076]  -25.08 
[16984 16930 16929 16927]  172.81 
[11433 11400 11399 11396]   25.25 
[27144 27087 27086 27084]  120.69 
[27201  670  669  668]   92.82 
Mapping
Ligand acceptors to protein hydrogens (mapping then atom ids)
Ligand hydrogens to protein acceptors (mapping then atom ids)
Ligand shape atoms to protein points (mapping then atom ids & coords)
  5  4891 [ 13->(208.250  28.000  69.250)]
  6  2047 [ 14->(206.750  28.750  70.000)]
  7  2113 [ 16->(206.750  30.750  68.500)]
Chromosome values
Integers:
  -1   -1   -1   -1   -1   -1   -1   -1   -1 4890 2046 2112 
--------------------------------------------------------------------------------


--------------------------------------------------------------------------------
--- Diverse Solutions Stats                                                  ---
--------------------------------------------------------------------------------
  Move attempts                            :  20956
  Move failures                            :     20
  Failure rate                             :   0.001

--------------------------------------------------------------------------------

Current Ranking  1  2  5  4  3

--------------------------------------------------------------------------------

* GA execution time :                                                           
  total  0.6862 user  0.6680 sys  0.0182

--------------------------------------------------------------------------------
Fitness function evaluations: 23153

--------------------------------------------------------------------------------
** Docking run number  6 **
--------------------------------------------------------------------------------
  Rank fitness base is 5000.00 ; increment is 11.2233

* Initialising population(s) ...                                                
Number of constraints mappings 0
Number of constraints 0
  Population no.                           :      1
  Population size                          :    100
  Number of duplicates                     :      0
  Number of niche violations               :      0
  Number of errors                         :   2023


Doing GA, no. of population(s) 1 size 100 selection pressure 1.100000

 Operation      Fitness  S(hb_ext) S(vdw_ext)  S(hb_int)    S(int)      intcor
         0      37.41       2.15      26.77       0.00      -7.77      -0.76
       103      41.17       6.37      26.69       0.00      -8.94      -0.76
       311      36.24       6.23      23.29       0.00      -8.00      -0.76
Reordering...
       328      33.76       0.48      26.13       0.00     -10.25      -0.76
       331      35.15       6.16      21.81       0.00      -3.89      -0.76
       354      38.25       3.15      27.02       0.00      -7.77      -0.76
       496      36.72       3.50      24.95       0.00      -3.70      -0.76
       709      32.98       1.83      23.21       0.00      -2.23      -0.76
       742      31.84       0.90      23.07       0.00      -2.23      -0.76
       940      29.08       0.87      21.18       0.00      -2.23      -0.76
       966      29.58       1.40      21.17       0.00      -2.23      -0.76
Reordering...
      1148      26.07       2.58      17.78       0.00      -1.99      -0.76
      1467      27.64       6.04      16.34       0.00      -1.39      -0.76
Reordering...
      1640      24.60       2.68      16.78       0.00      -1.63      -0.76
      1706      25.13       2.15      17.11       0.00      -0.72      -0.76
      1775      25.95       1.65      18.09       0.00      -0.72      -0.76
      2186      25.46       1.31      18.09       0.00      -0.72      -0.76
      2246      28.10       6.22      16.92       0.00      -1.39      -0.76
      2254      29.24       6.30      17.62       0.00      -1.28      -0.76
      2669      29.53       6.28      17.84       0.00      -1.28      -0.76
--------------------------------------------------------------------------------
Best docking solution after GA:
      2750      29.53       6.28      17.84       0.00      -1.28      -0.76

#ops:       2750 #mutates:   1380 #cross:     1370 #dups:       499 
#niche:     1247 #errors:     145 
--------------------------------------------------------------------------------

Doing AMOEBA simplex on best individual
Done simplexing #iterations 1114, best score  37.40

Ligand is stored in gold_soln_ligand_prepared_m1_6.mol2


--------------------------------------------------------------------------------
--- GoldScore breakdown of terms                                             ---
--------------------------------------------------------------------------------
Fitness = S(hb_ext) + 1.3750*S(vdw_ext) + S(hb_int) + 1.0000*S(int)
S(int)  = S(vdw_int) + S(tors)

Internal terms are relative to best energy found (intcor).

--------------------------------------------------------------------------------


     Fitness  S(hb_ext) S(vdw_ext)  S(hb_int)    S(int)      intcor
     37.40       6.21      23.43       0.00      -1.03      -0.76

--------------------------------------------------------------------------------
--- GoldScore analysis of protein-ligand interactions                        ---
--------------------------------------------------------------------------------

  Ligand donor    8 hydrogen   22 Protein acceptor 26790 bond energy  6.00 wt 0.99
  Ligand donor   10 hydrogen   23 Protein acceptor 11398 bond energy  2.00 wt 0.14

--------------------------------------------------------------------------------

--------------------------------------------------------------------------------
--- Rescoring solution                                                       ---
--------------------------------------------------------------------------------

     Score     S(PLP)   S(hbond)     S(cho)   S(metal)  DE(clash)   DE(tors)
      7.24      -6.02       1.00       0.00       0.00       0.59       0.60

Doing AMOEBA simplex on best individual
Done simplexing #iterations 1196, best score  17.14

     Score     S(PLP)   S(hbond)     S(cho)   S(metal)  DE(clash)   DE(tors)
     17.14     -15.54       1.00       0.00       0.00       1.34       0.03

--------------------------------------------------------------------------------
--- CHEMPLP breakdown of terms                                               ---
--------------------------------------------------------------------------------
CHEMPLP = - ( 1.0000*S(PLP) + -3.0000*S(hbond) + -6.0000*S(metal) + -3.0000*S(cho) )

Score = CHEMPLP - 1.0000*DE(clash) - 2.0000*DE(tors)


--------------------------------------------------------------------------------


--------------------------------------------------------------------------------
--- PLP analysis of protein-ligand interactions                              ---
--------------------------------------------------------------------------------
hydrogen bonding        :      -1.80
metal                   :       0.00
buried (polar-nonpolar) :       7.79
nonpolar                :     -31.80
repulsive               :       9.44
--------------------------------------------------------------------------------


--------------------------------------------------------------------------------
--- ChemScore analysis of protein-ligand interactions                        ---
--------------------------------------------------------------------------------

* Hydrogen bonds                                                                
Ligand donor    8 hydrogen   22 Protein acceptor 26790 bond energy  1.00 wt 1.00


* CH..O interactions                                                            
  CH group selection                       : activated ring CH (adjacent to hetatom)

--------------------------------------------------------------------------------


--------------------------------------------------------------------------------
--- Intra-ligand clashes                                                     ---
--------------------------------------------------------------------------------

Ligand
  7 (C7   ) -   3 (C3   ):   1.34 (dist   2.71)
--------------------------------------------------------------------------------


--------------------------------------------------------------------------------
--- Chromosome decoded                                                       ---
--------------------------------------------------------------------------------
Ligand Torsions
[   6    2    1    3]  159.39
[  12    5    1    2]  170.65
Protein Torsions
[ 563  526  525  524]    9.49 
[ 717  667  668  669]   64.06 
[26073 26019 26018 26016]  -80.51 
[27142 27085 27084 27080]  174.25 
[ 795  758  759  760]   84.41 
[18483 18438 18437 18435]   58.98 
[18292 18264 18263 18260]   28.66 
[10113 10080 10079 10076] -164.80 
[16984 16930 16929 16927]  159.68 
[11433 11400 11399 11396] -139.53 
[27144 27087 27086 27084]   45.01 
[27201  670  669  668]  -91.61 
Mapping
Ligand acceptors to protein hydrogens (mapping then atom ids)
Ligand hydrogens to protein acceptors (mapping then atom ids)
  1   7 [ 22->26790]
Ligand shape atoms to protein points (mapping then atom ids & coords)
  5  3347 [ 13->(207.500  27.000  71.750)]
  6  2961 [ 14->(207.250  28.750  69.000)]
Chromosome values
Integers:
  -1   -1   -1    6   -1   -1   -1   -1   -1 3346 2960   -1 
--------------------------------------------------------------------------------


--------------------------------------------------------------------------------
--- Diverse Solutions Stats                                                  ---
--------------------------------------------------------------------------------
  Move attempts                            :  20591
  Move failures                            :     27
  Failure rate                             :   0.001

--------------------------------------------------------------------------------

Current Ranking  1  2  5  6  4  3

--------------------------------------------------------------------------------

* GA execution time :                                                           
  total  0.6771 user  0.6679 sys  0.0093

--------------------------------------------------------------------------------
Fitness function evaluations: 22744

--------------------------------------------------------------------------------
** Docking run number  7 **
--------------------------------------------------------------------------------
  Rank fitness base is 5000.00 ; increment is 11.2233

* Initialising population(s) ...                                                
Number of constraints mappings 0
Number of constraints 0
  Population no.                           :      1
  Population size                          :    100
  Number of duplicates                     :      0
  Number of niche violations               :      0
  Number of errors                         :   2069


Doing GA, no. of population(s) 1 size 100 selection pressure 1.100000

 Operation      Fitness  S(hb_ext) S(vdw_ext)  S(hb_int)    S(int)      intcor
         0      38.20       0.37      29.70       0.00     -15.04      -0.76
       387      35.41       0.48      26.39       0.00      -5.04      -0.76
Reordering...
       574      31.44       2.80      21.14       0.00      -1.39      -0.76
      1032      28.36       5.04      18.22       0.00      -3.88      -0.76
      1036      29.12       4.84      18.22       0.00      -1.73      -0.76
      1061      29.93       2.56      20.01       0.00      -0.32      -0.76
      1285      29.30       2.53      19.48       0.00      -0.05      -0.76
      1355      29.78       2.88      19.58       0.00      -0.05      -0.76
      1452      30.05       2.56      20.50       0.00      -1.14      -0.76
      1995      30.77       3.41      20.91       0.00      -1.49      -0.76
      2629      30.48       3.22      20.92       0.00      -1.49      -0.76
--------------------------------------------------------------------------------
Best docking solution after GA:
      2750      30.48       3.22      20.92       0.00      -1.49      -0.76

#ops:       2750 #mutates:   1386 #cross:     1364 #dups:       569 
#niche:     1362 #errors:     124 
--------------------------------------------------------------------------------

Doing AMOEBA simplex on best individual
Done simplexing #iterations 838, best score  34.81

Ligand is stored in gold_soln_ligand_prepared_m1_7.mol2


--------------------------------------------------------------------------------
--- GoldScore breakdown of terms                                             ---
--------------------------------------------------------------------------------
Fitness = S(hb_ext) + 1.3750*S(vdw_ext) + S(hb_int) + 1.0000*S(int)
S(int)  = S(vdw_int) + S(tors)

Internal terms are relative to best energy found (intcor).

--------------------------------------------------------------------------------


     Fitness  S(hb_ext) S(vdw_ext)  S(hb_int)    S(int)      intcor
     34.81       3.45      23.53       0.00      -1.00      -0.76

--------------------------------------------------------------------------------
--- GoldScore analysis of protein-ligand interactions                        ---
--------------------------------------------------------------------------------

  Ligand acceptor   17 Protein hydrogen 11729 donor 11669 bond energy  6.00 wt 0.06
  Ligand acceptor   11 Protein hydrogen 19377 donor 19320 bond energy  6.00 wt 0.02
  Ligand acceptor   11 Protein hydrogen 11497 donor 11446 bond energy  2.00 wt 0.09
  Ligand acceptor   11 Protein hydrogen 19379 donor 19321 bond energy  6.00 wt 0.47

--------------------------------------------------------------------------------

--------------------------------------------------------------------------------
--- Rescoring solution                                                       ---
--------------------------------------------------------------------------------

     Score     S(PLP)   S(hbond)     S(cho)   S(metal)  DE(clash)   DE(tors)
     -3.13       2.90       0.69       0.00       0.00       0.00       1.15

Doing AMOEBA simplex on best individual
Done simplexing #iterations 1395, best score  18.60

     Score     S(PLP)   S(hbond)     S(cho)   S(metal)  DE(clash)   DE(tors)
     18.60     -15.67       1.73       0.00       0.00       0.14       1.07

--------------------------------------------------------------------------------
--- CHEMPLP breakdown of terms                                               ---
--------------------------------------------------------------------------------
CHEMPLP = - ( 1.0000*S(PLP) + -3.0000*S(hbond) + -6.0000*S(metal) + -3.0000*S(cho) )

Score = CHEMPLP - 1.0000*DE(clash) - 2.0000*DE(tors)


--------------------------------------------------------------------------------


--------------------------------------------------------------------------------
--- PLP analysis of protein-ligand interactions                              ---
--------------------------------------------------------------------------------
hydrogen bonding        :      -2.51
metal                   :       0.00
buried (polar-nonpolar) :      -3.64
nonpolar                :     -19.02
repulsive               :       9.13
--------------------------------------------------------------------------------


--------------------------------------------------------------------------------
--- ChemScore analysis of protein-ligand interactions                        ---
--------------------------------------------------------------------------------

* Hydrogen bonds                                                                
Protein donor 11668 hydrogen 11727 Ligand acceptor   17 bond energy  1.00 wt 0.03
Protein donor 11669 hydrogen 11729 Ligand acceptor   17 bond energy  1.00 wt 0.70
Protein donor 11446 hydrogen 11497 Ligand acceptor   11 bond energy  1.00 wt 1.00


* CH..O interactions                                                            
  CH group selection                       : activated ring CH (adjacent to hetatom)

--------------------------------------------------------------------------------


--------------------------------------------------------------------------------
--- Intra-ligand clashes                                                     ---
--------------------------------------------------------------------------------

Ligand
  7 (C7   ) -   3 (C3   ):   0.14 (dist   2.75)
--------------------------------------------------------------------------------


--------------------------------------------------------------------------------
--- Chromosome decoded                                                       ---
--------------------------------------------------------------------------------
Ligand Torsions
[   6    2    1    3]  157.73
[  12    5    1    2]  166.95
Protein Torsions
[ 563  526  525  524] -179.92 
[ 717  667  668  669]   75.13 
[26073 26019 26018 26016]  169.13 
[27142 27085 27084 27080] -165.70 
[ 795  758  759  760]    0.04 
[18483 18438 18437 18435]  104.82 
[18292 18264 18263 18260]  -70.88 
[10113 10080 10079 10076]   92.43 
[16984 16930 16929 16927]  144.69 
[11433 11400 11399 11396]   63.90 
[27144 27087 27086 27084] -156.87 
[27201  670  669  668]  166.68 
Mapping
Ligand acceptors to protein hydrogens (mapping then atom ids)
  3  23 [ 17->11729]
Ligand hydrogens to protein acceptors (mapping then atom ids)
Ligand shape atoms to protein points (mapping then atom ids & coords)
  2  2851 [  6->(207.250  25.750  72.500)]
  6  5171 [ 14->(208.500  26.500  72.000)]
  7  5212 [ 16->(208.500  27.500  72.500)]
Chromosome values
Integers:
  -1   -1   22   -1   -1   -1 2850   -1   -1   -1 5170 5211 
--------------------------------------------------------------------------------


--------------------------------------------------------------------------------
--- Diverse Solutions Stats                                                  ---
--------------------------------------------------------------------------------
  Move attempts                            :  20703
  Move failures                            :     51
  Failure rate                             :   0.002

--------------------------------------------------------------------------------

Current Ranking  1  2  5  6  4  7  3

--------------------------------------------------------------------------------

* GA execution time :                                                           
  total  0.6994 user  0.6890 sys  0.0104

--------------------------------------------------------------------------------
Fitness function evaluations: 22863

--------------------------------------------------------------------------------
** Docking run number  8 **
--------------------------------------------------------------------------------
  Rank fitness base is 5000.00 ; increment is 11.2233

* Initialising population(s) ...                                                
Number of constraints mappings 0
Number of constraints 0
  Population no.                           :      1
  Population size                          :    100
  Number of duplicates                     :      0
  Number of niche violations               :      0
  Number of errors                         :   2117


Doing GA, no. of population(s) 1 size 100 selection pressure 1.100000

 Operation      Fitness  S(hb_ext) S(vdw_ext)  S(hb_int)    S(int)      intcor
         0      35.53       0.23      27.69       0.00     -13.81      -0.76
Reordering...
        82      34.84       1.48      27.46       0.00     -20.64      -0.76
       109      35.33       1.37      26.88       0.00     -13.81      -0.76
Reordering...
       164      34.40       1.46      27.25       0.00     -19.93      -0.76
       168      35.32       2.16      28.32       0.00     -25.48      -0.76
Reordering...
       324      33.83      11.53      17.75       0.00      -8.16      -0.76
Reordering...
       328      32.96       1.96      27.32       0.00     -25.48      -0.76
Reordering...
       351      32.91      11.44      17.17       0.00      -8.16      -0.76
       351      34.98       1.36      28.59       0.00     -21.62      -0.76
       369      35.42       1.49      28.78       0.00     -21.45      -0.76
       459      34.74       0.98      26.10       0.00      -7.43      -0.76
Reordering...
       574      31.61       1.66      27.77       0.00     -26.46      -0.76
       630      31.27       0.93      23.98       0.00      -8.12      -0.76
Reordering...
       656      30.79       1.57      27.63       0.00     -26.46      -0.76
       831      34.33       1.37      24.54       0.00      -2.07      -0.76
       915      34.10       1.26      24.52       0.00      -2.20      -0.76
      2164      31.04       0.00      24.18       0.00      -2.20      -0.76
--------------------------------------------------------------------------------
Best docking solution after GA:
      2750      31.27       0.23      24.18       0.00      -2.20      -0.76

#ops:       2750 #mutates:   1373 #cross:     1377 #dups:       538 
#niche:     1319 #errors:     179 
--------------------------------------------------------------------------------

Doing AMOEBA simplex on best individual
Done simplexing #iterations 858, best score  41.38

Ligand is stored in gold_soln_ligand_prepared_m1_8.mol2


--------------------------------------------------------------------------------
--- GoldScore breakdown of terms                                             ---
--------------------------------------------------------------------------------
Fitness = S(hb_ext) + 1.3750*S(vdw_ext) + S(hb_int) + 1.0000*S(int)
S(int)  = S(vdw_int) + S(tors)

Internal terms are relative to best energy found (intcor).

--------------------------------------------------------------------------------


     Fitness  S(hb_ext) S(vdw_ext)  S(hb_int)    S(int)      intcor
     41.38       0.25      30.44       0.00      -0.72      -0.76

--------------------------------------------------------------------------------
--- GoldScore analysis of protein-ligand interactions                        ---
--------------------------------------------------------------------------------

  Ligand acceptor   17 Protein hydrogen 11497 donor 11446 bond energy  2.00 wt 0.05
  Ligand acceptor   17 Protein hydrogen 16984 donor 16930 bond energy  2.00 wt 0.06
  Ligand donor    8 hydrogen   22 Protein acceptor 11447 bond energy  2.00 wt 0.01

--------------------------------------------------------------------------------

--------------------------------------------------------------------------------
--- Rescoring solution                                                       ---
--------------------------------------------------------------------------------

     Score     S(PLP)   S(hbond)     S(cho)   S(metal)  DE(clash)   DE(tors)
    -12.43      12.78       0.38       0.00       0.00       0.00       0.39

Doing AMOEBA simplex on best individual
AMOEBA simplex failed to converge after 2000 iterations
Done simplexing #iterations 2000, best score -45.82


--------------------------------------------------------------------------------
--- CHEMPLP breakdown of terms                                               ---
--------------------------------------------------------------------------------
CHEMPLP = - ( 1.0000*S(PLP) + -3.0000*S(hbond) + -6.0000*S(metal) + -3.0000*S(cho) )

Score = CHEMPLP - 1.0000*DE(clash) - 2.0000*DE(tors)


--------------------------------------------------------------------------------


--------------------------------------------------------------------------------
--- PLP analysis of protein-ligand interactions                              ---
--------------------------------------------------------------------------------
hydrogen bonding        :       0.01
metal                   :       0.00
buried (polar-nonpolar) :      37.54
nonpolar                :     -31.89
repulsive               :       8.26
--------------------------------------------------------------------------------


--------------------------------------------------------------------------------
--- ChemScore analysis of protein-ligand interactions                        ---
--------------------------------------------------------------------------------

* Hydrogen bonds                                                                
Ligand donor    8 hydrogen   22 Protein acceptor 18438 bond energy  1.00 wt 0.21
Protein donor 16930 hydrogen 16984 Ligand acceptor   17 bond energy  1.00 wt 0.17


* CH..O interactions                                                            
  CH group selection                       : activated ring CH (adjacent to hetatom)

--------------------------------------------------------------------------------


--------------------------------------------------------------------------------
--- Intra-ligand clashes                                                     ---
--------------------------------------------------------------------------------

Ligand
--------------------------------------------------------------------------------


--------------------------------------------------------------------------------
--- Chromosome decoded                                                       ---
--------------------------------------------------------------------------------
Ligand Torsions
[   6    2    1    3]  130.12
[  12    5    1    2]  173.12
Protein Torsions
[ 563  526  525  524]  151.48 
[ 717  667  668  669]   85.84 
[26073 26019 26018 26016]   36.46 
[27142 27085 27084 27080] -138.10 
[ 795  758  759  760] -153.07 
[18483 18438 18437 18435] -133.68 
[18292 18264 18263 18260] -142.26 
[10113 10080 10079 10076]   45.99 
[16984 16930 16929 16927]   87.04 
[11433 11400 11399 11396]  -56.59 
[27144 27087 27086 27084]   43.38 
[27201  670  669  668]   43.59 
Mapping
Ligand acceptors to protein hydrogens (mapping then atom ids)
Ligand hydrogens to protein acceptors (mapping then atom ids)
Ligand shape atoms to protein points (mapping then atom ids & coords)
  2  2908 [  6->(207.250  27.500  70.000)]
  3  2411 [  7->(207.000  27.000  71.250)]
  6   147 [ 14->(204.500  30.000  70.250)]
Chromosome values
Integers:
  -1   -1   -1   -1   -1   -1 2907 2410   -1   -1  146   -1 
--------------------------------------------------------------------------------


--------------------------------------------------------------------------------
--- Diverse Solutions Stats                                                  ---
--------------------------------------------------------------------------------
  Move attempts                            :  21120
  Move failures                            :     56
  Failure rate                             :   0.003

--------------------------------------------------------------------------------

Current Ranking  8  1  2  5  6  4  7  3

--------------------------------------------------------------------------------

* GA execution time :                                                           
  total  0.6926 user  0.6837 sys  0.0089

--------------------------------------------------------------------------------
Fitness function evaluations: 23366

--------------------------------------------------------------------------------
** Docking run number  9 **
--------------------------------------------------------------------------------
  Rank fitness base is 5000.00 ; increment is 11.2233

* Initialising population(s) ...                                                
Number of constraints mappings 0
Number of constraints 0
  Population no.                           :      1
  Population size                          :    100
  Number of duplicates                     :      0
  Number of niche violations               :      0
  Number of errors                         :   2052


Doing GA, no. of population(s) 1 size 100 selection pressure 1.100000

 Operation      Fitness  S(hb_ext) S(vdw_ext)  S(hb_int)    S(int)      intcor
         0      35.08       3.05      25.63       0.00     -16.03      -0.76
        79      35.52       4.47      23.14       0.00      -3.67      -0.76
        91      36.71       9.08      20.24       0.00      -0.95      -0.76
       116      37.83       6.16      26.62       0.00     -22.67      -0.76
Reordering...
       164      35.78       9.02      19.62       0.00      -0.95      -0.76
       179      36.31       6.56      26.12       0.00     -27.16      -0.76
Reordering...
       246      34.74       8.95      18.92       0.00      -0.95      -0.76
       358      34.39       2.12      28.80       0.00     -27.83      -0.76
       375      35.31       0.74      25.22       0.00      -0.39      -0.76
       390      37.89       0.82      28.56       0.00      -8.22      -0.76
       432      37.54       1.23      28.15       0.00      -8.55      -0.76
       913      27.83       8.71      14.09       0.00      -0.65      -0.76
Reordering...
       984      26.80       3.29      18.17       0.00      -3.47      -0.76
      1268      25.98       0.10      19.34       0.00      -1.34      -0.76
      1524      25.82       0.07      19.29       0.00      -1.19      -0.76
      1778      26.86       3.91      16.75       0.00      -0.10      -0.76
      2309      25.87       3.16      18.46       0.00      -2.68      -0.76
      2374      25.89       3.05      18.11       0.00      -2.06      -0.76
      2748      26.02       3.23      16.59       0.00      -0.03      -0.76
--------------------------------------------------------------------------------
Best docking solution after GA:
      2750      26.02       3.23      16.59       0.00      -0.03      -0.76

#ops:       2750 #mutates:   1380 #cross:     1370 #dups:       567 
#niche:     1371 #errors:     133 
--------------------------------------------------------------------------------

Doing AMOEBA simplex on best individual
Done simplexing #iterations 1219, best score  34.10

Ligand is stored in gold_soln_ligand_prepared_m1_9.mol2


--------------------------------------------------------------------------------
--- GoldScore breakdown of terms                                             ---
--------------------------------------------------------------------------------
Fitness = S(hb_ext) + 1.3750*S(vdw_ext) + S(hb_int) + 1.0000*S(int)
S(int)  = S(vdw_int) + S(tors)

Internal terms are relative to best energy found (intcor).

--------------------------------------------------------------------------------


     Fitness  S(hb_ext) S(vdw_ext)  S(hb_int)    S(int)      intcor
     34.10       4.89      21.26       0.00      -0.03      -0.76

--------------------------------------------------------------------------------
--- GoldScore analysis of protein-ligand interactions                        ---
--------------------------------------------------------------------------------

  Ligand acceptor   17 Protein hydrogen 27165 donor 27079 bond energy  2.00 wt 0.01
  Ligand acceptor   17 Protein hydrogen 18946 donor 18901 bond energy  6.00 wt 0.35
  Ligand acceptor    9 Protein hydrogen 19378 donor 19320 bond energy  6.00 wt 0.39
  Ligand donor    8 hydrogen   22 Protein acceptor 19170 bond energy  6.00 wt 0.08

--------------------------------------------------------------------------------

--------------------------------------------------------------------------------
--- Rescoring solution                                                       ---
--------------------------------------------------------------------------------

     Score     S(PLP)   S(hbond)     S(cho)   S(metal)  DE(clash)   DE(tors)
      1.07       0.60       0.89       0.00       0.00       0.00       0.50

Doing AMOEBA simplex on best individual
Done simplexing #iterations 1338, best score  28.48

     Score     S(PLP)   S(hbond)     S(cho)   S(metal)  DE(clash)   DE(tors)
     28.48     -24.29       1.40       0.00       0.00       0.00       0.01

--------------------------------------------------------------------------------
--- CHEMPLP breakdown of terms                                               ---
--------------------------------------------------------------------------------
CHEMPLP = - ( 1.0000*S(PLP) + -3.0000*S(hbond) + -6.0000*S(metal) + -3.0000*S(cho) )

Score = CHEMPLP - 1.0000*DE(clash) - 2.0000*DE(tors)


--------------------------------------------------------------------------------


--------------------------------------------------------------------------------
--- PLP analysis of protein-ligand interactions                              ---
--------------------------------------------------------------------------------
hydrogen bonding        :      -2.21
metal                   :       0.00
buried (polar-nonpolar) :      -4.97
nonpolar                :     -19.06
repulsive               :       1.97
--------------------------------------------------------------------------------


--------------------------------------------------------------------------------
--- ChemScore analysis of protein-ligand interactions                        ---
--------------------------------------------------------------------------------

* Hydrogen bonds                                                                
Protein donor 18901 hydrogen 18946 Ligand acceptor   17 bond energy  1.00 wt 0.69
Protein donor 19320 hydrogen 19378 Ligand acceptor    9 bond energy  1.00 wt 0.71


* CH..O interactions                                                            
  CH group selection                       : activated ring CH (adjacent to hetatom)

--------------------------------------------------------------------------------


--------------------------------------------------------------------------------
--- Intra-ligand clashes                                                     ---
--------------------------------------------------------------------------------

Ligand
--------------------------------------------------------------------------------


--------------------------------------------------------------------------------
--- Chromosome decoded                                                       ---
--------------------------------------------------------------------------------
Ligand Torsions
[   6    2    1    3]  -69.80
[  12    5    1    2] -173.34
Protein Torsions
[ 563  526  525  524]   -1.23 
[ 717  667  668  669]   15.22 
[26073 26019 26018 26016]  -57.35 
[27142 27085 27084 27080] -127.08 
[ 795  758  759  760]  110.44 
[18483 18438 18437 18435]  -44.22 
[18292 18264 18263 18260]  -86.79 
[10113 10080 10079 10076]   63.81 
[16984 16930 16929 16927]   97.81 
[11433 11400 11399 11396]   85.41 
[27144 27087 27086 27084]   62.43 
[27201  670  669  668]   97.27 
Mapping
Ligand acceptors to protein hydrogens (mapping then atom ids)
  3  18 [ 17->18946]
Ligand hydrogens to protein acceptors (mapping then atom ids)
  1  12 [ 22->19170]
Ligand shape atoms to protein points (mapping then atom ids & coords)
  3  2745 [  7->(207.250  22.250  72.250)]
  5   522 [ 13->(205.500  21.750  71.250)]
  7   798 [ 16->(205.750  23.750  73.250)]
Chromosome values
Integers:
  -1   -1   17   11   -1   -1   -1 2744   -1  521   -1  797 
--------------------------------------------------------------------------------


--------------------------------------------------------------------------------
--- Diverse Solutions Stats                                                  ---
--------------------------------------------------------------------------------
  Move attempts                            :  21174
  Move failures                            :     41
  Failure rate                             :   0.002

--------------------------------------------------------------------------------

Current Ranking  8  1  2  5  6  4  7  9  3

--------------------------------------------------------------------------------

* GA execution time :                                                           
  total  0.6736 user  0.6645 sys  0.0091

--------------------------------------------------------------------------------
Fitness function evaluations: 23326

--------------------------------------------------------------------------------
** Docking run number 10 **
--------------------------------------------------------------------------------
  Rank fitness base is 5000.00 ; increment is 11.2233

* Initialising population(s) ...                                                
Number of constraints mappings 0
Number of constraints 0
  Population no.                           :      1
  Population size                          :    100
  Number of duplicates                     :      0
  Number of niche violations               :      0
  Number of errors                         :   2166


Doing GA, no. of population(s) 1 size 100 selection pressure 1.100000

 Operation      Fitness  S(hb_ext) S(vdw_ext)  S(hb_int)    S(int)      intcor
         0      44.97      11.01      29.52       0.00     -33.17      -0.76
       113      52.06      10.98      32.21       0.00     -14.76      -0.76
       378      50.25      11.89      30.58       0.00     -13.68      -0.76
       394      53.63      11.91      30.94       0.00      -3.09      -0.76
       538      50.85      11.88      29.01       0.00      -3.09      -0.76
       878      44.98      11.82      25.27       0.00      -4.02      -0.76
Reordering...
      1640      28.12       1.31      20.25       0.00      -1.45      -0.76
      1999      27.53       0.17      23.85       0.00      -5.72      -0.76
      2037      29.84       2.78      24.60       0.00      -6.97      -0.76
      2073      31.94       1.17      23.44       0.00      -1.45      -0.76
--------------------------------------------------------------------------------
Best docking solution after GA:
      2750      31.94       1.17      23.44       0.00      -1.45      -0.76

#ops:       2750 #mutates:   1403 #cross:     1347 #dups:       484 
#niche:     1403 #errors:     203 
--------------------------------------------------------------------------------

Doing AMOEBA simplex on best individual
Done simplexing #iterations 965, best score  38.71

Ligand is stored in gold_soln_ligand_prepared_m1_10.mol2


--------------------------------------------------------------------------------
--- GoldScore breakdown of terms                                             ---
--------------------------------------------------------------------------------
Fitness = S(hb_ext) + 1.3750*S(vdw_ext) + S(hb_int) + 1.0000*S(int)
S(int)  = S(vdw_int) + S(tors)

Internal terms are relative to best energy found (intcor).

--------------------------------------------------------------------------------


     Fitness  S(hb_ext) S(vdw_ext)  S(hb_int)    S(int)      intcor
     38.71       3.25      26.91       0.00      -1.54      -0.76

--------------------------------------------------------------------------------
--- GoldScore analysis of protein-ligand interactions                        ---
--------------------------------------------------------------------------------

  Ligand acceptor   11 Protein hydrogen 11497 donor 11446 bond energy  2.00 wt 0.13
  Ligand acceptor   11 Protein hydrogen 19379 donor 19321 bond energy  6.00 wt 0.50

--------------------------------------------------------------------------------

--------------------------------------------------------------------------------
--- Rescoring solution                                                       ---
--------------------------------------------------------------------------------

     Score     S(PLP)   S(hbond)     S(cho)   S(metal)  DE(clash)   DE(tors)
      4.33      -5.23       0.30       0.00       0.00       0.73       0.54

Doing AMOEBA simplex on best individual
Done simplexing #iterations 1216, best score  17.86

     Score     S(PLP)   S(hbond)     S(cho)   S(metal)  DE(clash)   DE(tors)
     17.86     -19.21       0.21       0.00       0.00       1.20       0.39

--------------------------------------------------------------------------------
--- CHEMPLP breakdown of terms                                               ---
--------------------------------------------------------------------------------
CHEMPLP = - ( 1.0000*S(PLP) + -3.0000*S(hbond) + -6.0000*S(metal) + -3.0000*S(cho) )

Score = CHEMPLP - 1.0000*DE(clash) - 2.0000*DE(tors)


--------------------------------------------------------------------------------


--------------------------------------------------------------------------------
--- PLP analysis of protein-ligand interactions                              ---
--------------------------------------------------------------------------------
hydrogen bonding        :      -3.20
metal                   :       0.00
buried (polar-nonpolar) :      -0.26
nonpolar                :     -26.09
repulsive               :       9.76
--------------------------------------------------------------------------------


--------------------------------------------------------------------------------
--- ChemScore analysis of protein-ligand interactions                        ---
--------------------------------------------------------------------------------

* Hydrogen bonds                                                                
Protein donor 11669 hydrogen 11729 Ligand acceptor   17 bond energy  1.00 wt 0.21


* CH..O interactions                                                            
  CH group selection                       : activated ring CH (adjacent to hetatom)

--------------------------------------------------------------------------------


--------------------------------------------------------------------------------
--- Intra-ligand clashes                                                     ---
--------------------------------------------------------------------------------

Ligand
  7 (C7   ) -   3 (C3   ):   1.20 (dist   2.72)
--------------------------------------------------------------------------------


--------------------------------------------------------------------------------
--- Chromosome decoded                                                       ---
--------------------------------------------------------------------------------
Ligand Torsions
[   6    2    1    3]  167.89
[  12    5    1    2]  169.51
Protein Torsions
[ 563  526  525  524]  109.05 
[ 717  667  668  669]  -80.39 
[26073 26019 26018 26016]   39.38 
[27142 27085 27084 27080]  -12.01 
[ 795  758  759  760]  -39.36 
[18483 18438 18437 18435]  -90.08 
[18292 18264 18263 18260]  -31.57 
[10113 10080 10079 10076]   48.30 
[16984 16930 16929 16927]  145.25 
[11433 11400 11399 11396]  153.45 
[27144 27087 27086 27084]   65.12 
[27201  670  669  668]  154.45 
Mapping
Ligand acceptors to protein hydrogens (mapping then atom ids)
Ligand hydrogens to protein acceptors (mapping then atom ids)
Ligand shape atoms to protein points (mapping then atom ids & coords)
  3  5620 [  7->(209.000  25.750  71.250)]
  4   402 [ 12->(205.250  22.750  72.000)]
  6  4317 [ 14->(208.000  26.250  71.750)]
Chromosome values
Integers:
  -1   -1   -1   -1   -1   -1   -1 5619  401   -1 4316   -1 
--------------------------------------------------------------------------------


--------------------------------------------------------------------------------
--- Diverse Solutions Stats                                                  ---
--------------------------------------------------------------------------------
  Move attempts                            :  20371
  Move failures                            :     97
  Failure rate                             :   0.005

--------------------------------------------------------------------------------

Current Ranking  8  1  2 10  5  6  4  7  9  3

--------------------------------------------------------------------------------

* GA execution time :                                                           
  total  0.6615 user  0.6509 sys  0.0106

--------------------------------------------------------------------------------
Fitness function evaluations: 22671

--------------------------------------------------------------------------------
--- Ranking analysis                                                         ---
--------------------------------------------------------------------------------


* Final ranked order of GA solutions:                                           
   8  1  2 10  5  6  4  7  9  3 

  _______________________________
  RMSD Matrix of RANKED solutions

        2    3    4    5    6    7    8    9   10  

   1 :  3.9  4.5  4.2  2.7  4.2  4.4  4.5  7.6  4.4
   2 :       4.9  4.4  2.2  1.0  5.2  4.6  7.4  5.1
   3 :            5.4  4.4  4.7  5.5  5.7  7.7  5.6
   4 :                 3.9  4.7  3.2  0.8  5.5  3.3
   5 :                      2.7  4.6  4.2  7.5  4.6
   6 :                           5.4  4.8  7.3  5.3
   7 :                                2.9  6.0  1.2
   8 :                                     5.1  3.0
   9 :                                          5.5

  Clustering method                        : complete linkage
  Structure ids in cluster table           : rank nos.
  Ordering of clusters and their members   : by rank (order if from rms_analysis)

  Distance | Clusters
   0.77    |  1 |  2 |  3 |  4  8 |  5 |  6 |  7 |  9 | 10 |
   1.01    |  1 |  2  6 |  3 |  4  8 |  5 |  7 |  9 | 10 |
   1.17    |  1 |  2  6 |  3 |  4  8 |  5 |  7 10 |  9 |
   2.67    |  1  5 |  2  6 |  3 |  4  8 |  7 10 |  9 |
   3.28    |  1  5 |  2  6 |  3 |  4  7  8 10 |  9 |
   4.19    |  1  2  5  6 |  3 |  4  7  8 10 |  9 |
   4.85    |  1  2  3  5  6 |  4  7  8 10 |  9 |
   5.69    |  1  2  3  4  5  6  7  8 10 |  9 |
   7.67    |  1  2  3  4  5  6  7  8  9 10 |
  Finished Docking Ligand                  : /mnt/c/Users/ricca/Desktop/Documents/Rimoli/Reverse_Docking_Explore_V4/4v3u/ligand_prepared.mol2
--------------------------------------------------------------------------------

  Relative_Ligand_Energy (best encountered) :  -0.758
  Relative_Ligand_Energy: fitness values have been corrected using this amount
