Warning message: 
atom no  826 in /mnt/c/Users/ricca/Desktop/Documents/Rimoli/Reverse_Docking_Explore_V4/3mvj/3mvj_clean.pdb is deduced as N.pl3 but this may be
in error (check bond types of connections)

Warning message: 
atom no  840 in /mnt/c/Users/ricca/Desktop/Documents/Rimoli/Reverse_Docking_Explore_V4/3mvj/3mvj_clean.pdb is deduced as N.pl3 but this may be
in error (check bond types of connections)

Warning message: 
atom no 1040 in /mnt/c/Users/ricca/Desktop/Documents/Rimoli/Reverse_Docking_Explore_V4/3mvj/3mvj_clean.pdb is deduced as N.pl3 but this may be
in error (check bond types of connections)

Warning message: 
atom no 1049 in /mnt/c/Users/ricca/Desktop/Documents/Rimoli/Reverse_Docking_Explore_V4/3mvj/3mvj_clean.pdb is deduced as N.pl3 but this may be
in error (check bond types of connections)

Warning message: 
atom no 1089 in /mnt/c/Users/ricca/Desktop/Documents/Rimoli/Reverse_Docking_Explore_V4/3mvj/3mvj_clean.pdb is deduced as N.pl3 but this may be
in error (check bond types of connections)

Warning message: 
atom no 1097 in /mnt/c/Users/ricca/Desktop/Documents/Rimoli/Reverse_Docking_Explore_V4/3mvj/3mvj_clean.pdb is deduced as N.pl3 but this may be
in error (check bond types of connections)

Warning message: 
atom no 1206 in /mnt/c/Users/ricca/Desktop/Documents/Rimoli/Reverse_Docking_Explore_V4/3mvj/3mvj_clean.pdb is deduced as N.pl3 but this may be
in error (check bond types of connections)

Warning message: 
atom no 1216 in /mnt/c/Users/ricca/Desktop/Documents/Rimoli/Reverse_Docking_Explore_V4/3mvj/3mvj_clean.pdb is deduced as N.pl3 but this may be
in error (check bond types of connections)

Warning message: 
atom no 1349 in /mnt/c/Users/ricca/Desktop/Documents/Rimoli/Reverse_Docking_Explore_V4/3mvj/3mvj_clean.pdb is deduced as N.pl3 but this may be
in error (check bond types of connections)

Warning message: 
atom no 1358 in /mnt/c/Users/ricca/Desktop/Documents/Rimoli/Reverse_Docking_Explore_V4/3mvj/3mvj_clean.pdb is deduced as N.pl3 but this may be
in error (check bond types of connections)

Warning message: 
atom no 2340 in /mnt/c/Users/ricca/Desktop/Documents/Rimoli/Reverse_Docking_Explore_V4/3mvj/3mvj_clean.pdb is deduced as N.pl3 but this may be
in error (check bond types of connections)

Warning message: 
atom no 2350 in /mnt/c/Users/ricca/Desktop/Documents/Rimoli/Reverse_Docking_Explore_V4/3mvj/3mvj_clean.pdb is deduced as N.pl3 but this may be
in error (check bond types of connections)

Warning message: 
atom no 2562 in /mnt/c/Users/ricca/Desktop/Documents/Rimoli/Reverse_Docking_Explore_V4/3mvj/3mvj_clean.pdb is deduced as N.pl3 but this may be
in error (check bond types of connections)

Warning message: 
atom no 2570 in /mnt/c/Users/ricca/Desktop/Documents/Rimoli/Reverse_Docking_Explore_V4/3mvj/3mvj_clean.pdb is deduced as N.pl3 but this may be
in error (check bond types of connections)

Warning message: 
atom no 2607 in /mnt/c/Users/ricca/Desktop/Documents/Rimoli/Reverse_Docking_Explore_V4/3mvj/3mvj_clean.pdb is deduced as N.pl3 but this may be
in error (check bond types of connections)

Warning message: 
atom no 2617 in /mnt/c/Users/ricca/Desktop/Documents/Rimoli/Reverse_Docking_Explore_V4/3mvj/3mvj_clean.pdb is deduced as N.pl3 but this may be
in error (check bond types of connections)

Warning message: 
atom no 3083 in /mnt/c/Users/ricca/Desktop/Documents/Rimoli/Reverse_Docking_Explore_V4/3mvj/3mvj_clean.pdb is deduced as N.pl3 but this may be
in error (check bond types of connections)

Warning message: 
atom no 3092 in /mnt/c/Users/ricca/Desktop/Documents/Rimoli/Reverse_Docking_Explore_V4/3mvj/3mvj_clean.pdb is deduced as N.pl3 but this may be
in error (check bond types of connections)

Warning message: 
atom no 3485 in /mnt/c/Users/ricca/Desktop/Documents/Rimoli/Reverse_Docking_Explore_V4/3mvj/3mvj_clean.pdb is deduced as N.pl3 but this may be
in error (check bond types of connections)

Warning message: 
atom no 3494 in /mnt/c/Users/ricca/Desktop/Documents/Rimoli/Reverse_Docking_Explore_V4/3mvj/3mvj_clean.pdb is deduced as N.pl3 but this may be
in error (check bond types of connections)

Warning message: 
atom no 3639 in /mnt/c/Users/ricca/Desktop/Documents/Rimoli/Reverse_Docking_Explore_V4/3mvj/3mvj_clean.pdb is deduced as N.pl3 but this may be
in error (check bond types of connections)

Warning message: 
atom no 3649 in /mnt/c/Users/ricca/Desktop/Documents/Rimoli/Reverse_Docking_Explore_V4/3mvj/3mvj_clean.pdb is deduced as N.pl3 but this may be
in error (check bond types of connections)

Warning message: 
atom no 3786 in /mnt/c/Users/ricca/Desktop/Documents/Rimoli/Reverse_Docking_Explore_V4/3mvj/3mvj_clean.pdb is deduced as N.pl3 but this may be
in error (check bond types of connections)

Warning message: 
atom no 3794 in /mnt/c/Users/ricca/Desktop/Documents/Rimoli/Reverse_Docking_Explore_V4/3mvj/3mvj_clean.pdb is deduced as N.pl3 but this may be
in error (check bond types of connections)

Warning message: 
atom no 4127 in /mnt/c/Users/ricca/Desktop/Documents/Rimoli/Reverse_Docking_Explore_V4/3mvj/3mvj_clean.pdb is deduced as N.pl3 but this may be
in error (check bond types of connections)

Warning message: 
atom no 4136 in /mnt/c/Users/ricca/Desktop/Documents/Rimoli/Reverse_Docking_Explore_V4/3mvj/3mvj_clean.pdb is deduced as N.pl3 but this may be
in error (check bond types of connections)

Warning message: 
atom no 4254 in /mnt/c/Users/ricca/Desktop/Documents/Rimoli/Reverse_Docking_Explore_V4/3mvj/3mvj_clean.pdb is deduced as N.pl3 but this may be
in error (check bond types of connections)

Warning message: 
atom no 4262 in /mnt/c/Users/ricca/Desktop/Documents/Rimoli/Reverse_Docking_Explore_V4/3mvj/3mvj_clean.pdb is deduced as N.pl3 but this may be
in error (check bond types of connections)

Warning message: 
atom no 4986 in /mnt/c/Users/ricca/Desktop/Documents/Rimoli/Reverse_Docking_Explore_V4/3mvj/3mvj_clean.pdb is deduced as N.pl3 but this may be
in error (check bond types of connections)

Warning message: 
atom no 4994 in /mnt/c/Users/ricca/Desktop/Documents/Rimoli/Reverse_Docking_Explore_V4/3mvj/3mvj_clean.pdb is deduced as N.pl3 but this may be
in error (check bond types of connections)

Warning message: 
atom no 5061 in /mnt/c/Users/ricca/Desktop/Documents/Rimoli/Reverse_Docking_Explore_V4/3mvj/3mvj_clean.pdb is deduced as N.pl3 but this may be
in error (check bond types of connections)

Warning message: 
atom no 5069 in /mnt/c/Users/ricca/Desktop/Documents/Rimoli/Reverse_Docking_Explore_V4/3mvj/3mvj_clean.pdb is deduced as N.pl3 but this may be
in error (check bond types of connections)

Warning message: 
atom no 5805 in /mnt/c/Users/ricca/Desktop/Documents/Rimoli/Reverse_Docking_Explore_V4/3mvj/3mvj_clean.pdb is deduced as N.pl3 but this may be
in error (check bond types of connections)

Warning message: 
atom no 5815 in /mnt/c/Users/ricca/Desktop/Documents/Rimoli/Reverse_Docking_Explore_V4/3mvj/3mvj_clean.pdb is deduced as N.pl3 but this may be
in error (check bond types of connections)

Warning message: 
atom no 6387 in /mnt/c/Users/ricca/Desktop/Documents/Rimoli/Reverse_Docking_Explore_V4/3mvj/3mvj_clean.pdb is deduced as N.pl3 but this may be
in error (check bond types of connections)

Warning message: 
atom no 6397 in /mnt/c/Users/ricca/Desktop/Documents/Rimoli/Reverse_Docking_Explore_V4/3mvj/3mvj_clean.pdb is deduced as N.pl3 but this may be
in error (check bond types of connections)

Warning message: 
atom no 6722 in /mnt/c/Users/ricca/Desktop/Documents/Rimoli/Reverse_Docking_Explore_V4/3mvj/3mvj_clean.pdb is deduced as N.pl3 but this may be
in error (check bond types of connections)

Warning message: 
atom no 6731 in /mnt/c/Users/ricca/Desktop/Documents/Rimoli/Reverse_Docking_Explore_V4/3mvj/3mvj_clean.pdb is deduced as N.pl3 but this may be
in error (check bond types of connections)

Warning message: 
atom no 7203 in /mnt/c/Users/ricca/Desktop/Documents/Rimoli/Reverse_Docking_Explore_V4/3mvj/3mvj_clean.pdb is deduced as N.pl3 but this may be
in error (check bond types of connections)

Warning message: 
atom no 7213 in /mnt/c/Users/ricca/Desktop/Documents/Rimoli/Reverse_Docking_Explore_V4/3mvj/3mvj_clean.pdb is deduced as N.pl3 but this may be
in error (check bond types of connections)

Warning message: 
atom no 7872 in /mnt/c/Users/ricca/Desktop/Documents/Rimoli/Reverse_Docking_Explore_V4/3mvj/3mvj_clean.pdb is deduced as N.pl3 but this may be
in error (check bond types of connections)

Warning message: 
atom no 7880 in /mnt/c/Users/ricca/Desktop/Documents/Rimoli/Reverse_Docking_Explore_V4/3mvj/3mvj_clean.pdb is deduced as N.pl3 but this may be
in error (check bond types of connections)

Warning message: 
atom no 8123 in /mnt/c/Users/ricca/Desktop/Documents/Rimoli/Reverse_Docking_Explore_V4/3mvj/3mvj_clean.pdb is deduced as N.pl3 but this may be
in error (check bond types of connections)

Warning message: 
atom no 8132 in /mnt/c/Users/ricca/Desktop/Documents/Rimoli/Reverse_Docking_Explore_V4/3mvj/3mvj_clean.pdb is deduced as N.pl3 but this may be
in error (check bond types of connections)

Warning message: 
atom no 8174 in /mnt/c/Users/ricca/Desktop/Documents/Rimoli/Reverse_Docking_Explore_V4/3mvj/3mvj_clean.pdb is deduced as N.pl3 but this may be
in error (check bond types of connections)

Warning message: 
atom no 8183 in /mnt/c/Users/ricca/Desktop/Documents/Rimoli/Reverse_Docking_Explore_V4/3mvj/3mvj_clean.pdb is deduced as N.pl3 but this may be
in error (check bond types of connections)

Warning message: 
atom no 8366 in /mnt/c/Users/ricca/Desktop/Documents/Rimoli/Reverse_Docking_Explore_V4/3mvj/3mvj_clean.pdb is deduced as N.pl3 but this may be
in error (check bond types of connections)

Warning message: 
atom no 8375 in /mnt/c/Users/ricca/Desktop/Documents/Rimoli/Reverse_Docking_Explore_V4/3mvj/3mvj_clean.pdb is deduced as N.pl3 but this may be
in error (check bond types of connections)

Warning message: 
atom no 9109 in /mnt/c/Users/ricca/Desktop/Documents/Rimoli/Reverse_Docking_Explore_V4/3mvj/3mvj_clean.pdb is deduced as N.pl3 but this may be
in error (check bond types of connections)

Warning message: 
atom no 9123 in /mnt/c/Users/ricca/Desktop/Documents/Rimoli/Reverse_Docking_Explore_V4/3mvj/3mvj_clean.pdb is deduced as N.pl3 but this may be
in error (check bond types of connections)

Warning message: 
atom no 10062 in /mnt/c/Users/ricca/Desktop/Documents/Rimoli/Reverse_Docking_Explore_V4/3mvj/3mvj_clean.pdb is deduced as N.pl3 but this may be
in error (check bond types of connections)

Warning message: 
atom no 10070 in /mnt/c/Users/ricca/Desktop/Documents/Rimoli/Reverse_Docking_Explore_V4/3mvj/3mvj_clean.pdb is deduced as N.pl3 but this may be
in error (check bond types of connections)

Warning message: 
atom no 10294 in /mnt/c/Users/ricca/Desktop/Documents/Rimoli/Reverse_Docking_Explore_V4/3mvj/3mvj_clean.pdb is deduced as N.pl3 but this may be
in error (check bond types of connections)

Warning message: 
atom no 10308 in /mnt/c/Users/ricca/Desktop/Documents/Rimoli/Reverse_Docking_Explore_V4/3mvj/3mvj_clean.pdb is deduced as N.pl3 but this may be
in error (check bond types of connections)

Warning message: 
atom no 10366 in /mnt/c/Users/ricca/Desktop/Documents/Rimoli/Reverse_Docking_Explore_V4/3mvj/3mvj_clean.pdb is deduced as N.pl3 but this may be
in error (check bond types of connections)

Warning message: 
atom no 10380 in /mnt/c/Users/ricca/Desktop/Documents/Rimoli/Reverse_Docking_Explore_V4/3mvj/3mvj_clean.pdb is deduced as N.pl3 but this may be
in error (check bond types of connections)

Warning message: 
atom no 11273 in /mnt/c/Users/ricca/Desktop/Documents/Rimoli/Reverse_Docking_Explore_V4/3mvj/3mvj_clean.pdb is deduced as N.pl3 but this may be
in error (check bond types of connections)

Warning message: 
atom no 11282 in /mnt/c/Users/ricca/Desktop/Documents/Rimoli/Reverse_Docking_Explore_V4/3mvj/3mvj_clean.pdb is deduced as N.pl3 but this may be
in error (check bond types of connections)

Warning message: 
atom no 11423 in /mnt/c/Users/ricca/Desktop/Documents/Rimoli/Reverse_Docking_Explore_V4/3mvj/3mvj_clean.pdb is deduced as N.pl3 but this may be
in error (check bond types of connections)

Warning message: 
atom no 11432 in /mnt/c/Users/ricca/Desktop/Documents/Rimoli/Reverse_Docking_Explore_V4/3mvj/3mvj_clean.pdb is deduced as N.pl3 but this may be
in error (check bond types of connections)

Warning message: 
atom no 12186 in /mnt/c/Users/ricca/Desktop/Documents/Rimoli/Reverse_Docking_Explore_V4/3mvj/3mvj_clean.pdb is deduced as N.pl3 but this may be
in error (check bond types of connections)

Warning message: 
atom no 12196 in /mnt/c/Users/ricca/Desktop/Documents/Rimoli/Reverse_Docking_Explore_V4/3mvj/3mvj_clean.pdb is deduced as N.pl3 but this may be
in error (check bond types of connections)

Warning message: 
atom no 12741 in /mnt/c/Users/ricca/Desktop/Documents/Rimoli/Reverse_Docking_Explore_V4/3mvj/3mvj_clean.pdb is deduced as N.pl3 but this may be
in error (check bond types of connections)

Warning message: 
atom no 12749 in /mnt/c/Users/ricca/Desktop/Documents/Rimoli/Reverse_Docking_Explore_V4/3mvj/3mvj_clean.pdb is deduced as N.pl3 but this may be
in error (check bond types of connections)

Warning message: 
atom no 12899 in /mnt/c/Users/ricca/Desktop/Documents/Rimoli/Reverse_Docking_Explore_V4/3mvj/3mvj_clean.pdb is deduced as N.pl3 but this may be
in error (check bond types of connections)

Warning message: 
atom no 12908 in /mnt/c/Users/ricca/Desktop/Documents/Rimoli/Reverse_Docking_Explore_V4/3mvj/3mvj_clean.pdb is deduced as N.pl3 but this may be
in error (check bond types of connections)

Warning message: 
atom no 13350 in /mnt/c/Users/ricca/Desktop/Documents/Rimoli/Reverse_Docking_Explore_V4/3mvj/3mvj_clean.pdb is deduced as N.pl3 but this may be
in error (check bond types of connections)

Warning message: 
atom no 13358 in /mnt/c/Users/ricca/Desktop/Documents/Rimoli/Reverse_Docking_Explore_V4/3mvj/3mvj_clean.pdb is deduced as N.pl3 but this may be
in error (check bond types of connections)

Warning message: 
atom no 13515 in /mnt/c/Users/ricca/Desktop/Documents/Rimoli/Reverse_Docking_Explore_V4/3mvj/3mvj_clean.pdb is deduced as N.pl3 but this may be
in error (check bond types of connections)

Warning message: 
atom no 13523 in /mnt/c/Users/ricca/Desktop/Documents/Rimoli/Reverse_Docking_Explore_V4/3mvj/3mvj_clean.pdb is deduced as N.pl3 but this may be
in error (check bond types of connections)

Warning message: 
atom no 13626 in /mnt/c/Users/ricca/Desktop/Documents/Rimoli/Reverse_Docking_Explore_V4/3mvj/3mvj_clean.pdb is deduced as N.pl3 but this may be
in error (check bond types of connections)

Warning message: 
atom no 13634 in /mnt/c/Users/ricca/Desktop/Documents/Rimoli/Reverse_Docking_Explore_V4/3mvj/3mvj_clean.pdb is deduced as N.pl3 but this may be
in error (check bond types of connections)

Warning message: 
atom no 13827 in /mnt/c/Users/ricca/Desktop/Documents/Rimoli/Reverse_Docking_Explore_V4/3mvj/3mvj_clean.pdb is deduced as N.pl3 but this may be
in error (check bond types of connections)

Warning message: 
atom no 13835 in /mnt/c/Users/ricca/Desktop/Documents/Rimoli/Reverse_Docking_Explore_V4/3mvj/3mvj_clean.pdb is deduced as N.pl3 but this may be
in error (check bond types of connections)

Warning message: 
atom no 13872 in /mnt/c/Users/ricca/Desktop/Documents/Rimoli/Reverse_Docking_Explore_V4/3mvj/3mvj_clean.pdb is deduced as N.pl3 but this may be
in error (check bond types of connections)

Warning message: 
atom no 13882 in /mnt/c/Users/ricca/Desktop/Documents/Rimoli/Reverse_Docking_Explore_V4/3mvj/3mvj_clean.pdb is deduced as N.pl3 but this may be
in error (check bond types of connections)

Warning message: 
atom no 13996 in /mnt/c/Users/ricca/Desktop/Documents/Rimoli/Reverse_Docking_Explore_V4/3mvj/3mvj_clean.pdb is deduced as N.pl3 but this may be
in error (check bond types of connections)

Warning message: 
atom no 14010 in /mnt/c/Users/ricca/Desktop/Documents/Rimoli/Reverse_Docking_Explore_V4/3mvj/3mvj_clean.pdb is deduced as N.pl3 but this may be
in error (check bond types of connections)

Warning message: 
atom no 14278 in /mnt/c/Users/ricca/Desktop/Documents/Rimoli/Reverse_Docking_Explore_V4/3mvj/3mvj_clean.pdb is deduced as N.pl3 but this may be
in error (check bond types of connections)

Warning message: 
atom no 14292 in /mnt/c/Users/ricca/Desktop/Documents/Rimoli/Reverse_Docking_Explore_V4/3mvj/3mvj_clean.pdb is deduced as N.pl3 but this may be
in error (check bond types of connections)

Warning message: 
atom no 14549 in /mnt/c/Users/ricca/Desktop/Documents/Rimoli/Reverse_Docking_Explore_V4/3mvj/3mvj_clean.pdb is deduced as N.pl3 but this may be
in error (check bond types of connections)

Warning message: 
atom no 14558 in /mnt/c/Users/ricca/Desktop/Documents/Rimoli/Reverse_Docking_Explore_V4/3mvj/3mvj_clean.pdb is deduced as N.pl3 but this may be
in error (check bond types of connections)

Warning message: 
atom no 15341 in /mnt/c/Users/ricca/Desktop/Documents/Rimoli/Reverse_Docking_Explore_V4/3mvj/3mvj_clean.pdb is deduced as N.pl3 but this may be
in error (check bond types of connections)

Warning message: 
atom no 15950 in /mnt/c/Users/ricca/Desktop/Documents/Rimoli/Reverse_Docking_Explore_V4/3mvj/3mvj_clean.pdb is deduced as N.pl3 but this may be
in error (check bond types of connections)

Warning message: 
atom no 15958 in /mnt/c/Users/ricca/Desktop/Documents/Rimoli/Reverse_Docking_Explore_V4/3mvj/3mvj_clean.pdb is deduced as N.pl3 but this may be
in error (check bond types of connections)

Warning message: 
check_atom_types: atom   37 in /mnt/c/Users/ricca/Desktop/Documents/Rimoli/Reverse_Docking_Explore_V4/3mvj/cavity_I_THR5.mol2 is type  C.ar but should be   C.2

Warning message: 
check_atom_types: can't deduce type of atom   81 in /mnt/c/Users/ricca/Desktop/Documents/Rimoli/Reverse_Docking_Explore_V4/3mvj/cavity_I_THR5.mol2

Warning message: 
check_atom_types: can't deduce type of atom   83 in /mnt/c/Users/ricca/Desktop/Documents/Rimoli/Reverse_Docking_Explore_V4/3mvj/cavity_I_THR5.mol2

Warning message: 
check_atom_types: can't deduce type of atom   84 in /mnt/c/Users/ricca/Desktop/Documents/Rimoli/Reverse_Docking_Explore_V4/3mvj/cavity_I_THR5.mol2

Warning message: 
check_atom_types: can't deduce type of atom  103 in /mnt/c/Users/ricca/Desktop/Documents/Rimoli/Reverse_Docking_Explore_V4/3mvj/cavity_I_THR5.mol2

Warning message: 
check_atom_types: can't deduce type of atom  105 in /mnt/c/Users/ricca/Desktop/Documents/Rimoli/Reverse_Docking_Explore_V4/3mvj/cavity_I_THR5.mol2

Warning message: 
check_atom_types: can't deduce type of atom  106 in /mnt/c/Users/ricca/Desktop/Documents/Rimoli/Reverse_Docking_Explore_V4/3mvj/cavity_I_THR5.mol2

Warning message: 
check_atom_types: can't deduce type of atom  114 in /mnt/c/Users/ricca/Desktop/Documents/Rimoli/Reverse_Docking_Explore_V4/3mvj/cavity_I_THR5.mol2

Warning message: 
check_atom_types: can't deduce type of atom  116 in /mnt/c/Users/ricca/Desktop/Documents/Rimoli/Reverse_Docking_Explore_V4/3mvj/cavity_I_THR5.mol2

Warning message: 
check_atom_types: can't deduce type of atom  117 in /mnt/c/Users/ricca/Desktop/Documents/Rimoli/Reverse_Docking_Explore_V4/3mvj/cavity_I_THR5.mol2

Warning message: 
check_atom_types: atom  154 in /mnt/c/Users/ricca/Desktop/Documents/Rimoli/Reverse_Docking_Explore_V4/3mvj/cavity_I_THR5.mol2 is type  C.ar but should be   C.2

