Warning message: 
set_pdb_bond_to_double: can't find bond between 272 and 274

Warning message: 
set_pdb_bond_to_double: can't find bond between 668 and 670

Warning message: 
set_pdb_bond_to_double: can't find bond between 3989 and 3991

Warning message: 
atom no  127 in /mnt/c/Users/ricca/Desktop/Documents/Rimoli/Reverse_Docking_Explore_V4/7rmh_cavity/7rmh_cavity_clean.pdb is deduced as N.pl3 but this may be
in error (check bond types of connections)

Warning message: 
atom no  273 in /mnt/c/Users/ricca/Desktop/Documents/Rimoli/Reverse_Docking_Explore_V4/7rmh_cavity/7rmh_cavity_clean.pdb is deduced as N.pl3 but this may be
in error (check bond types of connections)

Warning message: 
atom no  669 in /mnt/c/Users/ricca/Desktop/Documents/Rimoli/Reverse_Docking_Explore_V4/7rmh_cavity/7rmh_cavity_clean.pdb is deduced as N.pl3 but this may be
in error (check bond types of connections)

Warning message: 
atom no 1436 in /mnt/c/Users/ricca/Desktop/Documents/Rimoli/Reverse_Docking_Explore_V4/7rmh_cavity/7rmh_cavity_clean.pdb is deduced as N.pl3 but this may be
in error (check bond types of connections)

Warning message: 
atom no 3990 in /mnt/c/Users/ricca/Desktop/Documents/Rimoli/Reverse_Docking_Explore_V4/7rmh_cavity/7rmh_cavity_clean.pdb is deduced as N.pl3 but this may be
in error (check bond types of connections)

Fatal error: 
add_residue_atoms_to_active_atoms: Cannot find the specified active residue 'N:ALA23' in the protein substructures list

