
--------------------------------------------------------------------------------
--- Ligand                                                                   ---
--------------------------------------------------------------------------------
  Ligand loaded from file                  : /mnt/c/Users/ricca/Desktop/Documents/Rimoli/Reverse_Docking_Explore_V4/4v3u/ligand_prepared.mol2
  Ligand name                              :  
  "CT1002167954                                                             "

--------------------------------------------------------------------------------
  N.plc donors                             : 
  none found

  Acidic nitrogen acceptors                : 
  none found
  Sulfur acceptors                         :
  none found


  Donor atoms                              :      2
  8   10  
  Acceptor atoms                           :      3
  9   11  17  

  Hydrogens                                :  (n = 2)
  22   23   

  Lone pairs added to molecule             :      6
  Numbering                                : from 30 to 35

--------------------------------------------------------------------------------
--- Postprocessing of typing                                                 ---
--------------------------------------------------------------------------------
  Fragment file                            : /home/hitesit/CCDC/Discovery_2022/GOLD/gold/rotatable_bond_override.mol2
  acylurea fragment                        : 2 matches
  Ligand bond 15-8  set to flip
  Ligand bond 15-10  set to flip
  Ligand bond 15-10  set to 1
  Ligand bond 15-8  set to 1
  Ligand bond 10-4  set to flip
  Ligand bond 8-3  set to flip
  thioacylthiourea fragment                : no matches
  acylthiourea fragment                    : no matches
  thioacylurea fragment                    : no matches
  diarylamine fragment >C.ar-NH-C.ar<      : no matches
  sec-amine (1) fragment                   : no matches
  sec-amine (2) fragment                   : no matches
  sec-amine (3) fragment                   : no matches
  carboxylic ester                         : no matches

* Rotatable bonds in /mnt/c/Users/ricca/D  :
  [   1    2] [   1    5] 
  No. of rotatable bonds                   :      2


* Reading torsional distributions from file:
  /home/hitesit/CCDC/Discovery_2022/GOLD/gold/gold.tordist
  No. of bins in torsional distributions   :     36
  Minimum size of largest peak             :      0
  Removing high energy torsions            : on
  Delta E set to                           :   2.500

* Fragments found in /mnt/c/Users/ricca/D  :
  atom   2: benzene
  atom   6: benzene
  atom   7: benzene
  atom  13: benzene
  atom  14: benzene
  atom  16: benzene


* Checking torsion distributions:                                               
  No. of matched torsions                  :      0

--------------------------------------------------------------------------------
--- Shape fitting atoms selection (hydrophobic atoms)                        ---
--------------------------------------------------------------------------------
  Molecule                                 : /mnt/c/Users/ricca/Desktop/Documents/Rimoli/Reverse_Docking_Explore_V4/4v3u/ligand_prepared.mol2
  Selection                                : carbons only
  Atom numbers                             :  (n = 7)
  5    6    7    12   13   14   16   

--------------------------------------------------------------------------------
--- Diverse Solutions Setup                                                  ---
--------------------------------------------------------------------------------
  Cluster size                             :      2
  RMSD                                     :   2.000
  Refinement                               :      0


--------------------------------------------------------------------------------
--- ChemScore ligand setup summary                                           ---
--------------------------------------------------------------------------------
  ChemScore ligand acceptors               :      3
  9 11 17 
  ChemScore ligand donors                  :      2
  8 ( 22  ) 10 ( 23  ) 
  ChemScore ligand CH donors               :      0
  

  ChemScore ligand lipophilic atoms        :  (n = 9)
  1    2    5    6    7    12   13   14   16   

  ChemScore ligand rotatable bonds         :      2
  1   (C1 ) - 2   (C2 ): SP3_SP2_BOND
  1   (C1 ) - 5   (C5 ): SP3_SP3_BOND

--------------------------------------------------------------------------------
--- PLP ligand setup summary                                                 ---
--------------------------------------------------------------------------------
    1    C1   C.3 NONPOLAR
    2    C2  C.ar NONPOLAR
    3    C3   C.2 NONPOLAR
    4    C4   C.2 NONPOLAR
    5    C5   C.3 NONPOLAR
    6    C6  C.ar NONPOLAR
    7    C7  C.ar NONPOLAR
    8    N8  N.am DONOR
    9    O9   O.2 ACCEPTOR
   10   N10  N.am DONOR
   11   O11   O.2 ACCEPTOR
   12   C12   C.3 NONPOLAR
   13   C13  C.ar NONPOLAR
   14   C14  C.ar NONPOLAR
   15   C15   C.2 NONPOLAR
   16   C16  C.ar NONPOLAR
   17   O17   O.2 ACCEPTOR

--------------------------------------------------------------------------------
--- Automatic parameter setting                                              ---
--------------------------------------------------------------------------------
  Contribution base                        :   2500
  Contribution per rotatable bond          :   6000
  Contribution per df                      :   4000
  Contribution per water                   :  10000
  Ligand rotatable bonds                   :      2
  Protein flexible side chain bonds        :      0
  Total rotatable bonds                    :      2
  Hydrophobic vol ratio (P/L)              :   1.000
  Base multiplier (polar)                  :   1.000
  Base multiplier (apolar)                 :   1.400
  Base contribution                        : 5000.000
  Fitting points                           :      5
  Estimated maxops needed (optimal)        :  17500
  Autoscale factor (in percent)            :     10
  Scaled maxops                            :   2000

--------------------------------------------------------------------------------

* Population settings                                                           
  maxops                                   :   2000
  popsiz                                   :    100
  select_pressure                          :   1.100
  n_islands                                :      1
  niche_siz                                :      2

* GA settings                                                                   
  pt_crosswt                               :    100
  allele_mutatewt                          :    100
  migratewt                                :      0

* Search settings                                                               
  start_vdw_linear_cutoff                  :   6.000
  initial_virtual_pt_match_max             :   3.000
  Scaling of internal VDW energy           : log scale from  0.2 to    1
                                             over 1500 ops
  Sampling interval (operations)           :     20
  Scaling of virtual pt maximum length     : linear scale from    3 to    2
                                             over  1500 ops
  Sampling interval (operations)           :     60
  Scaling of 4-8 potential cutoff          : log scale from    6 to 1.2e+02
                                             over 1500 ops
  Sampling interval (operations)           :     60

--------------------------------------------------------------------------------

* Ligand initialisation time :                                                  
  total  0.0212 user  0.0092 sys  0.0120

--------------------------------------------------------------------------------

--------------------------------------------------------------------------------
** Docking run number  1 **
--------------------------------------------------------------------------------
  Rank fitness base is 5000.00 ; increment is 11.2233

* Initialising population(s) ...                                                
Number of constraints mappings 0
Number of constraints 0
  Population no.                           :      1
  Population size                          :    100
  Number of duplicates                     :      0
  Number of niche violations               :      0
  Number of errors                         :   2052


Doing GA, no. of population(s) 1 size 100 selection pressure 1.100000

 Operation      Fitness  S(hb_ext) S(vdw_ext)  S(hb_int)    S(int)      intcor
         0      23.42       0.82      19.64       0.00     -22.00      -0.82
       259      21.49       1.65      17.69       0.00     -17.31      -0.82
Reordering...
       300      20.30       0.72      18.68       0.00     -22.09      -0.82
       302      20.64       1.61      16.08       0.00     -11.14      -0.82
Reordering...
       360      19.61       0.70      18.48       0.00     -22.09      -0.82
       476      19.83       1.44      18.15       0.00     -20.04      -0.82
       480      19.27       1.40      17.37       0.00     -17.97      -0.82
       570      18.96       1.12      13.74       0.00      -2.87      -0.82
       739      16.83       1.26      15.44       0.00     -13.09      -0.82
       754      18.19       1.93      12.39       0.00      -1.73      -0.82
       842      17.47       1.88      11.66       0.00      -0.90      -0.82
       929      22.11       1.25      15.37       0.00      -0.52      -0.82
      1486      21.88       1.21      15.41       0.00      -0.52      -0.82
--------------------------------------------------------------------------------
Best docking solution after GA:
      2000      21.87       1.21      15.41       0.00      -0.52      -0.79

#ops:       2000 #mutates:   1033 #cross:      967 #dups:       529 
#niche:      857 #errors:     102 
--------------------------------------------------------------------------------

Doing AMOEBA simplex on best individual
Done simplexing #iterations 477, best score  22.99

Ligand is stored in gold_soln_ligand_prepared_m1_1.mol2


--------------------------------------------------------------------------------
--- GoldScore breakdown of terms                                             ---
--------------------------------------------------------------------------------
Fitness = S(hb_ext) + 1.3750*S(vdw_ext) + S(hb_int) + 1.0000*S(int)
S(int)  = S(vdw_int) + S(tors)

Internal terms are relative to best energy found (intcor).

--------------------------------------------------------------------------------


     Fitness  S(hb_ext) S(vdw_ext)  S(hb_int)    S(int)      intcor
     22.99       1.26      16.23       0.00      -0.59      -0.79

--------------------------------------------------------------------------------
--- GoldScore analysis of protein-ligand interactions                        ---
--------------------------------------------------------------------------------

  Ligand donor   10 hydrogen   23 Protein acceptor 8083 bond energy  2.00 wt 0.63

--------------------------------------------------------------------------------

--------------------------------------------------------------------------------
--- Rescoring solution                                                       ---
--------------------------------------------------------------------------------

     Score     S(PLP)   S(hbond)     S(cho)   S(metal)  DE(clash)   DE(tors)
     11.99     -12.62       0.60       0.00       0.00       0.00       1.22

Doing AMOEBA simplex on best individual
Done simplexing #iterations 673, best score  23.69

     Score     S(PLP)   S(hbond)     S(cho)   S(metal)  DE(clash)   DE(tors)
     23.69     -20.67       1.10       0.00       0.00       0.00       0.14

--------------------------------------------------------------------------------
--- CHEMPLP breakdown of terms                                               ---
--------------------------------------------------------------------------------
CHEMPLP = - ( 1.0000*S(PLP) + -3.0000*S(hbond) + -6.0000*S(metal) + -3.0000*S(cho) )

Score = CHEMPLP - 1.0000*DE(clash) - 2.0000*DE(tors)


--------------------------------------------------------------------------------


--------------------------------------------------------------------------------
--- PLP analysis of protein-ligand interactions                              ---
--------------------------------------------------------------------------------
hydrogen bonding        :      -3.02
metal                   :       0.00
buried (polar-nonpolar) :      -3.06
nonpolar                :     -16.80
repulsive               :       2.28
--------------------------------------------------------------------------------


--------------------------------------------------------------------------------
--- ChemScore analysis of protein-ligand interactions                        ---
--------------------------------------------------------------------------------

* Hydrogen bonds                                                                
Ligand donor   10 hydrogen   23 Protein acceptor 8083 bond energy  1.00 wt 0.29
Protein donor 7999 hydrogen 8053 Ligand acceptor    9 bond energy  1.00 wt 0.82


* CH..O interactions                                                            
  CH group selection                       : activated ring CH (adjacent to hetatom)

--------------------------------------------------------------------------------


--------------------------------------------------------------------------------
--- Intra-ligand clashes                                                     ---
--------------------------------------------------------------------------------

Ligand
--------------------------------------------------------------------------------


--------------------------------------------------------------------------------
--- Chromosome decoded                                                       ---
--------------------------------------------------------------------------------
Ligand Torsions
[   6    2    1    3]   94.01
[  12    5    1    2] -165.14
Protein Torsions
[9569 9506 9505 9503] -177.30 
[7894 7872 7871 7868]   91.75 
[7976 7919 7918 7917]   23.05 
Mapping
Ligand acceptors to protein hydrogens (mapping then atom ids)
  1   3 [  9->6846]
  2  13 [ 11->9569]
Ligand hydrogens to protein acceptors (mapping then atom ids)
  2   7 [ 23->8083]
Ligand shape atoms to protein points (mapping then atom ids & coords)
Chromosome values
Integers:
   2   12   -1   -1    6   -1   -1   -1   -1   -1   -1   -1 
--------------------------------------------------------------------------------


--------------------------------------------------------------------------------
--- Diverse Solutions Stats                                                  ---
--------------------------------------------------------------------------------
  Move attempts                            :  14969
  Move failures                            :      0
  Failure rate                             :   0.000

--------------------------------------------------------------------------------

Current Ranking  1

--------------------------------------------------------------------------------

* GA execution time :                                                           
  total  0.3663 user  0.3498 sys  0.0165

--------------------------------------------------------------------------------
Fitness function evaluations: 17131

--------------------------------------------------------------------------------
** Docking run number  2 **
--------------------------------------------------------------------------------
  Rank fitness base is 5000.00 ; increment is 11.2233

* Initialising population(s) ...                                                
Number of constraints mappings 0
Number of constraints 0
  Population no.                           :      1
  Population size                          :    100
  Number of duplicates                     :      0
  Number of niche violations               :      0
  Number of errors                         :   1992


Doing GA, no. of population(s) 1 size 100 selection pressure 1.100000

 Operation      Fitness  S(hb_ext) S(vdw_ext)  S(hb_int)    S(int)      intcor
         0      30.14       1.98      22.92       0.00     -16.78      -0.79
        84      29.09       1.96      23.30       0.00     -22.46      -0.79
       103      29.06       1.96      21.65       0.00     -11.97      -0.79
       180      28.90       1.91      20.56       0.00      -5.27      -0.79
       359      26.91       1.86      19.32       0.00      -5.27      -0.79
       453      26.05       1.81      18.85       0.00      -5.24      -0.79
       917      16.01       1.59      12.49       0.00      -5.24      -0.79
       923      15.98       1.59      12.52       0.00      -5.24      -0.79
      1021      13.72       1.53      11.15       0.00      -5.24      -0.79
      1072      13.65       1.53      11.12       0.00      -5.08      -0.79
      1081      13.40       1.50      10.62       0.00      -4.24      -0.79
      1093      14.63       1.50      10.15       0.00      -1.30      -0.79
      1138      14.92       1.50      10.39       0.00      -1.30      -0.79
Reordering...
      1200      12.45       4.25       6.03       0.00      -0.12      -0.79
      1334      16.22       0.26      12.06       0.00      -0.77      -0.79
      1940      16.63       0.23      12.02       0.00      -0.12      -0.79
      1949      16.66       0.23      12.04       0.00      -0.12      -0.79
--------------------------------------------------------------------------------
Best docking solution after GA:
      2000      16.66       0.23      12.04       0.00      -0.12      -0.79

#ops:       2000 #mutates:   1021 #cross:      979 #dups:       525 
#niche:      863 #errors:     145 
--------------------------------------------------------------------------------

Doing AMOEBA simplex on best individual
Done simplexing #iterations 888, best score  31.89

Ligand is stored in gold_soln_ligand_prepared_m1_2.mol2


--------------------------------------------------------------------------------
--- GoldScore breakdown of terms                                             ---
--------------------------------------------------------------------------------
Fitness = S(hb_ext) + 1.3750*S(vdw_ext) + S(hb_int) + 1.0000*S(int)
S(int)  = S(vdw_int) + S(tors)

Internal terms are relative to best energy found (intcor).

--------------------------------------------------------------------------------


     Fitness  S(hb_ext) S(vdw_ext)  S(hb_int)    S(int)      intcor
     31.89       0.17      23.19       0.00      -0.16      -0.79

--------------------------------------------------------------------------------
--- GoldScore analysis of protein-ligand interactions                        ---
--------------------------------------------------------------------------------

  Ligand acceptor   11 Protein hydrogen 8053 donor 7999 bond energy  2.00 wt 0.05
  Ligand acceptor   17 Protein hydrogen 8189 donor 8143 bond energy  2.00 wt 0.03

--------------------------------------------------------------------------------

--------------------------------------------------------------------------------
--- Rescoring solution                                                       ---
--------------------------------------------------------------------------------

     Score     S(PLP)   S(hbond)     S(cho)   S(metal)  DE(clash)   DE(tors)
      5.76      -2.80       1.00       0.00       0.00       0.00       0.01

Doing AMOEBA simplex on best individual
Done simplexing #iterations 662, best score  28.13

     Score     S(PLP)   S(hbond)     S(cho)   S(metal)  DE(clash)   DE(tors)
     28.13     -22.55       1.86       0.00       0.00       0.00       0.00

--------------------------------------------------------------------------------
--- CHEMPLP breakdown of terms                                               ---
--------------------------------------------------------------------------------
CHEMPLP = - ( 1.0000*S(PLP) + -3.0000*S(hbond) + -6.0000*S(metal) + -3.0000*S(cho) )

Score = CHEMPLP - 1.0000*DE(clash) - 2.0000*DE(tors)


--------------------------------------------------------------------------------


--------------------------------------------------------------------------------
--- PLP analysis of protein-ligand interactions                              ---
--------------------------------------------------------------------------------
hydrogen bonding        :      -3.33
metal                   :       0.00
buried (polar-nonpolar) :      -2.48
nonpolar                :     -17.96
repulsive               :       1.09
--------------------------------------------------------------------------------


--------------------------------------------------------------------------------
--- ChemScore analysis of protein-ligand interactions                        ---
--------------------------------------------------------------------------------

* Hydrogen bonds                                                                
Ligand donor    8 hydrogen   22 Protein acceptor 8083 bond energy  1.00 wt 0.24
Protein donor 6783 hydrogen 6847 Ligand acceptor   11 bond energy  1.00 wt 0.62
Protein donor 8143 hydrogen 8189 Ligand acceptor   17 bond energy  1.00 wt 1.00


* CH..O interactions                                                            
  CH group selection                       : activated ring CH (adjacent to hetatom)

--------------------------------------------------------------------------------


--------------------------------------------------------------------------------
--- Intra-ligand clashes                                                     ---
--------------------------------------------------------------------------------

Ligand
--------------------------------------------------------------------------------


--------------------------------------------------------------------------------
--- Chromosome decoded                                                       ---
--------------------------------------------------------------------------------
Ligand Torsions
[   6    2    1    3]  -61.54
[  12    5    1    2]  177.71
Protein Torsions
[9569 9506 9505 9503]  141.22 
[7894 7872 7871 7868]  -59.59 
[7976 7919 7918 7917]   59.44 
Mapping
Ligand acceptors to protein hydrogens (mapping then atom ids)
  1   9 [  9->8133]
  2   3 [ 11->6846]
  3  11 [ 17->8189]
Ligand hydrogens to protein acceptors (mapping then atom ids)
Ligand shape atoms to protein points (mapping then atom ids & coords)
Chromosome values
Integers:
   8    2   10   -1   -1   -1   -1   -1   -1   -1   -1   -1 
--------------------------------------------------------------------------------


--------------------------------------------------------------------------------
--- Diverse Solutions Stats                                                  ---
--------------------------------------------------------------------------------
  Move attempts                            :  15479
  Move failures                            :      0
  Failure rate                             :   0.000

--------------------------------------------------------------------------------

Current Ranking  2  1

--------------------------------------------------------------------------------

* GA execution time :                                                           
  total  0.3575 user  0.3469 sys  0.0107

--------------------------------------------------------------------------------
Fitness function evaluations: 17623

--------------------------------------------------------------------------------
** Docking run number  3 **
--------------------------------------------------------------------------------
  Rank fitness base is 5000.00 ; increment is 11.2233

* Initialising population(s) ...                                                
Number of constraints mappings 0
Number of constraints 0
  Population no.                           :      1
  Population size                          :    100
  Number of duplicates                     :      0
  Number of niche violations               :      1
  Number of errors                         :   2069


Doing GA, no. of population(s) 1 size 100 selection pressure 1.100000

 Operation      Fitness  S(hb_ext) S(vdw_ext)  S(hb_int)    S(int)      intcor
         0      23.17       1.18      18.57       0.00     -17.72      -0.79
Reordering...
       180      20.07       0.13      15.12       0.00      -3.51      -0.79
       286      23.04       1.06      17.97       0.00     -10.09      -0.79
       549      20.28       0.93      16.69       0.00     -10.09      -0.79
       607      20.70       2.25      13.72       0.00      -1.10      -0.79
Reordering...
       780      17.90       1.16      12.28       0.00      -0.33      -0.79
       948      18.99       3.71      11.70       0.00      -1.46      -0.79
Reordering...
      1020      17.89       1.14      12.33       0.00      -0.33      -0.79
      1161      18.31       3.65      11.12       0.00      -0.91      -0.79
Reordering...
      1200      17.85       1.14      12.33       0.00      -0.33      -0.79
      1590      18.51       0.02      14.11       0.00      -0.91      -0.79
--------------------------------------------------------------------------------
Best docking solution after GA:
      2000      18.51       0.02      14.11       0.00      -0.91      -0.79

#ops:       2000 #mutates:   1001 #cross:      999 #dups:       706 
#niche:      809 #errors:     143 
--------------------------------------------------------------------------------

Doing AMOEBA simplex on best individual
Done simplexing #iterations 774, best score  31.29

Ligand is stored in gold_soln_ligand_prepared_m1_3.mol2


--------------------------------------------------------------------------------
--- GoldScore breakdown of terms                                             ---
--------------------------------------------------------------------------------
Fitness = S(hb_ext) + 1.3750*S(vdw_ext) + S(hb_int) + 1.0000*S(int)
S(int)  = S(vdw_int) + S(tors)

Internal terms are relative to best energy found (intcor).

--------------------------------------------------------------------------------


     Fitness  S(hb_ext) S(vdw_ext)  S(hb_int)    S(int)      intcor
     31.29       0.14      23.38       0.00      -1.00      -0.79

--------------------------------------------------------------------------------
--- GoldScore analysis of protein-ligand interactions                        ---
--------------------------------------------------------------------------------

  Ligand acceptor   17 Protein hydrogen 8053 donor 7999 bond energy  2.00 wt 0.04
  Ligand donor    8 hydrogen   22 Protein acceptor 8002 bond energy  2.00 wt 0.03

--------------------------------------------------------------------------------

--------------------------------------------------------------------------------
--- Rescoring solution                                                       ---
--------------------------------------------------------------------------------

     Score     S(PLP)   S(hbond)     S(cho)   S(metal)  DE(clash)   DE(tors)
     16.59     -18.06       0.27       0.00       0.00       0.00       1.14

Doing AMOEBA simplex on best individual
Done simplexing #iterations 865, best score  29.51

     Score     S(PLP)   S(hbond)     S(cho)   S(metal)  DE(clash)   DE(tors)
     29.51     -29.02       0.79       0.00       0.00       0.47       0.71

--------------------------------------------------------------------------------
--- CHEMPLP breakdown of terms                                               ---
--------------------------------------------------------------------------------
CHEMPLP = - ( 1.0000*S(PLP) + -3.0000*S(hbond) + -6.0000*S(metal) + -3.0000*S(cho) )

Score = CHEMPLP - 1.0000*DE(clash) - 2.0000*DE(tors)


--------------------------------------------------------------------------------


--------------------------------------------------------------------------------
--- PLP analysis of protein-ligand interactions                              ---
--------------------------------------------------------------------------------
hydrogen bonding        :      -2.72
metal                   :       0.00
buried (polar-nonpolar) :       1.02
nonpolar                :     -28.64
repulsive               :       1.31
--------------------------------------------------------------------------------


--------------------------------------------------------------------------------
--- ChemScore analysis of protein-ligand interactions                        ---
--------------------------------------------------------------------------------

* Hydrogen bonds                                                                
Protein donor 7999 hydrogen 8053 Ligand acceptor   17 bond energy  1.00 wt 0.79


* CH..O interactions                                                            
  CH group selection                       : activated ring CH (adjacent to hetatom)

--------------------------------------------------------------------------------


--------------------------------------------------------------------------------
--- Intra-ligand clashes                                                     ---
--------------------------------------------------------------------------------

Ligand
  7 (C7   ) -   3 (C3   ):   0.47 (dist   2.74)
--------------------------------------------------------------------------------


--------------------------------------------------------------------------------
--- Chromosome decoded                                                       ---
--------------------------------------------------------------------------------
Ligand Torsions
[   6    2    1    3]  155.64
[  12    5    1    2]  171.57
Protein Torsions
[9569 9506 9505 9503]  146.61 
[7894 7872 7871 7868]   11.48 
[7976 7919 7918 7917]  -12.11 
Mapping
Ligand acceptors to protein hydrogens (mapping then atom ids)
  1  13 [  9->9569]
  3   7 [ 17->8053]
Ligand hydrogens to protein acceptors (mapping then atom ids)
  1   5 [ 22->8002]
Ligand shape atoms to protein points (mapping then atom ids & coords)
Chromosome values
Integers:
  12   -1    6    4   -1   -1   -1   -1   -1   -1   -1   -1 
--------------------------------------------------------------------------------


--------------------------------------------------------------------------------
--- Diverse Solutions Stats                                                  ---
--------------------------------------------------------------------------------
  Move attempts                            :  15692
  Move failures                            :      0
  Failure rate                             :   0.000

--------------------------------------------------------------------------------

Current Ranking  2  3  1

--------------------------------------------------------------------------------

* GA execution time :                                                           
  total  0.3716 user  0.3343 sys  0.0373

--------------------------------------------------------------------------------
Fitness function evaluations: 17919

--------------------------------------------------------------------------------
** Docking run number  4 **
--------------------------------------------------------------------------------
  Rank fitness base is 5000.00 ; increment is 11.2233

* Initialising population(s) ...                                                
Number of constraints mappings 0
Number of constraints 0
  Population no.                           :      1
  Population size                          :    100
  Number of duplicates                     :      0
  Number of niche violations               :      0
  Number of errors                         :   2056


Doing GA, no. of population(s) 1 size 100 selection pressure 1.100000

 Operation      Fitness  S(hb_ext) S(vdw_ext)  S(hb_int)    S(int)      intcor
         0      27.96       2.09      20.69       0.00     -12.93      -0.79
       339      25.24       1.93      18.19       0.00      -6.06      -0.79
       619      20.14       1.35      14.91       0.00      -4.52      -0.79
       653      20.53       1.73      16.90       0.00     -11.16      -0.79
Reordering...
       660      19.48       1.35      14.52       0.00      -4.52      -0.79
       700      20.53       1.35      14.50       0.00      -1.81      -0.79
       736      20.41       1.67      15.33       0.00      -5.42      -0.79
       771      22.28       1.67      15.58       0.00      -1.79      -0.79
       776      22.59       1.67      17.41       0.00      -6.68      -0.79
      1001      18.65       1.56      12.97       0.00      -1.27      -0.79
      1023      21.11       1.53      14.59       0.00      -0.79      -0.79
      1141      19.18       1.47      13.28       0.00      -0.79      -0.79
      1325      16.74       1.20      13.96       0.00      -4.43      -0.79
      1448      16.53       1.19      14.00       0.00      -4.17      -0.79
      1490      19.23       1.19      13.95       0.00      -1.16      -0.79
      1661      19.22       1.19      13.95       0.00      -1.15      -0.79
      1983      19.25       1.19      13.60       0.00      -0.64      -0.79
--------------------------------------------------------------------------------
Best docking solution after GA:
      2000      19.25       1.19      13.60       0.00      -0.64      -0.79

#ops:       2000 #mutates:   1016 #cross:      984 #dups:       605 
#niche:      866 #errors:     132 
--------------------------------------------------------------------------------

Doing AMOEBA simplex on best individual
Done simplexing #iterations 630, best score  24.41

Ligand is stored in gold_soln_ligand_prepared_m1_4.mol2


--------------------------------------------------------------------------------
--- GoldScore breakdown of terms                                             ---
--------------------------------------------------------------------------------
Fitness = S(hb_ext) + 1.3750*S(vdw_ext) + S(hb_int) + 1.0000*S(int)
S(int)  = S(vdw_int) + S(tors)

Internal terms are relative to best energy found (intcor).

--------------------------------------------------------------------------------


     Fitness  S(hb_ext) S(vdw_ext)  S(hb_int)    S(int)      intcor
     24.41       1.07      17.85       0.00      -1.21      -0.79

--------------------------------------------------------------------------------
--- GoldScore analysis of protein-ligand interactions                        ---
--------------------------------------------------------------------------------

  Ligand donor   10 hydrogen   23 Protein acceptor 9506 bond energy  2.00 wt 0.53

--------------------------------------------------------------------------------

--------------------------------------------------------------------------------
--- Rescoring solution                                                       ---
--------------------------------------------------------------------------------

     Score     S(PLP)   S(hbond)     S(cho)   S(metal)  DE(clash)   DE(tors)
      1.45      -3.74       0.00       0.00       0.00       0.00       1.15

Doing AMOEBA simplex on best individual
Done simplexing #iterations 807, best score  23.87

     Score     S(PLP)   S(hbond)     S(cho)   S(metal)  DE(clash)   DE(tors)
     23.87     -22.75       1.09       0.00       0.00       0.26       0.94

--------------------------------------------------------------------------------
--- CHEMPLP breakdown of terms                                               ---
--------------------------------------------------------------------------------
CHEMPLP = - ( 1.0000*S(PLP) + -3.0000*S(hbond) + -6.0000*S(metal) + -3.0000*S(cho) )

Score = CHEMPLP - 1.0000*DE(clash) - 2.0000*DE(tors)


--------------------------------------------------------------------------------


--------------------------------------------------------------------------------
--- PLP analysis of protein-ligand interactions                              ---
--------------------------------------------------------------------------------
hydrogen bonding        :      -3.42
metal                   :       0.00
buried (polar-nonpolar) :       0.67
nonpolar                :     -20.49
repulsive               :       0.86
--------------------------------------------------------------------------------


--------------------------------------------------------------------------------
--- ChemScore analysis of protein-ligand interactions                        ---
--------------------------------------------------------------------------------

* Hydrogen bonds                                                                
Protein donor 7999 hydrogen 8053 Ligand acceptor    9 bond energy  1.00 wt 0.86
Protein donor 9506 hydrogen 9569 Ligand acceptor   17 bond energy  1.00 wt 0.22


* CH..O interactions                                                            
  CH group selection                       : activated ring CH (adjacent to hetatom)

--------------------------------------------------------------------------------


--------------------------------------------------------------------------------
--- Intra-ligand clashes                                                     ---
--------------------------------------------------------------------------------

Ligand
  6 (C6   ) -   3 (C3   ):   0.26 (dist   2.74)
--------------------------------------------------------------------------------


--------------------------------------------------------------------------------
--- Chromosome decoded                                                       ---
--------------------------------------------------------------------------------
Ligand Torsions
[   6    2    1    3]  -19.47
[  12    5    1    2]  171.60
Protein Torsions
[9569 9506 9505 9503]   24.47 
[7894 7872 7871 7868]  121.53 
[7976 7919 7918 7917] -152.58 
Mapping
Ligand acceptors to protein hydrogens (mapping then atom ids)
  3  13 [ 17->9569]
Ligand hydrogens to protein acceptors (mapping then atom ids)
  1   3 [ 22->7870]
  2   9 [ 23->9506]
Ligand shape atoms to protein points (mapping then atom ids & coords)
Chromosome values
Integers:
  -1   -1   12    2    8   -1   -1   -1   -1   -1   -1   -1 
--------------------------------------------------------------------------------


--------------------------------------------------------------------------------
--- Diverse Solutions Stats                                                  ---
--------------------------------------------------------------------------------
  Move attempts                            :  15285
  Move failures                            :      0
  Failure rate                             :   0.000

--------------------------------------------------------------------------------

Current Ranking  2  3  4  1

--------------------------------------------------------------------------------

* GA execution time :                                                           
  total  0.3676 user  0.3406 sys  0.0270

--------------------------------------------------------------------------------
Fitness function evaluations: 17489

--------------------------------------------------------------------------------
** Docking run number  5 **
--------------------------------------------------------------------------------
  Rank fitness base is 5000.00 ; increment is 11.2233

* Initialising population(s) ...                                                
Number of constraints mappings 0
Number of constraints 0
  Population no.                           :      1
  Population size                          :    100
  Number of duplicates                     :      0
  Number of niche violations               :      1
  Number of errors                         :   2116


Doing GA, no. of population(s) 1 size 100 selection pressure 1.100000

 Operation      Fitness  S(hb_ext) S(vdw_ext)  S(hb_int)    S(int)      intcor
         0      22.91       0.65      19.12       0.00     -20.18      -0.79
         9      23.18       2.11      15.79       0.00      -3.22      -0.79
Reordering...
       480      19.15       1.12      13.75       0.00      -2.62      -0.79
       681      18.73       1.94      12.38       0.00      -0.57      -0.79
       707      18.74       1.94      12.89       0.00      -2.19      -0.79
Reordering...
       720      18.35       1.93      12.12       0.00      -0.57      -0.79
Reordering...
       780      17.88       1.08      13.02       0.00      -2.37      -0.79
       781      18.56       1.08      12.99       0.00      -0.84      -0.79
Reordering...
      1200      17.09       0.31      12.57       0.00      -0.70      -0.79
      1688      17.04       0.23      12.63       0.00      -0.55      -0.79
--------------------------------------------------------------------------------
Best docking solution after GA:
      2000      17.04       0.23      12.63       0.00      -0.55      -0.79

#ops:       2000 #mutates:   1021 #cross:      979 #dups:       548 
#niche:      922 #errors:     130 
--------------------------------------------------------------------------------

Doing AMOEBA simplex on best individual
Done simplexing #iterations 921, best score  32.00

Ligand is stored in gold_soln_ligand_prepared_m1_5.mol2


--------------------------------------------------------------------------------
--- GoldScore breakdown of terms                                             ---
--------------------------------------------------------------------------------
Fitness = S(hb_ext) + 1.3750*S(vdw_ext) + S(hb_int) + 1.0000*S(int)
S(int)  = S(vdw_int) + S(tors)

Internal terms are relative to best energy found (intcor).

--------------------------------------------------------------------------------


     Fitness  S(hb_ext) S(vdw_ext)  S(hb_int)    S(int)      intcor
     32.00       0.16      23.62       0.00      -0.63      -0.79

--------------------------------------------------------------------------------
--- GoldScore analysis of protein-ligand interactions                        ---
--------------------------------------------------------------------------------

  Ligand acceptor   11 Protein hydrogen 8053 donor 7999 bond energy  2.00 wt 0.05
  Ligand acceptor   17 Protein hydrogen 8189 donor 8143 bond energy  2.00 wt 0.03

--------------------------------------------------------------------------------

--------------------------------------------------------------------------------
--- Rescoring solution                                                       ---
--------------------------------------------------------------------------------

     Score     S(PLP)   S(hbond)     S(cho)   S(metal)  DE(clash)   DE(tors)
      7.28      -6.62       1.00       0.00       0.00       0.00       1.17

Doing AMOEBA simplex on best individual
Done simplexing #iterations 863, best score  27.43

     Score     S(PLP)   S(hbond)     S(cho)   S(metal)  DE(clash)   DE(tors)
     27.43     -20.75       2.25       0.00       0.00       0.00       0.03

--------------------------------------------------------------------------------
--- CHEMPLP breakdown of terms                                               ---
--------------------------------------------------------------------------------
CHEMPLP = - ( 1.0000*S(PLP) + -3.0000*S(hbond) + -6.0000*S(metal) + -3.0000*S(cho) )

Score = CHEMPLP - 1.0000*DE(clash) - 2.0000*DE(tors)


--------------------------------------------------------------------------------


--------------------------------------------------------------------------------
--- PLP analysis of protein-ligand interactions                              ---
--------------------------------------------------------------------------------
hydrogen bonding        :      -2.77
metal                   :       0.00
buried (polar-nonpolar) :      -2.59
nonpolar                :     -16.25
repulsive               :       1.14
--------------------------------------------------------------------------------


--------------------------------------------------------------------------------
--- ChemScore analysis of protein-ligand interactions                        ---
--------------------------------------------------------------------------------

* Hydrogen bonds                                                                
Ligand donor    8 hydrogen   22 Protein acceptor 8083 bond energy  1.00 wt 0.30
Protein donor 6783 hydrogen 6847 Ligand acceptor   11 bond energy  1.00 wt 0.95
Protein donor 8143 hydrogen 8189 Ligand acceptor   17 bond energy  1.00 wt 1.00


* CH..O interactions                                                            
  CH group selection                       : activated ring CH (adjacent to hetatom)

--------------------------------------------------------------------------------


--------------------------------------------------------------------------------
--- Intra-ligand clashes                                                     ---
--------------------------------------------------------------------------------

Ligand
--------------------------------------------------------------------------------


--------------------------------------------------------------------------------
--- Chromosome decoded                                                       ---
--------------------------------------------------------------------------------
Ligand Torsions
[   6    2    1    3]  107.98
[  12    5    1    2] -172.96
Protein Torsions
[9569 9506 9505 9503]  -95.53 
[7894 7872 7871 7868] -158.37 
[7976 7919 7918 7917]  123.01 
Mapping
Ligand acceptors to protein hydrogens (mapping then atom ids)
  1   9 [  9->8133]
  2   3 [ 11->6846]
  3  11 [ 17->8189]
Ligand hydrogens to protein acceptors (mapping then atom ids)
Ligand shape atoms to protein points (mapping then atom ids & coords)
Chromosome values
Integers:
   8    2   10   -1   -1   -1   -1   -1   -1   -1   -1   -1 
--------------------------------------------------------------------------------


--------------------------------------------------------------------------------
--- Diverse Solutions Stats                                                  ---
--------------------------------------------------------------------------------
  Move attempts                            :  15943
  Move failures                            :      0
  Failure rate                             :   0.000

--------------------------------------------------------------------------------

Current Ranking  5  2  3  4  1

--------------------------------------------------------------------------------

* GA execution time :                                                           
  total  0.3697 user  0.3390 sys  0.0307

--------------------------------------------------------------------------------
Fitness function evaluations: 18207

--------------------------------------------------------------------------------
** Docking run number  6 **
--------------------------------------------------------------------------------
  Rank fitness base is 5000.00 ; increment is 11.2233

* Initialising population(s) ...                                                
Number of constraints mappings 0
Number of constraints 0
  Population no.                           :      1
  Population size                          :    100
  Number of duplicates                     :      0
  Number of niche violations               :      0
  Number of errors                         :   1950


Doing GA, no. of population(s) 1 size 100 selection pressure 1.100000

 Operation      Fitness  S(hb_ext) S(vdw_ext)  S(hb_int)    S(int)      intcor
         0      31.23       1.00      26.38       0.00     -30.23      -0.77
Reordering...
       500      18.96       0.40      14.25       0.00      -2.98      -0.77
       547      18.36       0.40      13.43       0.00      -1.42      -0.77
       586      19.44       1.51      14.09       0.00      -3.85      -0.77
       772      18.58       1.93      12.58       0.00      -1.42      -0.77
Reordering...
       780      17.92       1.43      13.28       0.00      -3.85      -0.77
Reordering...
       820      17.84       1.89      12.10       0.00      -1.42      -0.77
       837      18.18       1.89      12.08       0.00      -0.67      -0.77
      1005      18.20       0.03      13.43       0.00      -0.51      -0.77
Reordering...
      1140      15.70       1.93      10.12       0.00      -0.23      -0.77
      1153      16.00       1.61      10.80       0.00      -0.67      -0.77
      1443      19.09       1.02      14.76       0.00      -2.37      -0.77
      1679      20.67       0.73      16.22       0.00      -2.37      -0.77
      1787      21.02       0.73      16.34       0.00      -2.19      -0.77
      1926      21.07       0.73      16.52       0.00      -2.37      -0.77
--------------------------------------------------------------------------------
Best docking solution after GA:
      2000      21.07       0.73      16.52       0.00      -2.37      -0.77

#ops:       2000 #mutates:   1037 #cross:      963 #dups:       621 
#niche:      900 #errors:     163 
--------------------------------------------------------------------------------

Doing AMOEBA simplex on best individual
Done simplexing #iterations 489, best score  24.15

Ligand is stored in gold_soln_ligand_prepared_m1_6.mol2


--------------------------------------------------------------------------------
--- GoldScore breakdown of terms                                             ---
--------------------------------------------------------------------------------
Fitness = S(hb_ext) + 1.3750*S(vdw_ext) + S(hb_int) + 1.0000*S(int)
S(int)  = S(vdw_int) + S(tors)

Internal terms are relative to best energy found (intcor).

--------------------------------------------------------------------------------


     Fitness  S(hb_ext) S(vdw_ext)  S(hb_int)    S(int)      intcor
     24.15       0.18      18.69       0.00      -1.73      -0.77

--------------------------------------------------------------------------------
--- GoldScore analysis of protein-ligand interactions                        ---
--------------------------------------------------------------------------------

  Ligand acceptor    9 Protein hydrogen 9569 donor 9506 bond energy  2.00 wt 0.09

--------------------------------------------------------------------------------

--------------------------------------------------------------------------------
--- Rescoring solution                                                       ---
--------------------------------------------------------------------------------

     Score     S(PLP)   S(hbond)     S(cho)   S(metal)  DE(clash)   DE(tors)
     19.64     -19.13       0.95       0.00       0.00       1.76       0.29

Doing AMOEBA simplex on best individual
Done simplexing #iterations 514, best score  28.03

     Score     S(PLP)   S(hbond)     S(cho)   S(metal)  DE(clash)   DE(tors)
     28.03     -28.18       0.66       0.00       0.00       1.99       0.07

--------------------------------------------------------------------------------
--- CHEMPLP breakdown of terms                                               ---
--------------------------------------------------------------------------------
CHEMPLP = - ( 1.0000*S(PLP) + -3.0000*S(hbond) + -6.0000*S(metal) + -3.0000*S(cho) )

Score = CHEMPLP - 1.0000*DE(clash) - 2.0000*DE(tors)


--------------------------------------------------------------------------------


--------------------------------------------------------------------------------
--- PLP analysis of protein-ligand interactions                              ---
--------------------------------------------------------------------------------
hydrogen bonding        :      -1.00
metal                   :       0.00
buried (polar-nonpolar) :      -2.53
nonpolar                :     -25.05
repulsive               :       0.06
--------------------------------------------------------------------------------


--------------------------------------------------------------------------------
--- ChemScore analysis of protein-ligand interactions                        ---
--------------------------------------------------------------------------------

* Hydrogen bonds                                                                
Protein donor 9506 hydrogen 9569 Ligand acceptor    9 bond energy  1.00 wt 0.66


* CH..O interactions                                                            
  CH group selection                       : activated ring CH (adjacent to hetatom)

--------------------------------------------------------------------------------


--------------------------------------------------------------------------------
--- Intra-ligand clashes                                                     ---
--------------------------------------------------------------------------------

Ligand
  6 (C6   ) -   3 (C3   ):   1.99 (dist   2.69)
--------------------------------------------------------------------------------


--------------------------------------------------------------------------------
--- Chromosome decoded                                                       ---
--------------------------------------------------------------------------------
Ligand Torsions
[   6    2    1    3]  -13.31
[  12    5    1    2]  173.75
Protein Torsions
[9569 9506 9505 9503]   73.48 
[7894 7872 7871 7868]    6.81 
[7976 7919 7918 7917]   87.71 
Mapping
Ligand acceptors to protein hydrogens (mapping then atom ids)
  1  13 [  9->9569]
  2  19 [ 11->7977]
Ligand hydrogens to protein acceptors (mapping then atom ids)
  1   7 [ 22->8083]
Ligand shape atoms to protein points (mapping then atom ids & coords)
Chromosome values
Integers:
  12   18   -1    6   -1   -1   -1   -1   -1   -1   -1   -1 
--------------------------------------------------------------------------------


--------------------------------------------------------------------------------
--- Diverse Solutions Stats                                                  ---
--------------------------------------------------------------------------------
  Move attempts                            :  14631
  Move failures                            :     12
  Failure rate                             :   0.001

--------------------------------------------------------------------------------

Current Ranking  5  2  3  4  6  1

--------------------------------------------------------------------------------

* GA execution time :                                                           
  total  0.3965 user  0.3776 sys  0.0189

--------------------------------------------------------------------------------
Fitness function evaluations: 16752

--------------------------------------------------------------------------------
** Docking run number  7 **
--------------------------------------------------------------------------------
  Rank fitness base is 5000.00 ; increment is 11.2233

* Initialising population(s) ...                                                
Number of constraints mappings 0
Number of constraints 0
  Population no.                           :      1
  Population size                          :    100
  Number of duplicates                     :      0
  Number of niche violations               :      0
  Number of errors                         :   1998


Doing GA, no. of population(s) 1 size 100 selection pressure 1.100000

 Operation      Fitness  S(hb_ext) S(vdw_ext)  S(hb_int)    S(int)      intcor
         0      18.92       0.31      16.54       0.00     -20.70      -0.77
        22      21.81       2.05      18.47       0.00     -27.62      -0.77
        46      27.36       3.22      18.64       0.00      -7.16      -0.77
       440      23.57       3.11      16.55       0.00      -7.16      -0.77
Reordering...
       780      17.35       1.90      11.51       0.00      -0.81      -0.77
Reordering...
       840      17.19       0.08      13.03       0.00      -1.62      -0.77
Reordering...
      1160      16.85       0.06      12.62       0.00      -0.81      -0.77
      1390      16.69       0.04      12.62       0.00      -0.81      -0.77
      1410      16.79       0.67      11.83       0.00      -0.16      -0.77
      1697      17.63       1.37      12.87       0.00      -1.45      -0.77
      1708      18.12       1.34      13.25       0.00      -1.45      -0.77
      1713      18.53       1.37      12.50       0.00      -0.04      -0.77
      1842      18.54       0.02      14.06       0.00      -0.81      -0.77
      1882      19.08       1.34      12.92       0.00      -0.04      -0.77
--------------------------------------------------------------------------------
Best docking solution after GA:
      2000      19.08       1.34      12.92       0.00      -0.04      -0.77

#ops:       2000 #mutates:   1031 #cross:      969 #dups:       607 
#niche:      780 #errors:     147 
--------------------------------------------------------------------------------

Doing AMOEBA simplex on best individual
Done simplexing #iterations 498, best score  20.99

Ligand is stored in gold_soln_ligand_prepared_m1_7.mol2


--------------------------------------------------------------------------------
--- GoldScore breakdown of terms                                             ---
--------------------------------------------------------------------------------
Fitness = S(hb_ext) + 1.3750*S(vdw_ext) + S(hb_int) + 1.0000*S(int)
S(int)  = S(vdw_int) + S(tors)

Internal terms are relative to best energy found (intcor).

--------------------------------------------------------------------------------


     Fitness  S(hb_ext) S(vdw_ext)  S(hb_int)    S(int)      intcor
     20.99       0.96      14.60       0.00      -0.04      -0.76

--------------------------------------------------------------------------------
--- GoldScore analysis of protein-ligand interactions                        ---
--------------------------------------------------------------------------------

  Ligand donor   10 hydrogen   23 Protein acceptor 9506 bond energy  2.00 wt 0.48

--------------------------------------------------------------------------------

--------------------------------------------------------------------------------
--- Rescoring solution                                                       ---
--------------------------------------------------------------------------------

     Score     S(PLP)   S(hbond)     S(cho)   S(metal)  DE(clash)   DE(tors)
     12.14     -10.65       0.95       0.00       0.00       0.00       0.68

Doing AMOEBA simplex on best individual
Done simplexing #iterations 647, best score  20.74

     Score     S(PLP)   S(hbond)     S(cho)   S(metal)  DE(clash)   DE(tors)
     20.74     -18.25       1.11       0.00       0.00       0.00       0.42

--------------------------------------------------------------------------------
--- CHEMPLP breakdown of terms                                               ---
--------------------------------------------------------------------------------
CHEMPLP = - ( 1.0000*S(PLP) + -3.0000*S(hbond) + -6.0000*S(metal) + -3.0000*S(cho) )

Score = CHEMPLP - 1.0000*DE(clash) - 2.0000*DE(tors)


--------------------------------------------------------------------------------


--------------------------------------------------------------------------------
--- PLP analysis of protein-ligand interactions                              ---
--------------------------------------------------------------------------------
hydrogen bonding        :      -3.64
metal                   :       0.00
buried (polar-nonpolar) :      -2.16
nonpolar                :     -13.75
repulsive               :       0.24
--------------------------------------------------------------------------------


--------------------------------------------------------------------------------
--- ChemScore analysis of protein-ligand interactions                        ---
--------------------------------------------------------------------------------

* Hydrogen bonds                                                                
Ligand donor   10 hydrogen   23 Protein acceptor 9506 bond energy  1.00 wt 0.93
Protein donor 9506 hydrogen 9569 Ligand acceptor   11 bond energy  1.00 wt 0.19


* CH..O interactions                                                            
  CH group selection                       : activated ring CH (adjacent to hetatom)

--------------------------------------------------------------------------------


--------------------------------------------------------------------------------
--- Intra-ligand clashes                                                     ---
--------------------------------------------------------------------------------

Ligand
--------------------------------------------------------------------------------


--------------------------------------------------------------------------------
--- Chromosome decoded                                                       ---
--------------------------------------------------------------------------------
Ligand Torsions
[   6    2    1    3]  -66.86
[  12    5    1    2] -174.91
Protein Torsions
[9569 9506 9505 9503]  178.87 
[7894 7872 7871 7868] -149.41 
[7976 7919 7918 7917]  -24.09 
Mapping
Ligand acceptors to protein hydrogens (mapping then atom ids)
  1  19 [  9->7977]
  2  13 [ 11->9569]
Ligand hydrogens to protein acceptors (mapping then atom ids)
  2   9 [ 23->9506]
Ligand shape atoms to protein points (mapping then atom ids & coords)
Chromosome values
Integers:
  18   12   -1   -1    8   -1   -1   -1   -1   -1   -1   -1 
--------------------------------------------------------------------------------


--------------------------------------------------------------------------------
--- Diverse Solutions Stats                                                  ---
--------------------------------------------------------------------------------
  Move attempts                            :  14809
  Move failures                            :      1
  Failure rate                             :   0.000

--------------------------------------------------------------------------------

Current Ranking  5  2  3  4  6  1  7

--------------------------------------------------------------------------------

* GA execution time :                                                           
  total  0.4340 user  0.4109 sys  0.0231

--------------------------------------------------------------------------------
Fitness function evaluations: 16959

--------------------------------------------------------------------------------
** Docking run number  8 **
--------------------------------------------------------------------------------
  Rank fitness base is 5000.00 ; increment is 11.2233

* Initialising population(s) ...                                                
Number of constraints mappings 0
Number of constraints 0
  Population no.                           :      1
  Population size                          :    100
  Number of duplicates                     :      0
  Number of niche violations               :      0
  Number of errors                         :   1961


Doing GA, no. of population(s) 1 size 100 selection pressure 1.100000

 Operation      Fitness  S(hb_ext) S(vdw_ext)  S(hb_int)    S(int)      intcor
         0      28.66       2.09      23.64       0.00     -29.68      -0.76
Reordering...
       600      16.50       1.96      13.09       0.00      -9.07      -0.76
       629      20.33       1.75      14.98       0.00      -5.21      -0.76
       771      19.69       0.55      18.41       0.00     -13.69      -0.76
Reordering...
      1180      15.94       1.61      10.80       0.00      -0.74      -0.76
      1401      15.68       1.43      10.85       0.00      -0.74      -0.76
      1445      15.71       1.38      10.77       0.00      -0.50      -0.76
      1823      15.68       1.33      10.80       0.00      -0.50      -0.76
      1998      16.29       2.00      10.81       0.00      -0.58      -0.76
--------------------------------------------------------------------------------
Best docking solution after GA:
      2000      16.29       2.00      10.81       0.00      -0.58      -0.76

#ops:       2000 #mutates:   1006 #cross:      994 #dups:       551 
#niche:      932 #errors:     151 
--------------------------------------------------------------------------------

Doing AMOEBA simplex on best individual
Done simplexing #iterations 750, best score  26.14

Ligand is stored in gold_soln_ligand_prepared_m1_8.mol2


--------------------------------------------------------------------------------
--- GoldScore breakdown of terms                                             ---
--------------------------------------------------------------------------------
Fitness = S(hb_ext) + 1.3750*S(vdw_ext) + S(hb_int) + 1.0000*S(int)
S(int)  = S(vdw_int) + S(tors)

Internal terms are relative to best energy found (intcor).

--------------------------------------------------------------------------------


     Fitness  S(hb_ext) S(vdw_ext)  S(hb_int)    S(int)      intcor
     26.14       1.14      18.27       0.00      -0.13      -0.76

--------------------------------------------------------------------------------
--- GoldScore analysis of protein-ligand interactions                        ---
--------------------------------------------------------------------------------

  Ligand donor    8 hydrogen   22 Protein acceptor 7870 bond energy  2.00 wt 0.01
  Ligand donor   10 hydrogen   23 Protein acceptor 8083 bond energy  2.00 wt 0.56

--------------------------------------------------------------------------------

--------------------------------------------------------------------------------
--- Rescoring solution                                                       ---
--------------------------------------------------------------------------------

     Score     S(PLP)   S(hbond)     S(cho)   S(metal)  DE(clash)   DE(tors)
     -3.49       5.13       1.35       0.00       0.00       0.00       1.21

Doing AMOEBA simplex on best individual
Done simplexing #iterations 869, best score  21.79

     Score     S(PLP)   S(hbond)     S(cho)   S(metal)  DE(clash)   DE(tors)
     21.79     -18.98       1.07       0.00       0.00       0.00       0.21

--------------------------------------------------------------------------------
--- CHEMPLP breakdown of terms                                               ---
--------------------------------------------------------------------------------
CHEMPLP = - ( 1.0000*S(PLP) + -3.0000*S(hbond) + -6.0000*S(metal) + -3.0000*S(cho) )

Score = CHEMPLP - 1.0000*DE(clash) - 2.0000*DE(tors)


--------------------------------------------------------------------------------


--------------------------------------------------------------------------------
--- PLP analysis of protein-ligand interactions                              ---
--------------------------------------------------------------------------------
hydrogen bonding        :      -1.90
metal                   :       0.00
buried (polar-nonpolar) :      -1.42
nonpolar                :     -16.25
repulsive               :       0.42
--------------------------------------------------------------------------------


--------------------------------------------------------------------------------
--- ChemScore analysis of protein-ligand interactions                        ---
--------------------------------------------------------------------------------

* Hydrogen bonds                                                                
Ligand donor   10 hydrogen   23 Protein acceptor 8083 bond energy  1.00 wt 1.00
Protein donor 9506 hydrogen 9569 Ligand acceptor   11 bond energy  1.00 wt 0.07


* CH..O interactions                                                            
  CH group selection                       : activated ring CH (adjacent to hetatom)

--------------------------------------------------------------------------------


--------------------------------------------------------------------------------
--- Intra-ligand clashes                                                     ---
--------------------------------------------------------------------------------

Ligand
--------------------------------------------------------------------------------


--------------------------------------------------------------------------------
--- Chromosome decoded                                                       ---
--------------------------------------------------------------------------------
Ligand Torsions
[   6    2    1    3]  -79.34
[  12    5    1    2] -171.86
Protein Torsions
[9569 9506 9505 9503]  163.45 
[7894 7872 7871 7868] -125.11 
[7976 7919 7918 7917]   75.41 
Mapping
Ligand acceptors to protein hydrogens (mapping then atom ids)
  2  13 [ 11->9569]
Ligand hydrogens to protein acceptors (mapping then atom ids)
  1   3 [ 22->7870]
  2   7 [ 23->8083]
Ligand shape atoms to protein points (mapping then atom ids & coords)
Chromosome values
Integers:
  -1   12   -1    2    6   -1   -1   -1   -1   -1   -1   -1 
--------------------------------------------------------------------------------


--------------------------------------------------------------------------------
--- Diverse Solutions Stats                                                  ---
--------------------------------------------------------------------------------
  Move attempts                            :  15548
  Move failures                            :      7
  Failure rate                             :   0.000

--------------------------------------------------------------------------------

Current Ranking  5  2  3  8  4  6  1  7

--------------------------------------------------------------------------------

* GA execution time :                                                           
  total  0.4667 user  0.4667 sys  0.0000

--------------------------------------------------------------------------------
Fitness function evaluations: 17661

--------------------------------------------------------------------------------
** Docking run number  9 **
--------------------------------------------------------------------------------
  Rank fitness base is 5000.00 ; increment is 11.2233

* Initialising population(s) ...                                                
Number of constraints mappings 0
Number of constraints 0
  Population no.                           :      1
  Population size                          :    100
  Number of duplicates                     :      0
  Number of niche violations               :      0
  Number of errors                         :   2132


Doing GA, no. of population(s) 1 size 100 selection pressure 1.100000

 Operation      Fitness  S(hb_ext) S(vdw_ext)  S(hb_int)    S(int)      intcor
         0      21.55       1.98      21.24       0.00     -48.19      -0.76
        26      24.54       0.82      17.30       0.00      -0.26      -0.76
        50      30.58       0.06      24.22       0.00     -13.30      -0.76
       289      28.43       0.06      21.70       0.00      -5.42      -0.76
Reordering...
       900      14.80       0.31      10.97       0.00      -1.13      -0.76
Reordering...
       940      14.79       0.31      10.55       0.00      -0.06      -0.76
      1042      13.64       0.30       9.74       0.00      -0.08      -0.76
Reordering...
      1080      13.25       1.54       8.63       0.00      -0.26      -0.76
      1170      13.25       1.53       8.56       0.00      -0.08      -0.76
      1377      15.54       0.04      13.19       0.00      -3.06      -0.76
      1460      15.33       0.03      13.10       0.00      -2.84      -0.76
      1511      15.33       0.03      13.10       0.00      -2.71      -0.76
      1908      15.33       0.03      13.10       0.00      -2.71      -0.76
      1942      18.56       0.03      13.54       0.00      -0.08      -0.76
      1960      18.56       0.03      13.54       0.00      -0.08      -0.76
      1988      19.07       0.03      13.86       0.00      -0.01      -0.76
--------------------------------------------------------------------------------
Best docking solution after GA:
      2000      19.07       0.03      13.86       0.00      -0.01      -0.76

#ops:       2000 #mutates:    984 #cross:     1016 #dups:       547 
#niche:      894 #errors:     222 
--------------------------------------------------------------------------------

Doing AMOEBA simplex on best individual
Done simplexing #iterations 703, best score  23.59

Ligand is stored in gold_soln_ligand_prepared_m1_9.mol2


--------------------------------------------------------------------------------
--- GoldScore breakdown of terms                                             ---
--------------------------------------------------------------------------------
Fitness = S(hb_ext) + 1.3750*S(vdw_ext) + S(hb_int) + 1.0000*S(int)
S(int)  = S(vdw_int) + S(tors)

Internal terms are relative to best energy found (intcor).

--------------------------------------------------------------------------------


     Fitness  S(hb_ext) S(vdw_ext)  S(hb_int)    S(int)      intcor
     23.59       0.09      17.13       0.00      -0.05      -0.76

--------------------------------------------------------------------------------
--- GoldScore analysis of protein-ligand interactions                        ---
--------------------------------------------------------------------------------

  Ligand acceptor   17 Protein hydrogen 8053 donor 7999 bond energy  2.00 wt 0.04

--------------------------------------------------------------------------------

--------------------------------------------------------------------------------
--- Rescoring solution                                                       ---
--------------------------------------------------------------------------------

     Score     S(PLP)   S(hbond)     S(cho)   S(metal)  DE(clash)   DE(tors)
     16.31     -16.30       0.23       0.00       0.00       0.00       0.35

Doing AMOEBA simplex on best individual
Done simplexing #iterations 687, best score  26.17

     Score     S(PLP)   S(hbond)     S(cho)   S(metal)  DE(clash)   DE(tors)
     26.17     -24.09       0.86       0.00       0.00       0.00       0.25

--------------------------------------------------------------------------------
--- CHEMPLP breakdown of terms                                               ---
--------------------------------------------------------------------------------
CHEMPLP = - ( 1.0000*S(PLP) + -3.0000*S(hbond) + -6.0000*S(metal) + -3.0000*S(cho) )

Score = CHEMPLP - 1.0000*DE(clash) - 2.0000*DE(tors)


--------------------------------------------------------------------------------


--------------------------------------------------------------------------------
--- PLP analysis of protein-ligand interactions                              ---
--------------------------------------------------------------------------------
hydrogen bonding        :      -2.22
metal                   :       0.00
buried (polar-nonpolar) :      -0.73
nonpolar                :     -23.39
repulsive               :       2.15
--------------------------------------------------------------------------------


--------------------------------------------------------------------------------
--- ChemScore analysis of protein-ligand interactions                        ---
--------------------------------------------------------------------------------

* Hydrogen bonds                                                                
Protein donor 7999 hydrogen 8053 Ligand acceptor   17 bond energy  1.00 wt 0.86


* CH..O interactions                                                            
  CH group selection                       : activated ring CH (adjacent to hetatom)

--------------------------------------------------------------------------------


--------------------------------------------------------------------------------
--- Intra-ligand clashes                                                     ---
--------------------------------------------------------------------------------

Ligand
--------------------------------------------------------------------------------


--------------------------------------------------------------------------------
--- Chromosome decoded                                                       ---
--------------------------------------------------------------------------------
Ligand Torsions
[   6    2    1    3]  -70.20
[  12    5    1    2] -172.65
Protein Torsions
[9569 9506 9505 9503]  159.26 
[7894 7872 7871 7868]   28.40 
[7976 7919 7918 7917] -132.62 
Mapping
Ligand acceptors to protein hydrogens (mapping then atom ids)
  1  13 [  9->9569]
  3   7 [ 17->8053]
Ligand hydrogens to protein acceptors (mapping then atom ids)
  1   5 [ 22->8002]
Ligand shape atoms to protein points (mapping then atom ids & coords)
Chromosome values
Integers:
  12   -1    6    4   -1   -1   -1   -1   -1   -1   -1   -1 
--------------------------------------------------------------------------------


--------------------------------------------------------------------------------
--- Diverse Solutions Stats                                                  ---
--------------------------------------------------------------------------------
  Move attempts                            :  15272
  Move failures                            :      5
  Failure rate                             :   0.000

--------------------------------------------------------------------------------

Current Ranking  5  2  3  8  4  6  9  1  7

--------------------------------------------------------------------------------

* GA execution time :                                                           
  total  0.4039 user  0.3970 sys  0.0069

--------------------------------------------------------------------------------
Fitness function evaluations: 17632

--------------------------------------------------------------------------------
** Docking run number 10 **
--------------------------------------------------------------------------------
  Rank fitness base is 5000.00 ; increment is 11.2233

* Initialising population(s) ...                                                
Number of constraints mappings 0
Number of constraints 0
  Population no.                           :      1
  Population size                          :    100
  Number of duplicates                     :      0
  Number of niche violations               :      0
  Number of errors                         :   2012


Doing GA, no. of population(s) 1 size 100 selection pressure 1.100000

 Operation      Fitness  S(hb_ext) S(vdw_ext)  S(hb_int)    S(int)      intcor
         0      30.42       0.18      24.62       0.00     -18.10      -0.76
       642      13.44       0.00      15.71       0.00     -20.53      -0.76
Reordering...
       660      12.85       0.04      10.45       0.00      -3.84      -0.76
       800      16.28       2.25      10.89       0.00      -1.98      -0.76
       831      17.26       1.89      11.87       0.00      -1.98      -0.76
       889      18.04       0.48      14.57       0.00      -4.81      -0.76
      1139      15.47       1.83      10.75       0.00      -1.72      -0.76
      1264      15.14       0.65      13.24       0.00      -4.81      -0.76
Reordering...
      1440      14.29       1.38      10.74       0.00      -1.98      -0.76
      1545      15.18       1.33      11.02       0.00      -1.30      -0.76
      1625      17.93       0.56      13.48       0.00      -1.18      -0.76
      1627      18.66       0.57      14.01       0.00      -1.18      -0.76
--------------------------------------------------------------------------------
Best docking solution after GA:
      2000      18.66       0.57      14.01       0.00      -1.18      -0.76

#ops:       2000 #mutates:    999 #cross:     1001 #dups:       553 
#niche:      808 #errors:     182 
--------------------------------------------------------------------------------

Doing AMOEBA simplex on best individual
Done simplexing #iterations 557, best score  23.75

Ligand is stored in gold_soln_ligand_prepared_m1_10.mol2


--------------------------------------------------------------------------------
--- GoldScore breakdown of terms                                             ---
--------------------------------------------------------------------------------
Fitness = S(hb_ext) + 1.3750*S(vdw_ext) + S(hb_int) + 1.0000*S(int)
S(int)  = S(vdw_int) + S(tors)

Internal terms are relative to best energy found (intcor).

--------------------------------------------------------------------------------


     Fitness  S(hb_ext) S(vdw_ext)  S(hb_int)    S(int)      intcor
     23.75       0.27      17.71       0.00      -0.87      -0.76

--------------------------------------------------------------------------------
--- GoldScore analysis of protein-ligand interactions                        ---
--------------------------------------------------------------------------------

  Ligand acceptor    9 Protein hydrogen 9569 donor 9506 bond energy  2.00 wt 0.10
  Ligand donor    8 hydrogen   22 Protein acceptor 9506 bond energy  2.00 wt 0.03

--------------------------------------------------------------------------------

--------------------------------------------------------------------------------
--- Rescoring solution                                                       ---
--------------------------------------------------------------------------------

     Score     S(PLP)   S(hbond)     S(cho)   S(metal)  DE(clash)   DE(tors)
     17.49     -15.89       1.14       0.00       0.00       0.30       0.76

Doing AMOEBA simplex on best individual
Done simplexing #iterations 540, best score  23.87

     Score     S(PLP)   S(hbond)     S(cho)   S(metal)  DE(clash)   DE(tors)
     23.87     -22.43       1.10       0.00       0.00       0.58       0.64

--------------------------------------------------------------------------------
--- CHEMPLP breakdown of terms                                               ---
--------------------------------------------------------------------------------
CHEMPLP = - ( 1.0000*S(PLP) + -3.0000*S(hbond) + -6.0000*S(metal) + -3.0000*S(cho) )

Score = CHEMPLP - 1.0000*DE(clash) - 2.0000*DE(tors)


--------------------------------------------------------------------------------


--------------------------------------------------------------------------------
--- PLP analysis of protein-ligand interactions                              ---
--------------------------------------------------------------------------------
hydrogen bonding        :      -2.00
metal                   :       0.00
buried (polar-nonpolar) :      -4.40
nonpolar                :     -16.52
repulsive               :       0.21
--------------------------------------------------------------------------------


--------------------------------------------------------------------------------
--- ChemScore analysis of protein-ligand interactions                        ---
--------------------------------------------------------------------------------

* Hydrogen bonds                                                                
Ligand donor    8 hydrogen   22 Protein acceptor 9506 bond energy  1.00 wt 0.51
Protein donor 9506 hydrogen 9569 Ligand acceptor    9 bond energy  1.00 wt 0.59


* CH..O interactions                                                            
  CH group selection                       : activated ring CH (adjacent to hetatom)

--------------------------------------------------------------------------------


--------------------------------------------------------------------------------
--- Intra-ligand clashes                                                     ---
--------------------------------------------------------------------------------

Ligand
  7 (C7   ) -   4 (C4   ):   0.58 (dist   2.73)
--------------------------------------------------------------------------------


--------------------------------------------------------------------------------
--- Chromosome decoded                                                       ---
--------------------------------------------------------------------------------
Ligand Torsions
[   6    2    1    3]   82.36
[  12    5    1    2] -169.48
Protein Torsions
[9569 9506 9505 9503]  149.91 
[7894 7872 7871 7868] -147.09 
[7976 7919 7918 7917] -169.40 
Mapping
Ligand acceptors to protein hydrogens (mapping then atom ids)
  1  13 [  9->9569]
  2  18 [ 11->7976]
  3   8 [ 17->8127]
Ligand hydrogens to protein acceptors (mapping then atom ids)
Ligand shape atoms to protein points (mapping then atom ids & coords)
Chromosome values
Integers:
  12   17    7   -1   -1   -1   -1   -1   -1   -1   -1   -1 
--------------------------------------------------------------------------------


--------------------------------------------------------------------------------
--- Diverse Solutions Stats                                                  ---
--------------------------------------------------------------------------------
  Move attempts                            :  14822
  Move failures                            :     10
  Failure rate                             :   0.001

--------------------------------------------------------------------------------

Current Ranking  5  2  3  8  4  6 10  9  1  7

--------------------------------------------------------------------------------

* GA execution time :                                                           
  total  0.3890 user  0.3600 sys  0.0291

--------------------------------------------------------------------------------
Fitness function evaluations: 17017

--------------------------------------------------------------------------------
--- Ranking analysis                                                         ---
--------------------------------------------------------------------------------


* Final ranked order of GA solutions:                                           
   5  2  3  8  4  6 10  9  1  7 

  _______________________________
  RMSD Matrix of RANKED solutions

        2    3    4    5    6    7    8    9   10  

   1 :  0.2  3.0  3.7  4.5  5.8  6.4  3.4  3.6  5.8
   2 :       3.0  3.7  4.5  5.9  6.4  3.4  3.6  5.8
   3 :            3.5  5.3  4.0  4.9  1.3  4.6  4.8
   4 :                 5.2  5.0  5.0  3.1  2.1  3.7
   5 :                      7.0  7.7  5.5  4.4  5.9
   6 :                           4.4  4.0  6.3  4.0
   7 :                                4.1  6.6  4.4
   8 :                                     4.3  4.4
   9 :                                          4.6

  Clustering method                        : complete linkage
  Structure ids in cluster table           : rank nos.
  Ordering of clusters and their members   : by rank (order if from rms_analysis)

  Distance | Clusters
   0.25    |  1  2 |  3 |  4 |  5 |  6 |  7 |  8 |  9 | 10 |
   1.25    |  1  2 |  3  8 |  4 |  5 |  6 |  7 |  9 | 10 |
   2.12    |  1  2 |  3  8 |  4  9 |  5 |  6 |  7 | 10 |
   3.39    |  1  2  3  8 |  4  9 |  5 |  6 |  7 | 10 |
   3.98    |  1  2  3  8 |  4  9 |  5 |  6 10 |  7 |
   4.38    |  1  2  3  8 |  4  9 |  5 |  6  7 10 |
   4.57    |  1  2  3  4  8  9 |  5 |  6  7 10 |
   5.45    |  1  2  3  4  5  8  9 |  6  7 10 |
   7.75    |  1  2  3  4  5  6  7  8  9 10 |
  Finished Docking Ligand                  : /mnt/c/Users/ricca/Desktop/Documents/Rimoli/Reverse_Docking_Explore_V4/4v3u/ligand_prepared.mol2
--------------------------------------------------------------------------------

  Relative_Ligand_Energy (best encountered) :  -0.758
  Relative_Ligand_Energy: fitness values have been corrected using this amount
